[2024-12-21T21:11:11.151+0000] {processor.py:186} INFO - Started process (PID=257) to work on /home/airflow/.local/lib/python3.12/site-packages/airflow/example_dags/example_workday_timetable.py
[2024-12-21T21:11:11.153+0000] {processor.py:914} INFO - Processing file /home/airflow/.local/lib/python3.12/site-packages/airflow/example_dags/example_workday_timetable.py for tasks to queue
[2024-12-21T21:11:11.158+0000] {logging_mixin.py:190} INFO - [2024-12-21T21:11:11.157+0000] {dagbag.py:588} INFO - Filling up the DagBag from /home/airflow/.local/lib/python3.12/site-packages/airflow/example_dags/example_workday_timetable.py
[2024-12-21T21:11:11.174+0000] {processor.py:925} INFO - DAG(s) 'example_workday_timetable' retrieved from /home/airflow/.local/lib/python3.12/site-packages/airflow/example_dags/example_workday_timetable.py
[2024-12-21T21:11:11.439+0000] {logging_mixin.py:190} INFO - [2024-12-21T21:11:11.437+0000] {override.py:1911} INFO - Created Permission View: can delete on DAG:example_workday_timetable
[2024-12-21T21:11:11.458+0000] {logging_mixin.py:190} INFO - [2024-12-21T21:11:11.458+0000] {override.py:1911} INFO - Created Permission View: can edit on DAG:example_workday_timetable
[2024-12-21T21:11:11.473+0000] {logging_mixin.py:190} INFO - [2024-12-21T21:11:11.472+0000] {override.py:1911} INFO - Created Permission View: can read on DAG:example_workday_timetable
[2024-12-21T21:11:11.488+0000] {logging_mixin.py:190} INFO - [2024-12-21T21:11:11.488+0000] {override.py:1911} INFO - Created Permission View: can delete on DAG Run:example_workday_timetable
[2024-12-21T21:11:11.504+0000] {logging_mixin.py:190} INFO - [2024-12-21T21:11:11.503+0000] {override.py:1911} INFO - Created Permission View: can read on DAG Run:example_workday_timetable
[2024-12-21T21:11:11.518+0000] {logging_mixin.py:190} INFO - [2024-12-21T21:11:11.517+0000] {override.py:1911} INFO - Created Permission View: can create on DAG Run:example_workday_timetable
[2024-12-21T21:11:11.532+0000] {logging_mixin.py:190} INFO - [2024-12-21T21:11:11.532+0000] {override.py:1911} INFO - Created Permission View: menu access on DAG Run:example_workday_timetable
[2024-12-21T21:11:11.534+0000] {logging_mixin.py:190} INFO - [2024-12-21T21:11:11.534+0000] {dag.py:3239} INFO - Sync 1 DAGs
[2024-12-21T21:11:11.565+0000] {logging_mixin.py:190} INFO - [2024-12-21T21:11:11.565+0000] {dag.py:3262} INFO - Creating ORM DAG for example_workday_timetable
[2024-12-21T21:11:11.692+0000] {logging_mixin.py:190} INFO - [2024-12-21T21:11:11.691+0000] {dag.py:4180} INFO - Setting next_dagrun for example_workday_timetable to 2021-01-04 00:00:00+00:00, run_after=2021-01-05 00:00:00+00:00
[2024-12-21T21:11:11.728+0000] {processor.py:208} INFO - Processing /home/airflow/.local/lib/python3.12/site-packages/airflow/example_dags/example_workday_timetable.py took 0.590 seconds
[2024-12-21T21:11:42.606+0000] {processor.py:186} INFO - Started process (PID=550) to work on /home/airflow/.local/lib/python3.12/site-packages/airflow/example_dags/example_workday_timetable.py
[2024-12-21T21:11:42.608+0000] {processor.py:914} INFO - Processing file /home/airflow/.local/lib/python3.12/site-packages/airflow/example_dags/example_workday_timetable.py for tasks to queue
[2024-12-21T21:11:42.613+0000] {logging_mixin.py:190} INFO - [2024-12-21T21:11:42.612+0000] {dagbag.py:588} INFO - Filling up the DagBag from /home/airflow/.local/lib/python3.12/site-packages/airflow/example_dags/example_workday_timetable.py
[2024-12-21T21:11:42.630+0000] {processor.py:925} INFO - DAG(s) 'example_workday_timetable' retrieved from /home/airflow/.local/lib/python3.12/site-packages/airflow/example_dags/example_workday_timetable.py
[2024-12-21T21:11:42.670+0000] {logging_mixin.py:190} INFO - [2024-12-21T21:11:42.670+0000] {dag.py:3239} INFO - Sync 1 DAGs
[2024-12-21T21:11:42.846+0000] {logging_mixin.py:190} INFO - [2024-12-21T21:11:42.845+0000] {dag.py:4180} INFO - Setting next_dagrun for example_workday_timetable to 2021-01-04 00:00:00+00:00, run_after=2021-01-05 00:00:00+00:00
[2024-12-21T21:11:42.893+0000] {processor.py:208} INFO - Processing /home/airflow/.local/lib/python3.12/site-packages/airflow/example_dags/example_workday_timetable.py took 0.300 seconds
[2024-12-21T21:12:13.069+0000] {processor.py:186} INFO - Started process (PID=846) to work on /home/airflow/.local/lib/python3.12/site-packages/airflow/example_dags/example_workday_timetable.py
[2024-12-21T21:12:13.071+0000] {processor.py:914} INFO - Processing file /home/airflow/.local/lib/python3.12/site-packages/airflow/example_dags/example_workday_timetable.py for tasks to queue
[2024-12-21T21:12:13.076+0000] {logging_mixin.py:190} INFO - [2024-12-21T21:12:13.075+0000] {dagbag.py:588} INFO - Filling up the DagBag from /home/airflow/.local/lib/python3.12/site-packages/airflow/example_dags/example_workday_timetable.py
[2024-12-21T21:12:13.086+0000] {processor.py:925} INFO - DAG(s) 'example_workday_timetable' retrieved from /home/airflow/.local/lib/python3.12/site-packages/airflow/example_dags/example_workday_timetable.py
[2024-12-21T21:12:13.124+0000] {logging_mixin.py:190} INFO - [2024-12-21T21:12:13.124+0000] {dag.py:3239} INFO - Sync 1 DAGs
[2024-12-21T21:12:13.240+0000] {logging_mixin.py:190} INFO - [2024-12-21T21:12:13.239+0000] {dag.py:4180} INFO - Setting next_dagrun for example_workday_timetable to 2021-01-04 00:00:00+00:00, run_after=2021-01-05 00:00:00+00:00
[2024-12-21T21:12:13.281+0000] {processor.py:208} INFO - Processing /home/airflow/.local/lib/python3.12/site-packages/airflow/example_dags/example_workday_timetable.py took 0.223 seconds
[2024-12-21T21:12:43.526+0000] {processor.py:186} INFO - Started process (PID=1142) to work on /home/airflow/.local/lib/python3.12/site-packages/airflow/example_dags/example_workday_timetable.py
[2024-12-21T21:12:43.528+0000] {processor.py:914} INFO - Processing file /home/airflow/.local/lib/python3.12/site-packages/airflow/example_dags/example_workday_timetable.py for tasks to queue
[2024-12-21T21:12:43.533+0000] {logging_mixin.py:190} INFO - [2024-12-21T21:12:43.533+0000] {dagbag.py:588} INFO - Filling up the DagBag from /home/airflow/.local/lib/python3.12/site-packages/airflow/example_dags/example_workday_timetable.py
[2024-12-21T21:12:43.543+0000] {processor.py:925} INFO - DAG(s) 'example_workday_timetable' retrieved from /home/airflow/.local/lib/python3.12/site-packages/airflow/example_dags/example_workday_timetable.py
[2024-12-21T21:12:43.584+0000] {logging_mixin.py:190} INFO - [2024-12-21T21:12:43.583+0000] {dag.py:3239} INFO - Sync 1 DAGs
[2024-12-21T21:12:43.725+0000] {logging_mixin.py:190} INFO - [2024-12-21T21:12:43.724+0000] {dag.py:4180} INFO - Setting next_dagrun for example_workday_timetable to 2021-01-04 00:00:00+00:00, run_after=2021-01-05 00:00:00+00:00
[2024-12-21T21:12:43.773+0000] {processor.py:208} INFO - Processing /home/airflow/.local/lib/python3.12/site-packages/airflow/example_dags/example_workday_timetable.py took 0.257 seconds
[2024-12-21T21:13:13.867+0000] {processor.py:186} INFO - Started process (PID=1438) to work on /home/airflow/.local/lib/python3.12/site-packages/airflow/example_dags/example_workday_timetable.py
[2024-12-21T21:13:13.870+0000] {processor.py:914} INFO - Processing file /home/airflow/.local/lib/python3.12/site-packages/airflow/example_dags/example_workday_timetable.py for tasks to queue
[2024-12-21T21:13:13.876+0000] {logging_mixin.py:190} INFO - [2024-12-21T21:13:13.875+0000] {dagbag.py:588} INFO - Filling up the DagBag from /home/airflow/.local/lib/python3.12/site-packages/airflow/example_dags/example_workday_timetable.py
[2024-12-21T21:13:13.888+0000] {processor.py:925} INFO - DAG(s) 'example_workday_timetable' retrieved from /home/airflow/.local/lib/python3.12/site-packages/airflow/example_dags/example_workday_timetable.py
[2024-12-21T21:13:13.928+0000] {logging_mixin.py:190} INFO - [2024-12-21T21:13:13.927+0000] {dag.py:3239} INFO - Sync 1 DAGs
[2024-12-21T21:13:14.083+0000] {logging_mixin.py:190} INFO - [2024-12-21T21:13:14.082+0000] {dag.py:4180} INFO - Setting next_dagrun for example_workday_timetable to 2021-01-04 00:00:00+00:00, run_after=2021-01-05 00:00:00+00:00
[2024-12-21T21:13:14.125+0000] {processor.py:208} INFO - Processing /home/airflow/.local/lib/python3.12/site-packages/airflow/example_dags/example_workday_timetable.py took 0.268 seconds
[2024-12-21T21:13:44.741+0000] {processor.py:186} INFO - Started process (PID=1734) to work on /home/airflow/.local/lib/python3.12/site-packages/airflow/example_dags/example_workday_timetable.py
[2024-12-21T21:13:44.743+0000] {processor.py:914} INFO - Processing file /home/airflow/.local/lib/python3.12/site-packages/airflow/example_dags/example_workday_timetable.py for tasks to queue
[2024-12-21T21:13:44.749+0000] {logging_mixin.py:190} INFO - [2024-12-21T21:13:44.748+0000] {dagbag.py:588} INFO - Filling up the DagBag from /home/airflow/.local/lib/python3.12/site-packages/airflow/example_dags/example_workday_timetable.py
[2024-12-21T21:13:44.760+0000] {processor.py:925} INFO - DAG(s) 'example_workday_timetable' retrieved from /home/airflow/.local/lib/python3.12/site-packages/airflow/example_dags/example_workday_timetable.py
[2024-12-21T21:13:44.801+0000] {logging_mixin.py:190} INFO - [2024-12-21T21:13:44.800+0000] {dag.py:3239} INFO - Sync 1 DAGs
[2024-12-21T21:13:44.957+0000] {logging_mixin.py:190} INFO - [2024-12-21T21:13:44.956+0000] {dag.py:4180} INFO - Setting next_dagrun for example_workday_timetable to 2021-01-04 00:00:00+00:00, run_after=2021-01-05 00:00:00+00:00
[2024-12-21T21:13:45.021+0000] {processor.py:208} INFO - Processing /home/airflow/.local/lib/python3.12/site-packages/airflow/example_dags/example_workday_timetable.py took 0.291 seconds
[2024-12-21T21:14:15.776+0000] {processor.py:186} INFO - Started process (PID=2030) to work on /home/airflow/.local/lib/python3.12/site-packages/airflow/example_dags/example_workday_timetable.py
[2024-12-21T21:14:15.778+0000] {processor.py:914} INFO - Processing file /home/airflow/.local/lib/python3.12/site-packages/airflow/example_dags/example_workday_timetable.py for tasks to queue
[2024-12-21T21:14:15.783+0000] {logging_mixin.py:190} INFO - [2024-12-21T21:14:15.782+0000] {dagbag.py:588} INFO - Filling up the DagBag from /home/airflow/.local/lib/python3.12/site-packages/airflow/example_dags/example_workday_timetable.py
[2024-12-21T21:14:15.794+0000] {processor.py:925} INFO - DAG(s) 'example_workday_timetable' retrieved from /home/airflow/.local/lib/python3.12/site-packages/airflow/example_dags/example_workday_timetable.py
[2024-12-21T21:14:15.832+0000] {logging_mixin.py:190} INFO - [2024-12-21T21:14:15.832+0000] {dag.py:3239} INFO - Sync 1 DAGs
[2024-12-21T21:14:15.971+0000] {logging_mixin.py:190} INFO - [2024-12-21T21:14:15.970+0000] {dag.py:4180} INFO - Setting next_dagrun for example_workday_timetable to 2021-01-04 00:00:00+00:00, run_after=2021-01-05 00:00:00+00:00
[2024-12-21T21:14:16.031+0000] {processor.py:208} INFO - Processing /home/airflow/.local/lib/python3.12/site-packages/airflow/example_dags/example_workday_timetable.py took 0.265 seconds
[2024-12-21T21:14:46.138+0000] {processor.py:186} INFO - Started process (PID=2326) to work on /home/airflow/.local/lib/python3.12/site-packages/airflow/example_dags/example_workday_timetable.py
[2024-12-21T21:14:46.140+0000] {processor.py:914} INFO - Processing file /home/airflow/.local/lib/python3.12/site-packages/airflow/example_dags/example_workday_timetable.py for tasks to queue
[2024-12-21T21:14:46.146+0000] {logging_mixin.py:190} INFO - [2024-12-21T21:14:46.145+0000] {dagbag.py:588} INFO - Filling up the DagBag from /home/airflow/.local/lib/python3.12/site-packages/airflow/example_dags/example_workday_timetable.py
[2024-12-21T21:14:46.156+0000] {processor.py:925} INFO - DAG(s) 'example_workday_timetable' retrieved from /home/airflow/.local/lib/python3.12/site-packages/airflow/example_dags/example_workday_timetable.py
[2024-12-21T21:14:46.197+0000] {logging_mixin.py:190} INFO - [2024-12-21T21:14:46.196+0000] {dag.py:3239} INFO - Sync 1 DAGs
[2024-12-21T21:14:46.342+0000] {logging_mixin.py:190} INFO - [2024-12-21T21:14:46.342+0000] {dag.py:4180} INFO - Setting next_dagrun for example_workday_timetable to 2021-01-04 00:00:00+00:00, run_after=2021-01-05 00:00:00+00:00
[2024-12-21T21:14:46.405+0000] {processor.py:208} INFO - Processing /home/airflow/.local/lib/python3.12/site-packages/airflow/example_dags/example_workday_timetable.py took 0.279 seconds
[2024-12-21T21:15:16.564+0000] {processor.py:186} INFO - Started process (PID=2622) to work on /home/airflow/.local/lib/python3.12/site-packages/airflow/example_dags/example_workday_timetable.py
[2024-12-21T21:15:16.566+0000] {processor.py:914} INFO - Processing file /home/airflow/.local/lib/python3.12/site-packages/airflow/example_dags/example_workday_timetable.py for tasks to queue
[2024-12-21T21:15:16.571+0000] {logging_mixin.py:190} INFO - [2024-12-21T21:15:16.570+0000] {dagbag.py:588} INFO - Filling up the DagBag from /home/airflow/.local/lib/python3.12/site-packages/airflow/example_dags/example_workday_timetable.py
[2024-12-21T21:15:16.583+0000] {processor.py:925} INFO - DAG(s) 'example_workday_timetable' retrieved from /home/airflow/.local/lib/python3.12/site-packages/airflow/example_dags/example_workday_timetable.py
[2024-12-21T21:15:16.624+0000] {logging_mixin.py:190} INFO - [2024-12-21T21:15:16.623+0000] {dag.py:3239} INFO - Sync 1 DAGs
[2024-12-21T21:15:16.802+0000] {logging_mixin.py:190} INFO - [2024-12-21T21:15:16.801+0000] {dag.py:4180} INFO - Setting next_dagrun for example_workday_timetable to 2021-01-04 00:00:00+00:00, run_after=2021-01-05 00:00:00+00:00
[2024-12-21T21:15:16.837+0000] {processor.py:208} INFO - Processing /home/airflow/.local/lib/python3.12/site-packages/airflow/example_dags/example_workday_timetable.py took 0.285 seconds
[2024-12-21T21:15:47.243+0000] {processor.py:186} INFO - Started process (PID=2918) to work on /home/airflow/.local/lib/python3.12/site-packages/airflow/example_dags/example_workday_timetable.py
[2024-12-21T21:15:47.245+0000] {processor.py:914} INFO - Processing file /home/airflow/.local/lib/python3.12/site-packages/airflow/example_dags/example_workday_timetable.py for tasks to queue
[2024-12-21T21:15:47.251+0000] {logging_mixin.py:190} INFO - [2024-12-21T21:15:47.250+0000] {dagbag.py:588} INFO - Filling up the DagBag from /home/airflow/.local/lib/python3.12/site-packages/airflow/example_dags/example_workday_timetable.py
[2024-12-21T21:15:47.266+0000] {processor.py:925} INFO - DAG(s) 'example_workday_timetable' retrieved from /home/airflow/.local/lib/python3.12/site-packages/airflow/example_dags/example_workday_timetable.py
[2024-12-21T21:15:47.317+0000] {logging_mixin.py:190} INFO - [2024-12-21T21:15:47.316+0000] {dag.py:3239} INFO - Sync 1 DAGs
[2024-12-21T21:15:47.476+0000] {logging_mixin.py:190} INFO - [2024-12-21T21:15:47.475+0000] {dag.py:4180} INFO - Setting next_dagrun for example_workday_timetable to 2021-01-04 00:00:00+00:00, run_after=2021-01-05 00:00:00+00:00
[2024-12-21T21:15:47.538+0000] {processor.py:208} INFO - Processing /home/airflow/.local/lib/python3.12/site-packages/airflow/example_dags/example_workday_timetable.py took 0.309 seconds
