[2024-12-21T21:11:22.243+0000] {processor.py:186} INFO - Started process (PID=362) to work on /home/airflow/.local/lib/python3.12/site-packages/airflow/example_dags/example_inlet_event_extra.py
[2024-12-21T21:11:22.245+0000] {processor.py:914} INFO - Processing file /home/airflow/.local/lib/python3.12/site-packages/airflow/example_dags/example_inlet_event_extra.py for tasks to queue
[2024-12-21T21:11:22.250+0000] {logging_mixin.py:190} INFO - [2024-12-21T21:11:22.249+0000] {dagbag.py:588} INFO - Filling up the DagBag from /home/airflow/.local/lib/python3.12/site-packages/airflow/example_dags/example_inlet_event_extra.py
[2024-12-21T21:11:23.631+0000] {processor.py:925} INFO - DAG(s) 'read_dataset_event', 'read_dataset_event_from_classic' retrieved from /home/airflow/.local/lib/python3.12/site-packages/airflow/example_dags/example_inlet_event_extra.py
[2024-12-21T21:11:23.884+0000] {logging_mixin.py:190} INFO - [2024-12-21T21:11:23.882+0000] {override.py:1911} INFO - Created Permission View: can delete on DAG:read_dataset_event
[2024-12-21T21:11:23.907+0000] {logging_mixin.py:190} INFO - [2024-12-21T21:11:23.906+0000] {override.py:1911} INFO - Created Permission View: can edit on DAG:read_dataset_event
[2024-12-21T21:11:23.924+0000] {logging_mixin.py:190} INFO - [2024-12-21T21:11:23.923+0000] {override.py:1911} INFO - Created Permission View: can read on DAG:read_dataset_event
[2024-12-21T21:11:23.943+0000] {logging_mixin.py:190} INFO - [2024-12-21T21:11:23.943+0000] {override.py:1911} INFO - Created Permission View: can delete on DAG Run:read_dataset_event
[2024-12-21T21:11:23.962+0000] {logging_mixin.py:190} INFO - [2024-12-21T21:11:23.961+0000] {override.py:1911} INFO - Created Permission View: can read on DAG Run:read_dataset_event
[2024-12-21T21:11:23.981+0000] {logging_mixin.py:190} INFO - [2024-12-21T21:11:23.980+0000] {override.py:1911} INFO - Created Permission View: can create on DAG Run:read_dataset_event
[2024-12-21T21:11:24.004+0000] {logging_mixin.py:190} INFO - [2024-12-21T21:11:24.004+0000] {override.py:1911} INFO - Created Permission View: menu access on DAG Run:read_dataset_event
[2024-12-21T21:11:24.055+0000] {logging_mixin.py:190} INFO - [2024-12-21T21:11:24.054+0000] {override.py:1911} INFO - Created Permission View: can delete on DAG:read_dataset_event_from_classic
[2024-12-21T21:11:24.077+0000] {logging_mixin.py:190} INFO - [2024-12-21T21:11:24.076+0000] {override.py:1911} INFO - Created Permission View: can edit on DAG:read_dataset_event_from_classic
[2024-12-21T21:11:24.098+0000] {logging_mixin.py:190} INFO - [2024-12-21T21:11:24.097+0000] {override.py:1911} INFO - Created Permission View: can read on DAG:read_dataset_event_from_classic
[2024-12-21T21:11:24.115+0000] {logging_mixin.py:190} INFO - [2024-12-21T21:11:24.115+0000] {override.py:1911} INFO - Created Permission View: can delete on DAG Run:read_dataset_event_from_classic
[2024-12-21T21:11:24.132+0000] {logging_mixin.py:190} INFO - [2024-12-21T21:11:24.132+0000] {override.py:1911} INFO - Created Permission View: can read on DAG Run:read_dataset_event_from_classic
[2024-12-21T21:11:24.149+0000] {logging_mixin.py:190} INFO - [2024-12-21T21:11:24.149+0000] {override.py:1911} INFO - Created Permission View: can create on DAG Run:read_dataset_event_from_classic
[2024-12-21T21:11:24.168+0000] {logging_mixin.py:190} INFO - [2024-12-21T21:11:24.167+0000] {override.py:1911} INFO - Created Permission View: menu access on DAG Run:read_dataset_event_from_classic
[2024-12-21T21:11:24.170+0000] {logging_mixin.py:190} INFO - [2024-12-21T21:11:24.169+0000] {dag.py:3239} INFO - Sync 2 DAGs
[2024-12-21T21:11:24.209+0000] {logging_mixin.py:190} INFO - [2024-12-21T21:11:24.207+0000] {dag.py:3262} INFO - Creating ORM DAG for read_dataset_event_from_classic
[2024-12-21T21:11:24.212+0000] {logging_mixin.py:190} INFO - [2024-12-21T21:11:24.211+0000] {dag.py:3262} INFO - Creating ORM DAG for read_dataset_event
[2024-12-21T21:11:24.249+0000] {logging_mixin.py:190} INFO - [2024-12-21T21:11:24.248+0000] {dag.py:4180} INFO - Setting next_dagrun for read_dataset_event to 2024-12-20 00:00:00+00:00, run_after=2024-12-21 00:00:00+00:00
[2024-12-21T21:11:24.253+0000] {logging_mixin.py:190} INFO - [2024-12-21T21:11:24.253+0000] {dag.py:4180} INFO - Setting next_dagrun for read_dataset_event_from_classic to 2024-12-20 00:00:00+00:00, run_after=2024-12-21 00:00:00+00:00
[2024-12-21T21:11:24.296+0000] {processor.py:208} INFO - Processing /home/airflow/.local/lib/python3.12/site-packages/airflow/example_dags/example_inlet_event_extra.py took 2.067 seconds
[2024-12-21T21:11:54.774+0000] {processor.py:186} INFO - Started process (PID=666) to work on /home/airflow/.local/lib/python3.12/site-packages/airflow/example_dags/example_inlet_event_extra.py
[2024-12-21T21:11:54.776+0000] {processor.py:914} INFO - Processing file /home/airflow/.local/lib/python3.12/site-packages/airflow/example_dags/example_inlet_event_extra.py for tasks to queue
[2024-12-21T21:11:54.781+0000] {logging_mixin.py:190} INFO - [2024-12-21T21:11:54.781+0000] {dagbag.py:588} INFO - Filling up the DagBag from /home/airflow/.local/lib/python3.12/site-packages/airflow/example_dags/example_inlet_event_extra.py
[2024-12-21T21:11:55.986+0000] {processor.py:925} INFO - DAG(s) 'read_dataset_event', 'read_dataset_event_from_classic' retrieved from /home/airflow/.local/lib/python3.12/site-packages/airflow/example_dags/example_inlet_event_extra.py
[2024-12-21T21:11:56.034+0000] {logging_mixin.py:190} INFO - [2024-12-21T21:11:56.033+0000] {dag.py:3239} INFO - Sync 2 DAGs
[2024-12-21T21:11:56.105+0000] {logging_mixin.py:190} INFO - [2024-12-21T21:11:56.104+0000] {dag.py:4180} INFO - Setting next_dagrun for read_dataset_event to 2024-12-20 00:00:00+00:00, run_after=2024-12-21 00:00:00+00:00
[2024-12-21T21:11:56.122+0000] {logging_mixin.py:190} INFO - [2024-12-21T21:11:56.121+0000] {dag.py:4180} INFO - Setting next_dagrun for read_dataset_event_from_classic to 2024-12-20 00:00:00+00:00, run_after=2024-12-21 00:00:00+00:00
[2024-12-21T21:11:56.154+0000] {processor.py:208} INFO - Processing /home/airflow/.local/lib/python3.12/site-packages/airflow/example_dags/example_inlet_event_extra.py took 1.397 seconds
[2024-12-21T21:12:27.003+0000] {processor.py:186} INFO - Started process (PID=967) to work on /home/airflow/.local/lib/python3.12/site-packages/airflow/example_dags/example_inlet_event_extra.py
[2024-12-21T21:12:27.005+0000] {processor.py:914} INFO - Processing file /home/airflow/.local/lib/python3.12/site-packages/airflow/example_dags/example_inlet_event_extra.py for tasks to queue
[2024-12-21T21:12:27.012+0000] {logging_mixin.py:190} INFO - [2024-12-21T21:12:27.011+0000] {dagbag.py:588} INFO - Filling up the DagBag from /home/airflow/.local/lib/python3.12/site-packages/airflow/example_dags/example_inlet_event_extra.py
[2024-12-21T21:12:28.401+0000] {processor.py:925} INFO - DAG(s) 'read_dataset_event_from_classic', 'read_dataset_event' retrieved from /home/airflow/.local/lib/python3.12/site-packages/airflow/example_dags/example_inlet_event_extra.py
[2024-12-21T21:12:28.447+0000] {logging_mixin.py:190} INFO - [2024-12-21T21:12:28.447+0000] {dag.py:3239} INFO - Sync 2 DAGs
[2024-12-21T21:12:28.499+0000] {logging_mixin.py:190} INFO - [2024-12-21T21:12:28.499+0000] {dag.py:4180} INFO - Setting next_dagrun for read_dataset_event to 2024-12-20 00:00:00+00:00, run_after=2024-12-21 00:00:00+00:00
[2024-12-21T21:12:28.510+0000] {logging_mixin.py:190} INFO - [2024-12-21T21:12:28.510+0000] {dag.py:4180} INFO - Setting next_dagrun for read_dataset_event_from_classic to 2024-12-20 00:00:00+00:00, run_after=2024-12-21 00:00:00+00:00
[2024-12-21T21:12:28.544+0000] {processor.py:208} INFO - Processing /home/airflow/.local/lib/python3.12/site-packages/airflow/example_dags/example_inlet_event_extra.py took 1.559 seconds
[2024-12-21T21:12:58.749+0000] {processor.py:186} INFO - Started process (PID=1263) to work on /home/airflow/.local/lib/python3.12/site-packages/airflow/example_dags/example_inlet_event_extra.py
[2024-12-21T21:12:58.751+0000] {processor.py:914} INFO - Processing file /home/airflow/.local/lib/python3.12/site-packages/airflow/example_dags/example_inlet_event_extra.py for tasks to queue
[2024-12-21T21:12:58.757+0000] {logging_mixin.py:190} INFO - [2024-12-21T21:12:58.756+0000] {dagbag.py:588} INFO - Filling up the DagBag from /home/airflow/.local/lib/python3.12/site-packages/airflow/example_dags/example_inlet_event_extra.py
[2024-12-21T21:13:00.058+0000] {processor.py:925} INFO - DAG(s) 'read_dataset_event_from_classic', 'read_dataset_event' retrieved from /home/airflow/.local/lib/python3.12/site-packages/airflow/example_dags/example_inlet_event_extra.py
[2024-12-21T21:13:00.112+0000] {logging_mixin.py:190} INFO - [2024-12-21T21:13:00.112+0000] {dag.py:3239} INFO - Sync 2 DAGs
[2024-12-21T21:13:00.173+0000] {logging_mixin.py:190} INFO - [2024-12-21T21:13:00.172+0000] {dag.py:4180} INFO - Setting next_dagrun for read_dataset_event to 2024-12-20 00:00:00+00:00, run_after=2024-12-21 00:00:00+00:00
[2024-12-21T21:13:00.185+0000] {logging_mixin.py:190} INFO - [2024-12-21T21:13:00.185+0000] {dag.py:4180} INFO - Setting next_dagrun for read_dataset_event_from_classic to 2024-12-20 00:00:00+00:00, run_after=2024-12-21 00:00:00+00:00
[2024-12-21T21:13:00.218+0000] {processor.py:208} INFO - Processing /home/airflow/.local/lib/python3.12/site-packages/airflow/example_dags/example_inlet_event_extra.py took 1.484 seconds
[2024-12-21T21:13:30.764+0000] {processor.py:186} INFO - Started process (PID=1559) to work on /home/airflow/.local/lib/python3.12/site-packages/airflow/example_dags/example_inlet_event_extra.py
[2024-12-21T21:13:30.766+0000] {processor.py:914} INFO - Processing file /home/airflow/.local/lib/python3.12/site-packages/airflow/example_dags/example_inlet_event_extra.py for tasks to queue
[2024-12-21T21:13:30.779+0000] {logging_mixin.py:190} INFO - [2024-12-21T21:13:30.778+0000] {dagbag.py:588} INFO - Filling up the DagBag from /home/airflow/.local/lib/python3.12/site-packages/airflow/example_dags/example_inlet_event_extra.py
[2024-12-21T21:13:32.117+0000] {processor.py:925} INFO - DAG(s) 'read_dataset_event', 'read_dataset_event_from_classic' retrieved from /home/airflow/.local/lib/python3.12/site-packages/airflow/example_dags/example_inlet_event_extra.py
[2024-12-21T21:13:32.159+0000] {logging_mixin.py:190} INFO - [2024-12-21T21:13:32.158+0000] {dag.py:3239} INFO - Sync 2 DAGs
[2024-12-21T21:13:32.207+0000] {logging_mixin.py:190} INFO - [2024-12-21T21:13:32.206+0000] {dag.py:4180} INFO - Setting next_dagrun for read_dataset_event to 2024-12-20 00:00:00+00:00, run_after=2024-12-21 00:00:00+00:00
[2024-12-21T21:13:32.219+0000] {logging_mixin.py:190} INFO - [2024-12-21T21:13:32.218+0000] {dag.py:4180} INFO - Setting next_dagrun for read_dataset_event_from_classic to 2024-12-20 00:00:00+00:00, run_after=2024-12-21 00:00:00+00:00
[2024-12-21T21:13:32.280+0000] {processor.py:208} INFO - Processing /home/airflow/.local/lib/python3.12/site-packages/airflow/example_dags/example_inlet_event_extra.py took 1.531 seconds
[2024-12-21T21:14:02.684+0000] {processor.py:186} INFO - Started process (PID=1855) to work on /home/airflow/.local/lib/python3.12/site-packages/airflow/example_dags/example_inlet_event_extra.py
[2024-12-21T21:14:02.686+0000] {processor.py:914} INFO - Processing file /home/airflow/.local/lib/python3.12/site-packages/airflow/example_dags/example_inlet_event_extra.py for tasks to queue
[2024-12-21T21:14:02.692+0000] {logging_mixin.py:190} INFO - [2024-12-21T21:14:02.691+0000] {dagbag.py:588} INFO - Filling up the DagBag from /home/airflow/.local/lib/python3.12/site-packages/airflow/example_dags/example_inlet_event_extra.py
[2024-12-21T21:14:04.022+0000] {processor.py:925} INFO - DAG(s) 'read_dataset_event_from_classic', 'read_dataset_event' retrieved from /home/airflow/.local/lib/python3.12/site-packages/airflow/example_dags/example_inlet_event_extra.py
[2024-12-21T21:14:04.064+0000] {logging_mixin.py:190} INFO - [2024-12-21T21:14:04.064+0000] {dag.py:3239} INFO - Sync 2 DAGs
[2024-12-21T21:14:04.123+0000] {logging_mixin.py:190} INFO - [2024-12-21T21:14:04.122+0000] {dag.py:4180} INFO - Setting next_dagrun for read_dataset_event to 2024-12-20 00:00:00+00:00, run_after=2024-12-21 00:00:00+00:00
[2024-12-21T21:14:04.138+0000] {logging_mixin.py:190} INFO - [2024-12-21T21:14:04.138+0000] {dag.py:4180} INFO - Setting next_dagrun for read_dataset_event_from_classic to 2024-12-20 00:00:00+00:00, run_after=2024-12-21 00:00:00+00:00
[2024-12-21T21:14:04.204+0000] {processor.py:208} INFO - Processing /home/airflow/.local/lib/python3.12/site-packages/airflow/example_dags/example_inlet_event_extra.py took 1.534 seconds
[2024-12-21T21:14:34.322+0000] {processor.py:186} INFO - Started process (PID=2151) to work on /home/airflow/.local/lib/python3.12/site-packages/airflow/example_dags/example_inlet_event_extra.py
[2024-12-21T21:14:34.324+0000] {processor.py:914} INFO - Processing file /home/airflow/.local/lib/python3.12/site-packages/airflow/example_dags/example_inlet_event_extra.py for tasks to queue
[2024-12-21T21:14:34.330+0000] {logging_mixin.py:190} INFO - [2024-12-21T21:14:34.330+0000] {dagbag.py:588} INFO - Filling up the DagBag from /home/airflow/.local/lib/python3.12/site-packages/airflow/example_dags/example_inlet_event_extra.py
[2024-12-21T21:14:35.563+0000] {processor.py:925} INFO - DAG(s) 'read_dataset_event_from_classic', 'read_dataset_event' retrieved from /home/airflow/.local/lib/python3.12/site-packages/airflow/example_dags/example_inlet_event_extra.py
[2024-12-21T21:14:35.608+0000] {logging_mixin.py:190} INFO - [2024-12-21T21:14:35.608+0000] {dag.py:3239} INFO - Sync 2 DAGs
[2024-12-21T21:14:35.666+0000] {logging_mixin.py:190} INFO - [2024-12-21T21:14:35.665+0000] {dag.py:4180} INFO - Setting next_dagrun for read_dataset_event to 2024-12-20 00:00:00+00:00, run_after=2024-12-21 00:00:00+00:00
[2024-12-21T21:14:35.679+0000] {logging_mixin.py:190} INFO - [2024-12-21T21:14:35.678+0000] {dag.py:4180} INFO - Setting next_dagrun for read_dataset_event_from_classic to 2024-12-20 00:00:00+00:00, run_after=2024-12-21 00:00:00+00:00
[2024-12-21T21:14:35.741+0000] {processor.py:208} INFO - Processing /home/airflow/.local/lib/python3.12/site-packages/airflow/example_dags/example_inlet_event_extra.py took 1.429 seconds
[2024-12-21T21:15:06.436+0000] {processor.py:186} INFO - Started process (PID=2447) to work on /home/airflow/.local/lib/python3.12/site-packages/airflow/example_dags/example_inlet_event_extra.py
[2024-12-21T21:15:06.438+0000] {processor.py:914} INFO - Processing file /home/airflow/.local/lib/python3.12/site-packages/airflow/example_dags/example_inlet_event_extra.py for tasks to queue
[2024-12-21T21:15:06.444+0000] {logging_mixin.py:190} INFO - [2024-12-21T21:15:06.444+0000] {dagbag.py:588} INFO - Filling up the DagBag from /home/airflow/.local/lib/python3.12/site-packages/airflow/example_dags/example_inlet_event_extra.py
[2024-12-21T21:15:07.772+0000] {processor.py:925} INFO - DAG(s) 'read_dataset_event', 'read_dataset_event_from_classic' retrieved from /home/airflow/.local/lib/python3.12/site-packages/airflow/example_dags/example_inlet_event_extra.py
[2024-12-21T21:15:07.817+0000] {logging_mixin.py:190} INFO - [2024-12-21T21:15:07.816+0000] {dag.py:3239} INFO - Sync 2 DAGs
[2024-12-21T21:15:07.884+0000] {logging_mixin.py:190} INFO - [2024-12-21T21:15:07.884+0000] {dag.py:4180} INFO - Setting next_dagrun for read_dataset_event to 2024-12-20 00:00:00+00:00, run_after=2024-12-21 00:00:00+00:00
[2024-12-21T21:15:07.899+0000] {logging_mixin.py:190} INFO - [2024-12-21T21:15:07.899+0000] {dag.py:4180} INFO - Setting next_dagrun for read_dataset_event_from_classic to 2024-12-20 00:00:00+00:00, run_after=2024-12-21 00:00:00+00:00
[2024-12-21T21:15:08.004+0000] {processor.py:208} INFO - Processing /home/airflow/.local/lib/python3.12/site-packages/airflow/example_dags/example_inlet_event_extra.py took 1.581 seconds
[2024-12-21T21:15:38.465+0000] {processor.py:186} INFO - Started process (PID=2743) to work on /home/airflow/.local/lib/python3.12/site-packages/airflow/example_dags/example_inlet_event_extra.py
[2024-12-21T21:15:38.467+0000] {processor.py:914} INFO - Processing file /home/airflow/.local/lib/python3.12/site-packages/airflow/example_dags/example_inlet_event_extra.py for tasks to queue
[2024-12-21T21:15:38.473+0000] {logging_mixin.py:190} INFO - [2024-12-21T21:15:38.473+0000] {dagbag.py:588} INFO - Filling up the DagBag from /home/airflow/.local/lib/python3.12/site-packages/airflow/example_dags/example_inlet_event_extra.py
[2024-12-21T21:15:39.762+0000] {processor.py:925} INFO - DAG(s) 'read_dataset_event', 'read_dataset_event_from_classic' retrieved from /home/airflow/.local/lib/python3.12/site-packages/airflow/example_dags/example_inlet_event_extra.py
[2024-12-21T21:15:39.811+0000] {logging_mixin.py:190} INFO - [2024-12-21T21:15:39.810+0000] {dag.py:3239} INFO - Sync 2 DAGs
[2024-12-21T21:15:39.864+0000] {logging_mixin.py:190} INFO - [2024-12-21T21:15:39.864+0000] {dag.py:4180} INFO - Setting next_dagrun for read_dataset_event to 2024-12-20 00:00:00+00:00, run_after=2024-12-21 00:00:00+00:00
[2024-12-21T21:15:39.875+0000] {logging_mixin.py:190} INFO - [2024-12-21T21:15:39.874+0000] {dag.py:4180} INFO - Setting next_dagrun for read_dataset_event_from_classic to 2024-12-20 00:00:00+00:00, run_after=2024-12-21 00:00:00+00:00
[2024-12-21T21:15:39.909+0000] {processor.py:208} INFO - Processing /home/airflow/.local/lib/python3.12/site-packages/airflow/example_dags/example_inlet_event_extra.py took 1.456 seconds
[2024-12-21T21:16:10.786+0000] {processor.py:186} INFO - Started process (PID=3039) to work on /home/airflow/.local/lib/python3.12/site-packages/airflow/example_dags/example_inlet_event_extra.py
[2024-12-21T21:16:10.789+0000] {processor.py:914} INFO - Processing file /home/airflow/.local/lib/python3.12/site-packages/airflow/example_dags/example_inlet_event_extra.py for tasks to queue
[2024-12-21T21:16:10.795+0000] {logging_mixin.py:190} INFO - [2024-12-21T21:16:10.794+0000] {dagbag.py:588} INFO - Filling up the DagBag from /home/airflow/.local/lib/python3.12/site-packages/airflow/example_dags/example_inlet_event_extra.py
[2024-12-21T21:16:12.503+0000] {processor.py:925} INFO - DAG(s) 'read_dataset_event', 'read_dataset_event_from_classic' retrieved from /home/airflow/.local/lib/python3.12/site-packages/airflow/example_dags/example_inlet_event_extra.py
[2024-12-21T21:16:12.574+0000] {logging_mixin.py:190} INFO - [2024-12-21T21:16:12.573+0000] {dag.py:3239} INFO - Sync 2 DAGs
[2024-12-21T21:16:12.661+0000] {logging_mixin.py:190} INFO - [2024-12-21T21:16:12.661+0000] {dag.py:4180} INFO - Setting next_dagrun for read_dataset_event to 2024-12-20 00:00:00+00:00, run_after=2024-12-21 00:00:00+00:00
[2024-12-21T21:16:12.680+0000] {logging_mixin.py:190} INFO - [2024-12-21T21:16:12.679+0000] {dag.py:4180} INFO - Setting next_dagrun for read_dataset_event_from_classic to 2024-12-20 00:00:00+00:00, run_after=2024-12-21 00:00:00+00:00
[2024-12-21T21:16:12.732+0000] {processor.py:208} INFO - Processing /home/airflow/.local/lib/python3.12/site-packages/airflow/example_dags/example_inlet_event_extra.py took 1.961 seconds
[2024-12-21T21:16:43.100+0000] {processor.py:186} INFO - Started process (PID=3334) to work on /home/airflow/.local/lib/python3.12/site-packages/airflow/example_dags/example_inlet_event_extra.py
[2024-12-21T21:16:43.102+0000] {processor.py:914} INFO - Processing file /home/airflow/.local/lib/python3.12/site-packages/airflow/example_dags/example_inlet_event_extra.py for tasks to queue
[2024-12-21T21:16:43.109+0000] {logging_mixin.py:190} INFO - [2024-12-21T21:16:43.108+0000] {dagbag.py:588} INFO - Filling up the DagBag from /home/airflow/.local/lib/python3.12/site-packages/airflow/example_dags/example_inlet_event_extra.py
[2024-12-21T21:16:44.632+0000] {processor.py:925} INFO - DAG(s) 'read_dataset_event_from_classic', 'read_dataset_event' retrieved from /home/airflow/.local/lib/python3.12/site-packages/airflow/example_dags/example_inlet_event_extra.py
[2024-12-21T21:16:44.686+0000] {logging_mixin.py:190} INFO - [2024-12-21T21:16:44.686+0000] {dag.py:3239} INFO - Sync 2 DAGs
[2024-12-21T21:16:44.757+0000] {logging_mixin.py:190} INFO - [2024-12-21T21:16:44.756+0000] {dag.py:4180} INFO - Setting next_dagrun for read_dataset_event to 2024-12-20 00:00:00+00:00, run_after=2024-12-21 00:00:00+00:00
[2024-12-21T21:16:44.770+0000] {logging_mixin.py:190} INFO - [2024-12-21T21:16:44.769+0000] {dag.py:4180} INFO - Setting next_dagrun for read_dataset_event_from_classic to 2024-12-20 00:00:00+00:00, run_after=2024-12-21 00:00:00+00:00
[2024-12-21T21:16:44.815+0000] {processor.py:208} INFO - Processing /home/airflow/.local/lib/python3.12/site-packages/airflow/example_dags/example_inlet_event_extra.py took 1.731 seconds
[2024-12-21T21:17:15.588+0000] {processor.py:186} INFO - Started process (PID=3630) to work on /home/airflow/.local/lib/python3.12/site-packages/airflow/example_dags/example_inlet_event_extra.py
[2024-12-21T21:17:15.590+0000] {processor.py:914} INFO - Processing file /home/airflow/.local/lib/python3.12/site-packages/airflow/example_dags/example_inlet_event_extra.py for tasks to queue
[2024-12-21T21:17:15.595+0000] {logging_mixin.py:190} INFO - [2024-12-21T21:17:15.595+0000] {dagbag.py:588} INFO - Filling up the DagBag from /home/airflow/.local/lib/python3.12/site-packages/airflow/example_dags/example_inlet_event_extra.py
[2024-12-21T21:17:16.904+0000] {processor.py:925} INFO - DAG(s) 'read_dataset_event', 'read_dataset_event_from_classic' retrieved from /home/airflow/.local/lib/python3.12/site-packages/airflow/example_dags/example_inlet_event_extra.py
[2024-12-21T21:17:16.945+0000] {logging_mixin.py:190} INFO - [2024-12-21T21:17:16.945+0000] {dag.py:3239} INFO - Sync 2 DAGs
[2024-12-21T21:17:16.997+0000] {logging_mixin.py:190} INFO - [2024-12-21T21:17:16.997+0000] {dag.py:4180} INFO - Setting next_dagrun for read_dataset_event to 2024-12-20 00:00:00+00:00, run_after=2024-12-21 00:00:00+00:00
[2024-12-21T21:17:17.008+0000] {logging_mixin.py:190} INFO - [2024-12-21T21:17:17.008+0000] {dag.py:4180} INFO - Setting next_dagrun for read_dataset_event_from_classic to 2024-12-20 00:00:00+00:00, run_after=2024-12-21 00:00:00+00:00
[2024-12-21T21:17:17.042+0000] {processor.py:208} INFO - Processing /home/airflow/.local/lib/python3.12/site-packages/airflow/example_dags/example_inlet_event_extra.py took 1.468 seconds
[2024-12-21T21:17:47.653+0000] {processor.py:186} INFO - Started process (PID=3936) to work on /home/airflow/.local/lib/python3.12/site-packages/airflow/example_dags/example_inlet_event_extra.py
[2024-12-21T21:17:47.655+0000] {processor.py:914} INFO - Processing file /home/airflow/.local/lib/python3.12/site-packages/airflow/example_dags/example_inlet_event_extra.py for tasks to queue
[2024-12-21T21:17:47.659+0000] {logging_mixin.py:190} INFO - [2024-12-21T21:17:47.659+0000] {dagbag.py:588} INFO - Filling up the DagBag from /home/airflow/.local/lib/python3.12/site-packages/airflow/example_dags/example_inlet_event_extra.py
[2024-12-21T21:17:49.172+0000] {processor.py:925} INFO - DAG(s) 'read_dataset_event_from_classic', 'read_dataset_event' retrieved from /home/airflow/.local/lib/python3.12/site-packages/airflow/example_dags/example_inlet_event_extra.py
[2024-12-21T21:17:49.228+0000] {logging_mixin.py:190} INFO - [2024-12-21T21:17:49.228+0000] {dag.py:3239} INFO - Sync 2 DAGs
[2024-12-21T21:17:49.295+0000] {logging_mixin.py:190} INFO - [2024-12-21T21:17:49.295+0000] {dag.py:4180} INFO - Setting next_dagrun for read_dataset_event to 2024-12-20 00:00:00+00:00, run_after=2024-12-21 00:00:00+00:00
[2024-12-21T21:17:49.307+0000] {logging_mixin.py:190} INFO - [2024-12-21T21:17:49.306+0000] {dag.py:4180} INFO - Setting next_dagrun for read_dataset_event_from_classic to 2024-12-20 00:00:00+00:00, run_after=2024-12-21 00:00:00+00:00
[2024-12-21T21:17:49.347+0000] {processor.py:208} INFO - Processing /home/airflow/.local/lib/python3.12/site-packages/airflow/example_dags/example_inlet_event_extra.py took 1.706 seconds
[2024-12-21T21:18:19.623+0000] {processor.py:186} INFO - Started process (PID=4237) to work on /home/airflow/.local/lib/python3.12/site-packages/airflow/example_dags/example_inlet_event_extra.py
[2024-12-21T21:18:19.625+0000] {processor.py:914} INFO - Processing file /home/airflow/.local/lib/python3.12/site-packages/airflow/example_dags/example_inlet_event_extra.py for tasks to queue
[2024-12-21T21:18:19.629+0000] {logging_mixin.py:190} INFO - [2024-12-21T21:18:19.628+0000] {dagbag.py:588} INFO - Filling up the DagBag from /home/airflow/.local/lib/python3.12/site-packages/airflow/example_dags/example_inlet_event_extra.py
[2024-12-21T21:18:21.163+0000] {processor.py:925} INFO - DAG(s) 'read_dataset_event', 'read_dataset_event_from_classic' retrieved from /home/airflow/.local/lib/python3.12/site-packages/airflow/example_dags/example_inlet_event_extra.py
[2024-12-21T21:18:21.215+0000] {logging_mixin.py:190} INFO - [2024-12-21T21:18:21.214+0000] {dag.py:3239} INFO - Sync 2 DAGs
[2024-12-21T21:18:21.275+0000] {logging_mixin.py:190} INFO - [2024-12-21T21:18:21.275+0000] {dag.py:4180} INFO - Setting next_dagrun for read_dataset_event to 2024-12-20 00:00:00+00:00, run_after=2024-12-21 00:00:00+00:00
[2024-12-21T21:18:21.287+0000] {logging_mixin.py:190} INFO - [2024-12-21T21:18:21.287+0000] {dag.py:4180} INFO - Setting next_dagrun for read_dataset_event_from_classic to 2024-12-20 00:00:00+00:00, run_after=2024-12-21 00:00:00+00:00
[2024-12-21T21:18:21.350+0000] {processor.py:208} INFO - Processing /home/airflow/.local/lib/python3.12/site-packages/airflow/example_dags/example_inlet_event_extra.py took 1.740 seconds
[2024-12-21T21:18:51.508+0000] {processor.py:186} INFO - Started process (PID=4541) to work on /home/airflow/.local/lib/python3.12/site-packages/airflow/example_dags/example_inlet_event_extra.py
[2024-12-21T21:18:51.511+0000] {processor.py:914} INFO - Processing file /home/airflow/.local/lib/python3.12/site-packages/airflow/example_dags/example_inlet_event_extra.py for tasks to queue
[2024-12-21T21:18:51.516+0000] {logging_mixin.py:190} INFO - [2024-12-21T21:18:51.515+0000] {dagbag.py:588} INFO - Filling up the DagBag from /home/airflow/.local/lib/python3.12/site-packages/airflow/example_dags/example_inlet_event_extra.py
[2024-12-21T21:18:53.352+0000] {processor.py:925} INFO - DAG(s) 'read_dataset_event_from_classic', 'read_dataset_event' retrieved from /home/airflow/.local/lib/python3.12/site-packages/airflow/example_dags/example_inlet_event_extra.py
[2024-12-21T21:18:53.428+0000] {logging_mixin.py:190} INFO - [2024-12-21T21:18:53.427+0000] {dag.py:3239} INFO - Sync 2 DAGs
[2024-12-21T21:18:53.514+0000] {logging_mixin.py:190} INFO - [2024-12-21T21:18:53.513+0000] {dag.py:4180} INFO - Setting next_dagrun for read_dataset_event to 2024-12-20 00:00:00+00:00, run_after=2024-12-21 00:00:00+00:00
[2024-12-21T21:18:53.531+0000] {logging_mixin.py:190} INFO - [2024-12-21T21:18:53.530+0000] {dag.py:4180} INFO - Setting next_dagrun for read_dataset_event_from_classic to 2024-12-20 00:00:00+00:00, run_after=2024-12-21 00:00:00+00:00
[2024-12-21T21:18:53.578+0000] {processor.py:208} INFO - Processing /home/airflow/.local/lib/python3.12/site-packages/airflow/example_dags/example_inlet_event_extra.py took 2.088 seconds
[2024-12-21T21:19:24.362+0000] {processor.py:186} INFO - Started process (PID=4852) to work on /home/airflow/.local/lib/python3.12/site-packages/airflow/example_dags/example_inlet_event_extra.py
[2024-12-21T21:19:24.364+0000] {processor.py:914} INFO - Processing file /home/airflow/.local/lib/python3.12/site-packages/airflow/example_dags/example_inlet_event_extra.py for tasks to queue
[2024-12-21T21:19:24.368+0000] {logging_mixin.py:190} INFO - [2024-12-21T21:19:24.368+0000] {dagbag.py:588} INFO - Filling up the DagBag from /home/airflow/.local/lib/python3.12/site-packages/airflow/example_dags/example_inlet_event_extra.py
[2024-12-21T21:19:25.745+0000] {processor.py:925} INFO - DAG(s) 'read_dataset_event', 'read_dataset_event_from_classic' retrieved from /home/airflow/.local/lib/python3.12/site-packages/airflow/example_dags/example_inlet_event_extra.py
[2024-12-21T21:19:25.792+0000] {logging_mixin.py:190} INFO - [2024-12-21T21:19:25.792+0000] {dag.py:3239} INFO - Sync 2 DAGs
[2024-12-21T21:19:25.846+0000] {logging_mixin.py:190} INFO - [2024-12-21T21:19:25.845+0000] {dag.py:4180} INFO - Setting next_dagrun for read_dataset_event to 2024-12-20 00:00:00+00:00, run_after=2024-12-21 00:00:00+00:00
[2024-12-21T21:19:25.858+0000] {logging_mixin.py:190} INFO - [2024-12-21T21:19:25.857+0000] {dag.py:4180} INFO - Setting next_dagrun for read_dataset_event_from_classic to 2024-12-20 00:00:00+00:00, run_after=2024-12-21 00:00:00+00:00
[2024-12-21T21:19:25.909+0000] {processor.py:208} INFO - Processing /home/airflow/.local/lib/python3.12/site-packages/airflow/example_dags/example_inlet_event_extra.py took 1.558 seconds
[2024-12-21T21:19:56.360+0000] {processor.py:186} INFO - Started process (PID=5163) to work on /home/airflow/.local/lib/python3.12/site-packages/airflow/example_dags/example_inlet_event_extra.py
[2024-12-21T21:19:56.361+0000] {processor.py:914} INFO - Processing file /home/airflow/.local/lib/python3.12/site-packages/airflow/example_dags/example_inlet_event_extra.py for tasks to queue
[2024-12-21T21:19:56.365+0000] {logging_mixin.py:190} INFO - [2024-12-21T21:19:56.365+0000] {dagbag.py:588} INFO - Filling up the DagBag from /home/airflow/.local/lib/python3.12/site-packages/airflow/example_dags/example_inlet_event_extra.py
[2024-12-21T21:19:57.747+0000] {processor.py:925} INFO - DAG(s) 'read_dataset_event_from_classic', 'read_dataset_event' retrieved from /home/airflow/.local/lib/python3.12/site-packages/airflow/example_dags/example_inlet_event_extra.py
[2024-12-21T21:19:57.798+0000] {logging_mixin.py:190} INFO - [2024-12-21T21:19:57.798+0000] {dag.py:3239} INFO - Sync 2 DAGs
[2024-12-21T21:19:57.857+0000] {logging_mixin.py:190} INFO - [2024-12-21T21:19:57.856+0000] {dag.py:4180} INFO - Setting next_dagrun for read_dataset_event to 2024-12-20 00:00:00+00:00, run_after=2024-12-21 00:00:00+00:00
[2024-12-21T21:19:57.867+0000] {logging_mixin.py:190} INFO - [2024-12-21T21:19:57.867+0000] {dag.py:4180} INFO - Setting next_dagrun for read_dataset_event_from_classic to 2024-12-20 00:00:00+00:00, run_after=2024-12-21 00:00:00+00:00
[2024-12-21T21:19:57.900+0000] {processor.py:208} INFO - Processing /home/airflow/.local/lib/python3.12/site-packages/airflow/example_dags/example_inlet_event_extra.py took 1.554 seconds
