[2024-12-21T21:11:18.629+0000] {processor.py:186} INFO - Started process (PID=312) to work on /home/airflow/.local/lib/python3.12/site-packages/airflow/example_dags/example_complex.py
[2024-12-21T21:11:18.631+0000] {processor.py:914} INFO - Processing file /home/airflow/.local/lib/python3.12/site-packages/airflow/example_dags/example_complex.py for tasks to queue
[2024-12-21T21:11:18.635+0000] {logging_mixin.py:190} INFO - [2024-12-21T21:11:18.634+0000] {dagbag.py:588} INFO - Filling up the DagBag from /home/airflow/.local/lib/python3.12/site-packages/airflow/example_dags/example_complex.py
[2024-12-21T21:11:18.667+0000] {processor.py:925} INFO - DAG(s) 'example_complex' retrieved from /home/airflow/.local/lib/python3.12/site-packages/airflow/example_dags/example_complex.py
[2024-12-21T21:11:18.967+0000] {logging_mixin.py:190} INFO - [2024-12-21T21:11:18.966+0000] {override.py:1911} INFO - Created Permission View: can delete on DAG:example_complex
[2024-12-21T21:11:18.989+0000] {logging_mixin.py:190} INFO - [2024-12-21T21:11:18.988+0000] {override.py:1911} INFO - Created Permission View: can edit on DAG:example_complex
[2024-12-21T21:11:19.003+0000] {logging_mixin.py:190} INFO - [2024-12-21T21:11:19.002+0000] {override.py:1911} INFO - Created Permission View: can read on DAG:example_complex
[2024-12-21T21:11:19.020+0000] {logging_mixin.py:190} INFO - [2024-12-21T21:11:19.019+0000] {override.py:1911} INFO - Created Permission View: can delete on DAG Run:example_complex
[2024-12-21T21:11:19.034+0000] {logging_mixin.py:190} INFO - [2024-12-21T21:11:19.034+0000] {override.py:1911} INFO - Created Permission View: can read on DAG Run:example_complex
[2024-12-21T21:11:19.048+0000] {logging_mixin.py:190} INFO - [2024-12-21T21:11:19.048+0000] {override.py:1911} INFO - Created Permission View: can create on DAG Run:example_complex
[2024-12-21T21:11:19.063+0000] {logging_mixin.py:190} INFO - [2024-12-21T21:11:19.063+0000] {override.py:1911} INFO - Created Permission View: menu access on DAG Run:example_complex
[2024-12-21T21:11:19.065+0000] {logging_mixin.py:190} INFO - [2024-12-21T21:11:19.065+0000] {dag.py:3239} INFO - Sync 1 DAGs
[2024-12-21T21:11:19.090+0000] {logging_mixin.py:190} INFO - [2024-12-21T21:11:19.090+0000] {dag.py:3262} INFO - Creating ORM DAG for example_complex
[2024-12-21T21:11:19.092+0000] {logging_mixin.py:190} INFO - [2024-12-21T21:11:19.091+0000] {dag.py:4180} INFO - Setting next_dagrun for example_complex to None, run_after=None
[2024-12-21T21:11:19.135+0000] {processor.py:208} INFO - Processing /home/airflow/.local/lib/python3.12/site-packages/airflow/example_dags/example_complex.py took 0.517 seconds
[2024-12-21T21:11:50.095+0000] {processor.py:186} INFO - Started process (PID=605) to work on /home/airflow/.local/lib/python3.12/site-packages/airflow/example_dags/example_complex.py
[2024-12-21T21:11:50.097+0000] {processor.py:914} INFO - Processing file /home/airflow/.local/lib/python3.12/site-packages/airflow/example_dags/example_complex.py for tasks to queue
[2024-12-21T21:11:50.111+0000] {logging_mixin.py:190} INFO - [2024-12-21T21:11:50.102+0000] {dagbag.py:588} INFO - Filling up the DagBag from /home/airflow/.local/lib/python3.12/site-packages/airflow/example_dags/example_complex.py
[2024-12-21T21:11:50.155+0000] {processor.py:925} INFO - DAG(s) 'example_complex' retrieved from /home/airflow/.local/lib/python3.12/site-packages/airflow/example_dags/example_complex.py
[2024-12-21T21:11:50.254+0000] {logging_mixin.py:190} INFO - [2024-12-21T21:11:50.253+0000] {dag.py:3239} INFO - Sync 1 DAGs
[2024-12-21T21:11:50.283+0000] {logging_mixin.py:190} INFO - [2024-12-21T21:11:50.283+0000] {dag.py:4180} INFO - Setting next_dagrun for example_complex to None, run_after=None
[2024-12-21T21:11:50.325+0000] {processor.py:208} INFO - Processing /home/airflow/.local/lib/python3.12/site-packages/airflow/example_dags/example_complex.py took 0.243 seconds
[2024-12-21T21:12:20.996+0000] {processor.py:186} INFO - Started process (PID=901) to work on /home/airflow/.local/lib/python3.12/site-packages/airflow/example_dags/example_complex.py
[2024-12-21T21:12:20.998+0000] {processor.py:914} INFO - Processing file /home/airflow/.local/lib/python3.12/site-packages/airflow/example_dags/example_complex.py for tasks to queue
[2024-12-21T21:12:21.003+0000] {logging_mixin.py:190} INFO - [2024-12-21T21:12:21.002+0000] {dagbag.py:588} INFO - Filling up the DagBag from /home/airflow/.local/lib/python3.12/site-packages/airflow/example_dags/example_complex.py
[2024-12-21T21:12:21.029+0000] {processor.py:925} INFO - DAG(s) 'example_complex' retrieved from /home/airflow/.local/lib/python3.12/site-packages/airflow/example_dags/example_complex.py
[2024-12-21T21:12:21.102+0000] {logging_mixin.py:190} INFO - [2024-12-21T21:12:21.101+0000] {dag.py:3239} INFO - Sync 1 DAGs
[2024-12-21T21:12:21.131+0000] {logging_mixin.py:190} INFO - [2024-12-21T21:12:21.130+0000] {dag.py:4180} INFO - Setting next_dagrun for example_complex to None, run_after=None
[2024-12-21T21:12:21.171+0000] {processor.py:208} INFO - Processing /home/airflow/.local/lib/python3.12/site-packages/airflow/example_dags/example_complex.py took 0.188 seconds
[2024-12-21T21:12:52.265+0000] {processor.py:186} INFO - Started process (PID=1195) to work on /home/airflow/.local/lib/python3.12/site-packages/airflow/example_dags/example_complex.py
[2024-12-21T21:12:52.267+0000] {processor.py:914} INFO - Processing file /home/airflow/.local/lib/python3.12/site-packages/airflow/example_dags/example_complex.py for tasks to queue
[2024-12-21T21:12:52.272+0000] {logging_mixin.py:190} INFO - [2024-12-21T21:12:52.271+0000] {dagbag.py:588} INFO - Filling up the DagBag from /home/airflow/.local/lib/python3.12/site-packages/airflow/example_dags/example_complex.py
[2024-12-21T21:12:52.295+0000] {processor.py:925} INFO - DAG(s) 'example_complex' retrieved from /home/airflow/.local/lib/python3.12/site-packages/airflow/example_dags/example_complex.py
[2024-12-21T21:12:52.374+0000] {logging_mixin.py:190} INFO - [2024-12-21T21:12:52.373+0000] {dag.py:3239} INFO - Sync 1 DAGs
[2024-12-21T21:12:52.406+0000] {logging_mixin.py:190} INFO - [2024-12-21T21:12:52.405+0000] {dag.py:4180} INFO - Setting next_dagrun for example_complex to None, run_after=None
[2024-12-21T21:12:52.458+0000] {processor.py:208} INFO - Processing /home/airflow/.local/lib/python3.12/site-packages/airflow/example_dags/example_complex.py took 0.207 seconds
[2024-12-21T21:13:23.411+0000] {processor.py:186} INFO - Started process (PID=1486) to work on /home/airflow/.local/lib/python3.12/site-packages/airflow/example_dags/example_complex.py
[2024-12-21T21:13:23.413+0000] {processor.py:914} INFO - Processing file /home/airflow/.local/lib/python3.12/site-packages/airflow/example_dags/example_complex.py for tasks to queue
[2024-12-21T21:13:23.418+0000] {logging_mixin.py:190} INFO - [2024-12-21T21:13:23.417+0000] {dagbag.py:588} INFO - Filling up the DagBag from /home/airflow/.local/lib/python3.12/site-packages/airflow/example_dags/example_complex.py
[2024-12-21T21:13:23.443+0000] {processor.py:925} INFO - DAG(s) 'example_complex' retrieved from /home/airflow/.local/lib/python3.12/site-packages/airflow/example_dags/example_complex.py
[2024-12-21T21:13:23.510+0000] {logging_mixin.py:190} INFO - [2024-12-21T21:13:23.509+0000] {dag.py:3239} INFO - Sync 1 DAGs
[2024-12-21T21:13:23.548+0000] {logging_mixin.py:190} INFO - [2024-12-21T21:13:23.547+0000] {dag.py:4180} INFO - Setting next_dagrun for example_complex to None, run_after=None
[2024-12-21T21:13:23.589+0000] {processor.py:208} INFO - Processing /home/airflow/.local/lib/python3.12/site-packages/airflow/example_dags/example_complex.py took 0.192 seconds
[2024-12-21T21:13:54.023+0000] {processor.py:186} INFO - Started process (PID=1782) to work on /home/airflow/.local/lib/python3.12/site-packages/airflow/example_dags/example_complex.py
[2024-12-21T21:13:54.025+0000] {processor.py:914} INFO - Processing file /home/airflow/.local/lib/python3.12/site-packages/airflow/example_dags/example_complex.py for tasks to queue
[2024-12-21T21:13:54.030+0000] {logging_mixin.py:190} INFO - [2024-12-21T21:13:54.029+0000] {dagbag.py:588} INFO - Filling up the DagBag from /home/airflow/.local/lib/python3.12/site-packages/airflow/example_dags/example_complex.py
[2024-12-21T21:13:54.062+0000] {processor.py:925} INFO - DAG(s) 'example_complex' retrieved from /home/airflow/.local/lib/python3.12/site-packages/airflow/example_dags/example_complex.py
[2024-12-21T21:13:54.134+0000] {logging_mixin.py:190} INFO - [2024-12-21T21:13:54.134+0000] {dag.py:3239} INFO - Sync 1 DAGs
[2024-12-21T21:13:54.165+0000] {logging_mixin.py:190} INFO - [2024-12-21T21:13:54.165+0000] {dag.py:4180} INFO - Setting next_dagrun for example_complex to None, run_after=None
[2024-12-21T21:13:54.229+0000] {processor.py:208} INFO - Processing /home/airflow/.local/lib/python3.12/site-packages/airflow/example_dags/example_complex.py took 0.220 seconds
[2024-12-21T21:14:24.412+0000] {processor.py:186} INFO - Started process (PID=2075) to work on /home/airflow/.local/lib/python3.12/site-packages/airflow/example_dags/example_complex.py
[2024-12-21T21:14:24.415+0000] {processor.py:914} INFO - Processing file /home/airflow/.local/lib/python3.12/site-packages/airflow/example_dags/example_complex.py for tasks to queue
[2024-12-21T21:14:24.419+0000] {logging_mixin.py:190} INFO - [2024-12-21T21:14:24.419+0000] {dagbag.py:588} INFO - Filling up the DagBag from /home/airflow/.local/lib/python3.12/site-packages/airflow/example_dags/example_complex.py
[2024-12-21T21:14:24.445+0000] {processor.py:925} INFO - DAG(s) 'example_complex' retrieved from /home/airflow/.local/lib/python3.12/site-packages/airflow/example_dags/example_complex.py
[2024-12-21T21:14:24.520+0000] {logging_mixin.py:190} INFO - [2024-12-21T21:14:24.519+0000] {dag.py:3239} INFO - Sync 1 DAGs
[2024-12-21T21:14:24.567+0000] {logging_mixin.py:190} INFO - [2024-12-21T21:14:24.567+0000] {dag.py:4180} INFO - Setting next_dagrun for example_complex to None, run_after=None
[2024-12-21T21:14:24.630+0000] {processor.py:208} INFO - Processing /home/airflow/.local/lib/python3.12/site-packages/airflow/example_dags/example_complex.py took 0.229 seconds
[2024-12-21T21:14:54.841+0000] {processor.py:186} INFO - Started process (PID=2371) to work on /home/airflow/.local/lib/python3.12/site-packages/airflow/example_dags/example_complex.py
[2024-12-21T21:14:54.846+0000] {processor.py:914} INFO - Processing file /home/airflow/.local/lib/python3.12/site-packages/airflow/example_dags/example_complex.py for tasks to queue
[2024-12-21T21:14:54.851+0000] {logging_mixin.py:190} INFO - [2024-12-21T21:14:54.850+0000] {dagbag.py:588} INFO - Filling up the DagBag from /home/airflow/.local/lib/python3.12/site-packages/airflow/example_dags/example_complex.py
[2024-12-21T21:14:54.883+0000] {processor.py:925} INFO - DAG(s) 'example_complex' retrieved from /home/airflow/.local/lib/python3.12/site-packages/airflow/example_dags/example_complex.py
[2024-12-21T21:14:54.956+0000] {logging_mixin.py:190} INFO - [2024-12-21T21:14:54.955+0000] {dag.py:3239} INFO - Sync 1 DAGs
[2024-12-21T21:14:54.991+0000] {logging_mixin.py:190} INFO - [2024-12-21T21:14:54.990+0000] {dag.py:4180} INFO - Setting next_dagrun for example_complex to None, run_after=None
[2024-12-21T21:14:55.034+0000] {processor.py:208} INFO - Processing /home/airflow/.local/lib/python3.12/site-packages/airflow/example_dags/example_complex.py took 0.205 seconds
[2024-12-21T21:15:25.292+0000] {processor.py:186} INFO - Started process (PID=2667) to work on /home/airflow/.local/lib/python3.12/site-packages/airflow/example_dags/example_complex.py
[2024-12-21T21:15:25.294+0000] {processor.py:914} INFO - Processing file /home/airflow/.local/lib/python3.12/site-packages/airflow/example_dags/example_complex.py for tasks to queue
[2024-12-21T21:15:25.301+0000] {logging_mixin.py:190} INFO - [2024-12-21T21:15:25.300+0000] {dagbag.py:588} INFO - Filling up the DagBag from /home/airflow/.local/lib/python3.12/site-packages/airflow/example_dags/example_complex.py
[2024-12-21T21:15:25.349+0000] {processor.py:925} INFO - DAG(s) 'example_complex' retrieved from /home/airflow/.local/lib/python3.12/site-packages/airflow/example_dags/example_complex.py
[2024-12-21T21:15:25.418+0000] {logging_mixin.py:190} INFO - [2024-12-21T21:15:25.417+0000] {dag.py:3239} INFO - Sync 1 DAGs
[2024-12-21T21:15:25.448+0000] {logging_mixin.py:190} INFO - [2024-12-21T21:15:25.448+0000] {dag.py:4180} INFO - Setting next_dagrun for example_complex to None, run_after=None
[2024-12-21T21:15:25.525+0000] {processor.py:208} INFO - Processing /home/airflow/.local/lib/python3.12/site-packages/airflow/example_dags/example_complex.py took 0.254 seconds
[2024-12-21T21:15:55.797+0000] {processor.py:186} INFO - Started process (PID=2969) to work on /home/airflow/.local/lib/python3.12/site-packages/airflow/example_dags/example_complex.py
[2024-12-21T21:15:55.800+0000] {processor.py:914} INFO - Processing file /home/airflow/.local/lib/python3.12/site-packages/airflow/example_dags/example_complex.py for tasks to queue
[2024-12-21T21:15:55.807+0000] {logging_mixin.py:190} INFO - [2024-12-21T21:15:55.806+0000] {dagbag.py:588} INFO - Filling up the DagBag from /home/airflow/.local/lib/python3.12/site-packages/airflow/example_dags/example_complex.py
[2024-12-21T21:15:55.842+0000] {processor.py:925} INFO - DAG(s) 'example_complex' retrieved from /home/airflow/.local/lib/python3.12/site-packages/airflow/example_dags/example_complex.py
[2024-12-21T21:15:55.938+0000] {logging_mixin.py:190} INFO - [2024-12-21T21:15:55.937+0000] {dag.py:3239} INFO - Sync 1 DAGs
[2024-12-21T21:15:55.992+0000] {logging_mixin.py:190} INFO - [2024-12-21T21:15:55.991+0000] {dag.py:4180} INFO - Setting next_dagrun for example_complex to None, run_after=None
[2024-12-21T21:15:56.057+0000] {processor.py:208} INFO - Processing /home/airflow/.local/lib/python3.12/site-packages/airflow/example_dags/example_complex.py took 0.277 seconds
[2024-12-21T21:16:26.382+0000] {processor.py:186} INFO - Started process (PID=3264) to work on /home/airflow/.local/lib/python3.12/site-packages/airflow/example_dags/example_complex.py
[2024-12-21T21:16:26.384+0000] {processor.py:914} INFO - Processing file /home/airflow/.local/lib/python3.12/site-packages/airflow/example_dags/example_complex.py for tasks to queue
[2024-12-21T21:16:26.388+0000] {logging_mixin.py:190} INFO - [2024-12-21T21:16:26.388+0000] {dagbag.py:588} INFO - Filling up the DagBag from /home/airflow/.local/lib/python3.12/site-packages/airflow/example_dags/example_complex.py
[2024-12-21T21:16:26.412+0000] {processor.py:925} INFO - DAG(s) 'example_complex' retrieved from /home/airflow/.local/lib/python3.12/site-packages/airflow/example_dags/example_complex.py
[2024-12-21T21:16:26.493+0000] {logging_mixin.py:190} INFO - [2024-12-21T21:16:26.492+0000] {dag.py:3239} INFO - Sync 1 DAGs
[2024-12-21T21:16:26.531+0000] {logging_mixin.py:190} INFO - [2024-12-21T21:16:26.530+0000] {dag.py:4180} INFO - Setting next_dagrun for example_complex to None, run_after=None
[2024-12-21T21:16:26.596+0000] {processor.py:208} INFO - Processing /home/airflow/.local/lib/python3.12/site-packages/airflow/example_dags/example_complex.py took 0.229 seconds
[2024-12-21T21:16:56.936+0000] {processor.py:186} INFO - Started process (PID=3560) to work on /home/airflow/.local/lib/python3.12/site-packages/airflow/example_dags/example_complex.py
[2024-12-21T21:16:56.939+0000] {processor.py:914} INFO - Processing file /home/airflow/.local/lib/python3.12/site-packages/airflow/example_dags/example_complex.py for tasks to queue
[2024-12-21T21:16:56.944+0000] {logging_mixin.py:190} INFO - [2024-12-21T21:16:56.943+0000] {dagbag.py:588} INFO - Filling up the DagBag from /home/airflow/.local/lib/python3.12/site-packages/airflow/example_dags/example_complex.py
[2024-12-21T21:16:56.970+0000] {processor.py:925} INFO - DAG(s) 'example_complex' retrieved from /home/airflow/.local/lib/python3.12/site-packages/airflow/example_dags/example_complex.py
[2024-12-21T21:16:57.048+0000] {logging_mixin.py:190} INFO - [2024-12-21T21:16:57.047+0000] {dag.py:3239} INFO - Sync 1 DAGs
[2024-12-21T21:16:57.091+0000] {logging_mixin.py:190} INFO - [2024-12-21T21:16:57.090+0000] {dag.py:4180} INFO - Setting next_dagrun for example_complex to None, run_after=None
[2024-12-21T21:16:57.144+0000] {processor.py:208} INFO - Processing /home/airflow/.local/lib/python3.12/site-packages/airflow/example_dags/example_complex.py took 0.223 seconds
[2024-12-21T21:17:27.270+0000] {processor.py:186} INFO - Started process (PID=3856) to work on /home/airflow/.local/lib/python3.12/site-packages/airflow/example_dags/example_complex.py
[2024-12-21T21:17:27.273+0000] {processor.py:914} INFO - Processing file /home/airflow/.local/lib/python3.12/site-packages/airflow/example_dags/example_complex.py for tasks to queue
[2024-12-21T21:17:27.278+0000] {logging_mixin.py:190} INFO - [2024-12-21T21:17:27.278+0000] {dagbag.py:588} INFO - Filling up the DagBag from /home/airflow/.local/lib/python3.12/site-packages/airflow/example_dags/example_complex.py
[2024-12-21T21:17:27.306+0000] {processor.py:925} INFO - DAG(s) 'example_complex' retrieved from /home/airflow/.local/lib/python3.12/site-packages/airflow/example_dags/example_complex.py
[2024-12-21T21:17:27.380+0000] {logging_mixin.py:190} INFO - [2024-12-21T21:17:27.379+0000] {dag.py:3239} INFO - Sync 1 DAGs
[2024-12-21T21:17:27.422+0000] {logging_mixin.py:190} INFO - [2024-12-21T21:17:27.421+0000] {dag.py:4180} INFO - Setting next_dagrun for example_complex to None, run_after=None
[2024-12-21T21:17:27.488+0000] {processor.py:208} INFO - Processing /home/airflow/.local/lib/python3.12/site-packages/airflow/example_dags/example_complex.py took 0.232 seconds
[2024-12-21T21:17:57.637+0000] {processor.py:186} INFO - Started process (PID=4150) to work on /home/airflow/.local/lib/python3.12/site-packages/airflow/example_dags/example_complex.py
[2024-12-21T21:17:57.640+0000] {processor.py:914} INFO - Processing file /home/airflow/.local/lib/python3.12/site-packages/airflow/example_dags/example_complex.py for tasks to queue
[2024-12-21T21:17:57.645+0000] {logging_mixin.py:190} INFO - [2024-12-21T21:17:57.644+0000] {dagbag.py:588} INFO - Filling up the DagBag from /home/airflow/.local/lib/python3.12/site-packages/airflow/example_dags/example_complex.py
[2024-12-21T21:17:57.676+0000] {processor.py:925} INFO - DAG(s) 'example_complex' retrieved from /home/airflow/.local/lib/python3.12/site-packages/airflow/example_dags/example_complex.py
[2024-12-21T21:17:57.742+0000] {logging_mixin.py:190} INFO - [2024-12-21T21:17:57.741+0000] {dag.py:3239} INFO - Sync 1 DAGs
[2024-12-21T21:17:57.779+0000] {logging_mixin.py:190} INFO - [2024-12-21T21:17:57.778+0000] {dag.py:4180} INFO - Setting next_dagrun for example_complex to None, run_after=None
[2024-12-21T21:17:57.848+0000] {processor.py:208} INFO - Processing /home/airflow/.local/lib/python3.12/site-packages/airflow/example_dags/example_complex.py took 0.227 seconds
[2024-12-21T21:18:28.296+0000] {processor.py:186} INFO - Started process (PID=4446) to work on /home/airflow/.local/lib/python3.12/site-packages/airflow/example_dags/example_complex.py
[2024-12-21T21:18:28.298+0000] {processor.py:914} INFO - Processing file /home/airflow/.local/lib/python3.12/site-packages/airflow/example_dags/example_complex.py for tasks to queue
[2024-12-21T21:18:28.304+0000] {logging_mixin.py:190} INFO - [2024-12-21T21:18:28.303+0000] {dagbag.py:588} INFO - Filling up the DagBag from /home/airflow/.local/lib/python3.12/site-packages/airflow/example_dags/example_complex.py
[2024-12-21T21:18:28.330+0000] {processor.py:925} INFO - DAG(s) 'example_complex' retrieved from /home/airflow/.local/lib/python3.12/site-packages/airflow/example_dags/example_complex.py
[2024-12-21T21:18:28.409+0000] {logging_mixin.py:190} INFO - [2024-12-21T21:18:28.408+0000] {dag.py:3239} INFO - Sync 1 DAGs
[2024-12-21T21:18:28.448+0000] {logging_mixin.py:190} INFO - [2024-12-21T21:18:28.447+0000] {dag.py:4180} INFO - Setting next_dagrun for example_complex to None, run_after=None
[2024-12-21T21:18:28.516+0000] {processor.py:208} INFO - Processing /home/airflow/.local/lib/python3.12/site-packages/airflow/example_dags/example_complex.py took 0.233 seconds
[2024-12-21T21:19:00.212+0000] {processor.py:186} INFO - Started process (PID=4742) to work on /home/airflow/.local/lib/python3.12/site-packages/airflow/example_dags/example_complex.py
[2024-12-21T21:19:00.214+0000] {processor.py:914} INFO - Processing file /home/airflow/.local/lib/python3.12/site-packages/airflow/example_dags/example_complex.py for tasks to queue
[2024-12-21T21:19:00.220+0000] {logging_mixin.py:190} INFO - [2024-12-21T21:19:00.219+0000] {dagbag.py:588} INFO - Filling up the DagBag from /home/airflow/.local/lib/python3.12/site-packages/airflow/example_dags/example_complex.py
[2024-12-21T21:19:00.254+0000] {processor.py:925} INFO - DAG(s) 'example_complex' retrieved from /home/airflow/.local/lib/python3.12/site-packages/airflow/example_dags/example_complex.py
[2024-12-21T21:19:00.373+0000] {logging_mixin.py:190} INFO - [2024-12-21T21:19:00.373+0000] {dag.py:3239} INFO - Sync 1 DAGs
[2024-12-21T21:19:00.449+0000] {logging_mixin.py:190} INFO - [2024-12-21T21:19:00.449+0000] {dag.py:4180} INFO - Setting next_dagrun for example_complex to None, run_after=None
[2024-12-21T21:19:00.504+0000] {processor.py:208} INFO - Processing /home/airflow/.local/lib/python3.12/site-packages/airflow/example_dags/example_complex.py took 0.308 seconds
[2024-12-21T21:19:30.916+0000] {processor.py:186} INFO - Started process (PID=5038) to work on /home/airflow/.local/lib/python3.12/site-packages/airflow/example_dags/example_complex.py
[2024-12-21T21:19:30.918+0000] {processor.py:914} INFO - Processing file /home/airflow/.local/lib/python3.12/site-packages/airflow/example_dags/example_complex.py for tasks to queue
[2024-12-21T21:19:30.923+0000] {logging_mixin.py:190} INFO - [2024-12-21T21:19:30.922+0000] {dagbag.py:588} INFO - Filling up the DagBag from /home/airflow/.local/lib/python3.12/site-packages/airflow/example_dags/example_complex.py
[2024-12-21T21:19:30.961+0000] {processor.py:925} INFO - DAG(s) 'example_complex' retrieved from /home/airflow/.local/lib/python3.12/site-packages/airflow/example_dags/example_complex.py
[2024-12-21T21:19:31.044+0000] {logging_mixin.py:190} INFO - [2024-12-21T21:19:31.043+0000] {dag.py:3239} INFO - Sync 1 DAGs
[2024-12-21T21:19:31.080+0000] {logging_mixin.py:190} INFO - [2024-12-21T21:19:31.079+0000] {dag.py:4180} INFO - Setting next_dagrun for example_complex to None, run_after=None
[2024-12-21T21:19:31.142+0000] {processor.py:208} INFO - Processing /home/airflow/.local/lib/python3.12/site-packages/airflow/example_dags/example_complex.py took 0.238 seconds
[2024-12-21T21:20:02.265+0000] {processor.py:186} INFO - Started process (PID=5320) to work on /home/airflow/.local/lib/python3.12/site-packages/airflow/example_dags/example_complex.py
[2024-12-21T21:20:02.268+0000] {processor.py:914} INFO - Processing file /home/airflow/.local/lib/python3.12/site-packages/airflow/example_dags/example_complex.py for tasks to queue
[2024-12-21T21:20:02.273+0000] {logging_mixin.py:190} INFO - [2024-12-21T21:20:02.272+0000] {dagbag.py:588} INFO - Filling up the DagBag from /home/airflow/.local/lib/python3.12/site-packages/airflow/example_dags/example_complex.py
[2024-12-21T21:20:02.299+0000] {processor.py:925} INFO - DAG(s) 'example_complex' retrieved from /home/airflow/.local/lib/python3.12/site-packages/airflow/example_dags/example_complex.py
[2024-12-21T21:20:02.372+0000] {logging_mixin.py:190} INFO - [2024-12-21T21:20:02.371+0000] {dag.py:3239} INFO - Sync 1 DAGs
[2024-12-21T21:20:02.406+0000] {logging_mixin.py:190} INFO - [2024-12-21T21:20:02.405+0000] {dag.py:4180} INFO - Setting next_dagrun for example_complex to None, run_after=None
[2024-12-21T21:20:02.469+0000] {processor.py:208} INFO - Processing /home/airflow/.local/lib/python3.12/site-packages/airflow/example_dags/example_complex.py took 0.217 seconds
