[2024-12-21T21:11:10.708+0000] {processor.py:186} INFO - Started process (PID=252) to work on /home/airflow/.local/lib/python3.12/site-packages/airflow/example_dags/example_dataset_alias_with_no_taskflow.py
[2024-12-21T21:11:10.710+0000] {processor.py:914} INFO - Processing file /home/airflow/.local/lib/python3.12/site-packages/airflow/example_dags/example_dataset_alias_with_no_taskflow.py for tasks to queue
[2024-12-21T21:11:10.715+0000] {logging_mixin.py:190} INFO - [2024-12-21T21:11:10.714+0000] {dagbag.py:588} INFO - Filling up the DagBag from /home/airflow/.local/lib/python3.12/site-packages/airflow/example_dags/example_dataset_alias_with_no_taskflow.py
[2024-12-21T21:11:14.798+0000] {processor.py:925} INFO - DAG(s) 'dataset_alias_example_alias_consumer_with_no_taskflow', 'dataset_s3_bucket_producer_with_no_taskflow', 'dataset_alias_example_alias_producer_with_no_taskflow', 'dataset_s3_bucket_consumer_with_no_taskflow' retrieved from /home/airflow/.local/lib/python3.12/site-packages/airflow/example_dags/example_dataset_alias_with_no_taskflow.py
[2024-12-21T21:11:15.046+0000] {logging_mixin.py:190} INFO - [2024-12-21T21:11:15.045+0000] {override.py:1911} INFO - Created Permission View: can delete on DAG:dataset_alias_example_alias_consumer_with_no_taskflow
[2024-12-21T21:11:15.069+0000] {logging_mixin.py:190} INFO - [2024-12-21T21:11:15.068+0000] {override.py:1911} INFO - Created Permission View: can edit on DAG:dataset_alias_example_alias_consumer_with_no_taskflow
[2024-12-21T21:11:15.085+0000] {logging_mixin.py:190} INFO - [2024-12-21T21:11:15.084+0000] {override.py:1911} INFO - Created Permission View: can read on DAG:dataset_alias_example_alias_consumer_with_no_taskflow
[2024-12-21T21:11:15.102+0000] {logging_mixin.py:190} INFO - [2024-12-21T21:11:15.101+0000] {override.py:1911} INFO - Created Permission View: can delete on DAG Run:dataset_alias_example_alias_consumer_with_no_taskflow
[2024-12-21T21:11:15.118+0000] {logging_mixin.py:190} INFO - [2024-12-21T21:11:15.118+0000] {override.py:1911} INFO - Created Permission View: can read on DAG Run:dataset_alias_example_alias_consumer_with_no_taskflow
[2024-12-21T21:11:15.134+0000] {logging_mixin.py:190} INFO - [2024-12-21T21:11:15.133+0000] {override.py:1911} INFO - Created Permission View: can create on DAG Run:dataset_alias_example_alias_consumer_with_no_taskflow
[2024-12-21T21:11:15.150+0000] {logging_mixin.py:190} INFO - [2024-12-21T21:11:15.149+0000] {override.py:1911} INFO - Created Permission View: menu access on DAG Run:dataset_alias_example_alias_consumer_with_no_taskflow
[2024-12-21T21:11:15.178+0000] {logging_mixin.py:190} INFO - [2024-12-21T21:11:15.178+0000] {override.py:1911} INFO - Created Permission View: can delete on DAG:dataset_s3_bucket_producer_with_no_taskflow
[2024-12-21T21:11:15.192+0000] {logging_mixin.py:190} INFO - [2024-12-21T21:11:15.191+0000] {override.py:1911} INFO - Created Permission View: can edit on DAG:dataset_s3_bucket_producer_with_no_taskflow
[2024-12-21T21:11:15.208+0000] {logging_mixin.py:190} INFO - [2024-12-21T21:11:15.207+0000] {override.py:1911} INFO - Created Permission View: can read on DAG:dataset_s3_bucket_producer_with_no_taskflow
[2024-12-21T21:11:15.225+0000] {logging_mixin.py:190} INFO - [2024-12-21T21:11:15.225+0000] {override.py:1911} INFO - Created Permission View: can delete on DAG Run:dataset_s3_bucket_producer_with_no_taskflow
[2024-12-21T21:11:15.241+0000] {logging_mixin.py:190} INFO - [2024-12-21T21:11:15.240+0000] {override.py:1911} INFO - Created Permission View: can read on DAG Run:dataset_s3_bucket_producer_with_no_taskflow
[2024-12-21T21:11:15.255+0000] {logging_mixin.py:190} INFO - [2024-12-21T21:11:15.255+0000] {override.py:1911} INFO - Created Permission View: can create on DAG Run:dataset_s3_bucket_producer_with_no_taskflow
[2024-12-21T21:11:15.271+0000] {logging_mixin.py:190} INFO - [2024-12-21T21:11:15.270+0000] {override.py:1911} INFO - Created Permission View: menu access on DAG Run:dataset_s3_bucket_producer_with_no_taskflow
[2024-12-21T21:11:15.302+0000] {logging_mixin.py:190} INFO - [2024-12-21T21:11:15.302+0000] {override.py:1911} INFO - Created Permission View: can delete on DAG:dataset_alias_example_alias_producer_with_no_taskflow
[2024-12-21T21:11:15.318+0000] {logging_mixin.py:190} INFO - [2024-12-21T21:11:15.317+0000] {override.py:1911} INFO - Created Permission View: can edit on DAG:dataset_alias_example_alias_producer_with_no_taskflow
[2024-12-21T21:11:15.332+0000] {logging_mixin.py:190} INFO - [2024-12-21T21:11:15.332+0000] {override.py:1911} INFO - Created Permission View: can read on DAG:dataset_alias_example_alias_producer_with_no_taskflow
[2024-12-21T21:11:15.349+0000] {logging_mixin.py:190} INFO - [2024-12-21T21:11:15.348+0000] {override.py:1911} INFO - Created Permission View: can delete on DAG Run:dataset_alias_example_alias_producer_with_no_taskflow
[2024-12-21T21:11:15.364+0000] {logging_mixin.py:190} INFO - [2024-12-21T21:11:15.363+0000] {override.py:1911} INFO - Created Permission View: can read on DAG Run:dataset_alias_example_alias_producer_with_no_taskflow
[2024-12-21T21:11:15.379+0000] {logging_mixin.py:190} INFO - [2024-12-21T21:11:15.378+0000] {override.py:1911} INFO - Created Permission View: can create on DAG Run:dataset_alias_example_alias_producer_with_no_taskflow
[2024-12-21T21:11:15.396+0000] {logging_mixin.py:190} INFO - [2024-12-21T21:11:15.395+0000] {override.py:1911} INFO - Created Permission View: menu access on DAG Run:dataset_alias_example_alias_producer_with_no_taskflow
[2024-12-21T21:11:15.423+0000] {logging_mixin.py:190} INFO - [2024-12-21T21:11:15.423+0000] {override.py:1911} INFO - Created Permission View: can delete on DAG:dataset_s3_bucket_consumer_with_no_taskflow
[2024-12-21T21:11:15.437+0000] {logging_mixin.py:190} INFO - [2024-12-21T21:11:15.436+0000] {override.py:1911} INFO - Created Permission View: can edit on DAG:dataset_s3_bucket_consumer_with_no_taskflow
[2024-12-21T21:11:15.452+0000] {logging_mixin.py:190} INFO - [2024-12-21T21:11:15.451+0000] {override.py:1911} INFO - Created Permission View: can read on DAG:dataset_s3_bucket_consumer_with_no_taskflow
[2024-12-21T21:11:15.468+0000] {logging_mixin.py:190} INFO - [2024-12-21T21:11:15.467+0000] {override.py:1911} INFO - Created Permission View: can delete on DAG Run:dataset_s3_bucket_consumer_with_no_taskflow
[2024-12-21T21:11:15.482+0000] {logging_mixin.py:190} INFO - [2024-12-21T21:11:15.482+0000] {override.py:1911} INFO - Created Permission View: can read on DAG Run:dataset_s3_bucket_consumer_with_no_taskflow
[2024-12-21T21:11:15.497+0000] {logging_mixin.py:190} INFO - [2024-12-21T21:11:15.496+0000] {override.py:1911} INFO - Created Permission View: can create on DAG Run:dataset_s3_bucket_consumer_with_no_taskflow
[2024-12-21T21:11:15.511+0000] {logging_mixin.py:190} INFO - [2024-12-21T21:11:15.511+0000] {override.py:1911} INFO - Created Permission View: menu access on DAG Run:dataset_s3_bucket_consumer_with_no_taskflow
[2024-12-21T21:11:15.513+0000] {logging_mixin.py:190} INFO - [2024-12-21T21:11:15.513+0000] {dag.py:3239} INFO - Sync 4 DAGs
[2024-12-21T21:11:15.544+0000] {logging_mixin.py:190} INFO - [2024-12-21T21:11:15.543+0000] {dag.py:3262} INFO - Creating ORM DAG for dataset_alias_example_alias_consumer_with_no_taskflow
[2024-12-21T21:11:15.546+0000] {logging_mixin.py:190} INFO - [2024-12-21T21:11:15.546+0000] {dag.py:3262} INFO - Creating ORM DAG for dataset_alias_example_alias_producer_with_no_taskflow
[2024-12-21T21:11:15.548+0000] {logging_mixin.py:190} INFO - [2024-12-21T21:11:15.547+0000] {dag.py:3262} INFO - Creating ORM DAG for dataset_s3_bucket_producer_with_no_taskflow
[2024-12-21T21:11:15.550+0000] {logging_mixin.py:190} INFO - [2024-12-21T21:11:15.550+0000] {dag.py:3262} INFO - Creating ORM DAG for dataset_s3_bucket_consumer_with_no_taskflow
[2024-12-21T21:11:15.575+0000] {logging_mixin.py:190} INFO - [2024-12-21T21:11:15.574+0000] {dag.py:4180} INFO - Setting next_dagrun for dataset_alias_example_alias_consumer_with_no_taskflow to None, run_after=None
[2024-12-21T21:11:15.577+0000] {logging_mixin.py:190} INFO - [2024-12-21T21:11:15.577+0000] {dag.py:4180} INFO - Setting next_dagrun for dataset_alias_example_alias_producer_with_no_taskflow to None, run_after=None
[2024-12-21T21:11:15.579+0000] {logging_mixin.py:190} INFO - [2024-12-21T21:11:15.579+0000] {dag.py:4180} INFO - Setting next_dagrun for dataset_s3_bucket_consumer_with_no_taskflow to None, run_after=None
[2024-12-21T21:11:15.581+0000] {logging_mixin.py:190} INFO - [2024-12-21T21:11:15.581+0000] {dag.py:4180} INFO - Setting next_dagrun for dataset_s3_bucket_producer_with_no_taskflow to None, run_after=None
[2024-12-21T21:11:15.645+0000] {processor.py:208} INFO - Processing /home/airflow/.local/lib/python3.12/site-packages/airflow/example_dags/example_dataset_alias_with_no_taskflow.py took 4.948 seconds
[2024-12-21T21:11:45.841+0000] {processor.py:186} INFO - Started process (PID=555) to work on /home/airflow/.local/lib/python3.12/site-packages/airflow/example_dags/example_dataset_alias_with_no_taskflow.py
[2024-12-21T21:11:45.843+0000] {processor.py:914} INFO - Processing file /home/airflow/.local/lib/python3.12/site-packages/airflow/example_dags/example_dataset_alias_with_no_taskflow.py for tasks to queue
[2024-12-21T21:11:45.848+0000] {logging_mixin.py:190} INFO - [2024-12-21T21:11:45.848+0000] {dagbag.py:588} INFO - Filling up the DagBag from /home/airflow/.local/lib/python3.12/site-packages/airflow/example_dags/example_dataset_alias_with_no_taskflow.py
[2024-12-21T21:11:47.121+0000] {processor.py:925} INFO - DAG(s) 'dataset_s3_bucket_consumer_with_no_taskflow', 'dataset_alias_example_alias_consumer_with_no_taskflow', 'dataset_s3_bucket_producer_with_no_taskflow', 'dataset_alias_example_alias_producer_with_no_taskflow' retrieved from /home/airflow/.local/lib/python3.12/site-packages/airflow/example_dags/example_dataset_alias_with_no_taskflow.py
[2024-12-21T21:11:47.181+0000] {logging_mixin.py:190} INFO - [2024-12-21T21:11:47.180+0000] {dag.py:3239} INFO - Sync 4 DAGs
[2024-12-21T21:11:47.261+0000] {logging_mixin.py:190} INFO - [2024-12-21T21:11:47.260+0000] {dag.py:4180} INFO - Setting next_dagrun for dataset_alias_example_alias_consumer_with_no_taskflow to None, run_after=None
[2024-12-21T21:11:47.270+0000] {logging_mixin.py:190} INFO - [2024-12-21T21:11:47.270+0000] {dag.py:4180} INFO - Setting next_dagrun for dataset_alias_example_alias_producer_with_no_taskflow to None, run_after=None
[2024-12-21T21:11:47.277+0000] {logging_mixin.py:190} INFO - [2024-12-21T21:11:47.276+0000] {dag.py:4180} INFO - Setting next_dagrun for dataset_s3_bucket_consumer_with_no_taskflow to None, run_after=None
[2024-12-21T21:11:47.282+0000] {logging_mixin.py:190} INFO - [2024-12-21T21:11:47.281+0000] {dag.py:4180} INFO - Setting next_dagrun for dataset_s3_bucket_producer_with_no_taskflow to None, run_after=None
[2024-12-21T21:11:47.337+0000] {processor.py:208} INFO - Processing /home/airflow/.local/lib/python3.12/site-packages/airflow/example_dags/example_dataset_alias_with_no_taskflow.py took 1.507 seconds
[2024-12-21T21:12:18.136+0000] {processor.py:186} INFO - Started process (PID=851) to work on /home/airflow/.local/lib/python3.12/site-packages/airflow/example_dags/example_dataset_alias_with_no_taskflow.py
[2024-12-21T21:12:18.138+0000] {processor.py:914} INFO - Processing file /home/airflow/.local/lib/python3.12/site-packages/airflow/example_dags/example_dataset_alias_with_no_taskflow.py for tasks to queue
[2024-12-21T21:12:18.142+0000] {logging_mixin.py:190} INFO - [2024-12-21T21:12:18.141+0000] {dagbag.py:588} INFO - Filling up the DagBag from /home/airflow/.local/lib/python3.12/site-packages/airflow/example_dags/example_dataset_alias_with_no_taskflow.py
[2024-12-21T21:12:19.600+0000] {processor.py:925} INFO - DAG(s) 'dataset_alias_example_alias_producer_with_no_taskflow', 'dataset_s3_bucket_consumer_with_no_taskflow', 'dataset_s3_bucket_producer_with_no_taskflow', 'dataset_alias_example_alias_consumer_with_no_taskflow' retrieved from /home/airflow/.local/lib/python3.12/site-packages/airflow/example_dags/example_dataset_alias_with_no_taskflow.py
[2024-12-21T21:12:19.650+0000] {logging_mixin.py:190} INFO - [2024-12-21T21:12:19.649+0000] {dag.py:3239} INFO - Sync 4 DAGs
[2024-12-21T21:12:19.703+0000] {logging_mixin.py:190} INFO - [2024-12-21T21:12:19.702+0000] {dag.py:4180} INFO - Setting next_dagrun for dataset_alias_example_alias_consumer_with_no_taskflow to None, run_after=None
[2024-12-21T21:12:19.709+0000] {logging_mixin.py:190} INFO - [2024-12-21T21:12:19.709+0000] {dag.py:4180} INFO - Setting next_dagrun for dataset_alias_example_alias_producer_with_no_taskflow to None, run_after=None
[2024-12-21T21:12:19.713+0000] {logging_mixin.py:190} INFO - [2024-12-21T21:12:19.713+0000] {dag.py:4180} INFO - Setting next_dagrun for dataset_s3_bucket_consumer_with_no_taskflow to None, run_after=None
[2024-12-21T21:12:19.717+0000] {logging_mixin.py:190} INFO - [2024-12-21T21:12:19.716+0000] {dag.py:4180} INFO - Setting next_dagrun for dataset_s3_bucket_producer_with_no_taskflow to None, run_after=None
[2024-12-21T21:12:19.764+0000] {processor.py:208} INFO - Processing /home/airflow/.local/lib/python3.12/site-packages/airflow/example_dags/example_dataset_alias_with_no_taskflow.py took 1.640 seconds
[2024-12-21T21:12:50.355+0000] {processor.py:186} INFO - Started process (PID=1167) to work on /home/airflow/.local/lib/python3.12/site-packages/airflow/example_dags/example_dataset_alias_with_no_taskflow.py
[2024-12-21T21:12:50.357+0000] {processor.py:914} INFO - Processing file /home/airflow/.local/lib/python3.12/site-packages/airflow/example_dags/example_dataset_alias_with_no_taskflow.py for tasks to queue
[2024-12-21T21:12:50.362+0000] {logging_mixin.py:190} INFO - [2024-12-21T21:12:50.361+0000] {dagbag.py:588} INFO - Filling up the DagBag from /home/airflow/.local/lib/python3.12/site-packages/airflow/example_dags/example_dataset_alias_with_no_taskflow.py
[2024-12-21T21:12:51.698+0000] {processor.py:925} INFO - DAG(s) 'dataset_s3_bucket_consumer_with_no_taskflow', 'dataset_alias_example_alias_consumer_with_no_taskflow', 'dataset_alias_example_alias_producer_with_no_taskflow', 'dataset_s3_bucket_producer_with_no_taskflow' retrieved from /home/airflow/.local/lib/python3.12/site-packages/airflow/example_dags/example_dataset_alias_with_no_taskflow.py
[2024-12-21T21:12:51.752+0000] {logging_mixin.py:190} INFO - [2024-12-21T21:12:51.751+0000] {dag.py:3239} INFO - Sync 4 DAGs
[2024-12-21T21:12:51.804+0000] {logging_mixin.py:190} INFO - [2024-12-21T21:12:51.804+0000] {dag.py:4180} INFO - Setting next_dagrun for dataset_alias_example_alias_consumer_with_no_taskflow to None, run_after=None
[2024-12-21T21:12:51.810+0000] {logging_mixin.py:190} INFO - [2024-12-21T21:12:51.809+0000] {dag.py:4180} INFO - Setting next_dagrun for dataset_alias_example_alias_producer_with_no_taskflow to None, run_after=None
[2024-12-21T21:12:51.813+0000] {logging_mixin.py:190} INFO - [2024-12-21T21:12:51.813+0000] {dag.py:4180} INFO - Setting next_dagrun for dataset_s3_bucket_consumer_with_no_taskflow to None, run_after=None
[2024-12-21T21:12:51.816+0000] {logging_mixin.py:190} INFO - [2024-12-21T21:12:51.816+0000] {dag.py:4180} INFO - Setting next_dagrun for dataset_s3_bucket_producer_with_no_taskflow to None, run_after=None
[2024-12-21T21:12:51.887+0000] {processor.py:208} INFO - Processing /home/airflow/.local/lib/python3.12/site-packages/airflow/example_dags/example_dataset_alias_with_no_taskflow.py took 1.546 seconds
[2024-12-21T21:13:22.383+0000] {processor.py:186} INFO - Started process (PID=1478) to work on /home/airflow/.local/lib/python3.12/site-packages/airflow/example_dags/example_dataset_alias_with_no_taskflow.py
[2024-12-21T21:13:22.385+0000] {processor.py:914} INFO - Processing file /home/airflow/.local/lib/python3.12/site-packages/airflow/example_dags/example_dataset_alias_with_no_taskflow.py for tasks to queue
[2024-12-21T21:13:22.392+0000] {logging_mixin.py:190} INFO - [2024-12-21T21:13:22.391+0000] {dagbag.py:588} INFO - Filling up the DagBag from /home/airflow/.local/lib/python3.12/site-packages/airflow/example_dags/example_dataset_alias_with_no_taskflow.py
[2024-12-21T21:13:23.662+0000] {processor.py:925} INFO - DAG(s) 'dataset_s3_bucket_producer_with_no_taskflow', 'dataset_alias_example_alias_producer_with_no_taskflow', 'dataset_alias_example_alias_consumer_with_no_taskflow', 'dataset_s3_bucket_consumer_with_no_taskflow' retrieved from /home/airflow/.local/lib/python3.12/site-packages/airflow/example_dags/example_dataset_alias_with_no_taskflow.py
[2024-12-21T21:13:23.707+0000] {logging_mixin.py:190} INFO - [2024-12-21T21:13:23.706+0000] {dag.py:3239} INFO - Sync 4 DAGs
[2024-12-21T21:13:23.759+0000] {logging_mixin.py:190} INFO - [2024-12-21T21:13:23.759+0000] {dag.py:4180} INFO - Setting next_dagrun for dataset_alias_example_alias_consumer_with_no_taskflow to None, run_after=None
[2024-12-21T21:13:23.765+0000] {logging_mixin.py:190} INFO - [2024-12-21T21:13:23.764+0000] {dag.py:4180} INFO - Setting next_dagrun for dataset_alias_example_alias_producer_with_no_taskflow to None, run_after=None
[2024-12-21T21:13:23.768+0000] {logging_mixin.py:190} INFO - [2024-12-21T21:13:23.768+0000] {dag.py:4180} INFO - Setting next_dagrun for dataset_s3_bucket_consumer_with_no_taskflow to None, run_after=None
[2024-12-21T21:13:23.771+0000] {logging_mixin.py:190} INFO - [2024-12-21T21:13:23.771+0000] {dag.py:4180} INFO - Setting next_dagrun for dataset_s3_bucket_producer_with_no_taskflow to None, run_after=None
[2024-12-21T21:13:23.838+0000] {processor.py:208} INFO - Processing /home/airflow/.local/lib/python3.12/site-packages/airflow/example_dags/example_dataset_alias_with_no_taskflow.py took 1.469 seconds
[2024-12-21T21:13:54.015+0000] {processor.py:186} INFO - Started process (PID=1779) to work on /home/airflow/.local/lib/python3.12/site-packages/airflow/example_dags/example_dataset_alias_with_no_taskflow.py
[2024-12-21T21:13:54.017+0000] {processor.py:914} INFO - Processing file /home/airflow/.local/lib/python3.12/site-packages/airflow/example_dags/example_dataset_alias_with_no_taskflow.py for tasks to queue
[2024-12-21T21:13:54.022+0000] {logging_mixin.py:190} INFO - [2024-12-21T21:13:54.021+0000] {dagbag.py:588} INFO - Filling up the DagBag from /home/airflow/.local/lib/python3.12/site-packages/airflow/example_dags/example_dataset_alias_with_no_taskflow.py
[2024-12-21T21:13:55.405+0000] {processor.py:925} INFO - DAG(s) 'dataset_s3_bucket_consumer_with_no_taskflow', 'dataset_s3_bucket_producer_with_no_taskflow', 'dataset_alias_example_alias_consumer_with_no_taskflow', 'dataset_alias_example_alias_producer_with_no_taskflow' retrieved from /home/airflow/.local/lib/python3.12/site-packages/airflow/example_dags/example_dataset_alias_with_no_taskflow.py
[2024-12-21T21:13:55.452+0000] {logging_mixin.py:190} INFO - [2024-12-21T21:13:55.451+0000] {dag.py:3239} INFO - Sync 4 DAGs
[2024-12-21T21:13:55.500+0000] {logging_mixin.py:190} INFO - [2024-12-21T21:13:55.499+0000] {dag.py:4180} INFO - Setting next_dagrun for dataset_alias_example_alias_consumer_with_no_taskflow to None, run_after=None
[2024-12-21T21:13:55.507+0000] {logging_mixin.py:190} INFO - [2024-12-21T21:13:55.507+0000] {dag.py:4180} INFO - Setting next_dagrun for dataset_alias_example_alias_producer_with_no_taskflow to None, run_after=None
[2024-12-21T21:13:55.512+0000] {logging_mixin.py:190} INFO - [2024-12-21T21:13:55.511+0000] {dag.py:4180} INFO - Setting next_dagrun for dataset_s3_bucket_consumer_with_no_taskflow to None, run_after=None
[2024-12-21T21:13:55.515+0000] {logging_mixin.py:190} INFO - [2024-12-21T21:13:55.515+0000] {dag.py:4180} INFO - Setting next_dagrun for dataset_s3_bucket_producer_with_no_taskflow to None, run_after=None
[2024-12-21T21:13:55.564+0000] {processor.py:208} INFO - Processing /home/airflow/.local/lib/python3.12/site-packages/airflow/example_dags/example_dataset_alias_with_no_taskflow.py took 1.559 seconds
[2024-12-21T21:14:25.939+0000] {processor.py:186} INFO - Started process (PID=2106) to work on /home/airflow/.local/lib/python3.12/site-packages/airflow/example_dags/example_dataset_alias_with_no_taskflow.py
[2024-12-21T21:14:25.942+0000] {processor.py:914} INFO - Processing file /home/airflow/.local/lib/python3.12/site-packages/airflow/example_dags/example_dataset_alias_with_no_taskflow.py for tasks to queue
[2024-12-21T21:14:25.947+0000] {logging_mixin.py:190} INFO - [2024-12-21T21:14:25.946+0000] {dagbag.py:588} INFO - Filling up the DagBag from /home/airflow/.local/lib/python3.12/site-packages/airflow/example_dags/example_dataset_alias_with_no_taskflow.py
[2024-12-21T21:14:27.236+0000] {processor.py:925} INFO - DAG(s) 'dataset_s3_bucket_producer_with_no_taskflow', 'dataset_alias_example_alias_consumer_with_no_taskflow', 'dataset_alias_example_alias_producer_with_no_taskflow', 'dataset_s3_bucket_consumer_with_no_taskflow' retrieved from /home/airflow/.local/lib/python3.12/site-packages/airflow/example_dags/example_dataset_alias_with_no_taskflow.py
[2024-12-21T21:14:27.295+0000] {logging_mixin.py:190} INFO - [2024-12-21T21:14:27.293+0000] {dag.py:3239} INFO - Sync 4 DAGs
[2024-12-21T21:14:27.347+0000] {logging_mixin.py:190} INFO - [2024-12-21T21:14:27.347+0000] {dag.py:4180} INFO - Setting next_dagrun for dataset_alias_example_alias_consumer_with_no_taskflow to None, run_after=None
[2024-12-21T21:14:27.354+0000] {logging_mixin.py:190} INFO - [2024-12-21T21:14:27.353+0000] {dag.py:4180} INFO - Setting next_dagrun for dataset_alias_example_alias_producer_with_no_taskflow to None, run_after=None
[2024-12-21T21:14:27.357+0000] {logging_mixin.py:190} INFO - [2024-12-21T21:14:27.357+0000] {dag.py:4180} INFO - Setting next_dagrun for dataset_s3_bucket_consumer_with_no_taskflow to None, run_after=None
[2024-12-21T21:14:27.361+0000] {logging_mixin.py:190} INFO - [2024-12-21T21:14:27.361+0000] {dag.py:4180} INFO - Setting next_dagrun for dataset_s3_bucket_producer_with_no_taskflow to None, run_after=None
[2024-12-21T21:14:27.407+0000] {processor.py:208} INFO - Processing /home/airflow/.local/lib/python3.12/site-packages/airflow/example_dags/example_dataset_alias_with_no_taskflow.py took 1.479 seconds
[2024-12-21T21:14:57.601+0000] {processor.py:186} INFO - Started process (PID=2412) to work on /home/airflow/.local/lib/python3.12/site-packages/airflow/example_dags/example_dataset_alias_with_no_taskflow.py
[2024-12-21T21:14:57.603+0000] {processor.py:914} INFO - Processing file /home/airflow/.local/lib/python3.12/site-packages/airflow/example_dags/example_dataset_alias_with_no_taskflow.py for tasks to queue
[2024-12-21T21:14:57.607+0000] {logging_mixin.py:190} INFO - [2024-12-21T21:14:57.606+0000] {dagbag.py:588} INFO - Filling up the DagBag from /home/airflow/.local/lib/python3.12/site-packages/airflow/example_dags/example_dataset_alias_with_no_taskflow.py
[2024-12-21T21:14:58.914+0000] {processor.py:925} INFO - DAG(s) 'dataset_alias_example_alias_producer_with_no_taskflow', 'dataset_alias_example_alias_consumer_with_no_taskflow', 'dataset_s3_bucket_producer_with_no_taskflow', 'dataset_s3_bucket_consumer_with_no_taskflow' retrieved from /home/airflow/.local/lib/python3.12/site-packages/airflow/example_dags/example_dataset_alias_with_no_taskflow.py
[2024-12-21T21:14:58.961+0000] {logging_mixin.py:190} INFO - [2024-12-21T21:14:58.960+0000] {dag.py:3239} INFO - Sync 4 DAGs
[2024-12-21T21:14:59.006+0000] {logging_mixin.py:190} INFO - [2024-12-21T21:14:59.005+0000] {dag.py:4180} INFO - Setting next_dagrun for dataset_alias_example_alias_consumer_with_no_taskflow to None, run_after=None
[2024-12-21T21:14:59.011+0000] {logging_mixin.py:190} INFO - [2024-12-21T21:14:59.011+0000] {dag.py:4180} INFO - Setting next_dagrun for dataset_alias_example_alias_producer_with_no_taskflow to None, run_after=None
[2024-12-21T21:14:59.015+0000] {logging_mixin.py:190} INFO - [2024-12-21T21:14:59.015+0000] {dag.py:4180} INFO - Setting next_dagrun for dataset_s3_bucket_consumer_with_no_taskflow to None, run_after=None
[2024-12-21T21:14:59.018+0000] {logging_mixin.py:190} INFO - [2024-12-21T21:14:59.018+0000] {dag.py:4180} INFO - Setting next_dagrun for dataset_s3_bucket_producer_with_no_taskflow to None, run_after=None
[2024-12-21T21:14:59.063+0000] {processor.py:208} INFO - Processing /home/airflow/.local/lib/python3.12/site-packages/airflow/example_dags/example_dataset_alias_with_no_taskflow.py took 1.476 seconds
[2024-12-21T21:15:29.795+0000] {processor.py:186} INFO - Started process (PID=2728) to work on /home/airflow/.local/lib/python3.12/site-packages/airflow/example_dags/example_dataset_alias_with_no_taskflow.py
[2024-12-21T21:15:29.796+0000] {processor.py:914} INFO - Processing file /home/airflow/.local/lib/python3.12/site-packages/airflow/example_dags/example_dataset_alias_with_no_taskflow.py for tasks to queue
[2024-12-21T21:15:29.801+0000] {logging_mixin.py:190} INFO - [2024-12-21T21:15:29.800+0000] {dagbag.py:588} INFO - Filling up the DagBag from /home/airflow/.local/lib/python3.12/site-packages/airflow/example_dags/example_dataset_alias_with_no_taskflow.py
[2024-12-21T21:15:31.278+0000] {processor.py:925} INFO - DAG(s) 'dataset_alias_example_alias_producer_with_no_taskflow', 'dataset_alias_example_alias_consumer_with_no_taskflow', 'dataset_s3_bucket_consumer_with_no_taskflow', 'dataset_s3_bucket_producer_with_no_taskflow' retrieved from /home/airflow/.local/lib/python3.12/site-packages/airflow/example_dags/example_dataset_alias_with_no_taskflow.py
[2024-12-21T21:15:31.336+0000] {logging_mixin.py:190} INFO - [2024-12-21T21:15:31.334+0000] {dag.py:3239} INFO - Sync 4 DAGs
[2024-12-21T21:15:31.391+0000] {logging_mixin.py:190} INFO - [2024-12-21T21:15:31.391+0000] {dag.py:4180} INFO - Setting next_dagrun for dataset_alias_example_alias_consumer_with_no_taskflow to None, run_after=None
[2024-12-21T21:15:31.399+0000] {logging_mixin.py:190} INFO - [2024-12-21T21:15:31.398+0000] {dag.py:4180} INFO - Setting next_dagrun for dataset_alias_example_alias_producer_with_no_taskflow to None, run_after=None
[2024-12-21T21:15:31.403+0000] {logging_mixin.py:190} INFO - [2024-12-21T21:15:31.403+0000] {dag.py:4180} INFO - Setting next_dagrun for dataset_s3_bucket_consumer_with_no_taskflow to None, run_after=None
[2024-12-21T21:15:31.407+0000] {logging_mixin.py:190} INFO - [2024-12-21T21:15:31.407+0000] {dag.py:4180} INFO - Setting next_dagrun for dataset_s3_bucket_producer_with_no_taskflow to None, run_after=None
[2024-12-21T21:15:31.505+0000] {processor.py:208} INFO - Processing /home/airflow/.local/lib/python3.12/site-packages/airflow/example_dags/example_dataset_alias_with_no_taskflow.py took 1.727 seconds
[2024-12-21T21:16:02.398+0000] {processor.py:186} INFO - Started process (PID=3024) to work on /home/airflow/.local/lib/python3.12/site-packages/airflow/example_dags/example_dataset_alias_with_no_taskflow.py
[2024-12-21T21:16:02.401+0000] {processor.py:914} INFO - Processing file /home/airflow/.local/lib/python3.12/site-packages/airflow/example_dags/example_dataset_alias_with_no_taskflow.py for tasks to queue
[2024-12-21T21:16:02.409+0000] {logging_mixin.py:190} INFO - [2024-12-21T21:16:02.408+0000] {dagbag.py:588} INFO - Filling up the DagBag from /home/airflow/.local/lib/python3.12/site-packages/airflow/example_dags/example_dataset_alias_with_no_taskflow.py
[2024-12-21T21:16:04.236+0000] {processor.py:925} INFO - DAG(s) 'dataset_s3_bucket_consumer_with_no_taskflow', 'dataset_alias_example_alias_producer_with_no_taskflow', 'dataset_alias_example_alias_consumer_with_no_taskflow', 'dataset_s3_bucket_producer_with_no_taskflow' retrieved from /home/airflow/.local/lib/python3.12/site-packages/airflow/example_dags/example_dataset_alias_with_no_taskflow.py
[2024-12-21T21:16:04.300+0000] {logging_mixin.py:190} INFO - [2024-12-21T21:16:04.299+0000] {dag.py:3239} INFO - Sync 4 DAGs
[2024-12-21T21:16:04.378+0000] {logging_mixin.py:190} INFO - [2024-12-21T21:16:04.378+0000] {dag.py:4180} INFO - Setting next_dagrun for dataset_alias_example_alias_consumer_with_no_taskflow to None, run_after=None
[2024-12-21T21:16:04.386+0000] {logging_mixin.py:190} INFO - [2024-12-21T21:16:04.386+0000] {dag.py:4180} INFO - Setting next_dagrun for dataset_alias_example_alias_producer_with_no_taskflow to None, run_after=None
[2024-12-21T21:16:04.391+0000] {logging_mixin.py:190} INFO - [2024-12-21T21:16:04.391+0000] {dag.py:4180} INFO - Setting next_dagrun for dataset_s3_bucket_consumer_with_no_taskflow to None, run_after=None
[2024-12-21T21:16:04.394+0000] {logging_mixin.py:190} INFO - [2024-12-21T21:16:04.394+0000] {dag.py:4180} INFO - Setting next_dagrun for dataset_s3_bucket_producer_with_no_taskflow to None, run_after=None
[2024-12-21T21:16:04.466+0000] {processor.py:208} INFO - Processing /home/airflow/.local/lib/python3.12/site-packages/airflow/example_dags/example_dataset_alias_with_no_taskflow.py took 2.084 seconds
