[2024-12-21T21:11:24.396+0000] {processor.py:186} INFO - Started process (PID=372) to work on /home/airflow/.local/lib/python3.12/site-packages/airflow/example_dags/example_sensor_decorator.py
[2024-12-21T21:11:24.399+0000] {processor.py:914} INFO - Processing file /home/airflow/.local/lib/python3.12/site-packages/airflow/example_dags/example_sensor_decorator.py for tasks to queue
[2024-12-21T21:11:24.404+0000] {logging_mixin.py:190} INFO - [2024-12-21T21:11:24.403+0000] {dagbag.py:588} INFO - Filling up the DagBag from /home/airflow/.local/lib/python3.12/site-packages/airflow/example_dags/example_sensor_decorator.py
[2024-12-21T21:11:24.423+0000] {processor.py:925} INFO - DAG(s) 'example_sensor_decorator' retrieved from /home/airflow/.local/lib/python3.12/site-packages/airflow/example_dags/example_sensor_decorator.py
[2024-12-21T21:11:24.707+0000] {logging_mixin.py:190} INFO - [2024-12-21T21:11:24.705+0000] {override.py:1911} INFO - Created Permission View: can delete on DAG:example_sensor_decorator
[2024-12-21T21:11:24.730+0000] {logging_mixin.py:190} INFO - [2024-12-21T21:11:24.729+0000] {override.py:1911} INFO - Created Permission View: can edit on DAG:example_sensor_decorator
[2024-12-21T21:11:24.750+0000] {logging_mixin.py:190} INFO - [2024-12-21T21:11:24.750+0000] {override.py:1911} INFO - Created Permission View: can read on DAG:example_sensor_decorator
[2024-12-21T21:11:24.768+0000] {logging_mixin.py:190} INFO - [2024-12-21T21:11:24.768+0000] {override.py:1911} INFO - Created Permission View: can delete on DAG Run:example_sensor_decorator
[2024-12-21T21:11:24.784+0000] {logging_mixin.py:190} INFO - [2024-12-21T21:11:24.783+0000] {override.py:1911} INFO - Created Permission View: can read on DAG Run:example_sensor_decorator
[2024-12-21T21:11:24.799+0000] {logging_mixin.py:190} INFO - [2024-12-21T21:11:24.798+0000] {override.py:1911} INFO - Created Permission View: can create on DAG Run:example_sensor_decorator
[2024-12-21T21:11:24.813+0000] {logging_mixin.py:190} INFO - [2024-12-21T21:11:24.813+0000] {override.py:1911} INFO - Created Permission View: menu access on DAG Run:example_sensor_decorator
[2024-12-21T21:11:24.815+0000] {logging_mixin.py:190} INFO - [2024-12-21T21:11:24.814+0000] {dag.py:3239} INFO - Sync 1 DAGs
[2024-12-21T21:11:24.843+0000] {logging_mixin.py:190} INFO - [2024-12-21T21:11:24.842+0000] {dag.py:3262} INFO - Creating ORM DAG for example_sensor_decorator
[2024-12-21T21:11:24.845+0000] {logging_mixin.py:190} INFO - [2024-12-21T21:11:24.845+0000] {dag.py:4180} INFO - Setting next_dagrun for example_sensor_decorator to None, run_after=None
[2024-12-21T21:11:24.884+0000] {processor.py:208} INFO - Processing /home/airflow/.local/lib/python3.12/site-packages/airflow/example_dags/example_sensor_decorator.py took 0.501 seconds
[2024-12-21T21:11:54.979+0000] {processor.py:186} INFO - Started process (PID=669) to work on /home/airflow/.local/lib/python3.12/site-packages/airflow/example_dags/example_sensor_decorator.py
[2024-12-21T21:11:54.981+0000] {processor.py:914} INFO - Processing file /home/airflow/.local/lib/python3.12/site-packages/airflow/example_dags/example_sensor_decorator.py for tasks to queue
[2024-12-21T21:11:54.987+0000] {logging_mixin.py:190} INFO - [2024-12-21T21:11:54.986+0000] {dagbag.py:588} INFO - Filling up the DagBag from /home/airflow/.local/lib/python3.12/site-packages/airflow/example_dags/example_sensor_decorator.py
[2024-12-21T21:11:55.001+0000] {processor.py:925} INFO - DAG(s) 'example_sensor_decorator' retrieved from /home/airflow/.local/lib/python3.12/site-packages/airflow/example_dags/example_sensor_decorator.py
[2024-12-21T21:11:55.039+0000] {logging_mixin.py:190} INFO - [2024-12-21T21:11:55.039+0000] {dag.py:3239} INFO - Sync 1 DAGs
[2024-12-21T21:11:55.067+0000] {logging_mixin.py:190} INFO - [2024-12-21T21:11:55.066+0000] {dag.py:4180} INFO - Setting next_dagrun for example_sensor_decorator to None, run_after=None
[2024-12-21T21:11:55.105+0000] {processor.py:208} INFO - Processing /home/airflow/.local/lib/python3.12/site-packages/airflow/example_dags/example_sensor_decorator.py took 0.137 seconds
[2024-12-21T21:12:25.893+0000] {processor.py:186} INFO - Started process (PID=962) to work on /home/airflow/.local/lib/python3.12/site-packages/airflow/example_dags/example_sensor_decorator.py
[2024-12-21T21:12:25.895+0000] {processor.py:914} INFO - Processing file /home/airflow/.local/lib/python3.12/site-packages/airflow/example_dags/example_sensor_decorator.py for tasks to queue
[2024-12-21T21:12:25.899+0000] {logging_mixin.py:190} INFO - [2024-12-21T21:12:25.899+0000] {dagbag.py:588} INFO - Filling up the DagBag from /home/airflow/.local/lib/python3.12/site-packages/airflow/example_dags/example_sensor_decorator.py
[2024-12-21T21:12:25.916+0000] {processor.py:925} INFO - DAG(s) 'example_sensor_decorator' retrieved from /home/airflow/.local/lib/python3.12/site-packages/airflow/example_dags/example_sensor_decorator.py
[2024-12-21T21:12:25.959+0000] {logging_mixin.py:190} INFO - [2024-12-21T21:12:25.958+0000] {dag.py:3239} INFO - Sync 1 DAGs
[2024-12-21T21:12:25.993+0000] {logging_mixin.py:190} INFO - [2024-12-21T21:12:25.992+0000] {dag.py:4180} INFO - Setting next_dagrun for example_sensor_decorator to None, run_after=None
[2024-12-21T21:12:26.032+0000] {processor.py:208} INFO - Processing /home/airflow/.local/lib/python3.12/site-packages/airflow/example_dags/example_sensor_decorator.py took 0.149 seconds
[2024-12-21T21:12:56.656+0000] {processor.py:186} INFO - Started process (PID=1258) to work on /home/airflow/.local/lib/python3.12/site-packages/airflow/example_dags/example_sensor_decorator.py
[2024-12-21T21:12:56.659+0000] {processor.py:914} INFO - Processing file /home/airflow/.local/lib/python3.12/site-packages/airflow/example_dags/example_sensor_decorator.py for tasks to queue
[2024-12-21T21:12:56.664+0000] {logging_mixin.py:190} INFO - [2024-12-21T21:12:56.663+0000] {dagbag.py:588} INFO - Filling up the DagBag from /home/airflow/.local/lib/python3.12/site-packages/airflow/example_dags/example_sensor_decorator.py
[2024-12-21T21:12:56.679+0000] {processor.py:925} INFO - DAG(s) 'example_sensor_decorator' retrieved from /home/airflow/.local/lib/python3.12/site-packages/airflow/example_dags/example_sensor_decorator.py
[2024-12-21T21:12:56.718+0000] {logging_mixin.py:190} INFO - [2024-12-21T21:12:56.717+0000] {dag.py:3239} INFO - Sync 1 DAGs
[2024-12-21T21:12:56.747+0000] {logging_mixin.py:190} INFO - [2024-12-21T21:12:56.747+0000] {dag.py:4180} INFO - Setting next_dagrun for example_sensor_decorator to None, run_after=None
[2024-12-21T21:12:56.788+0000] {processor.py:208} INFO - Processing /home/airflow/.local/lib/python3.12/site-packages/airflow/example_dags/example_sensor_decorator.py took 0.145 seconds
[2024-12-21T21:13:26.934+0000] {processor.py:186} INFO - Started process (PID=1552) to work on /home/airflow/.local/lib/python3.12/site-packages/airflow/example_dags/example_sensor_decorator.py
[2024-12-21T21:13:26.936+0000] {processor.py:914} INFO - Processing file /home/airflow/.local/lib/python3.12/site-packages/airflow/example_dags/example_sensor_decorator.py for tasks to queue
[2024-12-21T21:13:26.940+0000] {logging_mixin.py:190} INFO - [2024-12-21T21:13:26.940+0000] {dagbag.py:588} INFO - Filling up the DagBag from /home/airflow/.local/lib/python3.12/site-packages/airflow/example_dags/example_sensor_decorator.py
[2024-12-21T21:13:26.958+0000] {processor.py:925} INFO - DAG(s) 'example_sensor_decorator' retrieved from /home/airflow/.local/lib/python3.12/site-packages/airflow/example_dags/example_sensor_decorator.py
[2024-12-21T21:13:26.998+0000] {logging_mixin.py:190} INFO - [2024-12-21T21:13:26.997+0000] {dag.py:3239} INFO - Sync 1 DAGs
[2024-12-21T21:13:27.034+0000] {logging_mixin.py:190} INFO - [2024-12-21T21:13:27.034+0000] {dag.py:4180} INFO - Setting next_dagrun for example_sensor_decorator to None, run_after=None
[2024-12-21T21:13:27.099+0000] {processor.py:208} INFO - Processing /home/airflow/.local/lib/python3.12/site-packages/airflow/example_dags/example_sensor_decorator.py took 0.176 seconds
[2024-12-21T21:13:57.356+0000] {processor.py:186} INFO - Started process (PID=1845) to work on /home/airflow/.local/lib/python3.12/site-packages/airflow/example_dags/example_sensor_decorator.py
[2024-12-21T21:13:57.358+0000] {processor.py:914} INFO - Processing file /home/airflow/.local/lib/python3.12/site-packages/airflow/example_dags/example_sensor_decorator.py for tasks to queue
[2024-12-21T21:13:57.363+0000] {logging_mixin.py:190} INFO - [2024-12-21T21:13:57.362+0000] {dagbag.py:588} INFO - Filling up the DagBag from /home/airflow/.local/lib/python3.12/site-packages/airflow/example_dags/example_sensor_decorator.py
[2024-12-21T21:13:57.378+0000] {processor.py:925} INFO - DAG(s) 'example_sensor_decorator' retrieved from /home/airflow/.local/lib/python3.12/site-packages/airflow/example_dags/example_sensor_decorator.py
[2024-12-21T21:13:57.423+0000] {logging_mixin.py:190} INFO - [2024-12-21T21:13:57.422+0000] {dag.py:3239} INFO - Sync 1 DAGs
[2024-12-21T21:13:57.452+0000] {logging_mixin.py:190} INFO - [2024-12-21T21:13:57.452+0000] {dag.py:4180} INFO - Setting next_dagrun for example_sensor_decorator to None, run_after=None
[2024-12-21T21:13:57.515+0000] {processor.py:208} INFO - Processing /home/airflow/.local/lib/python3.12/site-packages/airflow/example_dags/example_sensor_decorator.py took 0.172 seconds
[2024-12-21T21:14:28.031+0000] {processor.py:186} INFO - Started process (PID=2139) to work on /home/airflow/.local/lib/python3.12/site-packages/airflow/example_dags/example_sensor_decorator.py
[2024-12-21T21:14:28.034+0000] {processor.py:914} INFO - Processing file /home/airflow/.local/lib/python3.12/site-packages/airflow/example_dags/example_sensor_decorator.py for tasks to queue
[2024-12-21T21:14:28.039+0000] {logging_mixin.py:190} INFO - [2024-12-21T21:14:28.039+0000] {dagbag.py:588} INFO - Filling up the DagBag from /home/airflow/.local/lib/python3.12/site-packages/airflow/example_dags/example_sensor_decorator.py
[2024-12-21T21:14:28.060+0000] {processor.py:925} INFO - DAG(s) 'example_sensor_decorator' retrieved from /home/airflow/.local/lib/python3.12/site-packages/airflow/example_dags/example_sensor_decorator.py
[2024-12-21T21:14:28.104+0000] {logging_mixin.py:190} INFO - [2024-12-21T21:14:28.103+0000] {dag.py:3239} INFO - Sync 1 DAGs
[2024-12-21T21:14:28.132+0000] {logging_mixin.py:190} INFO - [2024-12-21T21:14:28.132+0000] {dag.py:4180} INFO - Setting next_dagrun for example_sensor_decorator to None, run_after=None
[2024-12-21T21:14:28.170+0000] {processor.py:208} INFO - Processing /home/airflow/.local/lib/python3.12/site-packages/airflow/example_dags/example_sensor_decorator.py took 0.155 seconds
[2024-12-21T21:14:58.335+0000] {processor.py:186} INFO - Started process (PID=2430) to work on /home/airflow/.local/lib/python3.12/site-packages/airflow/example_dags/example_sensor_decorator.py
[2024-12-21T21:14:58.337+0000] {processor.py:914} INFO - Processing file /home/airflow/.local/lib/python3.12/site-packages/airflow/example_dags/example_sensor_decorator.py for tasks to queue
[2024-12-21T21:14:58.341+0000] {logging_mixin.py:190} INFO - [2024-12-21T21:14:58.341+0000] {dagbag.py:588} INFO - Filling up the DagBag from /home/airflow/.local/lib/python3.12/site-packages/airflow/example_dags/example_sensor_decorator.py
[2024-12-21T21:14:58.357+0000] {processor.py:925} INFO - DAG(s) 'example_sensor_decorator' retrieved from /home/airflow/.local/lib/python3.12/site-packages/airflow/example_dags/example_sensor_decorator.py
[2024-12-21T21:14:58.400+0000] {logging_mixin.py:190} INFO - [2024-12-21T21:14:58.399+0000] {dag.py:3239} INFO - Sync 1 DAGs
[2024-12-21T21:14:58.437+0000] {logging_mixin.py:190} INFO - [2024-12-21T21:14:58.436+0000] {dag.py:4180} INFO - Setting next_dagrun for example_sensor_decorator to None, run_after=None
[2024-12-21T21:14:58.476+0000] {processor.py:208} INFO - Processing /home/airflow/.local/lib/python3.12/site-packages/airflow/example_dags/example_sensor_decorator.py took 0.155 seconds
[2024-12-21T21:15:28.758+0000] {processor.py:186} INFO - Started process (PID=2723) to work on /home/airflow/.local/lib/python3.12/site-packages/airflow/example_dags/example_sensor_decorator.py
[2024-12-21T21:15:28.760+0000] {processor.py:914} INFO - Processing file /home/airflow/.local/lib/python3.12/site-packages/airflow/example_dags/example_sensor_decorator.py for tasks to queue
[2024-12-21T21:15:28.764+0000] {logging_mixin.py:190} INFO - [2024-12-21T21:15:28.763+0000] {dagbag.py:588} INFO - Filling up the DagBag from /home/airflow/.local/lib/python3.12/site-packages/airflow/example_dags/example_sensor_decorator.py
[2024-12-21T21:15:28.778+0000] {processor.py:925} INFO - DAG(s) 'example_sensor_decorator' retrieved from /home/airflow/.local/lib/python3.12/site-packages/airflow/example_dags/example_sensor_decorator.py
[2024-12-21T21:15:28.820+0000] {logging_mixin.py:190} INFO - [2024-12-21T21:15:28.819+0000] {dag.py:3239} INFO - Sync 1 DAGs
[2024-12-21T21:15:28.852+0000] {logging_mixin.py:190} INFO - [2024-12-21T21:15:28.852+0000] {dag.py:4180} INFO - Setting next_dagrun for example_sensor_decorator to None, run_after=None
[2024-12-21T21:15:28.893+0000] {processor.py:208} INFO - Processing /home/airflow/.local/lib/python3.12/site-packages/airflow/example_dags/example_sensor_decorator.py took 0.146 seconds
[2024-12-21T21:15:59.122+0000] {processor.py:186} INFO - Started process (PID=3017) to work on /home/airflow/.local/lib/python3.12/site-packages/airflow/example_dags/example_sensor_decorator.py
[2024-12-21T21:15:59.125+0000] {processor.py:914} INFO - Processing file /home/airflow/.local/lib/python3.12/site-packages/airflow/example_dags/example_sensor_decorator.py for tasks to queue
[2024-12-21T21:15:59.136+0000] {logging_mixin.py:190} INFO - [2024-12-21T21:15:59.134+0000] {dagbag.py:588} INFO - Filling up the DagBag from /home/airflow/.local/lib/python3.12/site-packages/airflow/example_dags/example_sensor_decorator.py
[2024-12-21T21:15:59.163+0000] {processor.py:925} INFO - DAG(s) 'example_sensor_decorator' retrieved from /home/airflow/.local/lib/python3.12/site-packages/airflow/example_dags/example_sensor_decorator.py
[2024-12-21T21:15:59.236+0000] {logging_mixin.py:190} INFO - [2024-12-21T21:15:59.235+0000] {dag.py:3239} INFO - Sync 1 DAGs
[2024-12-21T21:15:59.295+0000] {logging_mixin.py:190} INFO - [2024-12-21T21:15:59.295+0000] {dag.py:4180} INFO - Setting next_dagrun for example_sensor_decorator to None, run_after=None
[2024-12-21T21:15:59.351+0000] {processor.py:208} INFO - Processing /home/airflow/.local/lib/python3.12/site-packages/airflow/example_dags/example_sensor_decorator.py took 0.249 seconds
[2024-12-21T21:16:29.723+0000] {processor.py:186} INFO - Started process (PID=3312) to work on /home/airflow/.local/lib/python3.12/site-packages/airflow/example_dags/example_sensor_decorator.py
[2024-12-21T21:16:29.725+0000] {processor.py:914} INFO - Processing file /home/airflow/.local/lib/python3.12/site-packages/airflow/example_dags/example_sensor_decorator.py for tasks to queue
[2024-12-21T21:16:29.731+0000] {logging_mixin.py:190} INFO - [2024-12-21T21:16:29.730+0000] {dagbag.py:588} INFO - Filling up the DagBag from /home/airflow/.local/lib/python3.12/site-packages/airflow/example_dags/example_sensor_decorator.py
[2024-12-21T21:16:29.751+0000] {processor.py:925} INFO - DAG(s) 'example_sensor_decorator' retrieved from /home/airflow/.local/lib/python3.12/site-packages/airflow/example_dags/example_sensor_decorator.py
[2024-12-21T21:16:29.793+0000] {logging_mixin.py:190} INFO - [2024-12-21T21:16:29.793+0000] {dag.py:3239} INFO - Sync 1 DAGs
[2024-12-21T21:16:29.831+0000] {logging_mixin.py:190} INFO - [2024-12-21T21:16:29.830+0000] {dag.py:4180} INFO - Setting next_dagrun for example_sensor_decorator to None, run_after=None
[2024-12-21T21:16:29.878+0000] {processor.py:208} INFO - Processing /home/airflow/.local/lib/python3.12/site-packages/airflow/example_dags/example_sensor_decorator.py took 0.173 seconds
[2024-12-21T21:17:00.575+0000] {processor.py:186} INFO - Started process (PID=3608) to work on /home/airflow/.local/lib/python3.12/site-packages/airflow/example_dags/example_sensor_decorator.py
[2024-12-21T21:17:00.578+0000] {processor.py:914} INFO - Processing file /home/airflow/.local/lib/python3.12/site-packages/airflow/example_dags/example_sensor_decorator.py for tasks to queue
[2024-12-21T21:17:00.584+0000] {logging_mixin.py:190} INFO - [2024-12-21T21:17:00.583+0000] {dagbag.py:588} INFO - Filling up the DagBag from /home/airflow/.local/lib/python3.12/site-packages/airflow/example_dags/example_sensor_decorator.py
[2024-12-21T21:17:00.607+0000] {processor.py:925} INFO - DAG(s) 'example_sensor_decorator' retrieved from /home/airflow/.local/lib/python3.12/site-packages/airflow/example_dags/example_sensor_decorator.py
[2024-12-21T21:17:00.668+0000] {logging_mixin.py:190} INFO - [2024-12-21T21:17:00.667+0000] {dag.py:3239} INFO - Sync 1 DAGs
[2024-12-21T21:17:00.717+0000] {logging_mixin.py:190} INFO - [2024-12-21T21:17:00.717+0000] {dag.py:4180} INFO - Setting next_dagrun for example_sensor_decorator to None, run_after=None
[2024-12-21T21:17:00.785+0000] {processor.py:208} INFO - Processing /home/airflow/.local/lib/python3.12/site-packages/airflow/example_dags/example_sensor_decorator.py took 0.226 seconds
[2024-12-21T21:17:31.159+0000] {processor.py:186} INFO - Started process (PID=3904) to work on /home/airflow/.local/lib/python3.12/site-packages/airflow/example_dags/example_sensor_decorator.py
[2024-12-21T21:17:31.161+0000] {processor.py:914} INFO - Processing file /home/airflow/.local/lib/python3.12/site-packages/airflow/example_dags/example_sensor_decorator.py for tasks to queue
[2024-12-21T21:17:31.166+0000] {logging_mixin.py:190} INFO - [2024-12-21T21:17:31.166+0000] {dagbag.py:588} INFO - Filling up the DagBag from /home/airflow/.local/lib/python3.12/site-packages/airflow/example_dags/example_sensor_decorator.py
[2024-12-21T21:17:31.187+0000] {processor.py:925} INFO - DAG(s) 'example_sensor_decorator' retrieved from /home/airflow/.local/lib/python3.12/site-packages/airflow/example_dags/example_sensor_decorator.py
[2024-12-21T21:17:31.228+0000] {logging_mixin.py:190} INFO - [2024-12-21T21:17:31.228+0000] {dag.py:3239} INFO - Sync 1 DAGs
[2024-12-21T21:17:31.259+0000] {logging_mixin.py:190} INFO - [2024-12-21T21:17:31.258+0000] {dag.py:4180} INFO - Setting next_dagrun for example_sensor_decorator to None, run_after=None
[2024-12-21T21:17:31.297+0000] {processor.py:208} INFO - Processing /home/airflow/.local/lib/python3.12/site-packages/airflow/example_dags/example_sensor_decorator.py took 0.149 seconds
[2024-12-21T21:18:02.211+0000] {processor.py:186} INFO - Started process (PID=4200) to work on /home/airflow/.local/lib/python3.12/site-packages/airflow/example_dags/example_sensor_decorator.py
[2024-12-21T21:18:02.214+0000] {processor.py:914} INFO - Processing file /home/airflow/.local/lib/python3.12/site-packages/airflow/example_dags/example_sensor_decorator.py for tasks to queue
[2024-12-21T21:18:02.221+0000] {logging_mixin.py:190} INFO - [2024-12-21T21:18:02.220+0000] {dagbag.py:588} INFO - Filling up the DagBag from /home/airflow/.local/lib/python3.12/site-packages/airflow/example_dags/example_sensor_decorator.py
[2024-12-21T21:18:02.245+0000] {processor.py:925} INFO - DAG(s) 'example_sensor_decorator' retrieved from /home/airflow/.local/lib/python3.12/site-packages/airflow/example_dags/example_sensor_decorator.py
[2024-12-21T21:18:02.300+0000] {logging_mixin.py:190} INFO - [2024-12-21T21:18:02.299+0000] {dag.py:3239} INFO - Sync 1 DAGs
[2024-12-21T21:18:02.339+0000] {logging_mixin.py:190} INFO - [2024-12-21T21:18:02.338+0000] {dag.py:4180} INFO - Setting next_dagrun for example_sensor_decorator to None, run_after=None
[2024-12-21T21:18:02.410+0000] {processor.py:208} INFO - Processing /home/airflow/.local/lib/python3.12/site-packages/airflow/example_dags/example_sensor_decorator.py took 0.223 seconds
[2024-12-21T21:18:32.858+0000] {processor.py:186} INFO - Started process (PID=4496) to work on /home/airflow/.local/lib/python3.12/site-packages/airflow/example_dags/example_sensor_decorator.py
[2024-12-21T21:18:32.861+0000] {processor.py:914} INFO - Processing file /home/airflow/.local/lib/python3.12/site-packages/airflow/example_dags/example_sensor_decorator.py for tasks to queue
[2024-12-21T21:18:32.867+0000] {logging_mixin.py:190} INFO - [2024-12-21T21:18:32.866+0000] {dagbag.py:588} INFO - Filling up the DagBag from /home/airflow/.local/lib/python3.12/site-packages/airflow/example_dags/example_sensor_decorator.py
[2024-12-21T21:18:32.899+0000] {processor.py:925} INFO - DAG(s) 'example_sensor_decorator' retrieved from /home/airflow/.local/lib/python3.12/site-packages/airflow/example_dags/example_sensor_decorator.py
[2024-12-21T21:18:32.940+0000] {logging_mixin.py:190} INFO - [2024-12-21T21:18:32.940+0000] {dag.py:3239} INFO - Sync 1 DAGs
[2024-12-21T21:18:32.974+0000] {logging_mixin.py:190} INFO - [2024-12-21T21:18:32.973+0000] {dag.py:4180} INFO - Setting next_dagrun for example_sensor_decorator to None, run_after=None
[2024-12-21T21:18:33.044+0000] {processor.py:208} INFO - Processing /home/airflow/.local/lib/python3.12/site-packages/airflow/example_dags/example_sensor_decorator.py took 0.200 seconds
[2024-12-21T21:19:03.792+0000] {processor.py:186} INFO - Started process (PID=4792) to work on /home/airflow/.local/lib/python3.12/site-packages/airflow/example_dags/example_sensor_decorator.py
[2024-12-21T21:19:03.795+0000] {processor.py:914} INFO - Processing file /home/airflow/.local/lib/python3.12/site-packages/airflow/example_dags/example_sensor_decorator.py for tasks to queue
[2024-12-21T21:19:03.801+0000] {logging_mixin.py:190} INFO - [2024-12-21T21:19:03.800+0000] {dagbag.py:588} INFO - Filling up the DagBag from /home/airflow/.local/lib/python3.12/site-packages/airflow/example_dags/example_sensor_decorator.py
[2024-12-21T21:19:03.828+0000] {processor.py:925} INFO - DAG(s) 'example_sensor_decorator' retrieved from /home/airflow/.local/lib/python3.12/site-packages/airflow/example_dags/example_sensor_decorator.py
[2024-12-21T21:19:03.876+0000] {logging_mixin.py:190} INFO - [2024-12-21T21:19:03.875+0000] {dag.py:3239} INFO - Sync 1 DAGs
[2024-12-21T21:19:03.913+0000] {logging_mixin.py:190} INFO - [2024-12-21T21:19:03.912+0000] {dag.py:4180} INFO - Setting next_dagrun for example_sensor_decorator to None, run_after=None
[2024-12-21T21:19:03.960+0000] {processor.py:208} INFO - Processing /home/airflow/.local/lib/python3.12/site-packages/airflow/example_dags/example_sensor_decorator.py took 0.184 seconds
[2024-12-21T21:19:34.178+0000] {processor.py:186} INFO - Started process (PID=5088) to work on /home/airflow/.local/lib/python3.12/site-packages/airflow/example_dags/example_sensor_decorator.py
[2024-12-21T21:19:34.180+0000] {processor.py:914} INFO - Processing file /home/airflow/.local/lib/python3.12/site-packages/airflow/example_dags/example_sensor_decorator.py for tasks to queue
[2024-12-21T21:19:34.185+0000] {logging_mixin.py:190} INFO - [2024-12-21T21:19:34.184+0000] {dagbag.py:588} INFO - Filling up the DagBag from /home/airflow/.local/lib/python3.12/site-packages/airflow/example_dags/example_sensor_decorator.py
[2024-12-21T21:19:34.202+0000] {processor.py:925} INFO - DAG(s) 'example_sensor_decorator' retrieved from /home/airflow/.local/lib/python3.12/site-packages/airflow/example_dags/example_sensor_decorator.py
[2024-12-21T21:19:34.244+0000] {logging_mixin.py:190} INFO - [2024-12-21T21:19:34.243+0000] {dag.py:3239} INFO - Sync 1 DAGs
[2024-12-21T21:19:34.275+0000] {logging_mixin.py:190} INFO - [2024-12-21T21:19:34.275+0000] {dag.py:4180} INFO - Setting next_dagrun for example_sensor_decorator to None, run_after=None
[2024-12-21T21:19:34.346+0000] {processor.py:208} INFO - Processing /home/airflow/.local/lib/python3.12/site-packages/airflow/example_dags/example_sensor_decorator.py took 0.182 seconds
[2024-12-21T21:20:05.078+0000] {processor.py:186} INFO - Started process (PID=5383) to work on /home/airflow/.local/lib/python3.12/site-packages/airflow/example_dags/example_sensor_decorator.py
[2024-12-21T21:20:05.080+0000] {processor.py:914} INFO - Processing file /home/airflow/.local/lib/python3.12/site-packages/airflow/example_dags/example_sensor_decorator.py for tasks to queue
[2024-12-21T21:20:05.084+0000] {logging_mixin.py:190} INFO - [2024-12-21T21:20:05.084+0000] {dagbag.py:588} INFO - Filling up the DagBag from /home/airflow/.local/lib/python3.12/site-packages/airflow/example_dags/example_sensor_decorator.py
[2024-12-21T21:20:05.099+0000] {processor.py:925} INFO - DAG(s) 'example_sensor_decorator' retrieved from /home/airflow/.local/lib/python3.12/site-packages/airflow/example_dags/example_sensor_decorator.py
[2024-12-21T21:20:05.139+0000] {logging_mixin.py:190} INFO - [2024-12-21T21:20:05.139+0000] {dag.py:3239} INFO - Sync 1 DAGs
[2024-12-21T21:20:05.176+0000] {logging_mixin.py:190} INFO - [2024-12-21T21:20:05.175+0000] {dag.py:4180} INFO - Setting next_dagrun for example_sensor_decorator to None, run_after=None
[2024-12-21T21:20:05.215+0000] {processor.py:208} INFO - Processing /home/airflow/.local/lib/python3.12/site-packages/airflow/example_dags/example_sensor_decorator.py took 0.149 seconds
