[2024-12-21T21:11:19.222+0000] {processor.py:186} INFO - Started process (PID=317) to work on /home/airflow/.local/lib/python3.12/site-packages/airflow/example_dags/example_python_operator.py
[2024-12-21T21:11:19.224+0000] {processor.py:914} INFO - Processing file /home/airflow/.local/lib/python3.12/site-packages/airflow/example_dags/example_python_operator.py for tasks to queue
[2024-12-21T21:11:19.229+0000] {logging_mixin.py:190} INFO - [2024-12-21T21:11:19.229+0000] {dagbag.py:588} INFO - Filling up the DagBag from /home/airflow/.local/lib/python3.12/site-packages/airflow/example_dags/example_python_operator.py
[2024-12-21T21:11:19.265+0000] {processor.py:925} INFO - DAG(s) 'example_python_operator' retrieved from /home/airflow/.local/lib/python3.12/site-packages/airflow/example_dags/example_python_operator.py
[2024-12-21T21:11:19.553+0000] {logging_mixin.py:190} INFO - [2024-12-21T21:11:19.552+0000] {override.py:1911} INFO - Created Permission View: can delete on DAG:example_python_operator
[2024-12-21T21:11:19.576+0000] {logging_mixin.py:190} INFO - [2024-12-21T21:11:19.575+0000] {override.py:1911} INFO - Created Permission View: can edit on DAG:example_python_operator
[2024-12-21T21:11:19.594+0000] {logging_mixin.py:190} INFO - [2024-12-21T21:11:19.593+0000] {override.py:1911} INFO - Created Permission View: can read on DAG:example_python_operator
[2024-12-21T21:11:19.612+0000] {logging_mixin.py:190} INFO - [2024-12-21T21:11:19.612+0000] {override.py:1911} INFO - Created Permission View: can delete on DAG Run:example_python_operator
[2024-12-21T21:11:19.627+0000] {logging_mixin.py:190} INFO - [2024-12-21T21:11:19.626+0000] {override.py:1911} INFO - Created Permission View: can read on DAG Run:example_python_operator
[2024-12-21T21:11:19.641+0000] {logging_mixin.py:190} INFO - [2024-12-21T21:11:19.640+0000] {override.py:1911} INFO - Created Permission View: can create on DAG Run:example_python_operator
[2024-12-21T21:11:19.655+0000] {logging_mixin.py:190} INFO - [2024-12-21T21:11:19.655+0000] {override.py:1911} INFO - Created Permission View: menu access on DAG Run:example_python_operator
[2024-12-21T21:11:19.657+0000] {logging_mixin.py:190} INFO - [2024-12-21T21:11:19.656+0000] {dag.py:3239} INFO - Sync 1 DAGs
[2024-12-21T21:11:19.684+0000] {logging_mixin.py:190} INFO - [2024-12-21T21:11:19.684+0000] {dag.py:3262} INFO - Creating ORM DAG for example_python_operator
[2024-12-21T21:11:19.686+0000] {logging_mixin.py:190} INFO - [2024-12-21T21:11:19.686+0000] {dag.py:4180} INFO - Setting next_dagrun for example_python_operator to None, run_after=None
[2024-12-21T21:11:19.720+0000] {processor.py:208} INFO - Processing /home/airflow/.local/lib/python3.12/site-packages/airflow/example_dags/example_python_operator.py took 0.512 seconds
[2024-12-21T21:11:50.101+0000] {processor.py:186} INFO - Started process (PID=608) to work on /home/airflow/.local/lib/python3.12/site-packages/airflow/example_dags/example_python_operator.py
[2024-12-21T21:11:50.106+0000] {processor.py:914} INFO - Processing file /home/airflow/.local/lib/python3.12/site-packages/airflow/example_dags/example_python_operator.py for tasks to queue
[2024-12-21T21:11:50.114+0000] {logging_mixin.py:190} INFO - [2024-12-21T21:11:50.113+0000] {dagbag.py:588} INFO - Filling up the DagBag from /home/airflow/.local/lib/python3.12/site-packages/airflow/example_dags/example_python_operator.py
[2024-12-21T21:11:50.149+0000] {processor.py:925} INFO - DAG(s) 'example_python_operator' retrieved from /home/airflow/.local/lib/python3.12/site-packages/airflow/example_dags/example_python_operator.py
[2024-12-21T21:11:50.207+0000] {logging_mixin.py:190} INFO - [2024-12-21T21:11:50.207+0000] {dag.py:3239} INFO - Sync 1 DAGs
[2024-12-21T21:11:50.243+0000] {logging_mixin.py:190} INFO - [2024-12-21T21:11:50.242+0000] {dag.py:4180} INFO - Setting next_dagrun for example_python_operator to None, run_after=None
[2024-12-21T21:11:50.282+0000] {processor.py:208} INFO - Processing /home/airflow/.local/lib/python3.12/site-packages/airflow/example_dags/example_python_operator.py took 0.195 seconds
[2024-12-21T21:12:21.015+0000] {processor.py:186} INFO - Started process (PID=904) to work on /home/airflow/.local/lib/python3.12/site-packages/airflow/example_dags/example_python_operator.py
[2024-12-21T21:12:21.017+0000] {processor.py:914} INFO - Processing file /home/airflow/.local/lib/python3.12/site-packages/airflow/example_dags/example_python_operator.py for tasks to queue
[2024-12-21T21:12:21.022+0000] {logging_mixin.py:190} INFO - [2024-12-21T21:12:21.022+0000] {dagbag.py:588} INFO - Filling up the DagBag from /home/airflow/.local/lib/python3.12/site-packages/airflow/example_dags/example_python_operator.py
[2024-12-21T21:12:21.051+0000] {processor.py:925} INFO - DAG(s) 'example_python_operator' retrieved from /home/airflow/.local/lib/python3.12/site-packages/airflow/example_dags/example_python_operator.py
[2024-12-21T21:12:21.101+0000] {logging_mixin.py:190} INFO - [2024-12-21T21:12:21.100+0000] {dag.py:3239} INFO - Sync 1 DAGs
[2024-12-21T21:12:21.131+0000] {logging_mixin.py:190} INFO - [2024-12-21T21:12:21.130+0000] {dag.py:4180} INFO - Setting next_dagrun for example_python_operator to None, run_after=None
[2024-12-21T21:12:21.169+0000] {processor.py:208} INFO - Processing /home/airflow/.local/lib/python3.12/site-packages/airflow/example_dags/example_python_operator.py took 0.165 seconds
[2024-12-21T21:12:52.540+0000] {processor.py:186} INFO - Started process (PID=1200) to work on /home/airflow/.local/lib/python3.12/site-packages/airflow/example_dags/example_python_operator.py
[2024-12-21T21:12:52.543+0000] {processor.py:914} INFO - Processing file /home/airflow/.local/lib/python3.12/site-packages/airflow/example_dags/example_python_operator.py for tasks to queue
[2024-12-21T21:12:52.549+0000] {logging_mixin.py:190} INFO - [2024-12-21T21:12:52.548+0000] {dagbag.py:588} INFO - Filling up the DagBag from /home/airflow/.local/lib/python3.12/site-packages/airflow/example_dags/example_python_operator.py
[2024-12-21T21:12:52.578+0000] {processor.py:925} INFO - DAG(s) 'example_python_operator' retrieved from /home/airflow/.local/lib/python3.12/site-packages/airflow/example_dags/example_python_operator.py
[2024-12-21T21:12:52.625+0000] {logging_mixin.py:190} INFO - [2024-12-21T21:12:52.624+0000] {dag.py:3239} INFO - Sync 1 DAGs
[2024-12-21T21:12:52.653+0000] {logging_mixin.py:190} INFO - [2024-12-21T21:12:52.652+0000] {dag.py:4180} INFO - Setting next_dagrun for example_python_operator to None, run_after=None
[2024-12-21T21:12:52.692+0000] {processor.py:208} INFO - Processing /home/airflow/.local/lib/python3.12/site-packages/airflow/example_dags/example_python_operator.py took 0.165 seconds
[2024-12-21T21:13:23.951+0000] {processor.py:186} INFO - Started process (PID=1496) to work on /home/airflow/.local/lib/python3.12/site-packages/airflow/example_dags/example_python_operator.py
[2024-12-21T21:13:23.952+0000] {processor.py:914} INFO - Processing file /home/airflow/.local/lib/python3.12/site-packages/airflow/example_dags/example_python_operator.py for tasks to queue
[2024-12-21T21:13:23.957+0000] {logging_mixin.py:190} INFO - [2024-12-21T21:13:23.956+0000] {dagbag.py:588} INFO - Filling up the DagBag from /home/airflow/.local/lib/python3.12/site-packages/airflow/example_dags/example_python_operator.py
[2024-12-21T21:13:23.987+0000] {processor.py:925} INFO - DAG(s) 'example_python_operator' retrieved from /home/airflow/.local/lib/python3.12/site-packages/airflow/example_dags/example_python_operator.py
[2024-12-21T21:13:24.039+0000] {logging_mixin.py:190} INFO - [2024-12-21T21:13:24.039+0000] {dag.py:3239} INFO - Sync 1 DAGs
[2024-12-21T21:13:24.079+0000] {logging_mixin.py:190} INFO - [2024-12-21T21:13:24.078+0000] {dag.py:4180} INFO - Setting next_dagrun for example_python_operator to None, run_after=None
[2024-12-21T21:13:24.127+0000] {processor.py:208} INFO - Processing /home/airflow/.local/lib/python3.12/site-packages/airflow/example_dags/example_python_operator.py took 0.187 seconds
[2024-12-21T21:13:54.309+0000] {processor.py:186} INFO - Started process (PID=1787) to work on /home/airflow/.local/lib/python3.12/site-packages/airflow/example_dags/example_python_operator.py
[2024-12-21T21:13:54.311+0000] {processor.py:914} INFO - Processing file /home/airflow/.local/lib/python3.12/site-packages/airflow/example_dags/example_python_operator.py for tasks to queue
[2024-12-21T21:13:54.316+0000] {logging_mixin.py:190} INFO - [2024-12-21T21:13:54.315+0000] {dagbag.py:588} INFO - Filling up the DagBag from /home/airflow/.local/lib/python3.12/site-packages/airflow/example_dags/example_python_operator.py
[2024-12-21T21:13:54.345+0000] {processor.py:925} INFO - DAG(s) 'example_python_operator' retrieved from /home/airflow/.local/lib/python3.12/site-packages/airflow/example_dags/example_python_operator.py
[2024-12-21T21:13:54.392+0000] {logging_mixin.py:190} INFO - [2024-12-21T21:13:54.391+0000] {dag.py:3239} INFO - Sync 1 DAGs
[2024-12-21T21:13:54.425+0000] {logging_mixin.py:190} INFO - [2024-12-21T21:13:54.425+0000] {dag.py:4180} INFO - Setting next_dagrun for example_python_operator to None, run_after=None
[2024-12-21T21:13:54.488+0000] {processor.py:208} INFO - Processing /home/airflow/.local/lib/python3.12/site-packages/airflow/example_dags/example_python_operator.py took 0.193 seconds
[2024-12-21T21:14:24.705+0000] {processor.py:186} INFO - Started process (PID=2080) to work on /home/airflow/.local/lib/python3.12/site-packages/airflow/example_dags/example_python_operator.py
[2024-12-21T21:14:24.707+0000] {processor.py:914} INFO - Processing file /home/airflow/.local/lib/python3.12/site-packages/airflow/example_dags/example_python_operator.py for tasks to queue
[2024-12-21T21:14:24.714+0000] {logging_mixin.py:190} INFO - [2024-12-21T21:14:24.713+0000] {dagbag.py:588} INFO - Filling up the DagBag from /home/airflow/.local/lib/python3.12/site-packages/airflow/example_dags/example_python_operator.py
[2024-12-21T21:14:24.756+0000] {processor.py:925} INFO - DAG(s) 'example_python_operator' retrieved from /home/airflow/.local/lib/python3.12/site-packages/airflow/example_dags/example_python_operator.py
[2024-12-21T21:14:24.819+0000] {logging_mixin.py:190} INFO - [2024-12-21T21:14:24.818+0000] {dag.py:3239} INFO - Sync 1 DAGs
[2024-12-21T21:14:24.861+0000] {logging_mixin.py:190} INFO - [2024-12-21T21:14:24.860+0000] {dag.py:4180} INFO - Setting next_dagrun for example_python_operator to None, run_after=None
[2024-12-21T21:14:24.902+0000] {processor.py:208} INFO - Processing /home/airflow/.local/lib/python3.12/site-packages/airflow/example_dags/example_python_operator.py took 0.213 seconds
[2024-12-21T21:14:55.128+0000] {processor.py:186} INFO - Started process (PID=2376) to work on /home/airflow/.local/lib/python3.12/site-packages/airflow/example_dags/example_python_operator.py
[2024-12-21T21:14:55.139+0000] {processor.py:914} INFO - Processing file /home/airflow/.local/lib/python3.12/site-packages/airflow/example_dags/example_python_operator.py for tasks to queue
[2024-12-21T21:14:55.153+0000] {logging_mixin.py:190} INFO - [2024-12-21T21:14:55.152+0000] {dagbag.py:588} INFO - Filling up the DagBag from /home/airflow/.local/lib/python3.12/site-packages/airflow/example_dags/example_python_operator.py
[2024-12-21T21:14:55.199+0000] {processor.py:925} INFO - DAG(s) 'example_python_operator' retrieved from /home/airflow/.local/lib/python3.12/site-packages/airflow/example_dags/example_python_operator.py
[2024-12-21T21:14:55.257+0000] {logging_mixin.py:190} INFO - [2024-12-21T21:14:55.256+0000] {dag.py:3239} INFO - Sync 1 DAGs
[2024-12-21T21:14:55.286+0000] {logging_mixin.py:190} INFO - [2024-12-21T21:14:55.286+0000] {dag.py:4180} INFO - Setting next_dagrun for example_python_operator to None, run_after=None
[2024-12-21T21:14:55.350+0000] {processor.py:208} INFO - Processing /home/airflow/.local/lib/python3.12/site-packages/airflow/example_dags/example_python_operator.py took 0.238 seconds
[2024-12-21T21:15:25.532+0000] {processor.py:186} INFO - Started process (PID=2676) to work on /home/airflow/.local/lib/python3.12/site-packages/airflow/example_dags/example_python_operator.py
[2024-12-21T21:15:25.534+0000] {processor.py:914} INFO - Processing file /home/airflow/.local/lib/python3.12/site-packages/airflow/example_dags/example_python_operator.py for tasks to queue
[2024-12-21T21:15:25.537+0000] {logging_mixin.py:190} INFO - [2024-12-21T21:15:25.537+0000] {dagbag.py:588} INFO - Filling up the DagBag from /home/airflow/.local/lib/python3.12/site-packages/airflow/example_dags/example_python_operator.py
[2024-12-21T21:15:25.586+0000] {processor.py:925} INFO - DAG(s) 'example_python_operator' retrieved from /home/airflow/.local/lib/python3.12/site-packages/airflow/example_dags/example_python_operator.py
[2024-12-21T21:15:25.626+0000] {logging_mixin.py:190} INFO - [2024-12-21T21:15:25.626+0000] {dag.py:3239} INFO - Sync 1 DAGs
[2024-12-21T21:15:25.655+0000] {logging_mixin.py:190} INFO - [2024-12-21T21:15:25.654+0000] {dag.py:4180} INFO - Setting next_dagrun for example_python_operator to None, run_after=None
[2024-12-21T21:15:25.718+0000] {processor.py:208} INFO - Processing /home/airflow/.local/lib/python3.12/site-packages/airflow/example_dags/example_python_operator.py took 0.198 seconds
[2024-12-21T21:15:56.200+0000] {processor.py:186} INFO - Started process (PID=2974) to work on /home/airflow/.local/lib/python3.12/site-packages/airflow/example_dags/example_python_operator.py
[2024-12-21T21:15:56.203+0000] {processor.py:914} INFO - Processing file /home/airflow/.local/lib/python3.12/site-packages/airflow/example_dags/example_python_operator.py for tasks to queue
[2024-12-21T21:15:56.223+0000] {logging_mixin.py:190} INFO - [2024-12-21T21:15:56.221+0000] {dagbag.py:588} INFO - Filling up the DagBag from /home/airflow/.local/lib/python3.12/site-packages/airflow/example_dags/example_python_operator.py
[2024-12-21T21:15:56.285+0000] {processor.py:925} INFO - DAG(s) 'example_python_operator' retrieved from /home/airflow/.local/lib/python3.12/site-packages/airflow/example_dags/example_python_operator.py
[2024-12-21T21:15:56.405+0000] {logging_mixin.py:190} INFO - [2024-12-21T21:15:56.404+0000] {dag.py:3239} INFO - Sync 1 DAGs
[2024-12-21T21:15:56.452+0000] {logging_mixin.py:190} INFO - [2024-12-21T21:15:56.451+0000] {dag.py:4180} INFO - Setting next_dagrun for example_python_operator to None, run_after=None
[2024-12-21T21:15:56.513+0000] {processor.py:208} INFO - Processing /home/airflow/.local/lib/python3.12/site-packages/airflow/example_dags/example_python_operator.py took 0.340 seconds
