[2024-12-21T21:11:18.081+0000] {processor.py:186} INFO - Started process (PID=302) to work on /home/airflow/.local/lib/python3.12/site-packages/airflow/example_dags/example_bash_decorator.py
[2024-12-21T21:11:18.083+0000] {processor.py:914} INFO - Processing file /home/airflow/.local/lib/python3.12/site-packages/airflow/example_dags/example_bash_decorator.py for tasks to queue
[2024-12-21T21:11:18.088+0000] {logging_mixin.py:190} INFO - [2024-12-21T21:11:18.087+0000] {dagbag.py:588} INFO - Filling up the DagBag from /home/airflow/.local/lib/python3.12/site-packages/airflow/example_dags/example_bash_decorator.py
[2024-12-21T21:11:18.126+0000] {processor.py:925} INFO - DAG(s) 'example_bash_decorator' retrieved from /home/airflow/.local/lib/python3.12/site-packages/airflow/example_dags/example_bash_decorator.py
[2024-12-21T21:11:18.385+0000] {logging_mixin.py:190} INFO - [2024-12-21T21:11:18.383+0000] {override.py:1911} INFO - Created Permission View: can delete on DAG:example_bash_decorator
[2024-12-21T21:11:18.407+0000] {logging_mixin.py:190} INFO - [2024-12-21T21:11:18.406+0000] {override.py:1911} INFO - Created Permission View: can edit on DAG:example_bash_decorator
[2024-12-21T21:11:18.422+0000] {logging_mixin.py:190} INFO - [2024-12-21T21:11:18.421+0000] {override.py:1911} INFO - Created Permission View: can read on DAG:example_bash_decorator
[2024-12-21T21:11:18.437+0000] {logging_mixin.py:190} INFO - [2024-12-21T21:11:18.437+0000] {override.py:1911} INFO - Created Permission View: can delete on DAG Run:example_bash_decorator
[2024-12-21T21:11:18.452+0000] {logging_mixin.py:190} INFO - [2024-12-21T21:11:18.451+0000] {override.py:1911} INFO - Created Permission View: can read on DAG Run:example_bash_decorator
[2024-12-21T21:11:18.467+0000] {logging_mixin.py:190} INFO - [2024-12-21T21:11:18.467+0000] {override.py:1911} INFO - Created Permission View: can create on DAG Run:example_bash_decorator
[2024-12-21T21:11:18.482+0000] {logging_mixin.py:190} INFO - [2024-12-21T21:11:18.481+0000] {override.py:1911} INFO - Created Permission View: menu access on DAG Run:example_bash_decorator
[2024-12-21T21:11:18.484+0000] {logging_mixin.py:190} INFO - [2024-12-21T21:11:18.483+0000] {dag.py:3239} INFO - Sync 1 DAGs
[2024-12-21T21:11:18.508+0000] {logging_mixin.py:190} INFO - [2024-12-21T21:11:18.507+0000] {dag.py:3262} INFO - Creating ORM DAG for example_bash_decorator
[2024-12-21T21:11:18.510+0000] {logging_mixin.py:190} INFO - [2024-12-21T21:11:18.509+0000] {dag.py:4180} INFO - Setting next_dagrun for example_bash_decorator to None, run_after=None
[2024-12-21T21:11:18.541+0000] {processor.py:208} INFO - Processing /home/airflow/.local/lib/python3.12/site-packages/airflow/example_dags/example_bash_decorator.py took 0.473 seconds
[2024-12-21T21:11:48.926+0000] {processor.py:186} INFO - Started process (PID=598) to work on /home/airflow/.local/lib/python3.12/site-packages/airflow/example_dags/example_bash_decorator.py
[2024-12-21T21:11:48.928+0000] {processor.py:914} INFO - Processing file /home/airflow/.local/lib/python3.12/site-packages/airflow/example_dags/example_bash_decorator.py for tasks to queue
[2024-12-21T21:11:48.932+0000] {logging_mixin.py:190} INFO - [2024-12-21T21:11:48.931+0000] {dagbag.py:588} INFO - Filling up the DagBag from /home/airflow/.local/lib/python3.12/site-packages/airflow/example_dags/example_bash_decorator.py
[2024-12-21T21:11:48.960+0000] {processor.py:925} INFO - DAG(s) 'example_bash_decorator' retrieved from /home/airflow/.local/lib/python3.12/site-packages/airflow/example_dags/example_bash_decorator.py
[2024-12-21T21:11:49.008+0000] {logging_mixin.py:190} INFO - [2024-12-21T21:11:49.008+0000] {dag.py:3239} INFO - Sync 1 DAGs
[2024-12-21T21:11:49.053+0000] {logging_mixin.py:190} INFO - [2024-12-21T21:11:49.052+0000] {dag.py:4180} INFO - Setting next_dagrun for example_bash_decorator to None, run_after=None
[2024-12-21T21:11:49.094+0000] {processor.py:208} INFO - Processing /home/airflow/.local/lib/python3.12/site-packages/airflow/example_dags/example_bash_decorator.py took 0.180 seconds
[2024-12-21T21:12:20.737+0000] {processor.py:186} INFO - Started process (PID=894) to work on /home/airflow/.local/lib/python3.12/site-packages/airflow/example_dags/example_bash_decorator.py
[2024-12-21T21:12:20.740+0000] {processor.py:914} INFO - Processing file /home/airflow/.local/lib/python3.12/site-packages/airflow/example_dags/example_bash_decorator.py for tasks to queue
[2024-12-21T21:12:20.744+0000] {logging_mixin.py:190} INFO - [2024-12-21T21:12:20.743+0000] {dagbag.py:588} INFO - Filling up the DagBag from /home/airflow/.local/lib/python3.12/site-packages/airflow/example_dags/example_bash_decorator.py
[2024-12-21T21:12:20.776+0000] {processor.py:925} INFO - DAG(s) 'example_bash_decorator' retrieved from /home/airflow/.local/lib/python3.12/site-packages/airflow/example_dags/example_bash_decorator.py
[2024-12-21T21:12:20.829+0000] {logging_mixin.py:190} INFO - [2024-12-21T21:12:20.829+0000] {dag.py:3239} INFO - Sync 1 DAGs
[2024-12-21T21:12:20.859+0000] {logging_mixin.py:190} INFO - [2024-12-21T21:12:20.859+0000] {dag.py:4180} INFO - Setting next_dagrun for example_bash_decorator to None, run_after=None
[2024-12-21T21:12:20.900+0000] {processor.py:208} INFO - Processing /home/airflow/.local/lib/python3.12/site-packages/airflow/example_dags/example_bash_decorator.py took 0.174 seconds
[2024-12-21T21:12:51.986+0000] {processor.py:186} INFO - Started process (PID=1190) to work on /home/airflow/.local/lib/python3.12/site-packages/airflow/example_dags/example_bash_decorator.py
[2024-12-21T21:12:51.989+0000] {processor.py:914} INFO - Processing file /home/airflow/.local/lib/python3.12/site-packages/airflow/example_dags/example_bash_decorator.py for tasks to queue
[2024-12-21T21:12:51.994+0000] {logging_mixin.py:190} INFO - [2024-12-21T21:12:51.993+0000] {dagbag.py:588} INFO - Filling up the DagBag from /home/airflow/.local/lib/python3.12/site-packages/airflow/example_dags/example_bash_decorator.py
[2024-12-21T21:12:52.035+0000] {processor.py:925} INFO - DAG(s) 'example_bash_decorator' retrieved from /home/airflow/.local/lib/python3.12/site-packages/airflow/example_dags/example_bash_decorator.py
[2024-12-21T21:12:52.091+0000] {logging_mixin.py:190} INFO - [2024-12-21T21:12:52.090+0000] {dag.py:3239} INFO - Sync 1 DAGs
[2024-12-21T21:12:52.119+0000] {logging_mixin.py:190} INFO - [2024-12-21T21:12:52.119+0000] {dag.py:4180} INFO - Setting next_dagrun for example_bash_decorator to None, run_after=None
[2024-12-21T21:12:52.179+0000] {processor.py:208} INFO - Processing /home/airflow/.local/lib/python3.12/site-packages/airflow/example_dags/example_bash_decorator.py took 0.210 seconds
[2024-12-21T21:13:22.388+0000] {processor.py:186} INFO - Started process (PID=1481) to work on /home/airflow/.local/lib/python3.12/site-packages/airflow/example_dags/example_bash_decorator.py
[2024-12-21T21:13:22.390+0000] {processor.py:914} INFO - Processing file /home/airflow/.local/lib/python3.12/site-packages/airflow/example_dags/example_bash_decorator.py for tasks to queue
[2024-12-21T21:13:22.395+0000] {logging_mixin.py:190} INFO - [2024-12-21T21:13:22.394+0000] {dagbag.py:588} INFO - Filling up the DagBag from /home/airflow/.local/lib/python3.12/site-packages/airflow/example_dags/example_bash_decorator.py
[2024-12-21T21:13:22.430+0000] {processor.py:925} INFO - DAG(s) 'example_bash_decorator' retrieved from /home/airflow/.local/lib/python3.12/site-packages/airflow/example_dags/example_bash_decorator.py
[2024-12-21T21:13:22.483+0000] {logging_mixin.py:190} INFO - [2024-12-21T21:13:22.482+0000] {dag.py:3239} INFO - Sync 1 DAGs
[2024-12-21T21:13:22.516+0000] {logging_mixin.py:190} INFO - [2024-12-21T21:13:22.515+0000] {dag.py:4180} INFO - Setting next_dagrun for example_bash_decorator to None, run_after=None
[2024-12-21T21:13:22.585+0000] {processor.py:208} INFO - Processing /home/airflow/.local/lib/python3.12/site-packages/airflow/example_dags/example_bash_decorator.py took 0.211 seconds
[2024-12-21T21:13:53.002+0000] {processor.py:186} INFO - Started process (PID=1774) to work on /home/airflow/.local/lib/python3.12/site-packages/airflow/example_dags/example_bash_decorator.py
[2024-12-21T21:13:53.004+0000] {processor.py:914} INFO - Processing file /home/airflow/.local/lib/python3.12/site-packages/airflow/example_dags/example_bash_decorator.py for tasks to queue
[2024-12-21T21:13:53.010+0000] {logging_mixin.py:190} INFO - [2024-12-21T21:13:53.009+0000] {dagbag.py:588} INFO - Filling up the DagBag from /home/airflow/.local/lib/python3.12/site-packages/airflow/example_dags/example_bash_decorator.py
[2024-12-21T21:13:53.044+0000] {processor.py:925} INFO - DAG(s) 'example_bash_decorator' retrieved from /home/airflow/.local/lib/python3.12/site-packages/airflow/example_dags/example_bash_decorator.py
[2024-12-21T21:13:53.093+0000] {logging_mixin.py:190} INFO - [2024-12-21T21:13:53.093+0000] {dag.py:3239} INFO - Sync 1 DAGs
[2024-12-21T21:13:53.128+0000] {logging_mixin.py:190} INFO - [2024-12-21T21:13:53.127+0000] {dag.py:4180} INFO - Setting next_dagrun for example_bash_decorator to None, run_after=None
[2024-12-21T21:13:53.188+0000] {processor.py:208} INFO - Processing /home/airflow/.local/lib/python3.12/site-packages/airflow/example_dags/example_bash_decorator.py took 0.199 seconds
[2024-12-21T21:14:23.390+0000] {processor.py:186} INFO - Started process (PID=2070) to work on /home/airflow/.local/lib/python3.12/site-packages/airflow/example_dags/example_bash_decorator.py
[2024-12-21T21:14:23.392+0000] {processor.py:914} INFO - Processing file /home/airflow/.local/lib/python3.12/site-packages/airflow/example_dags/example_bash_decorator.py for tasks to queue
[2024-12-21T21:14:23.397+0000] {logging_mixin.py:190} INFO - [2024-12-21T21:14:23.396+0000] {dagbag.py:588} INFO - Filling up the DagBag from /home/airflow/.local/lib/python3.12/site-packages/airflow/example_dags/example_bash_decorator.py
[2024-12-21T21:14:23.442+0000] {processor.py:925} INFO - DAG(s) 'example_bash_decorator' retrieved from /home/airflow/.local/lib/python3.12/site-packages/airflow/example_dags/example_bash_decorator.py
[2024-12-21T21:14:23.505+0000] {logging_mixin.py:190} INFO - [2024-12-21T21:14:23.505+0000] {dag.py:3239} INFO - Sync 1 DAGs
[2024-12-21T21:14:23.541+0000] {logging_mixin.py:190} INFO - [2024-12-21T21:14:23.540+0000] {dag.py:4180} INFO - Setting next_dagrun for example_bash_decorator to None, run_after=None
[2024-12-21T21:14:23.586+0000] {processor.py:208} INFO - Processing /home/airflow/.local/lib/python3.12/site-packages/airflow/example_dags/example_bash_decorator.py took 0.211 seconds
[2024-12-21T21:14:53.810+0000] {processor.py:186} INFO - Started process (PID=2366) to work on /home/airflow/.local/lib/python3.12/site-packages/airflow/example_dags/example_bash_decorator.py
[2024-12-21T21:14:53.812+0000] {processor.py:914} INFO - Processing file /home/airflow/.local/lib/python3.12/site-packages/airflow/example_dags/example_bash_decorator.py for tasks to queue
[2024-12-21T21:14:53.816+0000] {logging_mixin.py:190} INFO - [2024-12-21T21:14:53.815+0000] {dagbag.py:588} INFO - Filling up the DagBag from /home/airflow/.local/lib/python3.12/site-packages/airflow/example_dags/example_bash_decorator.py
[2024-12-21T21:14:53.859+0000] {processor.py:925} INFO - DAG(s) 'example_bash_decorator' retrieved from /home/airflow/.local/lib/python3.12/site-packages/airflow/example_dags/example_bash_decorator.py
[2024-12-21T21:14:53.914+0000] {logging_mixin.py:190} INFO - [2024-12-21T21:14:53.914+0000] {dag.py:3239} INFO - Sync 1 DAGs
[2024-12-21T21:14:53.943+0000] {logging_mixin.py:190} INFO - [2024-12-21T21:14:53.943+0000] {dag.py:4180} INFO - Setting next_dagrun for example_bash_decorator to None, run_after=None
[2024-12-21T21:14:54.008+0000] {processor.py:208} INFO - Processing /home/airflow/.local/lib/python3.12/site-packages/airflow/example_dags/example_bash_decorator.py took 0.209 seconds
[2024-12-21T21:15:24.228+0000] {processor.py:186} INFO - Started process (PID=2662) to work on /home/airflow/.local/lib/python3.12/site-packages/airflow/example_dags/example_bash_decorator.py
[2024-12-21T21:15:24.230+0000] {processor.py:914} INFO - Processing file /home/airflow/.local/lib/python3.12/site-packages/airflow/example_dags/example_bash_decorator.py for tasks to queue
[2024-12-21T21:15:24.235+0000] {logging_mixin.py:190} INFO - [2024-12-21T21:15:24.235+0000] {dagbag.py:588} INFO - Filling up the DagBag from /home/airflow/.local/lib/python3.12/site-packages/airflow/example_dags/example_bash_decorator.py
[2024-12-21T21:15:24.270+0000] {processor.py:925} INFO - DAG(s) 'example_bash_decorator' retrieved from /home/airflow/.local/lib/python3.12/site-packages/airflow/example_dags/example_bash_decorator.py
[2024-12-21T21:15:24.323+0000] {logging_mixin.py:190} INFO - [2024-12-21T21:15:24.323+0000] {dag.py:3239} INFO - Sync 1 DAGs
[2024-12-21T21:15:24.352+0000] {logging_mixin.py:190} INFO - [2024-12-21T21:15:24.351+0000] {dag.py:4180} INFO - Setting next_dagrun for example_bash_decorator to None, run_after=None
[2024-12-21T21:15:24.415+0000] {processor.py:208} INFO - Processing /home/airflow/.local/lib/python3.12/site-packages/airflow/example_dags/example_bash_decorator.py took 0.200 seconds
[2024-12-21T21:15:55.369+0000] {processor.py:186} INFO - Started process (PID=2958) to work on /home/airflow/.local/lib/python3.12/site-packages/airflow/example_dags/example_bash_decorator.py
[2024-12-21T21:15:55.373+0000] {processor.py:914} INFO - Processing file /home/airflow/.local/lib/python3.12/site-packages/airflow/example_dags/example_bash_decorator.py for tasks to queue
[2024-12-21T21:15:55.381+0000] {logging_mixin.py:190} INFO - [2024-12-21T21:15:55.379+0000] {dagbag.py:588} INFO - Filling up the DagBag from /home/airflow/.local/lib/python3.12/site-packages/airflow/example_dags/example_bash_decorator.py
[2024-12-21T21:15:55.436+0000] {processor.py:925} INFO - DAG(s) 'example_bash_decorator' retrieved from /home/airflow/.local/lib/python3.12/site-packages/airflow/example_dags/example_bash_decorator.py
[2024-12-21T21:15:55.523+0000] {logging_mixin.py:190} INFO - [2024-12-21T21:15:55.522+0000] {dag.py:3239} INFO - Sync 1 DAGs
[2024-12-21T21:15:55.608+0000] {logging_mixin.py:190} INFO - [2024-12-21T21:15:55.607+0000] {dag.py:4180} INFO - Setting next_dagrun for example_bash_decorator to None, run_after=None
[2024-12-21T21:15:55.663+0000] {processor.py:208} INFO - Processing /home/airflow/.local/lib/python3.12/site-packages/airflow/example_dags/example_bash_decorator.py took 0.312 seconds
[2024-12-21T21:16:26.080+0000] {processor.py:186} INFO - Started process (PID=3259) to work on /home/airflow/.local/lib/python3.12/site-packages/airflow/example_dags/example_bash_decorator.py
[2024-12-21T21:16:26.082+0000] {processor.py:914} INFO - Processing file /home/airflow/.local/lib/python3.12/site-packages/airflow/example_dags/example_bash_decorator.py for tasks to queue
[2024-12-21T21:16:26.086+0000] {logging_mixin.py:190} INFO - [2024-12-21T21:16:26.086+0000] {dagbag.py:588} INFO - Filling up the DagBag from /home/airflow/.local/lib/python3.12/site-packages/airflow/example_dags/example_bash_decorator.py
[2024-12-21T21:16:26.119+0000] {processor.py:925} INFO - DAG(s) 'example_bash_decorator' retrieved from /home/airflow/.local/lib/python3.12/site-packages/airflow/example_dags/example_bash_decorator.py
[2024-12-21T21:16:26.167+0000] {logging_mixin.py:190} INFO - [2024-12-21T21:16:26.166+0000] {dag.py:3239} INFO - Sync 1 DAGs
[2024-12-21T21:16:26.203+0000] {logging_mixin.py:190} INFO - [2024-12-21T21:16:26.202+0000] {dag.py:4180} INFO - Setting next_dagrun for example_bash_decorator to None, run_after=None
[2024-12-21T21:16:26.270+0000] {processor.py:208} INFO - Processing /home/airflow/.local/lib/python3.12/site-packages/airflow/example_dags/example_bash_decorator.py took 0.208 seconds
[2024-12-21T21:16:56.582+0000] {processor.py:186} INFO - Started process (PID=3555) to work on /home/airflow/.local/lib/python3.12/site-packages/airflow/example_dags/example_bash_decorator.py
[2024-12-21T21:16:56.585+0000] {processor.py:914} INFO - Processing file /home/airflow/.local/lib/python3.12/site-packages/airflow/example_dags/example_bash_decorator.py for tasks to queue
[2024-12-21T21:16:56.592+0000] {logging_mixin.py:190} INFO - [2024-12-21T21:16:56.591+0000] {dagbag.py:588} INFO - Filling up the DagBag from /home/airflow/.local/lib/python3.12/site-packages/airflow/example_dags/example_bash_decorator.py
[2024-12-21T21:16:56.633+0000] {processor.py:925} INFO - DAG(s) 'example_bash_decorator' retrieved from /home/airflow/.local/lib/python3.12/site-packages/airflow/example_dags/example_bash_decorator.py
[2024-12-21T21:16:56.701+0000] {logging_mixin.py:190} INFO - [2024-12-21T21:16:56.700+0000] {dag.py:3239} INFO - Sync 1 DAGs
[2024-12-21T21:16:56.745+0000] {logging_mixin.py:190} INFO - [2024-12-21T21:16:56.744+0000] {dag.py:4180} INFO - Setting next_dagrun for example_bash_decorator to None, run_after=None
[2024-12-21T21:16:56.800+0000] {processor.py:208} INFO - Processing /home/airflow/.local/lib/python3.12/site-packages/airflow/example_dags/example_bash_decorator.py took 0.236 seconds
[2024-12-21T21:17:27.003+0000] {processor.py:186} INFO - Started process (PID=3851) to work on /home/airflow/.local/lib/python3.12/site-packages/airflow/example_dags/example_bash_decorator.py
[2024-12-21T21:17:27.005+0000] {processor.py:914} INFO - Processing file /home/airflow/.local/lib/python3.12/site-packages/airflow/example_dags/example_bash_decorator.py for tasks to queue
[2024-12-21T21:17:27.009+0000] {logging_mixin.py:190} INFO - [2024-12-21T21:17:27.008+0000] {dagbag.py:588} INFO - Filling up the DagBag from /home/airflow/.local/lib/python3.12/site-packages/airflow/example_dags/example_bash_decorator.py
[2024-12-21T21:17:27.037+0000] {processor.py:925} INFO - DAG(s) 'example_bash_decorator' retrieved from /home/airflow/.local/lib/python3.12/site-packages/airflow/example_dags/example_bash_decorator.py
[2024-12-21T21:17:27.083+0000] {logging_mixin.py:190} INFO - [2024-12-21T21:17:27.083+0000] {dag.py:3239} INFO - Sync 1 DAGs
[2024-12-21T21:17:27.110+0000] {logging_mixin.py:190} INFO - [2024-12-21T21:17:27.110+0000] {dag.py:4180} INFO - Setting next_dagrun for example_bash_decorator to None, run_after=None
[2024-12-21T21:17:27.171+0000] {processor.py:208} INFO - Processing /home/airflow/.local/lib/python3.12/site-packages/airflow/example_dags/example_bash_decorator.py took 0.180 seconds
[2024-12-21T21:17:57.356+0000] {processor.py:186} INFO - Started process (PID=4145) to work on /home/airflow/.local/lib/python3.12/site-packages/airflow/example_dags/example_bash_decorator.py
[2024-12-21T21:17:57.359+0000] {processor.py:914} INFO - Processing file /home/airflow/.local/lib/python3.12/site-packages/airflow/example_dags/example_bash_decorator.py for tasks to queue
[2024-12-21T21:17:57.365+0000] {logging_mixin.py:190} INFO - [2024-12-21T21:17:57.364+0000] {dagbag.py:588} INFO - Filling up the DagBag from /home/airflow/.local/lib/python3.12/site-packages/airflow/example_dags/example_bash_decorator.py
[2024-12-21T21:17:57.402+0000] {processor.py:925} INFO - DAG(s) 'example_bash_decorator' retrieved from /home/airflow/.local/lib/python3.12/site-packages/airflow/example_dags/example_bash_decorator.py
[2024-12-21T21:17:57.461+0000] {logging_mixin.py:190} INFO - [2024-12-21T21:17:57.460+0000] {dag.py:3239} INFO - Sync 1 DAGs
[2024-12-21T21:17:57.491+0000] {logging_mixin.py:190} INFO - [2024-12-21T21:17:57.490+0000] {dag.py:4180} INFO - Setting next_dagrun for example_bash_decorator to None, run_after=None
[2024-12-21T21:17:57.533+0000] {processor.py:208} INFO - Processing /home/airflow/.local/lib/python3.12/site-packages/airflow/example_dags/example_bash_decorator.py took 0.191 seconds
[2024-12-21T21:18:27.973+0000] {processor.py:186} INFO - Started process (PID=4438) to work on /home/airflow/.local/lib/python3.12/site-packages/airflow/example_dags/example_bash_decorator.py
[2024-12-21T21:18:27.975+0000] {processor.py:914} INFO - Processing file /home/airflow/.local/lib/python3.12/site-packages/airflow/example_dags/example_bash_decorator.py for tasks to queue
[2024-12-21T21:18:27.981+0000] {logging_mixin.py:190} INFO - [2024-12-21T21:18:27.980+0000] {dagbag.py:588} INFO - Filling up the DagBag from /home/airflow/.local/lib/python3.12/site-packages/airflow/example_dags/example_bash_decorator.py
[2024-12-21T21:18:28.017+0000] {processor.py:925} INFO - DAG(s) 'example_bash_decorator' retrieved from /home/airflow/.local/lib/python3.12/site-packages/airflow/example_dags/example_bash_decorator.py
[2024-12-21T21:18:28.081+0000] {logging_mixin.py:190} INFO - [2024-12-21T21:18:28.081+0000] {dag.py:3239} INFO - Sync 1 DAGs
[2024-12-21T21:18:28.121+0000] {logging_mixin.py:190} INFO - [2024-12-21T21:18:28.120+0000] {dag.py:4180} INFO - Setting next_dagrun for example_bash_decorator to None, run_after=None
[2024-12-21T21:18:28.172+0000] {processor.py:208} INFO - Processing /home/airflow/.local/lib/python3.12/site-packages/airflow/example_dags/example_bash_decorator.py took 0.215 seconds
[2024-12-21T21:19:00.088+0000] {processor.py:186} INFO - Started process (PID=4737) to work on /home/airflow/.local/lib/python3.12/site-packages/airflow/example_dags/example_bash_decorator.py
[2024-12-21T21:19:00.090+0000] {processor.py:914} INFO - Processing file /home/airflow/.local/lib/python3.12/site-packages/airflow/example_dags/example_bash_decorator.py for tasks to queue
[2024-12-21T21:19:00.094+0000] {logging_mixin.py:190} INFO - [2024-12-21T21:19:00.094+0000] {dagbag.py:588} INFO - Filling up the DagBag from /home/airflow/.local/lib/python3.12/site-packages/airflow/example_dags/example_bash_decorator.py
[2024-12-21T21:19:00.138+0000] {processor.py:925} INFO - DAG(s) 'example_bash_decorator' retrieved from /home/airflow/.local/lib/python3.12/site-packages/airflow/example_dags/example_bash_decorator.py
[2024-12-21T21:19:00.198+0000] {logging_mixin.py:190} INFO - [2024-12-21T21:19:00.197+0000] {dag.py:3239} INFO - Sync 1 DAGs
[2024-12-21T21:19:00.238+0000] {logging_mixin.py:190} INFO - [2024-12-21T21:19:00.238+0000] {dag.py:4180} INFO - Setting next_dagrun for example_bash_decorator to None, run_after=None
[2024-12-21T21:19:00.296+0000] {processor.py:208} INFO - Processing /home/airflow/.local/lib/python3.12/site-packages/airflow/example_dags/example_bash_decorator.py took 0.220 seconds
[2024-12-21T21:19:30.757+0000] {processor.py:186} INFO - Started process (PID=5033) to work on /home/airflow/.local/lib/python3.12/site-packages/airflow/example_dags/example_bash_decorator.py
[2024-12-21T21:19:30.759+0000] {processor.py:914} INFO - Processing file /home/airflow/.local/lib/python3.12/site-packages/airflow/example_dags/example_bash_decorator.py for tasks to queue
[2024-12-21T21:19:30.764+0000] {logging_mixin.py:190} INFO - [2024-12-21T21:19:30.763+0000] {dagbag.py:588} INFO - Filling up the DagBag from /home/airflow/.local/lib/python3.12/site-packages/airflow/example_dags/example_bash_decorator.py
[2024-12-21T21:19:30.800+0000] {processor.py:925} INFO - DAG(s) 'example_bash_decorator' retrieved from /home/airflow/.local/lib/python3.12/site-packages/airflow/example_dags/example_bash_decorator.py
[2024-12-21T21:19:30.854+0000] {logging_mixin.py:190} INFO - [2024-12-21T21:19:30.853+0000] {dag.py:3239} INFO - Sync 1 DAGs
[2024-12-21T21:19:30.894+0000] {logging_mixin.py:190} INFO - [2024-12-21T21:19:30.893+0000] {dag.py:4180} INFO - Setting next_dagrun for example_bash_decorator to None, run_after=None
[2024-12-21T21:19:30.936+0000] {processor.py:208} INFO - Processing /home/airflow/.local/lib/python3.12/site-packages/airflow/example_dags/example_bash_decorator.py took 0.191 seconds
[2024-12-21T21:20:01.913+0000] {processor.py:186} INFO - Started process (PID=5313) to work on /home/airflow/.local/lib/python3.12/site-packages/airflow/example_dags/example_bash_decorator.py
[2024-12-21T21:20:01.915+0000] {processor.py:914} INFO - Processing file /home/airflow/.local/lib/python3.12/site-packages/airflow/example_dags/example_bash_decorator.py for tasks to queue
[2024-12-21T21:20:01.923+0000] {logging_mixin.py:190} INFO - [2024-12-21T21:20:01.923+0000] {dagbag.py:588} INFO - Filling up the DagBag from /home/airflow/.local/lib/python3.12/site-packages/airflow/example_dags/example_bash_decorator.py
[2024-12-21T21:20:01.969+0000] {processor.py:925} INFO - DAG(s) 'example_bash_decorator' retrieved from /home/airflow/.local/lib/python3.12/site-packages/airflow/example_dags/example_bash_decorator.py
[2024-12-21T21:20:02.026+0000] {logging_mixin.py:190} INFO - [2024-12-21T21:20:02.026+0000] {dag.py:3239} INFO - Sync 1 DAGs
[2024-12-21T21:20:02.073+0000] {logging_mixin.py:190} INFO - [2024-12-21T21:20:02.073+0000] {dag.py:4180} INFO - Setting next_dagrun for example_bash_decorator to None, run_after=None
[2024-12-21T21:20:02.147+0000] {processor.py:208} INFO - Processing /home/airflow/.local/lib/python3.12/site-packages/airflow/example_dags/example_bash_decorator.py took 0.245 seconds
[2024-12-21T21:20:34.045+0000] {processor.py:186} INFO - Started process (PID=5599) to work on /home/airflow/.local/lib/python3.12/site-packages/airflow/example_dags/example_bash_decorator.py
[2024-12-21T21:20:34.047+0000] {processor.py:914} INFO - Processing file /home/airflow/.local/lib/python3.12/site-packages/airflow/example_dags/example_bash_decorator.py for tasks to queue
[2024-12-21T21:20:34.053+0000] {logging_mixin.py:190} INFO - [2024-12-21T21:20:34.052+0000] {dagbag.py:588} INFO - Filling up the DagBag from /home/airflow/.local/lib/python3.12/site-packages/airflow/example_dags/example_bash_decorator.py
[2024-12-21T21:20:34.087+0000] {processor.py:925} INFO - DAG(s) 'example_bash_decorator' retrieved from /home/airflow/.local/lib/python3.12/site-packages/airflow/example_dags/example_bash_decorator.py
[2024-12-21T21:20:34.147+0000] {logging_mixin.py:190} INFO - [2024-12-21T21:20:34.147+0000] {dag.py:3239} INFO - Sync 1 DAGs
[2024-12-21T21:20:34.186+0000] {logging_mixin.py:190} INFO - [2024-12-21T21:20:34.185+0000] {dag.py:4180} INFO - Setting next_dagrun for example_bash_decorator to None, run_after=None
[2024-12-21T21:20:34.237+0000] {processor.py:208} INFO - Processing /home/airflow/.local/lib/python3.12/site-packages/airflow/example_dags/example_bash_decorator.py took 0.204 seconds
[2024-12-21T21:21:04.881+0000] {processor.py:186} INFO - Started process (PID=5896) to work on /home/airflow/.local/lib/python3.12/site-packages/airflow/example_dags/example_bash_decorator.py
[2024-12-21T21:21:04.882+0000] {processor.py:914} INFO - Processing file /home/airflow/.local/lib/python3.12/site-packages/airflow/example_dags/example_bash_decorator.py for tasks to queue
[2024-12-21T21:21:04.887+0000] {logging_mixin.py:190} INFO - [2024-12-21T21:21:04.887+0000] {dagbag.py:588} INFO - Filling up the DagBag from /home/airflow/.local/lib/python3.12/site-packages/airflow/example_dags/example_bash_decorator.py
[2024-12-21T21:21:04.917+0000] {processor.py:925} INFO - DAG(s) 'example_bash_decorator' retrieved from /home/airflow/.local/lib/python3.12/site-packages/airflow/example_dags/example_bash_decorator.py
[2024-12-21T21:21:04.964+0000] {logging_mixin.py:190} INFO - [2024-12-21T21:21:04.963+0000] {dag.py:3239} INFO - Sync 1 DAGs
[2024-12-21T21:21:04.991+0000] {logging_mixin.py:190} INFO - [2024-12-21T21:21:04.991+0000] {dag.py:4180} INFO - Setting next_dagrun for example_bash_decorator to None, run_after=None
[2024-12-21T21:21:05.054+0000] {processor.py:208} INFO - Processing /home/airflow/.local/lib/python3.12/site-packages/airflow/example_dags/example_bash_decorator.py took 0.184 seconds
[2024-12-21T21:21:36.235+0000] {processor.py:186} INFO - Started process (PID=6187) to work on /home/airflow/.local/lib/python3.12/site-packages/airflow/example_dags/example_bash_decorator.py
[2024-12-21T21:21:36.243+0000] {processor.py:914} INFO - Processing file /home/airflow/.local/lib/python3.12/site-packages/airflow/example_dags/example_bash_decorator.py for tasks to queue
[2024-12-21T21:21:36.249+0000] {logging_mixin.py:190} INFO - [2024-12-21T21:21:36.248+0000] {dagbag.py:588} INFO - Filling up the DagBag from /home/airflow/.local/lib/python3.12/site-packages/airflow/example_dags/example_bash_decorator.py
[2024-12-21T21:21:36.291+0000] {processor.py:925} INFO - DAG(s) 'example_bash_decorator' retrieved from /home/airflow/.local/lib/python3.12/site-packages/airflow/example_dags/example_bash_decorator.py
[2024-12-21T21:21:36.358+0000] {logging_mixin.py:190} INFO - [2024-12-21T21:21:36.357+0000] {dag.py:3239} INFO - Sync 1 DAGs
[2024-12-21T21:21:36.399+0000] {logging_mixin.py:190} INFO - [2024-12-21T21:21:36.398+0000] {dag.py:4180} INFO - Setting next_dagrun for example_bash_decorator to None, run_after=None
[2024-12-21T21:21:36.456+0000] {processor.py:208} INFO - Processing /home/airflow/.local/lib/python3.12/site-packages/airflow/example_dags/example_bash_decorator.py took 0.237 seconds
[2024-12-21T21:22:07.587+0000] {processor.py:186} INFO - Started process (PID=6485) to work on /home/airflow/.local/lib/python3.12/site-packages/airflow/example_dags/example_bash_decorator.py
[2024-12-21T21:22:07.589+0000] {processor.py:914} INFO - Processing file /home/airflow/.local/lib/python3.12/site-packages/airflow/example_dags/example_bash_decorator.py for tasks to queue
[2024-12-21T21:22:07.593+0000] {logging_mixin.py:190} INFO - [2024-12-21T21:22:07.592+0000] {dagbag.py:588} INFO - Filling up the DagBag from /home/airflow/.local/lib/python3.12/site-packages/airflow/example_dags/example_bash_decorator.py
[2024-12-21T21:22:07.627+0000] {processor.py:925} INFO - DAG(s) 'example_bash_decorator' retrieved from /home/airflow/.local/lib/python3.12/site-packages/airflow/example_dags/example_bash_decorator.py
[2024-12-21T21:22:07.675+0000] {logging_mixin.py:190} INFO - [2024-12-21T21:22:07.674+0000] {dag.py:3239} INFO - Sync 1 DAGs
[2024-12-21T21:22:07.710+0000] {logging_mixin.py:190} INFO - [2024-12-21T21:22:07.709+0000] {dag.py:4180} INFO - Setting next_dagrun for example_bash_decorator to None, run_after=None
[2024-12-21T21:22:07.770+0000] {processor.py:208} INFO - Processing /home/airflow/.local/lib/python3.12/site-packages/airflow/example_dags/example_bash_decorator.py took 0.194 seconds
[2024-12-21T21:22:38.960+0000] {processor.py:186} INFO - Started process (PID=6779) to work on /home/airflow/.local/lib/python3.12/site-packages/airflow/example_dags/example_bash_decorator.py
[2024-12-21T21:22:38.962+0000] {processor.py:914} INFO - Processing file /home/airflow/.local/lib/python3.12/site-packages/airflow/example_dags/example_bash_decorator.py for tasks to queue
[2024-12-21T21:22:38.968+0000] {logging_mixin.py:190} INFO - [2024-12-21T21:22:38.967+0000] {dagbag.py:588} INFO - Filling up the DagBag from /home/airflow/.local/lib/python3.12/site-packages/airflow/example_dags/example_bash_decorator.py
[2024-12-21T21:22:39.004+0000] {processor.py:925} INFO - DAG(s) 'example_bash_decorator' retrieved from /home/airflow/.local/lib/python3.12/site-packages/airflow/example_dags/example_bash_decorator.py
[2024-12-21T21:22:39.062+0000] {logging_mixin.py:190} INFO - [2024-12-21T21:22:39.061+0000] {dag.py:3239} INFO - Sync 1 DAGs
[2024-12-21T21:22:39.099+0000] {logging_mixin.py:190} INFO - [2024-12-21T21:22:39.098+0000] {dag.py:4180} INFO - Setting next_dagrun for example_bash_decorator to None, run_after=None
[2024-12-21T21:22:39.144+0000] {processor.py:208} INFO - Processing /home/airflow/.local/lib/python3.12/site-packages/airflow/example_dags/example_bash_decorator.py took 0.201 seconds
[2024-12-21T21:23:09.640+0000] {processor.py:186} INFO - Started process (PID=7071) to work on /home/airflow/.local/lib/python3.12/site-packages/airflow/example_dags/example_bash_decorator.py
[2024-12-21T21:23:09.642+0000] {processor.py:914} INFO - Processing file /home/airflow/.local/lib/python3.12/site-packages/airflow/example_dags/example_bash_decorator.py for tasks to queue
[2024-12-21T21:23:09.646+0000] {logging_mixin.py:190} INFO - [2024-12-21T21:23:09.646+0000] {dagbag.py:588} INFO - Filling up the DagBag from /home/airflow/.local/lib/python3.12/site-packages/airflow/example_dags/example_bash_decorator.py
[2024-12-21T21:23:09.678+0000] {processor.py:925} INFO - DAG(s) 'example_bash_decorator' retrieved from /home/airflow/.local/lib/python3.12/site-packages/airflow/example_dags/example_bash_decorator.py
[2024-12-21T21:23:09.728+0000] {logging_mixin.py:190} INFO - [2024-12-21T21:23:09.728+0000] {dag.py:3239} INFO - Sync 1 DAGs
[2024-12-21T21:23:09.756+0000] {logging_mixin.py:190} INFO - [2024-12-21T21:23:09.756+0000] {dag.py:4180} INFO - Setting next_dagrun for example_bash_decorator to None, run_after=None
[2024-12-21T21:23:09.792+0000] {processor.py:208} INFO - Processing /home/airflow/.local/lib/python3.12/site-packages/airflow/example_dags/example_bash_decorator.py took 0.164 seconds
[2024-12-21T21:23:41.131+0000] {processor.py:186} INFO - Started process (PID=7362) to work on /home/airflow/.local/lib/python3.12/site-packages/airflow/example_dags/example_bash_decorator.py
[2024-12-21T21:23:41.133+0000] {processor.py:914} INFO - Processing file /home/airflow/.local/lib/python3.12/site-packages/airflow/example_dags/example_bash_decorator.py for tasks to queue
[2024-12-21T21:23:41.137+0000] {logging_mixin.py:190} INFO - [2024-12-21T21:23:41.137+0000] {dagbag.py:588} INFO - Filling up the DagBag from /home/airflow/.local/lib/python3.12/site-packages/airflow/example_dags/example_bash_decorator.py
[2024-12-21T21:23:41.164+0000] {processor.py:925} INFO - DAG(s) 'example_bash_decorator' retrieved from /home/airflow/.local/lib/python3.12/site-packages/airflow/example_dags/example_bash_decorator.py
[2024-12-21T21:23:41.215+0000] {logging_mixin.py:190} INFO - [2024-12-21T21:23:41.214+0000] {dag.py:3239} INFO - Sync 1 DAGs
[2024-12-21T21:23:41.243+0000] {logging_mixin.py:190} INFO - [2024-12-21T21:23:41.242+0000] {dag.py:4180} INFO - Setting next_dagrun for example_bash_decorator to None, run_after=None
[2024-12-21T21:23:41.284+0000] {processor.py:208} INFO - Processing /home/airflow/.local/lib/python3.12/site-packages/airflow/example_dags/example_bash_decorator.py took 0.164 seconds
[2024-12-21T21:24:11.652+0000] {processor.py:186} INFO - Started process (PID=7643) to work on /home/airflow/.local/lib/python3.12/site-packages/airflow/example_dags/example_bash_decorator.py
[2024-12-21T21:24:11.654+0000] {processor.py:914} INFO - Processing file /home/airflow/.local/lib/python3.12/site-packages/airflow/example_dags/example_bash_decorator.py for tasks to queue
[2024-12-21T21:24:11.659+0000] {logging_mixin.py:190} INFO - [2024-12-21T21:24:11.658+0000] {dagbag.py:588} INFO - Filling up the DagBag from /home/airflow/.local/lib/python3.12/site-packages/airflow/example_dags/example_bash_decorator.py
[2024-12-21T21:24:11.692+0000] {processor.py:925} INFO - DAG(s) 'example_bash_decorator' retrieved from /home/airflow/.local/lib/python3.12/site-packages/airflow/example_dags/example_bash_decorator.py
[2024-12-21T21:24:11.748+0000] {logging_mixin.py:190} INFO - [2024-12-21T21:24:11.747+0000] {dag.py:3239} INFO - Sync 1 DAGs
[2024-12-21T21:24:11.796+0000] {logging_mixin.py:190} INFO - [2024-12-21T21:24:11.795+0000] {dag.py:4180} INFO - Setting next_dagrun for example_bash_decorator to None, run_after=None
[2024-12-21T21:24:11.857+0000] {processor.py:208} INFO - Processing /home/airflow/.local/lib/python3.12/site-packages/airflow/example_dags/example_bash_decorator.py took 0.218 seconds
