[2024-12-21T21:11:28.663+0000] {processor.py:186} INFO - Started process (PID=448) to work on /home/airflow/.local/lib/python3.12/site-packages/airflow/example_dags/example_skip_dag.py
[2024-12-21T21:11:28.666+0000] {processor.py:914} INFO - Processing file /home/airflow/.local/lib/python3.12/site-packages/airflow/example_dags/example_skip_dag.py for tasks to queue
[2024-12-21T21:11:28.673+0000] {logging_mixin.py:190} INFO - [2024-12-21T21:11:28.672+0000] {dagbag.py:588} INFO - Filling up the DagBag from /home/airflow/.local/lib/python3.12/site-packages/airflow/example_dags/example_skip_dag.py
[2024-12-21T21:11:28.695+0000] {processor.py:925} INFO - DAG(s) 'example_skip_dag' retrieved from /home/airflow/.local/lib/python3.12/site-packages/airflow/example_dags/example_skip_dag.py
[2024-12-21T21:11:28.986+0000] {logging_mixin.py:190} INFO - [2024-12-21T21:11:28.985+0000] {override.py:1911} INFO - Created Permission View: can delete on DAG:example_skip_dag
[2024-12-21T21:11:29.006+0000] {logging_mixin.py:190} INFO - [2024-12-21T21:11:29.005+0000] {override.py:1911} INFO - Created Permission View: can edit on DAG:example_skip_dag
[2024-12-21T21:11:29.024+0000] {logging_mixin.py:190} INFO - [2024-12-21T21:11:29.019+0000] {override.py:1911} INFO - Created Permission View: can read on DAG:example_skip_dag
[2024-12-21T21:11:29.047+0000] {logging_mixin.py:190} INFO - [2024-12-21T21:11:29.046+0000] {override.py:1911} INFO - Created Permission View: can delete on DAG Run:example_skip_dag
[2024-12-21T21:11:29.061+0000] {logging_mixin.py:190} INFO - [2024-12-21T21:11:29.060+0000] {override.py:1911} INFO - Created Permission View: can read on DAG Run:example_skip_dag
[2024-12-21T21:11:29.077+0000] {logging_mixin.py:190} INFO - [2024-12-21T21:11:29.077+0000] {override.py:1911} INFO - Created Permission View: can create on DAG Run:example_skip_dag
[2024-12-21T21:11:29.092+0000] {logging_mixin.py:190} INFO - [2024-12-21T21:11:29.091+0000] {override.py:1911} INFO - Created Permission View: menu access on DAG Run:example_skip_dag
[2024-12-21T21:11:29.093+0000] {logging_mixin.py:190} INFO - [2024-12-21T21:11:29.093+0000] {dag.py:3239} INFO - Sync 1 DAGs
[2024-12-21T21:11:29.123+0000] {logging_mixin.py:190} INFO - [2024-12-21T21:11:29.123+0000] {dag.py:3262} INFO - Creating ORM DAG for example_skip_dag
[2024-12-21T21:11:29.143+0000] {logging_mixin.py:190} INFO - [2024-12-21T21:11:29.142+0000] {dag.py:4180} INFO - Setting next_dagrun for example_skip_dag to 2024-12-20 00:00:00+00:00, run_after=2024-12-21 00:00:00+00:00
[2024-12-21T21:11:29.186+0000] {processor.py:208} INFO - Processing /home/airflow/.local/lib/python3.12/site-packages/airflow/example_dags/example_skip_dag.py took 0.537 seconds
[2024-12-21T21:11:59.678+0000] {processor.py:186} INFO - Started process (PID=744) to work on /home/airflow/.local/lib/python3.12/site-packages/airflow/example_dags/example_skip_dag.py
[2024-12-21T21:11:59.680+0000] {processor.py:914} INFO - Processing file /home/airflow/.local/lib/python3.12/site-packages/airflow/example_dags/example_skip_dag.py for tasks to queue
[2024-12-21T21:11:59.684+0000] {logging_mixin.py:190} INFO - [2024-12-21T21:11:59.683+0000] {dagbag.py:588} INFO - Filling up the DagBag from /home/airflow/.local/lib/python3.12/site-packages/airflow/example_dags/example_skip_dag.py
[2024-12-21T21:11:59.699+0000] {processor.py:925} INFO - DAG(s) 'example_skip_dag' retrieved from /home/airflow/.local/lib/python3.12/site-packages/airflow/example_dags/example_skip_dag.py
[2024-12-21T21:11:59.744+0000] {logging_mixin.py:190} INFO - [2024-12-21T21:11:59.743+0000] {dag.py:3239} INFO - Sync 1 DAGs
[2024-12-21T21:11:59.797+0000] {logging_mixin.py:190} INFO - [2024-12-21T21:11:59.797+0000] {dag.py:4180} INFO - Setting next_dagrun for example_skip_dag to 2024-12-20 00:00:00+00:00, run_after=2024-12-21 00:00:00+00:00
[2024-12-21T21:11:59.834+0000] {processor.py:208} INFO - Processing /home/airflow/.local/lib/python3.12/site-packages/airflow/example_dags/example_skip_dag.py took 0.169 seconds
[2024-12-21T21:12:31.077+0000] {processor.py:186} INFO - Started process (PID=1042) to work on /home/airflow/.local/lib/python3.12/site-packages/airflow/example_dags/example_skip_dag.py
[2024-12-21T21:12:31.079+0000] {processor.py:914} INFO - Processing file /home/airflow/.local/lib/python3.12/site-packages/airflow/example_dags/example_skip_dag.py for tasks to queue
[2024-12-21T21:12:31.083+0000] {logging_mixin.py:190} INFO - [2024-12-21T21:12:31.083+0000] {dagbag.py:588} INFO - Filling up the DagBag from /home/airflow/.local/lib/python3.12/site-packages/airflow/example_dags/example_skip_dag.py
[2024-12-21T21:12:31.099+0000] {processor.py:925} INFO - DAG(s) 'example_skip_dag' retrieved from /home/airflow/.local/lib/python3.12/site-packages/airflow/example_dags/example_skip_dag.py
[2024-12-21T21:12:31.146+0000] {logging_mixin.py:190} INFO - [2024-12-21T21:12:31.146+0000] {dag.py:3239} INFO - Sync 1 DAGs
[2024-12-21T21:12:31.199+0000] {logging_mixin.py:190} INFO - [2024-12-21T21:12:31.199+0000] {dag.py:4180} INFO - Setting next_dagrun for example_skip_dag to 2024-12-20 00:00:00+00:00, run_after=2024-12-21 00:00:00+00:00
[2024-12-21T21:12:31.239+0000] {processor.py:208} INFO - Processing /home/airflow/.local/lib/python3.12/site-packages/airflow/example_dags/example_skip_dag.py took 0.172 seconds
[2024-12-21T21:13:02.525+0000] {processor.py:186} INFO - Started process (PID=1338) to work on /home/airflow/.local/lib/python3.12/site-packages/airflow/example_dags/example_skip_dag.py
[2024-12-21T21:13:02.527+0000] {processor.py:914} INFO - Processing file /home/airflow/.local/lib/python3.12/site-packages/airflow/example_dags/example_skip_dag.py for tasks to queue
[2024-12-21T21:13:02.532+0000] {logging_mixin.py:190} INFO - [2024-12-21T21:13:02.531+0000] {dagbag.py:588} INFO - Filling up the DagBag from /home/airflow/.local/lib/python3.12/site-packages/airflow/example_dags/example_skip_dag.py
[2024-12-21T21:13:02.548+0000] {processor.py:925} INFO - DAG(s) 'example_skip_dag' retrieved from /home/airflow/.local/lib/python3.12/site-packages/airflow/example_dags/example_skip_dag.py
[2024-12-21T21:13:02.592+0000] {logging_mixin.py:190} INFO - [2024-12-21T21:13:02.592+0000] {dag.py:3239} INFO - Sync 1 DAGs
[2024-12-21T21:13:02.639+0000] {logging_mixin.py:190} INFO - [2024-12-21T21:13:02.639+0000] {dag.py:4180} INFO - Setting next_dagrun for example_skip_dag to 2024-12-20 00:00:00+00:00, run_after=2024-12-21 00:00:00+00:00
[2024-12-21T21:13:02.685+0000] {processor.py:208} INFO - Processing /home/airflow/.local/lib/python3.12/site-packages/airflow/example_dags/example_skip_dag.py took 0.171 seconds
[2024-12-21T21:13:34.127+0000] {processor.py:186} INFO - Started process (PID=1632) to work on /home/airflow/.local/lib/python3.12/site-packages/airflow/example_dags/example_skip_dag.py
[2024-12-21T21:13:34.129+0000] {processor.py:914} INFO - Processing file /home/airflow/.local/lib/python3.12/site-packages/airflow/example_dags/example_skip_dag.py for tasks to queue
[2024-12-21T21:13:34.133+0000] {logging_mixin.py:190} INFO - [2024-12-21T21:13:34.133+0000] {dagbag.py:588} INFO - Filling up the DagBag from /home/airflow/.local/lib/python3.12/site-packages/airflow/example_dags/example_skip_dag.py
[2024-12-21T21:13:34.152+0000] {processor.py:925} INFO - DAG(s) 'example_skip_dag' retrieved from /home/airflow/.local/lib/python3.12/site-packages/airflow/example_dags/example_skip_dag.py
[2024-12-21T21:13:34.206+0000] {logging_mixin.py:190} INFO - [2024-12-21T21:13:34.205+0000] {dag.py:3239} INFO - Sync 1 DAGs
[2024-12-21T21:13:34.262+0000] {logging_mixin.py:190} INFO - [2024-12-21T21:13:34.262+0000] {dag.py:4180} INFO - Setting next_dagrun for example_skip_dag to 2024-12-20 00:00:00+00:00, run_after=2024-12-21 00:00:00+00:00
[2024-12-21T21:13:34.328+0000] {processor.py:208} INFO - Processing /home/airflow/.local/lib/python3.12/site-packages/airflow/example_dags/example_skip_dag.py took 0.213 seconds
[2024-12-21T21:14:06.266+0000] {processor.py:186} INFO - Started process (PID=1928) to work on /home/airflow/.local/lib/python3.12/site-packages/airflow/example_dags/example_skip_dag.py
[2024-12-21T21:14:06.268+0000] {processor.py:914} INFO - Processing file /home/airflow/.local/lib/python3.12/site-packages/airflow/example_dags/example_skip_dag.py for tasks to queue
[2024-12-21T21:14:06.273+0000] {logging_mixin.py:190} INFO - [2024-12-21T21:14:06.272+0000] {dagbag.py:588} INFO - Filling up the DagBag from /home/airflow/.local/lib/python3.12/site-packages/airflow/example_dags/example_skip_dag.py
[2024-12-21T21:14:06.292+0000] {processor.py:925} INFO - DAG(s) 'example_skip_dag' retrieved from /home/airflow/.local/lib/python3.12/site-packages/airflow/example_dags/example_skip_dag.py
[2024-12-21T21:14:06.344+0000] {logging_mixin.py:190} INFO - [2024-12-21T21:14:06.343+0000] {dag.py:3239} INFO - Sync 1 DAGs
[2024-12-21T21:14:06.401+0000] {logging_mixin.py:190} INFO - [2024-12-21T21:14:06.401+0000] {dag.py:4180} INFO - Setting next_dagrun for example_skip_dag to 2024-12-20 00:00:00+00:00, run_after=2024-12-21 00:00:00+00:00
[2024-12-21T21:14:06.438+0000] {processor.py:208} INFO - Processing /home/airflow/.local/lib/python3.12/site-packages/airflow/example_dags/example_skip_dag.py took 0.182 seconds
[2024-12-21T21:14:37.839+0000] {processor.py:186} INFO - Started process (PID=2224) to work on /home/airflow/.local/lib/python3.12/site-packages/airflow/example_dags/example_skip_dag.py
[2024-12-21T21:14:37.841+0000] {processor.py:914} INFO - Processing file /home/airflow/.local/lib/python3.12/site-packages/airflow/example_dags/example_skip_dag.py for tasks to queue
[2024-12-21T21:14:37.846+0000] {logging_mixin.py:190} INFO - [2024-12-21T21:14:37.845+0000] {dagbag.py:588} INFO - Filling up the DagBag from /home/airflow/.local/lib/python3.12/site-packages/airflow/example_dags/example_skip_dag.py
[2024-12-21T21:14:37.865+0000] {processor.py:925} INFO - DAG(s) 'example_skip_dag' retrieved from /home/airflow/.local/lib/python3.12/site-packages/airflow/example_dags/example_skip_dag.py
[2024-12-21T21:14:37.911+0000] {logging_mixin.py:190} INFO - [2024-12-21T21:14:37.911+0000] {dag.py:3239} INFO - Sync 1 DAGs
[2024-12-21T21:14:37.967+0000] {logging_mixin.py:190} INFO - [2024-12-21T21:14:37.966+0000] {dag.py:4180} INFO - Setting next_dagrun for example_skip_dag to 2024-12-20 00:00:00+00:00, run_after=2024-12-21 00:00:00+00:00
[2024-12-21T21:14:38.007+0000] {processor.py:208} INFO - Processing /home/airflow/.local/lib/python3.12/site-packages/airflow/example_dags/example_skip_dag.py took 0.182 seconds
[2024-12-21T21:15:10.701+0000] {processor.py:186} INFO - Started process (PID=2520) to work on /home/airflow/.local/lib/python3.12/site-packages/airflow/example_dags/example_skip_dag.py
[2024-12-21T21:15:10.703+0000] {processor.py:914} INFO - Processing file /home/airflow/.local/lib/python3.12/site-packages/airflow/example_dags/example_skip_dag.py for tasks to queue
[2024-12-21T21:15:10.707+0000] {logging_mixin.py:190} INFO - [2024-12-21T21:15:10.707+0000] {dagbag.py:588} INFO - Filling up the DagBag from /home/airflow/.local/lib/python3.12/site-packages/airflow/example_dags/example_skip_dag.py
[2024-12-21T21:15:10.725+0000] {processor.py:925} INFO - DAG(s) 'example_skip_dag' retrieved from /home/airflow/.local/lib/python3.12/site-packages/airflow/example_dags/example_skip_dag.py
[2024-12-21T21:15:10.770+0000] {logging_mixin.py:190} INFO - [2024-12-21T21:15:10.770+0000] {dag.py:3239} INFO - Sync 1 DAGs
[2024-12-21T21:15:10.818+0000] {logging_mixin.py:190} INFO - [2024-12-21T21:15:10.817+0000] {dag.py:4180} INFO - Setting next_dagrun for example_skip_dag to 2024-12-20 00:00:00+00:00, run_after=2024-12-21 00:00:00+00:00
[2024-12-21T21:15:10.881+0000] {processor.py:208} INFO - Processing /home/airflow/.local/lib/python3.12/site-packages/airflow/example_dags/example_skip_dag.py took 0.191 seconds
[2024-12-21T21:15:41.854+0000] {processor.py:186} INFO - Started process (PID=2816) to work on /home/airflow/.local/lib/python3.12/site-packages/airflow/example_dags/example_skip_dag.py
[2024-12-21T21:15:41.856+0000] {processor.py:914} INFO - Processing file /home/airflow/.local/lib/python3.12/site-packages/airflow/example_dags/example_skip_dag.py for tasks to queue
[2024-12-21T21:15:41.861+0000] {logging_mixin.py:190} INFO - [2024-12-21T21:15:41.860+0000] {dagbag.py:588} INFO - Filling up the DagBag from /home/airflow/.local/lib/python3.12/site-packages/airflow/example_dags/example_skip_dag.py
[2024-12-21T21:15:41.876+0000] {processor.py:925} INFO - DAG(s) 'example_skip_dag' retrieved from /home/airflow/.local/lib/python3.12/site-packages/airflow/example_dags/example_skip_dag.py
[2024-12-21T21:15:41.921+0000] {logging_mixin.py:190} INFO - [2024-12-21T21:15:41.921+0000] {dag.py:3239} INFO - Sync 1 DAGs
[2024-12-21T21:15:41.977+0000] {logging_mixin.py:190} INFO - [2024-12-21T21:15:41.977+0000] {dag.py:4180} INFO - Setting next_dagrun for example_skip_dag to 2024-12-20 00:00:00+00:00, run_after=2024-12-21 00:00:00+00:00
[2024-12-21T21:15:42.016+0000] {processor.py:208} INFO - Processing /home/airflow/.local/lib/python3.12/site-packages/airflow/example_dags/example_skip_dag.py took 0.173 seconds
[2024-12-21T21:16:15.060+0000] {processor.py:186} INFO - Started process (PID=3112) to work on /home/airflow/.local/lib/python3.12/site-packages/airflow/example_dags/example_skip_dag.py
[2024-12-21T21:16:15.062+0000] {processor.py:914} INFO - Processing file /home/airflow/.local/lib/python3.12/site-packages/airflow/example_dags/example_skip_dag.py for tasks to queue
[2024-12-21T21:16:15.068+0000] {logging_mixin.py:190} INFO - [2024-12-21T21:16:15.067+0000] {dagbag.py:588} INFO - Filling up the DagBag from /home/airflow/.local/lib/python3.12/site-packages/airflow/example_dags/example_skip_dag.py
[2024-12-21T21:16:15.089+0000] {processor.py:925} INFO - DAG(s) 'example_skip_dag' retrieved from /home/airflow/.local/lib/python3.12/site-packages/airflow/example_dags/example_skip_dag.py
[2024-12-21T21:16:15.144+0000] {logging_mixin.py:190} INFO - [2024-12-21T21:16:15.143+0000] {dag.py:3239} INFO - Sync 1 DAGs
[2024-12-21T21:16:15.208+0000] {logging_mixin.py:190} INFO - [2024-12-21T21:16:15.207+0000] {dag.py:4180} INFO - Setting next_dagrun for example_skip_dag to 2024-12-20 00:00:00+00:00, run_after=2024-12-21 00:00:00+00:00
[2024-12-21T21:16:15.261+0000] {processor.py:208} INFO - Processing /home/airflow/.local/lib/python3.12/site-packages/airflow/example_dags/example_skip_dag.py took 0.214 seconds
[2024-12-21T21:16:47.584+0000] {processor.py:186} INFO - Started process (PID=3407) to work on /home/airflow/.local/lib/python3.12/site-packages/airflow/example_dags/example_skip_dag.py
[2024-12-21T21:16:47.587+0000] {processor.py:914} INFO - Processing file /home/airflow/.local/lib/python3.12/site-packages/airflow/example_dags/example_skip_dag.py for tasks to queue
[2024-12-21T21:16:47.595+0000] {logging_mixin.py:190} INFO - [2024-12-21T21:16:47.594+0000] {dagbag.py:588} INFO - Filling up the DagBag from /home/airflow/.local/lib/python3.12/site-packages/airflow/example_dags/example_skip_dag.py
[2024-12-21T21:16:47.619+0000] {processor.py:925} INFO - DAG(s) 'example_skip_dag' retrieved from /home/airflow/.local/lib/python3.12/site-packages/airflow/example_dags/example_skip_dag.py
[2024-12-21T21:16:47.682+0000] {logging_mixin.py:190} INFO - [2024-12-21T21:16:47.681+0000] {dag.py:3239} INFO - Sync 1 DAGs
[2024-12-21T21:16:47.746+0000] {logging_mixin.py:190} INFO - [2024-12-21T21:16:47.745+0000] {dag.py:4180} INFO - Setting next_dagrun for example_skip_dag to 2024-12-20 00:00:00+00:00, run_after=2024-12-21 00:00:00+00:00
[2024-12-21T21:16:47.796+0000] {processor.py:208} INFO - Processing /home/airflow/.local/lib/python3.12/site-packages/airflow/example_dags/example_skip_dag.py took 0.230 seconds
[2024-12-21T21:17:19.519+0000] {processor.py:186} INFO - Started process (PID=3728) to work on /home/airflow/.local/lib/python3.12/site-packages/airflow/example_dags/example_skip_dag.py
[2024-12-21T21:17:19.522+0000] {processor.py:914} INFO - Processing file /home/airflow/.local/lib/python3.12/site-packages/airflow/example_dags/example_skip_dag.py for tasks to queue
[2024-12-21T21:17:19.527+0000] {logging_mixin.py:190} INFO - [2024-12-21T21:17:19.526+0000] {dagbag.py:588} INFO - Filling up the DagBag from /home/airflow/.local/lib/python3.12/site-packages/airflow/example_dags/example_skip_dag.py
[2024-12-21T21:17:19.543+0000] {processor.py:925} INFO - DAG(s) 'example_skip_dag' retrieved from /home/airflow/.local/lib/python3.12/site-packages/airflow/example_dags/example_skip_dag.py
[2024-12-21T21:17:19.597+0000] {logging_mixin.py:190} INFO - [2024-12-21T21:17:19.597+0000] {dag.py:3239} INFO - Sync 1 DAGs
[2024-12-21T21:17:19.655+0000] {logging_mixin.py:190} INFO - [2024-12-21T21:17:19.654+0000] {dag.py:4180} INFO - Setting next_dagrun for example_skip_dag to 2024-12-20 00:00:00+00:00, run_after=2024-12-21 00:00:00+00:00
[2024-12-21T21:17:19.690+0000] {processor.py:208} INFO - Processing /home/airflow/.local/lib/python3.12/site-packages/airflow/example_dags/example_skip_dag.py took 0.183 seconds
[2024-12-21T21:17:52.266+0000] {processor.py:186} INFO - Started process (PID=4024) to work on /home/airflow/.local/lib/python3.12/site-packages/airflow/example_dags/example_skip_dag.py
[2024-12-21T21:17:52.268+0000] {processor.py:914} INFO - Processing file /home/airflow/.local/lib/python3.12/site-packages/airflow/example_dags/example_skip_dag.py for tasks to queue
[2024-12-21T21:17:52.275+0000] {logging_mixin.py:190} INFO - [2024-12-21T21:17:52.274+0000] {dagbag.py:588} INFO - Filling up the DagBag from /home/airflow/.local/lib/python3.12/site-packages/airflow/example_dags/example_skip_dag.py
[2024-12-21T21:17:52.292+0000] {processor.py:925} INFO - DAG(s) 'example_skip_dag' retrieved from /home/airflow/.local/lib/python3.12/site-packages/airflow/example_dags/example_skip_dag.py
[2024-12-21T21:17:52.376+0000] {logging_mixin.py:190} INFO - [2024-12-21T21:17:52.375+0000] {dag.py:3239} INFO - Sync 1 DAGs
[2024-12-21T21:17:52.497+0000] {logging_mixin.py:190} INFO - [2024-12-21T21:17:52.497+0000] {dag.py:4180} INFO - Setting next_dagrun for example_skip_dag to 2024-12-20 00:00:00+00:00, run_after=2024-12-21 00:00:00+00:00
[2024-12-21T21:17:52.546+0000] {processor.py:208} INFO - Processing /home/airflow/.local/lib/python3.12/site-packages/airflow/example_dags/example_skip_dag.py took 0.293 seconds
[2024-12-21T21:18:24.936+0000] {processor.py:186} INFO - Started process (PID=4340) to work on /home/airflow/.local/lib/python3.12/site-packages/airflow/example_dags/example_skip_dag.py
[2024-12-21T21:18:24.938+0000] {processor.py:914} INFO - Processing file /home/airflow/.local/lib/python3.12/site-packages/airflow/example_dags/example_skip_dag.py for tasks to queue
[2024-12-21T21:18:24.945+0000] {logging_mixin.py:190} INFO - [2024-12-21T21:18:24.944+0000] {dagbag.py:588} INFO - Filling up the DagBag from /home/airflow/.local/lib/python3.12/site-packages/airflow/example_dags/example_skip_dag.py
[2024-12-21T21:18:24.966+0000] {processor.py:925} INFO - DAG(s) 'example_skip_dag' retrieved from /home/airflow/.local/lib/python3.12/site-packages/airflow/example_dags/example_skip_dag.py
[2024-12-21T21:18:25.026+0000] {logging_mixin.py:190} INFO - [2024-12-21T21:18:25.025+0000] {dag.py:3239} INFO - Sync 1 DAGs
[2024-12-21T21:18:25.093+0000] {logging_mixin.py:190} INFO - [2024-12-21T21:18:25.092+0000] {dag.py:4180} INFO - Setting next_dagrun for example_skip_dag to 2024-12-20 00:00:00+00:00, run_after=2024-12-21 00:00:00+00:00
[2024-12-21T21:18:25.166+0000] {processor.py:208} INFO - Processing /home/airflow/.local/lib/python3.12/site-packages/airflow/example_dags/example_skip_dag.py took 0.247 seconds
[2024-12-21T21:18:57.910+0000] {processor.py:186} INFO - Started process (PID=4659) to work on /home/airflow/.local/lib/python3.12/site-packages/airflow/example_dags/example_skip_dag.py
[2024-12-21T21:18:57.912+0000] {processor.py:914} INFO - Processing file /home/airflow/.local/lib/python3.12/site-packages/airflow/example_dags/example_skip_dag.py for tasks to queue
[2024-12-21T21:18:57.917+0000] {logging_mixin.py:190} INFO - [2024-12-21T21:18:57.916+0000] {dagbag.py:588} INFO - Filling up the DagBag from /home/airflow/.local/lib/python3.12/site-packages/airflow/example_dags/example_skip_dag.py
[2024-12-21T21:18:57.932+0000] {processor.py:925} INFO - DAG(s) 'example_skip_dag' retrieved from /home/airflow/.local/lib/python3.12/site-packages/airflow/example_dags/example_skip_dag.py
[2024-12-21T21:18:57.979+0000] {logging_mixin.py:190} INFO - [2024-12-21T21:18:57.979+0000] {dag.py:3239} INFO - Sync 1 DAGs
[2024-12-21T21:18:58.033+0000] {logging_mixin.py:190} INFO - [2024-12-21T21:18:58.033+0000] {dag.py:4180} INFO - Setting next_dagrun for example_skip_dag to 2024-12-20 00:00:00+00:00, run_after=2024-12-21 00:00:00+00:00
[2024-12-21T21:18:58.080+0000] {processor.py:208} INFO - Processing /home/airflow/.local/lib/python3.12/site-packages/airflow/example_dags/example_skip_dag.py took 0.182 seconds
[2024-12-21T21:19:28.841+0000] {processor.py:186} INFO - Started process (PID=4953) to work on /home/airflow/.local/lib/python3.12/site-packages/airflow/example_dags/example_skip_dag.py
[2024-12-21T21:19:28.844+0000] {processor.py:914} INFO - Processing file /home/airflow/.local/lib/python3.12/site-packages/airflow/example_dags/example_skip_dag.py for tasks to queue
[2024-12-21T21:19:28.849+0000] {logging_mixin.py:190} INFO - [2024-12-21T21:19:28.848+0000] {dagbag.py:588} INFO - Filling up the DagBag from /home/airflow/.local/lib/python3.12/site-packages/airflow/example_dags/example_skip_dag.py
[2024-12-21T21:19:28.865+0000] {processor.py:925} INFO - DAG(s) 'example_skip_dag' retrieved from /home/airflow/.local/lib/python3.12/site-packages/airflow/example_dags/example_skip_dag.py
[2024-12-21T21:19:28.914+0000] {logging_mixin.py:190} INFO - [2024-12-21T21:19:28.913+0000] {dag.py:3239} INFO - Sync 1 DAGs
[2024-12-21T21:19:28.963+0000] {logging_mixin.py:190} INFO - [2024-12-21T21:19:28.962+0000] {dag.py:4180} INFO - Setting next_dagrun for example_skip_dag to 2024-12-20 00:00:00+00:00, run_after=2024-12-21 00:00:00+00:00
[2024-12-21T21:19:29.003+0000] {processor.py:208} INFO - Processing /home/airflow/.local/lib/python3.12/site-packages/airflow/example_dags/example_skip_dag.py took 0.177 seconds
[2024-12-21T21:19:59.519+0000] {processor.py:186} INFO - Started process (PID=5248) to work on /home/airflow/.local/lib/python3.12/site-packages/airflow/example_dags/example_skip_dag.py
[2024-12-21T21:19:59.521+0000] {processor.py:914} INFO - Processing file /home/airflow/.local/lib/python3.12/site-packages/airflow/example_dags/example_skip_dag.py for tasks to queue
[2024-12-21T21:19:59.526+0000] {logging_mixin.py:190} INFO - [2024-12-21T21:19:59.526+0000] {dagbag.py:588} INFO - Filling up the DagBag from /home/airflow/.local/lib/python3.12/site-packages/airflow/example_dags/example_skip_dag.py
[2024-12-21T21:19:59.546+0000] {processor.py:925} INFO - DAG(s) 'example_skip_dag' retrieved from /home/airflow/.local/lib/python3.12/site-packages/airflow/example_dags/example_skip_dag.py
[2024-12-21T21:19:59.593+0000] {logging_mixin.py:190} INFO - [2024-12-21T21:19:59.592+0000] {dag.py:3239} INFO - Sync 1 DAGs
[2024-12-21T21:19:59.647+0000] {logging_mixin.py:190} INFO - [2024-12-21T21:19:59.646+0000] {dag.py:4180} INFO - Setting next_dagrun for example_skip_dag to 2024-12-20 00:00:00+00:00, run_after=2024-12-21 00:00:00+00:00
[2024-12-21T21:19:59.712+0000] {processor.py:208} INFO - Processing /home/airflow/.local/lib/python3.12/site-packages/airflow/example_dags/example_skip_dag.py took 0.208 seconds
[2024-12-21T21:20:30.707+0000] {processor.py:186} INFO - Started process (PID=5539) to work on /home/airflow/.local/lib/python3.12/site-packages/airflow/example_dags/example_skip_dag.py
[2024-12-21T21:20:30.709+0000] {processor.py:914} INFO - Processing file /home/airflow/.local/lib/python3.12/site-packages/airflow/example_dags/example_skip_dag.py for tasks to queue
[2024-12-21T21:20:30.714+0000] {logging_mixin.py:190} INFO - [2024-12-21T21:20:30.714+0000] {dagbag.py:588} INFO - Filling up the DagBag from /home/airflow/.local/lib/python3.12/site-packages/airflow/example_dags/example_skip_dag.py
[2024-12-21T21:20:30.733+0000] {processor.py:925} INFO - DAG(s) 'example_skip_dag' retrieved from /home/airflow/.local/lib/python3.12/site-packages/airflow/example_dags/example_skip_dag.py
[2024-12-21T21:20:30.786+0000] {logging_mixin.py:190} INFO - [2024-12-21T21:20:30.785+0000] {dag.py:3239} INFO - Sync 1 DAGs
[2024-12-21T21:20:30.858+0000] {logging_mixin.py:190} INFO - [2024-12-21T21:20:30.857+0000] {dag.py:4180} INFO - Setting next_dagrun for example_skip_dag to 2024-12-20 00:00:00+00:00, run_after=2024-12-21 00:00:00+00:00
[2024-12-21T21:20:30.919+0000] {processor.py:208} INFO - Processing /home/airflow/.local/lib/python3.12/site-packages/airflow/example_dags/example_skip_dag.py took 0.228 seconds
[2024-12-21T21:21:01.517+0000] {processor.py:186} INFO - Started process (PID=5836) to work on /home/airflow/.local/lib/python3.12/site-packages/airflow/example_dags/example_skip_dag.py
[2024-12-21T21:21:01.519+0000] {processor.py:914} INFO - Processing file /home/airflow/.local/lib/python3.12/site-packages/airflow/example_dags/example_skip_dag.py for tasks to queue
[2024-12-21T21:21:01.524+0000] {logging_mixin.py:190} INFO - [2024-12-21T21:21:01.523+0000] {dagbag.py:588} INFO - Filling up the DagBag from /home/airflow/.local/lib/python3.12/site-packages/airflow/example_dags/example_skip_dag.py
[2024-12-21T21:21:01.539+0000] {processor.py:925} INFO - DAG(s) 'example_skip_dag' retrieved from /home/airflow/.local/lib/python3.12/site-packages/airflow/example_dags/example_skip_dag.py
[2024-12-21T21:21:01.585+0000] {logging_mixin.py:190} INFO - [2024-12-21T21:21:01.584+0000] {dag.py:3239} INFO - Sync 1 DAGs
[2024-12-21T21:21:01.637+0000] {logging_mixin.py:190} INFO - [2024-12-21T21:21:01.636+0000] {dag.py:4180} INFO - Setting next_dagrun for example_skip_dag to 2024-12-20 00:00:00+00:00, run_after=2024-12-21 00:00:00+00:00
[2024-12-21T21:21:01.678+0000] {processor.py:208} INFO - Processing /home/airflow/.local/lib/python3.12/site-packages/airflow/example_dags/example_skip_dag.py took 0.175 seconds
[2024-12-21T21:21:33.695+0000] {processor.py:186} INFO - Started process (PID=6132) to work on /home/airflow/.local/lib/python3.12/site-packages/airflow/example_dags/example_skip_dag.py
[2024-12-21T21:21:33.698+0000] {processor.py:914} INFO - Processing file /home/airflow/.local/lib/python3.12/site-packages/airflow/example_dags/example_skip_dag.py for tasks to queue
[2024-12-21T21:21:33.703+0000] {logging_mixin.py:190} INFO - [2024-12-21T21:21:33.703+0000] {dagbag.py:588} INFO - Filling up the DagBag from /home/airflow/.local/lib/python3.12/site-packages/airflow/example_dags/example_skip_dag.py
[2024-12-21T21:21:33.720+0000] {processor.py:925} INFO - DAG(s) 'example_skip_dag' retrieved from /home/airflow/.local/lib/python3.12/site-packages/airflow/example_dags/example_skip_dag.py
[2024-12-21T21:21:33.772+0000] {logging_mixin.py:190} INFO - [2024-12-21T21:21:33.771+0000] {dag.py:3239} INFO - Sync 1 DAGs
[2024-12-21T21:21:33.845+0000] {logging_mixin.py:190} INFO - [2024-12-21T21:21:33.845+0000] {dag.py:4180} INFO - Setting next_dagrun for example_skip_dag to 2024-12-20 00:00:00+00:00, run_after=2024-12-21 00:00:00+00:00
[2024-12-21T21:21:33.892+0000] {processor.py:208} INFO - Processing /home/airflow/.local/lib/python3.12/site-packages/airflow/example_dags/example_skip_dag.py took 0.214 seconds
[2024-12-21T21:22:04.242+0000] {processor.py:186} INFO - Started process (PID=6423) to work on /home/airflow/.local/lib/python3.12/site-packages/airflow/example_dags/example_skip_dag.py
[2024-12-21T21:22:04.244+0000] {processor.py:914} INFO - Processing file /home/airflow/.local/lib/python3.12/site-packages/airflow/example_dags/example_skip_dag.py for tasks to queue
[2024-12-21T21:22:04.251+0000] {logging_mixin.py:190} INFO - [2024-12-21T21:22:04.250+0000] {dagbag.py:588} INFO - Filling up the DagBag from /home/airflow/.local/lib/python3.12/site-packages/airflow/example_dags/example_skip_dag.py
[2024-12-21T21:22:04.275+0000] {processor.py:925} INFO - DAG(s) 'example_skip_dag' retrieved from /home/airflow/.local/lib/python3.12/site-packages/airflow/example_dags/example_skip_dag.py
[2024-12-21T21:22:04.326+0000] {logging_mixin.py:190} INFO - [2024-12-21T21:22:04.326+0000] {dag.py:3239} INFO - Sync 1 DAGs
[2024-12-21T21:22:04.393+0000] {logging_mixin.py:190} INFO - [2024-12-21T21:22:04.393+0000] {dag.py:4180} INFO - Setting next_dagrun for example_skip_dag to 2024-12-20 00:00:00+00:00, run_after=2024-12-21 00:00:00+00:00
[2024-12-21T21:22:04.442+0000] {processor.py:208} INFO - Processing /home/airflow/.local/lib/python3.12/site-packages/airflow/example_dags/example_skip_dag.py took 0.222 seconds
[2024-12-21T21:22:37.208+0000] {processor.py:186} INFO - Started process (PID=6735) to work on /home/airflow/.local/lib/python3.12/site-packages/airflow/example_dags/example_skip_dag.py
[2024-12-21T21:22:37.210+0000] {processor.py:914} INFO - Processing file /home/airflow/.local/lib/python3.12/site-packages/airflow/example_dags/example_skip_dag.py for tasks to queue
[2024-12-21T21:22:37.214+0000] {logging_mixin.py:190} INFO - [2024-12-21T21:22:37.214+0000] {dagbag.py:588} INFO - Filling up the DagBag from /home/airflow/.local/lib/python3.12/site-packages/airflow/example_dags/example_skip_dag.py
[2024-12-21T21:22:37.229+0000] {processor.py:925} INFO - DAG(s) 'example_skip_dag' retrieved from /home/airflow/.local/lib/python3.12/site-packages/airflow/example_dags/example_skip_dag.py
[2024-12-21T21:22:37.270+0000] {logging_mixin.py:190} INFO - [2024-12-21T21:22:37.270+0000] {dag.py:3239} INFO - Sync 1 DAGs
[2024-12-21T21:22:37.329+0000] {logging_mixin.py:190} INFO - [2024-12-21T21:22:37.329+0000] {dag.py:4180} INFO - Setting next_dagrun for example_skip_dag to 2024-12-20 00:00:00+00:00, run_after=2024-12-21 00:00:00+00:00
[2024-12-21T21:22:37.366+0000] {processor.py:208} INFO - Processing /home/airflow/.local/lib/python3.12/site-packages/airflow/example_dags/example_skip_dag.py took 0.169 seconds
[2024-12-21T21:23:08.554+0000] {processor.py:186} INFO - Started process (PID=7031) to work on /home/airflow/.local/lib/python3.12/site-packages/airflow/example_dags/example_skip_dag.py
[2024-12-21T21:23:08.556+0000] {processor.py:914} INFO - Processing file /home/airflow/.local/lib/python3.12/site-packages/airflow/example_dags/example_skip_dag.py for tasks to queue
[2024-12-21T21:23:08.562+0000] {logging_mixin.py:190} INFO - [2024-12-21T21:23:08.561+0000] {dagbag.py:588} INFO - Filling up the DagBag from /home/airflow/.local/lib/python3.12/site-packages/airflow/example_dags/example_skip_dag.py
[2024-12-21T21:23:08.580+0000] {processor.py:925} INFO - DAG(s) 'example_skip_dag' retrieved from /home/airflow/.local/lib/python3.12/site-packages/airflow/example_dags/example_skip_dag.py
[2024-12-21T21:23:08.623+0000] {logging_mixin.py:190} INFO - [2024-12-21T21:23:08.623+0000] {dag.py:3239} INFO - Sync 1 DAGs
[2024-12-21T21:23:08.672+0000] {logging_mixin.py:190} INFO - [2024-12-21T21:23:08.671+0000] {dag.py:4180} INFO - Setting next_dagrun for example_skip_dag to 2024-12-20 00:00:00+00:00, run_after=2024-12-21 00:00:00+00:00
[2024-12-21T21:23:08.714+0000] {processor.py:208} INFO - Processing /home/airflow/.local/lib/python3.12/site-packages/airflow/example_dags/example_skip_dag.py took 0.172 seconds
[2024-12-21T21:23:40.258+0000] {processor.py:186} INFO - Started process (PID=7334) to work on /home/airflow/.local/lib/python3.12/site-packages/airflow/example_dags/example_skip_dag.py
[2024-12-21T21:23:40.260+0000] {processor.py:914} INFO - Processing file /home/airflow/.local/lib/python3.12/site-packages/airflow/example_dags/example_skip_dag.py for tasks to queue
[2024-12-21T21:23:40.265+0000] {logging_mixin.py:190} INFO - [2024-12-21T21:23:40.264+0000] {dagbag.py:588} INFO - Filling up the DagBag from /home/airflow/.local/lib/python3.12/site-packages/airflow/example_dags/example_skip_dag.py
[2024-12-21T21:23:40.283+0000] {processor.py:925} INFO - DAG(s) 'example_skip_dag' retrieved from /home/airflow/.local/lib/python3.12/site-packages/airflow/example_dags/example_skip_dag.py
[2024-12-21T21:23:40.331+0000] {logging_mixin.py:190} INFO - [2024-12-21T21:23:40.330+0000] {dag.py:3239} INFO - Sync 1 DAGs
[2024-12-21T21:23:40.389+0000] {logging_mixin.py:190} INFO - [2024-12-21T21:23:40.388+0000] {dag.py:4180} INFO - Setting next_dagrun for example_skip_dag to 2024-12-20 00:00:00+00:00, run_after=2024-12-21 00:00:00+00:00
[2024-12-21T21:23:40.436+0000] {processor.py:208} INFO - Processing /home/airflow/.local/lib/python3.12/site-packages/airflow/example_dags/example_skip_dag.py took 0.192 seconds
[2024-12-21T21:24:11.128+0000] {processor.py:186} INFO - Started process (PID=7628) to work on /home/airflow/.local/lib/python3.12/site-packages/airflow/example_dags/example_skip_dag.py
[2024-12-21T21:24:11.130+0000] {processor.py:914} INFO - Processing file /home/airflow/.local/lib/python3.12/site-packages/airflow/example_dags/example_skip_dag.py for tasks to queue
[2024-12-21T21:24:11.134+0000] {logging_mixin.py:190} INFO - [2024-12-21T21:24:11.133+0000] {dagbag.py:588} INFO - Filling up the DagBag from /home/airflow/.local/lib/python3.12/site-packages/airflow/example_dags/example_skip_dag.py
[2024-12-21T21:24:11.152+0000] {processor.py:925} INFO - DAG(s) 'example_skip_dag' retrieved from /home/airflow/.local/lib/python3.12/site-packages/airflow/example_dags/example_skip_dag.py
[2024-12-21T21:24:11.200+0000] {logging_mixin.py:190} INFO - [2024-12-21T21:24:11.199+0000] {dag.py:3239} INFO - Sync 1 DAGs
[2024-12-21T21:24:11.249+0000] {logging_mixin.py:190} INFO - [2024-12-21T21:24:11.248+0000] {dag.py:4180} INFO - Setting next_dagrun for example_skip_dag to 2024-12-20 00:00:00+00:00, run_after=2024-12-21 00:00:00+00:00
[2024-12-21T21:24:11.309+0000] {processor.py:208} INFO - Processing /home/airflow/.local/lib/python3.12/site-packages/airflow/example_dags/example_skip_dag.py took 0.194 seconds
