[2024-12-21T21:11:20.510+0000] {processor.py:186} INFO - Started process (PID=332) to work on /home/airflow/.local/lib/python3.12/site-packages/airflow/example_dags/example_branch_labels.py
[2024-12-21T21:11:20.512+0000] {processor.py:914} INFO - Processing file /home/airflow/.local/lib/python3.12/site-packages/airflow/example_dags/example_branch_labels.py for tasks to queue
[2024-12-21T21:11:20.517+0000] {logging_mixin.py:190} INFO - [2024-12-21T21:11:20.516+0000] {dagbag.py:588} INFO - Filling up the DagBag from /home/airflow/.local/lib/python3.12/site-packages/airflow/example_dags/example_branch_labels.py
[2024-12-21T21:11:20.542+0000] {processor.py:925} INFO - DAG(s) 'example_branch_labels' retrieved from /home/airflow/.local/lib/python3.12/site-packages/airflow/example_dags/example_branch_labels.py
[2024-12-21T21:11:20.792+0000] {logging_mixin.py:190} INFO - [2024-12-21T21:11:20.791+0000] {override.py:1911} INFO - Created Permission View: can delete on DAG:example_branch_labels
[2024-12-21T21:11:20.814+0000] {logging_mixin.py:190} INFO - [2024-12-21T21:11:20.813+0000] {override.py:1911} INFO - Created Permission View: can edit on DAG:example_branch_labels
[2024-12-21T21:11:20.830+0000] {logging_mixin.py:190} INFO - [2024-12-21T21:11:20.829+0000] {override.py:1911} INFO - Created Permission View: can read on DAG:example_branch_labels
[2024-12-21T21:11:20.848+0000] {logging_mixin.py:190} INFO - [2024-12-21T21:11:20.847+0000] {override.py:1911} INFO - Created Permission View: can delete on DAG Run:example_branch_labels
[2024-12-21T21:11:20.864+0000] {logging_mixin.py:190} INFO - [2024-12-21T21:11:20.863+0000] {override.py:1911} INFO - Created Permission View: can read on DAG Run:example_branch_labels
[2024-12-21T21:11:20.880+0000] {logging_mixin.py:190} INFO - [2024-12-21T21:11:20.880+0000] {override.py:1911} INFO - Created Permission View: can create on DAG Run:example_branch_labels
[2024-12-21T21:11:20.896+0000] {logging_mixin.py:190} INFO - [2024-12-21T21:11:20.895+0000] {override.py:1911} INFO - Created Permission View: menu access on DAG Run:example_branch_labels
[2024-12-21T21:11:20.898+0000] {logging_mixin.py:190} INFO - [2024-12-21T21:11:20.897+0000] {dag.py:3239} INFO - Sync 1 DAGs
[2024-12-21T21:11:20.924+0000] {logging_mixin.py:190} INFO - [2024-12-21T21:11:20.924+0000] {dag.py:3262} INFO - Creating ORM DAG for example_branch_labels
[2024-12-21T21:11:20.951+0000] {logging_mixin.py:190} INFO - [2024-12-21T21:11:20.951+0000] {dag.py:4180} INFO - Setting next_dagrun for example_branch_labels to 2024-12-20 00:00:00+00:00, run_after=2024-12-21 00:00:00+00:00
[2024-12-21T21:11:20.990+0000] {processor.py:208} INFO - Processing /home/airflow/.local/lib/python3.12/site-packages/airflow/example_dags/example_branch_labels.py took 0.490 seconds
[2024-12-21T21:11:51.687+0000] {processor.py:186} INFO - Started process (PID=628) to work on /home/airflow/.local/lib/python3.12/site-packages/airflow/example_dags/example_branch_labels.py
[2024-12-21T21:11:51.689+0000] {processor.py:914} INFO - Processing file /home/airflow/.local/lib/python3.12/site-packages/airflow/example_dags/example_branch_labels.py for tasks to queue
[2024-12-21T21:11:51.693+0000] {logging_mixin.py:190} INFO - [2024-12-21T21:11:51.693+0000] {dagbag.py:588} INFO - Filling up the DagBag from /home/airflow/.local/lib/python3.12/site-packages/airflow/example_dags/example_branch_labels.py
[2024-12-21T21:11:51.714+0000] {processor.py:925} INFO - DAG(s) 'example_branch_labels' retrieved from /home/airflow/.local/lib/python3.12/site-packages/airflow/example_dags/example_branch_labels.py
[2024-12-21T21:11:51.758+0000] {logging_mixin.py:190} INFO - [2024-12-21T21:11:51.757+0000] {dag.py:3239} INFO - Sync 1 DAGs
[2024-12-21T21:11:51.806+0000] {logging_mixin.py:190} INFO - [2024-12-21T21:11:51.806+0000] {dag.py:4180} INFO - Setting next_dagrun for example_branch_labels to 2024-12-20 00:00:00+00:00, run_after=2024-12-21 00:00:00+00:00
[2024-12-21T21:11:51.844+0000] {processor.py:208} INFO - Processing /home/airflow/.local/lib/python3.12/site-packages/airflow/example_dags/example_branch_labels.py took 0.174 seconds
[2024-12-21T21:12:22.538+0000] {processor.py:186} INFO - Started process (PID=924) to work on /home/airflow/.local/lib/python3.12/site-packages/airflow/example_dags/example_branch_labels.py
[2024-12-21T21:12:22.540+0000] {processor.py:914} INFO - Processing file /home/airflow/.local/lib/python3.12/site-packages/airflow/example_dags/example_branch_labels.py for tasks to queue
[2024-12-21T21:12:22.545+0000] {logging_mixin.py:190} INFO - [2024-12-21T21:12:22.544+0000] {dagbag.py:588} INFO - Filling up the DagBag from /home/airflow/.local/lib/python3.12/site-packages/airflow/example_dags/example_branch_labels.py
[2024-12-21T21:12:22.564+0000] {processor.py:925} INFO - DAG(s) 'example_branch_labels' retrieved from /home/airflow/.local/lib/python3.12/site-packages/airflow/example_dags/example_branch_labels.py
[2024-12-21T21:12:22.611+0000] {logging_mixin.py:190} INFO - [2024-12-21T21:12:22.610+0000] {dag.py:3239} INFO - Sync 1 DAGs
[2024-12-21T21:12:22.664+0000] {logging_mixin.py:190} INFO - [2024-12-21T21:12:22.664+0000] {dag.py:4180} INFO - Setting next_dagrun for example_branch_labels to 2024-12-20 00:00:00+00:00, run_after=2024-12-21 00:00:00+00:00
[2024-12-21T21:12:22.701+0000] {processor.py:208} INFO - Processing /home/airflow/.local/lib/python3.12/site-packages/airflow/example_dags/example_branch_labels.py took 0.177 seconds
[2024-12-21T21:12:53.293+0000] {processor.py:186} INFO - Started process (PID=1217) to work on /home/airflow/.local/lib/python3.12/site-packages/airflow/example_dags/example_branch_labels.py
[2024-12-21T21:12:53.295+0000] {processor.py:914} INFO - Processing file /home/airflow/.local/lib/python3.12/site-packages/airflow/example_dags/example_branch_labels.py for tasks to queue
[2024-12-21T21:12:53.299+0000] {logging_mixin.py:190} INFO - [2024-12-21T21:12:53.298+0000] {dagbag.py:588} INFO - Filling up the DagBag from /home/airflow/.local/lib/python3.12/site-packages/airflow/example_dags/example_branch_labels.py
[2024-12-21T21:12:53.318+0000] {processor.py:925} INFO - DAG(s) 'example_branch_labels' retrieved from /home/airflow/.local/lib/python3.12/site-packages/airflow/example_dags/example_branch_labels.py
[2024-12-21T21:12:53.362+0000] {logging_mixin.py:190} INFO - [2024-12-21T21:12:53.362+0000] {dag.py:3239} INFO - Sync 1 DAGs
[2024-12-21T21:12:53.414+0000] {logging_mixin.py:190} INFO - [2024-12-21T21:12:53.413+0000] {dag.py:4180} INFO - Setting next_dagrun for example_branch_labels to 2024-12-20 00:00:00+00:00, run_after=2024-12-21 00:00:00+00:00
[2024-12-21T21:12:53.478+0000] {processor.py:208} INFO - Processing /home/airflow/.local/lib/python3.12/site-packages/airflow/example_dags/example_branch_labels.py took 0.196 seconds
[2024-12-21T21:13:24.728+0000] {processor.py:186} INFO - Started process (PID=1511) to work on /home/airflow/.local/lib/python3.12/site-packages/airflow/example_dags/example_branch_labels.py
[2024-12-21T21:13:24.730+0000] {processor.py:914} INFO - Processing file /home/airflow/.local/lib/python3.12/site-packages/airflow/example_dags/example_branch_labels.py for tasks to queue
[2024-12-21T21:13:24.735+0000] {logging_mixin.py:190} INFO - [2024-12-21T21:13:24.734+0000] {dagbag.py:588} INFO - Filling up the DagBag from /home/airflow/.local/lib/python3.12/site-packages/airflow/example_dags/example_branch_labels.py
[2024-12-21T21:13:24.755+0000] {processor.py:925} INFO - DAG(s) 'example_branch_labels' retrieved from /home/airflow/.local/lib/python3.12/site-packages/airflow/example_dags/example_branch_labels.py
[2024-12-21T21:13:24.812+0000] {logging_mixin.py:190} INFO - [2024-12-21T21:13:24.812+0000] {dag.py:3239} INFO - Sync 1 DAGs
[2024-12-21T21:13:24.928+0000] {logging_mixin.py:190} INFO - [2024-12-21T21:13:24.927+0000] {dag.py:4180} INFO - Setting next_dagrun for example_branch_labels to 2024-12-20 00:00:00+00:00, run_after=2024-12-21 00:00:00+00:00
[2024-12-21T21:13:24.982+0000] {processor.py:208} INFO - Processing /home/airflow/.local/lib/python3.12/site-packages/airflow/example_dags/example_branch_labels.py took 0.265 seconds
[2024-12-21T21:13:55.107+0000] {processor.py:186} INFO - Started process (PID=1808) to work on /home/airflow/.local/lib/python3.12/site-packages/airflow/example_dags/example_branch_labels.py
[2024-12-21T21:13:55.109+0000] {processor.py:914} INFO - Processing file /home/airflow/.local/lib/python3.12/site-packages/airflow/example_dags/example_branch_labels.py for tasks to queue
[2024-12-21T21:13:55.113+0000] {logging_mixin.py:190} INFO - [2024-12-21T21:13:55.112+0000] {dagbag.py:588} INFO - Filling up the DagBag from /home/airflow/.local/lib/python3.12/site-packages/airflow/example_dags/example_branch_labels.py
[2024-12-21T21:13:55.133+0000] {processor.py:925} INFO - DAG(s) 'example_branch_labels' retrieved from /home/airflow/.local/lib/python3.12/site-packages/airflow/example_dags/example_branch_labels.py
[2024-12-21T21:13:55.179+0000] {logging_mixin.py:190} INFO - [2024-12-21T21:13:55.178+0000] {dag.py:3239} INFO - Sync 1 DAGs
[2024-12-21T21:13:55.249+0000] {logging_mixin.py:190} INFO - [2024-12-21T21:13:55.248+0000] {dag.py:4180} INFO - Setting next_dagrun for example_branch_labels to 2024-12-20 00:00:00+00:00, run_after=2024-12-21 00:00:00+00:00
[2024-12-21T21:13:55.299+0000] {processor.py:208} INFO - Processing /home/airflow/.local/lib/python3.12/site-packages/airflow/example_dags/example_branch_labels.py took 0.205 seconds
[2024-12-21T21:14:25.655+0000] {processor.py:186} INFO - Started process (PID=2101) to work on /home/airflow/.local/lib/python3.12/site-packages/airflow/example_dags/example_branch_labels.py
[2024-12-21T21:14:25.657+0000] {processor.py:914} INFO - Processing file /home/airflow/.local/lib/python3.12/site-packages/airflow/example_dags/example_branch_labels.py for tasks to queue
[2024-12-21T21:14:25.663+0000] {logging_mixin.py:190} INFO - [2024-12-21T21:14:25.662+0000] {dagbag.py:588} INFO - Filling up the DagBag from /home/airflow/.local/lib/python3.12/site-packages/airflow/example_dags/example_branch_labels.py
[2024-12-21T21:14:25.684+0000] {processor.py:925} INFO - DAG(s) 'example_branch_labels' retrieved from /home/airflow/.local/lib/python3.12/site-packages/airflow/example_dags/example_branch_labels.py
[2024-12-21T21:14:25.726+0000] {logging_mixin.py:190} INFO - [2024-12-21T21:14:25.726+0000] {dag.py:3239} INFO - Sync 1 DAGs
[2024-12-21T21:14:25.787+0000] {logging_mixin.py:190} INFO - [2024-12-21T21:14:25.787+0000] {dag.py:4180} INFO - Setting next_dagrun for example_branch_labels to 2024-12-20 00:00:00+00:00, run_after=2024-12-21 00:00:00+00:00
[2024-12-21T21:14:25.842+0000] {processor.py:208} INFO - Processing /home/airflow/.local/lib/python3.12/site-packages/airflow/example_dags/example_branch_labels.py took 0.200 seconds
[2024-12-21T21:14:56.040+0000] {processor.py:186} INFO - Started process (PID=2397) to work on /home/airflow/.local/lib/python3.12/site-packages/airflow/example_dags/example_branch_labels.py
[2024-12-21T21:14:56.042+0000] {processor.py:914} INFO - Processing file /home/airflow/.local/lib/python3.12/site-packages/airflow/example_dags/example_branch_labels.py for tasks to queue
[2024-12-21T21:14:56.047+0000] {logging_mixin.py:190} INFO - [2024-12-21T21:14:56.046+0000] {dagbag.py:588} INFO - Filling up the DagBag from /home/airflow/.local/lib/python3.12/site-packages/airflow/example_dags/example_branch_labels.py
[2024-12-21T21:14:56.068+0000] {processor.py:925} INFO - DAG(s) 'example_branch_labels' retrieved from /home/airflow/.local/lib/python3.12/site-packages/airflow/example_dags/example_branch_labels.py
[2024-12-21T21:14:56.111+0000] {logging_mixin.py:190} INFO - [2024-12-21T21:14:56.110+0000] {dag.py:3239} INFO - Sync 1 DAGs
[2024-12-21T21:14:56.163+0000] {logging_mixin.py:190} INFO - [2024-12-21T21:14:56.163+0000] {dag.py:4180} INFO - Setting next_dagrun for example_branch_labels to 2024-12-20 00:00:00+00:00, run_after=2024-12-21 00:00:00+00:00
[2024-12-21T21:14:56.228+0000] {processor.py:208} INFO - Processing /home/airflow/.local/lib/python3.12/site-packages/airflow/example_dags/example_branch_labels.py took 0.202 seconds
[2024-12-21T21:15:26.394+0000] {processor.py:186} INFO - Started process (PID=2693) to work on /home/airflow/.local/lib/python3.12/site-packages/airflow/example_dags/example_branch_labels.py
[2024-12-21T21:15:26.396+0000] {processor.py:914} INFO - Processing file /home/airflow/.local/lib/python3.12/site-packages/airflow/example_dags/example_branch_labels.py for tasks to queue
[2024-12-21T21:15:26.400+0000] {logging_mixin.py:190} INFO - [2024-12-21T21:15:26.399+0000] {dagbag.py:588} INFO - Filling up the DagBag from /home/airflow/.local/lib/python3.12/site-packages/airflow/example_dags/example_branch_labels.py
[2024-12-21T21:15:26.422+0000] {processor.py:925} INFO - DAG(s) 'example_branch_labels' retrieved from /home/airflow/.local/lib/python3.12/site-packages/airflow/example_dags/example_branch_labels.py
[2024-12-21T21:15:26.465+0000] {logging_mixin.py:190} INFO - [2024-12-21T21:15:26.464+0000] {dag.py:3239} INFO - Sync 1 DAGs
[2024-12-21T21:15:26.516+0000] {logging_mixin.py:190} INFO - [2024-12-21T21:15:26.515+0000] {dag.py:4180} INFO - Setting next_dagrun for example_branch_labels to 2024-12-20 00:00:00+00:00, run_after=2024-12-21 00:00:00+00:00
[2024-12-21T21:15:26.554+0000] {processor.py:208} INFO - Processing /home/airflow/.local/lib/python3.12/site-packages/airflow/example_dags/example_branch_labels.py took 0.172 seconds
[2024-12-21T21:15:57.072+0000] {processor.py:186} INFO - Started process (PID=2989) to work on /home/airflow/.local/lib/python3.12/site-packages/airflow/example_dags/example_branch_labels.py
[2024-12-21T21:15:57.075+0000] {processor.py:914} INFO - Processing file /home/airflow/.local/lib/python3.12/site-packages/airflow/example_dags/example_branch_labels.py for tasks to queue
[2024-12-21T21:15:57.080+0000] {logging_mixin.py:190} INFO - [2024-12-21T21:15:57.080+0000] {dagbag.py:588} INFO - Filling up the DagBag from /home/airflow/.local/lib/python3.12/site-packages/airflow/example_dags/example_branch_labels.py
[2024-12-21T21:15:57.111+0000] {processor.py:925} INFO - DAG(s) 'example_branch_labels' retrieved from /home/airflow/.local/lib/python3.12/site-packages/airflow/example_dags/example_branch_labels.py
[2024-12-21T21:15:57.174+0000] {logging_mixin.py:190} INFO - [2024-12-21T21:15:57.174+0000] {dag.py:3239} INFO - Sync 1 DAGs
[2024-12-21T21:15:57.256+0000] {logging_mixin.py:190} INFO - [2024-12-21T21:15:57.255+0000] {dag.py:4180} INFO - Setting next_dagrun for example_branch_labels to 2024-12-20 00:00:00+00:00, run_after=2024-12-21 00:00:00+00:00
[2024-12-21T21:15:57.339+0000] {processor.py:208} INFO - Processing /home/airflow/.local/lib/python3.12/site-packages/airflow/example_dags/example_branch_labels.py took 0.282 seconds
[2024-12-21T21:16:27.750+0000] {processor.py:186} INFO - Started process (PID=3282) to work on /home/airflow/.local/lib/python3.12/site-packages/airflow/example_dags/example_branch_labels.py
[2024-12-21T21:16:27.752+0000] {processor.py:914} INFO - Processing file /home/airflow/.local/lib/python3.12/site-packages/airflow/example_dags/example_branch_labels.py for tasks to queue
[2024-12-21T21:16:27.757+0000] {logging_mixin.py:190} INFO - [2024-12-21T21:16:27.757+0000] {dagbag.py:588} INFO - Filling up the DagBag from /home/airflow/.local/lib/python3.12/site-packages/airflow/example_dags/example_branch_labels.py
[2024-12-21T21:16:27.780+0000] {processor.py:925} INFO - DAG(s) 'example_branch_labels' retrieved from /home/airflow/.local/lib/python3.12/site-packages/airflow/example_dags/example_branch_labels.py
[2024-12-21T21:16:27.822+0000] {logging_mixin.py:190} INFO - [2024-12-21T21:16:27.821+0000] {dag.py:3239} INFO - Sync 1 DAGs
[2024-12-21T21:16:27.884+0000] {logging_mixin.py:190} INFO - [2024-12-21T21:16:27.884+0000] {dag.py:4180} INFO - Setting next_dagrun for example_branch_labels to 2024-12-20 00:00:00+00:00, run_after=2024-12-21 00:00:00+00:00
[2024-12-21T21:16:27.928+0000] {processor.py:208} INFO - Processing /home/airflow/.local/lib/python3.12/site-packages/airflow/example_dags/example_branch_labels.py took 0.191 seconds
[2024-12-21T21:16:58.682+0000] {processor.py:186} INFO - Started process (PID=3578) to work on /home/airflow/.local/lib/python3.12/site-packages/airflow/example_dags/example_branch_labels.py
[2024-12-21T21:16:58.685+0000] {processor.py:914} INFO - Processing file /home/airflow/.local/lib/python3.12/site-packages/airflow/example_dags/example_branch_labels.py for tasks to queue
[2024-12-21T21:16:58.691+0000] {logging_mixin.py:190} INFO - [2024-12-21T21:16:58.690+0000] {dagbag.py:588} INFO - Filling up the DagBag from /home/airflow/.local/lib/python3.12/site-packages/airflow/example_dags/example_branch_labels.py
[2024-12-21T21:16:58.721+0000] {processor.py:925} INFO - DAG(s) 'example_branch_labels' retrieved from /home/airflow/.local/lib/python3.12/site-packages/airflow/example_dags/example_branch_labels.py
[2024-12-21T21:16:58.782+0000] {logging_mixin.py:190} INFO - [2024-12-21T21:16:58.782+0000] {dag.py:3239} INFO - Sync 1 DAGs
[2024-12-21T21:16:58.896+0000] {logging_mixin.py:190} INFO - [2024-12-21T21:16:58.895+0000] {dag.py:4180} INFO - Setting next_dagrun for example_branch_labels to 2024-12-20 00:00:00+00:00, run_after=2024-12-21 00:00:00+00:00
[2024-12-21T21:16:58.955+0000] {processor.py:208} INFO - Processing /home/airflow/.local/lib/python3.12/site-packages/airflow/example_dags/example_branch_labels.py took 0.287 seconds
[2024-12-21T21:17:29.384+0000] {processor.py:186} INFO - Started process (PID=3874) to work on /home/airflow/.local/lib/python3.12/site-packages/airflow/example_dags/example_branch_labels.py
[2024-12-21T21:17:29.386+0000] {processor.py:914} INFO - Processing file /home/airflow/.local/lib/python3.12/site-packages/airflow/example_dags/example_branch_labels.py for tasks to queue
[2024-12-21T21:17:29.390+0000] {logging_mixin.py:190} INFO - [2024-12-21T21:17:29.389+0000] {dagbag.py:588} INFO - Filling up the DagBag from /home/airflow/.local/lib/python3.12/site-packages/airflow/example_dags/example_branch_labels.py
[2024-12-21T21:17:29.408+0000] {processor.py:925} INFO - DAG(s) 'example_branch_labels' retrieved from /home/airflow/.local/lib/python3.12/site-packages/airflow/example_dags/example_branch_labels.py
[2024-12-21T21:17:29.451+0000] {logging_mixin.py:190} INFO - [2024-12-21T21:17:29.451+0000] {dag.py:3239} INFO - Sync 1 DAGs
[2024-12-21T21:17:29.499+0000] {logging_mixin.py:190} INFO - [2024-12-21T21:17:29.498+0000] {dag.py:4180} INFO - Setting next_dagrun for example_branch_labels to 2024-12-20 00:00:00+00:00, run_after=2024-12-21 00:00:00+00:00
[2024-12-21T21:17:29.561+0000] {processor.py:208} INFO - Processing /home/airflow/.local/lib/python3.12/site-packages/airflow/example_dags/example_branch_labels.py took 0.187 seconds
[2024-12-21T21:18:00.129+0000] {processor.py:186} INFO - Started process (PID=4170) to work on /home/airflow/.local/lib/python3.12/site-packages/airflow/example_dags/example_branch_labels.py
[2024-12-21T21:18:00.131+0000] {processor.py:914} INFO - Processing file /home/airflow/.local/lib/python3.12/site-packages/airflow/example_dags/example_branch_labels.py for tasks to queue
[2024-12-21T21:18:00.138+0000] {logging_mixin.py:190} INFO - [2024-12-21T21:18:00.137+0000] {dagbag.py:588} INFO - Filling up the DagBag from /home/airflow/.local/lib/python3.12/site-packages/airflow/example_dags/example_branch_labels.py
[2024-12-21T21:18:00.163+0000] {processor.py:925} INFO - DAG(s) 'example_branch_labels' retrieved from /home/airflow/.local/lib/python3.12/site-packages/airflow/example_dags/example_branch_labels.py
[2024-12-21T21:18:00.216+0000] {logging_mixin.py:190} INFO - [2024-12-21T21:18:00.215+0000] {dag.py:3239} INFO - Sync 1 DAGs
[2024-12-21T21:18:00.287+0000] {logging_mixin.py:190} INFO - [2024-12-21T21:18:00.286+0000] {dag.py:4180} INFO - Setting next_dagrun for example_branch_labels to 2024-12-20 00:00:00+00:00, run_after=2024-12-21 00:00:00+00:00
[2024-12-21T21:18:00.343+0000] {processor.py:208} INFO - Processing /home/airflow/.local/lib/python3.12/site-packages/airflow/example_dags/example_branch_labels.py took 0.231 seconds
[2024-12-21T21:18:30.665+0000] {processor.py:186} INFO - Started process (PID=4466) to work on /home/airflow/.local/lib/python3.12/site-packages/airflow/example_dags/example_branch_labels.py
[2024-12-21T21:18:30.667+0000] {processor.py:914} INFO - Processing file /home/airflow/.local/lib/python3.12/site-packages/airflow/example_dags/example_branch_labels.py for tasks to queue
[2024-12-21T21:18:30.671+0000] {logging_mixin.py:190} INFO - [2024-12-21T21:18:30.670+0000] {dagbag.py:588} INFO - Filling up the DagBag from /home/airflow/.local/lib/python3.12/site-packages/airflow/example_dags/example_branch_labels.py
[2024-12-21T21:18:30.692+0000] {processor.py:925} INFO - DAG(s) 'example_branch_labels' retrieved from /home/airflow/.local/lib/python3.12/site-packages/airflow/example_dags/example_branch_labels.py
[2024-12-21T21:18:30.733+0000] {logging_mixin.py:190} INFO - [2024-12-21T21:18:30.733+0000] {dag.py:3239} INFO - Sync 1 DAGs
[2024-12-21T21:18:30.786+0000] {logging_mixin.py:190} INFO - [2024-12-21T21:18:30.786+0000] {dag.py:4180} INFO - Setting next_dagrun for example_branch_labels to 2024-12-20 00:00:00+00:00, run_after=2024-12-21 00:00:00+00:00
[2024-12-21T21:18:30.863+0000] {processor.py:208} INFO - Processing /home/airflow/.local/lib/python3.12/site-packages/airflow/example_dags/example_branch_labels.py took 0.210 seconds
[2024-12-21T21:19:01.780+0000] {processor.py:186} INFO - Started process (PID=4762) to work on /home/airflow/.local/lib/python3.12/site-packages/airflow/example_dags/example_branch_labels.py
[2024-12-21T21:19:01.782+0000] {processor.py:914} INFO - Processing file /home/airflow/.local/lib/python3.12/site-packages/airflow/example_dags/example_branch_labels.py for tasks to queue
[2024-12-21T21:19:01.787+0000] {logging_mixin.py:190} INFO - [2024-12-21T21:19:01.787+0000] {dagbag.py:588} INFO - Filling up the DagBag from /home/airflow/.local/lib/python3.12/site-packages/airflow/example_dags/example_branch_labels.py
[2024-12-21T21:19:01.820+0000] {processor.py:925} INFO - DAG(s) 'example_branch_labels' retrieved from /home/airflow/.local/lib/python3.12/site-packages/airflow/example_dags/example_branch_labels.py
[2024-12-21T21:19:01.892+0000] {logging_mixin.py:190} INFO - [2024-12-21T21:19:01.892+0000] {dag.py:3239} INFO - Sync 1 DAGs
[2024-12-21T21:19:01.977+0000] {logging_mixin.py:190} INFO - [2024-12-21T21:19:01.976+0000] {dag.py:4180} INFO - Setting next_dagrun for example_branch_labels to 2024-12-20 00:00:00+00:00, run_after=2024-12-21 00:00:00+00:00
[2024-12-21T21:19:02.033+0000] {processor.py:208} INFO - Processing /home/airflow/.local/lib/python3.12/site-packages/airflow/example_dags/example_branch_labels.py took 0.270 seconds
[2024-12-21T21:19:32.295+0000] {processor.py:186} INFO - Started process (PID=5058) to work on /home/airflow/.local/lib/python3.12/site-packages/airflow/example_dags/example_branch_labels.py
[2024-12-21T21:19:32.297+0000] {processor.py:914} INFO - Processing file /home/airflow/.local/lib/python3.12/site-packages/airflow/example_dags/example_branch_labels.py for tasks to queue
[2024-12-21T21:19:32.302+0000] {logging_mixin.py:190} INFO - [2024-12-21T21:19:32.301+0000] {dagbag.py:588} INFO - Filling up the DagBag from /home/airflow/.local/lib/python3.12/site-packages/airflow/example_dags/example_branch_labels.py
[2024-12-21T21:19:32.321+0000] {processor.py:925} INFO - DAG(s) 'example_branch_labels' retrieved from /home/airflow/.local/lib/python3.12/site-packages/airflow/example_dags/example_branch_labels.py
[2024-12-21T21:19:32.367+0000] {logging_mixin.py:190} INFO - [2024-12-21T21:19:32.366+0000] {dag.py:3239} INFO - Sync 1 DAGs
[2024-12-21T21:19:32.420+0000] {logging_mixin.py:190} INFO - [2024-12-21T21:19:32.420+0000] {dag.py:4180} INFO - Setting next_dagrun for example_branch_labels to 2024-12-20 00:00:00+00:00, run_after=2024-12-21 00:00:00+00:00
[2024-12-21T21:19:32.459+0000] {processor.py:208} INFO - Processing /home/airflow/.local/lib/python3.12/site-packages/airflow/example_dags/example_branch_labels.py took 0.177 seconds
[2024-12-21T21:20:03.484+0000] {processor.py:186} INFO - Started process (PID=5355) to work on /home/airflow/.local/lib/python3.12/site-packages/airflow/example_dags/example_branch_labels.py
[2024-12-21T21:20:03.486+0000] {processor.py:914} INFO - Processing file /home/airflow/.local/lib/python3.12/site-packages/airflow/example_dags/example_branch_labels.py for tasks to queue
[2024-12-21T21:20:03.491+0000] {logging_mixin.py:190} INFO - [2024-12-21T21:20:03.491+0000] {dagbag.py:588} INFO - Filling up the DagBag from /home/airflow/.local/lib/python3.12/site-packages/airflow/example_dags/example_branch_labels.py
[2024-12-21T21:20:03.510+0000] {processor.py:925} INFO - DAG(s) 'example_branch_labels' retrieved from /home/airflow/.local/lib/python3.12/site-packages/airflow/example_dags/example_branch_labels.py
[2024-12-21T21:20:03.555+0000] {logging_mixin.py:190} INFO - [2024-12-21T21:20:03.554+0000] {dag.py:3239} INFO - Sync 1 DAGs
[2024-12-21T21:20:03.607+0000] {logging_mixin.py:190} INFO - [2024-12-21T21:20:03.606+0000] {dag.py:4180} INFO - Setting next_dagrun for example_branch_labels to 2024-12-20 00:00:00+00:00, run_after=2024-12-21 00:00:00+00:00
[2024-12-21T21:20:03.646+0000] {processor.py:208} INFO - Processing /home/airflow/.local/lib/python3.12/site-packages/airflow/example_dags/example_branch_labels.py took 0.174 seconds
