[2024-12-21T21:11:27.829+0000] {processor.py:186} INFO - Started process (PID=433) to work on /home/airflow/.local/lib/python3.12/site-packages/airflow/example_dags/example_latest_only.py
[2024-12-21T21:11:27.831+0000] {processor.py:914} INFO - Processing file /home/airflow/.local/lib/python3.12/site-packages/airflow/example_dags/example_latest_only.py for tasks to queue
[2024-12-21T21:11:27.836+0000] {logging_mixin.py:190} INFO - [2024-12-21T21:11:27.835+0000] {dagbag.py:588} INFO - Filling up the DagBag from /home/airflow/.local/lib/python3.12/site-packages/airflow/example_dags/example_latest_only.py
[2024-12-21T21:11:27.855+0000] {processor.py:925} INFO - DAG(s) 'latest_only' retrieved from /home/airflow/.local/lib/python3.12/site-packages/airflow/example_dags/example_latest_only.py
[2024-12-21T21:11:28.094+0000] {logging_mixin.py:190} INFO - [2024-12-21T21:11:28.092+0000] {override.py:1911} INFO - Created Permission View: can delete on DAG:latest_only
[2024-12-21T21:11:28.115+0000] {logging_mixin.py:190} INFO - [2024-12-21T21:11:28.114+0000] {override.py:1911} INFO - Created Permission View: can edit on DAG:latest_only
[2024-12-21T21:11:28.130+0000] {logging_mixin.py:190} INFO - [2024-12-21T21:11:28.129+0000] {override.py:1911} INFO - Created Permission View: can read on DAG:latest_only
[2024-12-21T21:11:28.147+0000] {logging_mixin.py:190} INFO - [2024-12-21T21:11:28.146+0000] {override.py:1911} INFO - Created Permission View: can delete on DAG Run:latest_only
[2024-12-21T21:11:28.162+0000] {logging_mixin.py:190} INFO - [2024-12-21T21:11:28.161+0000] {override.py:1911} INFO - Created Permission View: can read on DAG Run:latest_only
[2024-12-21T21:11:28.177+0000] {logging_mixin.py:190} INFO - [2024-12-21T21:11:28.177+0000] {override.py:1911} INFO - Created Permission View: can create on DAG Run:latest_only
[2024-12-21T21:11:28.192+0000] {logging_mixin.py:190} INFO - [2024-12-21T21:11:28.191+0000] {override.py:1911} INFO - Created Permission View: menu access on DAG Run:latest_only
[2024-12-21T21:11:28.193+0000] {logging_mixin.py:190} INFO - [2024-12-21T21:11:28.193+0000] {dag.py:3239} INFO - Sync 1 DAGs
[2024-12-21T21:11:28.226+0000] {logging_mixin.py:190} INFO - [2024-12-21T21:11:28.225+0000] {dag.py:3262} INFO - Creating ORM DAG for latest_only
[2024-12-21T21:11:28.245+0000] {logging_mixin.py:190} INFO - [2024-12-21T21:11:28.245+0000] {dag.py:4180} INFO - Setting next_dagrun for latest_only to 2024-12-21 16:00:00+00:00, run_after=2024-12-21 20:00:00+00:00
[2024-12-21T21:11:28.279+0000] {processor.py:208} INFO - Processing /home/airflow/.local/lib/python3.12/site-packages/airflow/example_dags/example_latest_only.py took 0.462 seconds
[2024-12-21T21:11:58.409+0000] {processor.py:186} INFO - Started process (PID=731) to work on /home/airflow/.local/lib/python3.12/site-packages/airflow/example_dags/example_latest_only.py
[2024-12-21T21:11:58.410+0000] {processor.py:914} INFO - Processing file /home/airflow/.local/lib/python3.12/site-packages/airflow/example_dags/example_latest_only.py for tasks to queue
[2024-12-21T21:11:58.416+0000] {logging_mixin.py:190} INFO - [2024-12-21T21:11:58.415+0000] {dagbag.py:588} INFO - Filling up the DagBag from /home/airflow/.local/lib/python3.12/site-packages/airflow/example_dags/example_latest_only.py
[2024-12-21T21:11:58.431+0000] {processor.py:925} INFO - DAG(s) 'latest_only' retrieved from /home/airflow/.local/lib/python3.12/site-packages/airflow/example_dags/example_latest_only.py
[2024-12-21T21:11:58.476+0000] {logging_mixin.py:190} INFO - [2024-12-21T21:11:58.475+0000] {dag.py:3239} INFO - Sync 1 DAGs
[2024-12-21T21:11:58.526+0000] {logging_mixin.py:190} INFO - [2024-12-21T21:11:58.525+0000] {dag.py:4180} INFO - Setting next_dagrun for latest_only to 2024-12-21 16:00:00+00:00, run_after=2024-12-21 20:00:00+00:00
[2024-12-21T21:11:58.565+0000] {processor.py:208} INFO - Processing /home/airflow/.local/lib/python3.12/site-packages/airflow/example_dags/example_latest_only.py took 0.167 seconds
[2024-12-21T21:12:30.515+0000] {processor.py:186} INFO - Started process (PID=1027) to work on /home/airflow/.local/lib/python3.12/site-packages/airflow/example_dags/example_latest_only.py
[2024-12-21T21:12:30.517+0000] {processor.py:914} INFO - Processing file /home/airflow/.local/lib/python3.12/site-packages/airflow/example_dags/example_latest_only.py for tasks to queue
[2024-12-21T21:12:30.521+0000] {logging_mixin.py:190} INFO - [2024-12-21T21:12:30.521+0000] {dagbag.py:588} INFO - Filling up the DagBag from /home/airflow/.local/lib/python3.12/site-packages/airflow/example_dags/example_latest_only.py
[2024-12-21T21:12:30.539+0000] {processor.py:925} INFO - DAG(s) 'latest_only' retrieved from /home/airflow/.local/lib/python3.12/site-packages/airflow/example_dags/example_latest_only.py
[2024-12-21T21:12:30.582+0000] {logging_mixin.py:190} INFO - [2024-12-21T21:12:30.581+0000] {dag.py:3239} INFO - Sync 1 DAGs
[2024-12-21T21:12:30.639+0000] {logging_mixin.py:190} INFO - [2024-12-21T21:12:30.639+0000] {dag.py:4180} INFO - Setting next_dagrun for latest_only to 2024-12-21 16:00:00+00:00, run_after=2024-12-21 20:00:00+00:00
[2024-12-21T21:12:30.682+0000] {processor.py:208} INFO - Processing /home/airflow/.local/lib/python3.12/site-packages/airflow/example_dags/example_latest_only.py took 0.186 seconds
[2024-12-21T21:13:01.690+0000] {processor.py:186} INFO - Started process (PID=1321) to work on /home/airflow/.local/lib/python3.12/site-packages/airflow/example_dags/example_latest_only.py
[2024-12-21T21:13:01.692+0000] {processor.py:914} INFO - Processing file /home/airflow/.local/lib/python3.12/site-packages/airflow/example_dags/example_latest_only.py for tasks to queue
[2024-12-21T21:13:01.696+0000] {logging_mixin.py:190} INFO - [2024-12-21T21:13:01.696+0000] {dagbag.py:588} INFO - Filling up the DagBag from /home/airflow/.local/lib/python3.12/site-packages/airflow/example_dags/example_latest_only.py
[2024-12-21T21:13:01.710+0000] {processor.py:925} INFO - DAG(s) 'latest_only' retrieved from /home/airflow/.local/lib/python3.12/site-packages/airflow/example_dags/example_latest_only.py
[2024-12-21T21:13:01.748+0000] {logging_mixin.py:190} INFO - [2024-12-21T21:13:01.747+0000] {dag.py:3239} INFO - Sync 1 DAGs
[2024-12-21T21:13:01.799+0000] {logging_mixin.py:190} INFO - [2024-12-21T21:13:01.799+0000] {dag.py:4180} INFO - Setting next_dagrun for latest_only to 2024-12-21 16:00:00+00:00, run_after=2024-12-21 20:00:00+00:00
[2024-12-21T21:13:01.833+0000] {processor.py:208} INFO - Processing /home/airflow/.local/lib/python3.12/site-packages/airflow/example_dags/example_latest_only.py took 0.156 seconds
[2024-12-21T21:13:33.819+0000] {processor.py:186} INFO - Started process (PID=1617) to work on /home/airflow/.local/lib/python3.12/site-packages/airflow/example_dags/example_latest_only.py
[2024-12-21T21:13:33.822+0000] {processor.py:914} INFO - Processing file /home/airflow/.local/lib/python3.12/site-packages/airflow/example_dags/example_latest_only.py for tasks to queue
[2024-12-21T21:13:33.828+0000] {logging_mixin.py:190} INFO - [2024-12-21T21:13:33.826+0000] {dagbag.py:588} INFO - Filling up the DagBag from /home/airflow/.local/lib/python3.12/site-packages/airflow/example_dags/example_latest_only.py
[2024-12-21T21:13:33.841+0000] {processor.py:925} INFO - DAG(s) 'latest_only' retrieved from /home/airflow/.local/lib/python3.12/site-packages/airflow/example_dags/example_latest_only.py
[2024-12-21T21:13:33.878+0000] {logging_mixin.py:190} INFO - [2024-12-21T21:13:33.877+0000] {dag.py:3239} INFO - Sync 1 DAGs
[2024-12-21T21:13:33.927+0000] {logging_mixin.py:190} INFO - [2024-12-21T21:13:33.927+0000] {dag.py:4180} INFO - Setting next_dagrun for latest_only to 2024-12-21 16:00:00+00:00, run_after=2024-12-21 20:00:00+00:00
[2024-12-21T21:13:33.986+0000] {processor.py:208} INFO - Processing /home/airflow/.local/lib/python3.12/site-packages/airflow/example_dags/example_latest_only.py took 0.177 seconds
[2024-12-21T21:14:05.961+0000] {processor.py:186} INFO - Started process (PID=1913) to work on /home/airflow/.local/lib/python3.12/site-packages/airflow/example_dags/example_latest_only.py
[2024-12-21T21:14:05.963+0000] {processor.py:914} INFO - Processing file /home/airflow/.local/lib/python3.12/site-packages/airflow/example_dags/example_latest_only.py for tasks to queue
[2024-12-21T21:14:05.968+0000] {logging_mixin.py:190} INFO - [2024-12-21T21:14:05.967+0000] {dagbag.py:588} INFO - Filling up the DagBag from /home/airflow/.local/lib/python3.12/site-packages/airflow/example_dags/example_latest_only.py
[2024-12-21T21:14:05.982+0000] {processor.py:925} INFO - DAG(s) 'latest_only' retrieved from /home/airflow/.local/lib/python3.12/site-packages/airflow/example_dags/example_latest_only.py
[2024-12-21T21:14:06.024+0000] {logging_mixin.py:190} INFO - [2024-12-21T21:14:06.023+0000] {dag.py:3239} INFO - Sync 1 DAGs
[2024-12-21T21:14:06.078+0000] {logging_mixin.py:190} INFO - [2024-12-21T21:14:06.078+0000] {dag.py:4180} INFO - Setting next_dagrun for latest_only to 2024-12-21 16:00:00+00:00, run_after=2024-12-21 20:00:00+00:00
[2024-12-21T21:14:06.141+0000] {processor.py:208} INFO - Processing /home/airflow/.local/lib/python3.12/site-packages/airflow/example_dags/example_latest_only.py took 0.192 seconds
[2024-12-21T21:14:37.379+0000] {processor.py:186} INFO - Started process (PID=2209) to work on /home/airflow/.local/lib/python3.12/site-packages/airflow/example_dags/example_latest_only.py
[2024-12-21T21:14:37.381+0000] {processor.py:914} INFO - Processing file /home/airflow/.local/lib/python3.12/site-packages/airflow/example_dags/example_latest_only.py for tasks to queue
[2024-12-21T21:14:37.386+0000] {logging_mixin.py:190} INFO - [2024-12-21T21:14:37.385+0000] {dagbag.py:588} INFO - Filling up the DagBag from /home/airflow/.local/lib/python3.12/site-packages/airflow/example_dags/example_latest_only.py
[2024-12-21T21:14:37.401+0000] {processor.py:925} INFO - DAG(s) 'latest_only' retrieved from /home/airflow/.local/lib/python3.12/site-packages/airflow/example_dags/example_latest_only.py
[2024-12-21T21:14:37.446+0000] {logging_mixin.py:190} INFO - [2024-12-21T21:14:37.446+0000] {dag.py:3239} INFO - Sync 1 DAGs
[2024-12-21T21:14:37.510+0000] {logging_mixin.py:190} INFO - [2024-12-21T21:14:37.509+0000] {dag.py:4180} INFO - Setting next_dagrun for latest_only to 2024-12-21 16:00:00+00:00, run_after=2024-12-21 20:00:00+00:00
[2024-12-21T21:14:37.549+0000] {processor.py:208} INFO - Processing /home/airflow/.local/lib/python3.12/site-packages/airflow/example_dags/example_latest_only.py took 0.182 seconds
[2024-12-21T21:15:10.124+0000] {processor.py:186} INFO - Started process (PID=2505) to work on /home/airflow/.local/lib/python3.12/site-packages/airflow/example_dags/example_latest_only.py
[2024-12-21T21:15:10.126+0000] {processor.py:914} INFO - Processing file /home/airflow/.local/lib/python3.12/site-packages/airflow/example_dags/example_latest_only.py for tasks to queue
[2024-12-21T21:15:10.130+0000] {logging_mixin.py:190} INFO - [2024-12-21T21:15:10.130+0000] {dagbag.py:588} INFO - Filling up the DagBag from /home/airflow/.local/lib/python3.12/site-packages/airflow/example_dags/example_latest_only.py
[2024-12-21T21:15:10.151+0000] {processor.py:925} INFO - DAG(s) 'latest_only' retrieved from /home/airflow/.local/lib/python3.12/site-packages/airflow/example_dags/example_latest_only.py
[2024-12-21T21:15:10.202+0000] {logging_mixin.py:190} INFO - [2024-12-21T21:15:10.201+0000] {dag.py:3239} INFO - Sync 1 DAGs
[2024-12-21T21:15:10.256+0000] {logging_mixin.py:190} INFO - [2024-12-21T21:15:10.256+0000] {dag.py:4180} INFO - Setting next_dagrun for latest_only to 2024-12-21 16:00:00+00:00, run_after=2024-12-21 20:00:00+00:00
[2024-12-21T21:15:10.300+0000] {processor.py:208} INFO - Processing /home/airflow/.local/lib/python3.12/site-packages/airflow/example_dags/example_latest_only.py took 0.186 seconds
[2024-12-21T21:15:41.416+0000] {processor.py:186} INFO - Started process (PID=2801) to work on /home/airflow/.local/lib/python3.12/site-packages/airflow/example_dags/example_latest_only.py
[2024-12-21T21:15:41.418+0000] {processor.py:914} INFO - Processing file /home/airflow/.local/lib/python3.12/site-packages/airflow/example_dags/example_latest_only.py for tasks to queue
[2024-12-21T21:15:41.424+0000] {logging_mixin.py:190} INFO - [2024-12-21T21:15:41.423+0000] {dagbag.py:588} INFO - Filling up the DagBag from /home/airflow/.local/lib/python3.12/site-packages/airflow/example_dags/example_latest_only.py
[2024-12-21T21:15:41.440+0000] {processor.py:925} INFO - DAG(s) 'latest_only' retrieved from /home/airflow/.local/lib/python3.12/site-packages/airflow/example_dags/example_latest_only.py
[2024-12-21T21:15:41.482+0000] {logging_mixin.py:190} INFO - [2024-12-21T21:15:41.482+0000] {dag.py:3239} INFO - Sync 1 DAGs
[2024-12-21T21:15:41.535+0000] {logging_mixin.py:190} INFO - [2024-12-21T21:15:41.535+0000] {dag.py:4180} INFO - Setting next_dagrun for latest_only to 2024-12-21 16:00:00+00:00, run_after=2024-12-21 20:00:00+00:00
[2024-12-21T21:15:41.579+0000] {processor.py:208} INFO - Processing /home/airflow/.local/lib/python3.12/site-packages/airflow/example_dags/example_latest_only.py took 0.175 seconds
[2024-12-21T21:16:14.700+0000] {processor.py:186} INFO - Started process (PID=3099) to work on /home/airflow/.local/lib/python3.12/site-packages/airflow/example_dags/example_latest_only.py
[2024-12-21T21:16:14.702+0000] {processor.py:914} INFO - Processing file /home/airflow/.local/lib/python3.12/site-packages/airflow/example_dags/example_latest_only.py for tasks to queue
[2024-12-21T21:16:14.708+0000] {logging_mixin.py:190} INFO - [2024-12-21T21:16:14.707+0000] {dagbag.py:588} INFO - Filling up the DagBag from /home/airflow/.local/lib/python3.12/site-packages/airflow/example_dags/example_latest_only.py
[2024-12-21T21:16:14.725+0000] {processor.py:925} INFO - DAG(s) 'latest_only' retrieved from /home/airflow/.local/lib/python3.12/site-packages/airflow/example_dags/example_latest_only.py
[2024-12-21T21:16:14.775+0000] {logging_mixin.py:190} INFO - [2024-12-21T21:16:14.774+0000] {dag.py:3239} INFO - Sync 1 DAGs
[2024-12-21T21:16:14.831+0000] {logging_mixin.py:190} INFO - [2024-12-21T21:16:14.831+0000] {dag.py:4180} INFO - Setting next_dagrun for latest_only to 2024-12-21 16:00:00+00:00, run_after=2024-12-21 20:00:00+00:00
[2024-12-21T21:16:14.905+0000] {processor.py:208} INFO - Processing /home/airflow/.local/lib/python3.12/site-packages/airflow/example_dags/example_latest_only.py took 0.220 seconds
[2024-12-21T21:16:46.975+0000] {processor.py:186} INFO - Started process (PID=3392) to work on /home/airflow/.local/lib/python3.12/site-packages/airflow/example_dags/example_latest_only.py
[2024-12-21T21:16:46.978+0000] {processor.py:914} INFO - Processing file /home/airflow/.local/lib/python3.12/site-packages/airflow/example_dags/example_latest_only.py for tasks to queue
[2024-12-21T21:16:46.983+0000] {logging_mixin.py:190} INFO - [2024-12-21T21:16:46.982+0000] {dagbag.py:588} INFO - Filling up the DagBag from /home/airflow/.local/lib/python3.12/site-packages/airflow/example_dags/example_latest_only.py
[2024-12-21T21:16:47.001+0000] {processor.py:925} INFO - DAG(s) 'latest_only' retrieved from /home/airflow/.local/lib/python3.12/site-packages/airflow/example_dags/example_latest_only.py
[2024-12-21T21:16:47.048+0000] {logging_mixin.py:190} INFO - [2024-12-21T21:16:47.047+0000] {dag.py:3239} INFO - Sync 1 DAGs
[2024-12-21T21:16:47.127+0000] {logging_mixin.py:190} INFO - [2024-12-21T21:16:47.126+0000] {dag.py:4180} INFO - Setting next_dagrun for latest_only to 2024-12-21 16:00:00+00:00, run_after=2024-12-21 20:00:00+00:00
[2024-12-21T21:16:47.187+0000] {processor.py:208} INFO - Processing /home/airflow/.local/lib/python3.12/site-packages/airflow/example_dags/example_latest_only.py took 0.226 seconds
[2024-12-21T21:17:18.546+0000] {processor.py:186} INFO - Started process (PID=3688) to work on /home/airflow/.local/lib/python3.12/site-packages/airflow/example_dags/example_latest_only.py
[2024-12-21T21:17:18.548+0000] {processor.py:914} INFO - Processing file /home/airflow/.local/lib/python3.12/site-packages/airflow/example_dags/example_latest_only.py for tasks to queue
[2024-12-21T21:17:18.554+0000] {logging_mixin.py:190} INFO - [2024-12-21T21:17:18.553+0000] {dagbag.py:588} INFO - Filling up the DagBag from /home/airflow/.local/lib/python3.12/site-packages/airflow/example_dags/example_latest_only.py
[2024-12-21T21:17:18.570+0000] {processor.py:925} INFO - DAG(s) 'latest_only' retrieved from /home/airflow/.local/lib/python3.12/site-packages/airflow/example_dags/example_latest_only.py
[2024-12-21T21:17:18.608+0000] {logging_mixin.py:190} INFO - [2024-12-21T21:17:18.607+0000] {dag.py:3239} INFO - Sync 1 DAGs
[2024-12-21T21:17:18.655+0000] {logging_mixin.py:190} INFO - [2024-12-21T21:17:18.655+0000] {dag.py:4180} INFO - Setting next_dagrun for latest_only to 2024-12-21 16:00:00+00:00, run_after=2024-12-21 20:00:00+00:00
[2024-12-21T21:17:18.696+0000] {processor.py:208} INFO - Processing /home/airflow/.local/lib/python3.12/site-packages/airflow/example_dags/example_latest_only.py took 0.163 seconds
[2024-12-21T21:17:51.906+0000] {processor.py:186} INFO - Started process (PID=4011) to work on /home/airflow/.local/lib/python3.12/site-packages/airflow/example_dags/example_latest_only.py
[2024-12-21T21:17:51.908+0000] {processor.py:914} INFO - Processing file /home/airflow/.local/lib/python3.12/site-packages/airflow/example_dags/example_latest_only.py for tasks to queue
[2024-12-21T21:17:51.914+0000] {logging_mixin.py:190} INFO - [2024-12-21T21:17:51.913+0000] {dagbag.py:588} INFO - Filling up the DagBag from /home/airflow/.local/lib/python3.12/site-packages/airflow/example_dags/example_latest_only.py
[2024-12-21T21:17:51.932+0000] {processor.py:925} INFO - DAG(s) 'latest_only' retrieved from /home/airflow/.local/lib/python3.12/site-packages/airflow/example_dags/example_latest_only.py
[2024-12-21T21:17:51.978+0000] {logging_mixin.py:190} INFO - [2024-12-21T21:17:51.977+0000] {dag.py:3239} INFO - Sync 1 DAGs
[2024-12-21T21:17:52.038+0000] {logging_mixin.py:190} INFO - [2024-12-21T21:17:52.038+0000] {dag.py:4180} INFO - Setting next_dagrun for latest_only to 2024-12-21 16:00:00+00:00, run_after=2024-12-21 20:00:00+00:00
[2024-12-21T21:17:52.108+0000] {processor.py:208} INFO - Processing /home/airflow/.local/lib/python3.12/site-packages/airflow/example_dags/example_latest_only.py took 0.217 seconds
[2024-12-21T21:18:24.317+0000] {processor.py:186} INFO - Started process (PID=4325) to work on /home/airflow/.local/lib/python3.12/site-packages/airflow/example_dags/example_latest_only.py
[2024-12-21T21:18:24.320+0000] {processor.py:914} INFO - Processing file /home/airflow/.local/lib/python3.12/site-packages/airflow/example_dags/example_latest_only.py for tasks to queue
[2024-12-21T21:18:24.326+0000] {logging_mixin.py:190} INFO - [2024-12-21T21:18:24.325+0000] {dagbag.py:588} INFO - Filling up the DagBag from /home/airflow/.local/lib/python3.12/site-packages/airflow/example_dags/example_latest_only.py
[2024-12-21T21:18:24.344+0000] {processor.py:925} INFO - DAG(s) 'latest_only' retrieved from /home/airflow/.local/lib/python3.12/site-packages/airflow/example_dags/example_latest_only.py
[2024-12-21T21:18:24.392+0000] {logging_mixin.py:190} INFO - [2024-12-21T21:18:24.391+0000] {dag.py:3239} INFO - Sync 1 DAGs
[2024-12-21T21:18:24.452+0000] {logging_mixin.py:190} INFO - [2024-12-21T21:18:24.451+0000] {dag.py:4180} INFO - Setting next_dagrun for latest_only to 2024-12-21 16:00:00+00:00, run_after=2024-12-21 20:00:00+00:00
[2024-12-21T21:18:24.520+0000] {processor.py:208} INFO - Processing /home/airflow/.local/lib/python3.12/site-packages/airflow/example_dags/example_latest_only.py took 0.218 seconds
[2024-12-21T21:18:56.267+0000] {processor.py:186} INFO - Started process (PID=4622) to work on /home/airflow/.local/lib/python3.12/site-packages/airflow/example_dags/example_latest_only.py
[2024-12-21T21:18:56.269+0000] {processor.py:914} INFO - Processing file /home/airflow/.local/lib/python3.12/site-packages/airflow/example_dags/example_latest_only.py for tasks to queue
[2024-12-21T21:18:56.280+0000] {logging_mixin.py:190} INFO - [2024-12-21T21:18:56.279+0000] {dagbag.py:588} INFO - Filling up the DagBag from /home/airflow/.local/lib/python3.12/site-packages/airflow/example_dags/example_latest_only.py
[2024-12-21T21:18:56.307+0000] {processor.py:925} INFO - DAG(s) 'latest_only' retrieved from /home/airflow/.local/lib/python3.12/site-packages/airflow/example_dags/example_latest_only.py
[2024-12-21T21:18:56.423+0000] {logging_mixin.py:190} INFO - [2024-12-21T21:18:56.423+0000] {dag.py:3239} INFO - Sync 1 DAGs
[2024-12-21T21:18:56.529+0000] {logging_mixin.py:190} INFO - [2024-12-21T21:18:56.526+0000] {dag.py:4180} INFO - Setting next_dagrun for latest_only to 2024-12-21 16:00:00+00:00, run_after=2024-12-21 20:00:00+00:00
[2024-12-21T21:18:56.594+0000] {processor.py:208} INFO - Processing /home/airflow/.local/lib/python3.12/site-packages/airflow/example_dags/example_latest_only.py took 0.356 seconds
[2024-12-21T21:19:27.580+0000] {processor.py:186} INFO - Started process (PID=4923) to work on /home/airflow/.local/lib/python3.12/site-packages/airflow/example_dags/example_latest_only.py
[2024-12-21T21:19:27.582+0000] {processor.py:914} INFO - Processing file /home/airflow/.local/lib/python3.12/site-packages/airflow/example_dags/example_latest_only.py for tasks to queue
[2024-12-21T21:19:27.587+0000] {logging_mixin.py:190} INFO - [2024-12-21T21:19:27.587+0000] {dagbag.py:588} INFO - Filling up the DagBag from /home/airflow/.local/lib/python3.12/site-packages/airflow/example_dags/example_latest_only.py
[2024-12-21T21:19:27.601+0000] {processor.py:925} INFO - DAG(s) 'latest_only' retrieved from /home/airflow/.local/lib/python3.12/site-packages/airflow/example_dags/example_latest_only.py
[2024-12-21T21:19:27.641+0000] {logging_mixin.py:190} INFO - [2024-12-21T21:19:27.640+0000] {dag.py:3239} INFO - Sync 1 DAGs
[2024-12-21T21:19:27.698+0000] {logging_mixin.py:190} INFO - [2024-12-21T21:19:27.698+0000] {dag.py:4180} INFO - Setting next_dagrun for latest_only to 2024-12-21 16:00:00+00:00, run_after=2024-12-21 20:00:00+00:00
[2024-12-21T21:19:27.764+0000] {processor.py:208} INFO - Processing /home/airflow/.local/lib/python3.12/site-packages/airflow/example_dags/example_latest_only.py took 0.196 seconds
[2024-12-21T21:19:58.229+0000] {processor.py:186} INFO - Started process (PID=5213) to work on /home/airflow/.local/lib/python3.12/site-packages/airflow/example_dags/example_latest_only.py
[2024-12-21T21:19:58.231+0000] {processor.py:914} INFO - Processing file /home/airflow/.local/lib/python3.12/site-packages/airflow/example_dags/example_latest_only.py for tasks to queue
[2024-12-21T21:19:58.237+0000] {logging_mixin.py:190} INFO - [2024-12-21T21:19:58.237+0000] {dagbag.py:588} INFO - Filling up the DagBag from /home/airflow/.local/lib/python3.12/site-packages/airflow/example_dags/example_latest_only.py
[2024-12-21T21:19:58.252+0000] {processor.py:925} INFO - DAG(s) 'latest_only' retrieved from /home/airflow/.local/lib/python3.12/site-packages/airflow/example_dags/example_latest_only.py
[2024-12-21T21:19:58.302+0000] {logging_mixin.py:190} INFO - [2024-12-21T21:19:58.301+0000] {dag.py:3239} INFO - Sync 1 DAGs
[2024-12-21T21:19:58.362+0000] {logging_mixin.py:190} INFO - [2024-12-21T21:19:58.361+0000] {dag.py:4180} INFO - Setting next_dagrun for latest_only to 2024-12-21 16:00:00+00:00, run_after=2024-12-21 20:00:00+00:00
[2024-12-21T21:19:58.406+0000] {processor.py:208} INFO - Processing /home/airflow/.local/lib/python3.12/site-packages/airflow/example_dags/example_latest_only.py took 0.188 seconds
[2024-12-21T21:20:29.644+0000] {processor.py:186} INFO - Started process (PID=5514) to work on /home/airflow/.local/lib/python3.12/site-packages/airflow/example_dags/example_latest_only.py
[2024-12-21T21:20:29.647+0000] {processor.py:914} INFO - Processing file /home/airflow/.local/lib/python3.12/site-packages/airflow/example_dags/example_latest_only.py for tasks to queue
[2024-12-21T21:20:29.654+0000] {logging_mixin.py:190} INFO - [2024-12-21T21:20:29.653+0000] {dagbag.py:588} INFO - Filling up the DagBag from /home/airflow/.local/lib/python3.12/site-packages/airflow/example_dags/example_latest_only.py
[2024-12-21T21:20:29.671+0000] {processor.py:925} INFO - DAG(s) 'latest_only' retrieved from /home/airflow/.local/lib/python3.12/site-packages/airflow/example_dags/example_latest_only.py
[2024-12-21T21:20:29.718+0000] {logging_mixin.py:190} INFO - [2024-12-21T21:20:29.718+0000] {dag.py:3239} INFO - Sync 1 DAGs
[2024-12-21T21:20:29.779+0000] {logging_mixin.py:190} INFO - [2024-12-21T21:20:29.778+0000] {dag.py:4180} INFO - Setting next_dagrun for latest_only to 2024-12-21 16:00:00+00:00, run_after=2024-12-21 20:00:00+00:00
[2024-12-21T21:20:29.832+0000] {processor.py:208} INFO - Processing /home/airflow/.local/lib/python3.12/site-packages/airflow/example_dags/example_latest_only.py took 0.204 seconds
[2024-12-21T21:21:00.168+0000] {processor.py:186} INFO - Started process (PID=5807) to work on /home/airflow/.local/lib/python3.12/site-packages/airflow/example_dags/example_latest_only.py
[2024-12-21T21:21:00.169+0000] {processor.py:914} INFO - Processing file /home/airflow/.local/lib/python3.12/site-packages/airflow/example_dags/example_latest_only.py for tasks to queue
[2024-12-21T21:21:00.174+0000] {logging_mixin.py:190} INFO - [2024-12-21T21:21:00.173+0000] {dagbag.py:588} INFO - Filling up the DagBag from /home/airflow/.local/lib/python3.12/site-packages/airflow/example_dags/example_latest_only.py
[2024-12-21T21:21:00.188+0000] {processor.py:925} INFO - DAG(s) 'latest_only' retrieved from /home/airflow/.local/lib/python3.12/site-packages/airflow/example_dags/example_latest_only.py
[2024-12-21T21:21:00.231+0000] {logging_mixin.py:190} INFO - [2024-12-21T21:21:00.230+0000] {dag.py:3239} INFO - Sync 1 DAGs
[2024-12-21T21:21:00.295+0000] {logging_mixin.py:190} INFO - [2024-12-21T21:21:00.295+0000] {dag.py:4180} INFO - Setting next_dagrun for latest_only to 2024-12-21 16:00:00+00:00, run_after=2024-12-21 20:00:00+00:00
[2024-12-21T21:21:00.339+0000] {processor.py:208} INFO - Processing /home/airflow/.local/lib/python3.12/site-packages/airflow/example_dags/example_latest_only.py took 0.183 seconds
[2024-12-21T21:21:32.274+0000] {processor.py:186} INFO - Started process (PID=6102) to work on /home/airflow/.local/lib/python3.12/site-packages/airflow/example_dags/example_latest_only.py
[2024-12-21T21:21:32.280+0000] {processor.py:914} INFO - Processing file /home/airflow/.local/lib/python3.12/site-packages/airflow/example_dags/example_latest_only.py for tasks to queue
[2024-12-21T21:21:32.299+0000] {logging_mixin.py:190} INFO - [2024-12-21T21:21:32.296+0000] {dagbag.py:588} INFO - Filling up the DagBag from /home/airflow/.local/lib/python3.12/site-packages/airflow/example_dags/example_latest_only.py
[2024-12-21T21:21:32.327+0000] {processor.py:925} INFO - DAG(s) 'latest_only' retrieved from /home/airflow/.local/lib/python3.12/site-packages/airflow/example_dags/example_latest_only.py
[2024-12-21T21:21:32.383+0000] {logging_mixin.py:190} INFO - [2024-12-21T21:21:32.382+0000] {dag.py:3239} INFO - Sync 1 DAGs
[2024-12-21T21:21:32.444+0000] {logging_mixin.py:190} INFO - [2024-12-21T21:21:32.443+0000] {dag.py:4180} INFO - Setting next_dagrun for latest_only to 2024-12-21 16:00:00+00:00, run_after=2024-12-21 20:00:00+00:00
[2024-12-21T21:21:32.522+0000] {processor.py:208} INFO - Processing /home/airflow/.local/lib/python3.12/site-packages/airflow/example_dags/example_latest_only.py took 0.281 seconds
[2024-12-21T21:22:03.600+0000] {processor.py:186} INFO - Started process (PID=6410) to work on /home/airflow/.local/lib/python3.12/site-packages/airflow/example_dags/example_latest_only.py
[2024-12-21T21:22:03.602+0000] {processor.py:914} INFO - Processing file /home/airflow/.local/lib/python3.12/site-packages/airflow/example_dags/example_latest_only.py for tasks to queue
[2024-12-21T21:22:03.608+0000] {logging_mixin.py:190} INFO - [2024-12-21T21:22:03.608+0000] {dagbag.py:588} INFO - Filling up the DagBag from /home/airflow/.local/lib/python3.12/site-packages/airflow/example_dags/example_latest_only.py
[2024-12-21T21:22:03.629+0000] {processor.py:925} INFO - DAG(s) 'latest_only' retrieved from /home/airflow/.local/lib/python3.12/site-packages/airflow/example_dags/example_latest_only.py
[2024-12-21T21:22:03.688+0000] {logging_mixin.py:190} INFO - [2024-12-21T21:22:03.687+0000] {dag.py:3239} INFO - Sync 1 DAGs
[2024-12-21T21:22:03.754+0000] {logging_mixin.py:190} INFO - [2024-12-21T21:22:03.754+0000] {dag.py:4180} INFO - Setting next_dagrun for latest_only to 2024-12-21 16:00:00+00:00, run_after=2024-12-21 20:00:00+00:00
[2024-12-21T21:22:03.808+0000] {processor.py:208} INFO - Processing /home/airflow/.local/lib/python3.12/site-packages/airflow/example_dags/example_latest_only.py took 0.224 seconds
[2024-12-21T21:22:36.157+0000] {processor.py:186} INFO - Started process (PID=6706) to work on /home/airflow/.local/lib/python3.12/site-packages/airflow/example_dags/example_latest_only.py
[2024-12-21T21:22:36.160+0000] {processor.py:914} INFO - Processing file /home/airflow/.local/lib/python3.12/site-packages/airflow/example_dags/example_latest_only.py for tasks to queue
[2024-12-21T21:22:36.166+0000] {logging_mixin.py:190} INFO - [2024-12-21T21:22:36.165+0000] {dagbag.py:588} INFO - Filling up the DagBag from /home/airflow/.local/lib/python3.12/site-packages/airflow/example_dags/example_latest_only.py
[2024-12-21T21:22:36.183+0000] {processor.py:925} INFO - DAG(s) 'latest_only' retrieved from /home/airflow/.local/lib/python3.12/site-packages/airflow/example_dags/example_latest_only.py
[2024-12-21T21:22:36.226+0000] {logging_mixin.py:190} INFO - [2024-12-21T21:22:36.226+0000] {dag.py:3239} INFO - Sync 1 DAGs
[2024-12-21T21:22:36.290+0000] {logging_mixin.py:190} INFO - [2024-12-21T21:22:36.289+0000] {dag.py:4180} INFO - Setting next_dagrun for latest_only to 2024-12-21 16:00:00+00:00, run_after=2024-12-21 20:00:00+00:00
[2024-12-21T21:22:36.329+0000] {processor.py:208} INFO - Processing /home/airflow/.local/lib/python3.12/site-packages/airflow/example_dags/example_latest_only.py took 0.186 seconds
[2024-12-21T21:23:08.201+0000] {processor.py:186} INFO - Started process (PID=7016) to work on /home/airflow/.local/lib/python3.12/site-packages/airflow/example_dags/example_latest_only.py
[2024-12-21T21:23:08.204+0000] {processor.py:914} INFO - Processing file /home/airflow/.local/lib/python3.12/site-packages/airflow/example_dags/example_latest_only.py for tasks to queue
[2024-12-21T21:23:08.209+0000] {logging_mixin.py:190} INFO - [2024-12-21T21:23:08.208+0000] {dagbag.py:588} INFO - Filling up the DagBag from /home/airflow/.local/lib/python3.12/site-packages/airflow/example_dags/example_latest_only.py
[2024-12-21T21:23:08.225+0000] {processor.py:925} INFO - DAG(s) 'latest_only' retrieved from /home/airflow/.local/lib/python3.12/site-packages/airflow/example_dags/example_latest_only.py
[2024-12-21T21:23:08.268+0000] {logging_mixin.py:190} INFO - [2024-12-21T21:23:08.267+0000] {dag.py:3239} INFO - Sync 1 DAGs
[2024-12-21T21:23:08.326+0000] {logging_mixin.py:190} INFO - [2024-12-21T21:23:08.325+0000] {dag.py:4180} INFO - Setting next_dagrun for latest_only to 2024-12-21 16:00:00+00:00, run_after=2024-12-21 20:00:00+00:00
[2024-12-21T21:23:08.381+0000] {processor.py:208} INFO - Processing /home/airflow/.local/lib/python3.12/site-packages/airflow/example_dags/example_latest_only.py took 0.192 seconds
[2024-12-21T21:23:39.372+0000] {processor.py:186} INFO - Started process (PID=7312) to work on /home/airflow/.local/lib/python3.12/site-packages/airflow/example_dags/example_latest_only.py
[2024-12-21T21:23:39.374+0000] {processor.py:914} INFO - Processing file /home/airflow/.local/lib/python3.12/site-packages/airflow/example_dags/example_latest_only.py for tasks to queue
[2024-12-21T21:23:39.379+0000] {logging_mixin.py:190} INFO - [2024-12-21T21:23:39.378+0000] {dagbag.py:588} INFO - Filling up the DagBag from /home/airflow/.local/lib/python3.12/site-packages/airflow/example_dags/example_latest_only.py
[2024-12-21T21:23:39.393+0000] {processor.py:925} INFO - DAG(s) 'latest_only' retrieved from /home/airflow/.local/lib/python3.12/site-packages/airflow/example_dags/example_latest_only.py
[2024-12-21T21:23:39.440+0000] {logging_mixin.py:190} INFO - [2024-12-21T21:23:39.439+0000] {dag.py:3239} INFO - Sync 1 DAGs
[2024-12-21T21:23:39.507+0000] {logging_mixin.py:190} INFO - [2024-12-21T21:23:39.507+0000] {dag.py:4180} INFO - Setting next_dagrun for latest_only to 2024-12-21 16:00:00+00:00, run_after=2024-12-21 20:00:00+00:00
[2024-12-21T21:23:39.553+0000] {processor.py:208} INFO - Processing /home/airflow/.local/lib/python3.12/site-packages/airflow/example_dags/example_latest_only.py took 0.196 seconds
[2024-12-21T21:24:10.001+0000] {processor.py:186} INFO - Started process (PID=7608) to work on /home/airflow/.local/lib/python3.12/site-packages/airflow/example_dags/example_latest_only.py
[2024-12-21T21:24:10.003+0000] {processor.py:914} INFO - Processing file /home/airflow/.local/lib/python3.12/site-packages/airflow/example_dags/example_latest_only.py for tasks to queue
[2024-12-21T21:24:10.008+0000] {logging_mixin.py:190} INFO - [2024-12-21T21:24:10.007+0000] {dagbag.py:588} INFO - Filling up the DagBag from /home/airflow/.local/lib/python3.12/site-packages/airflow/example_dags/example_latest_only.py
[2024-12-21T21:24:10.022+0000] {processor.py:925} INFO - DAG(s) 'latest_only' retrieved from /home/airflow/.local/lib/python3.12/site-packages/airflow/example_dags/example_latest_only.py
[2024-12-21T21:24:10.061+0000] {logging_mixin.py:190} INFO - [2024-12-21T21:24:10.060+0000] {dag.py:3239} INFO - Sync 1 DAGs
[2024-12-21T21:24:10.111+0000] {logging_mixin.py:190} INFO - [2024-12-21T21:24:10.110+0000] {dag.py:4180} INFO - Setting next_dagrun for latest_only to 2024-12-21 16:00:00+00:00, run_after=2024-12-21 20:00:00+00:00
[2024-12-21T21:24:10.149+0000] {processor.py:208} INFO - Processing /home/airflow/.local/lib/python3.12/site-packages/airflow/example_dags/example_latest_only.py took 0.159 seconds
