[2024-12-21T21:11:08.443+0000] {processor.py:186} INFO - Started process (PID=217) to work on /home/airflow/.local/lib/python3.12/site-packages/airflow/example_dags/example_xcomargs.py
[2024-12-21T21:11:08.445+0000] {processor.py:914} INFO - Processing file /home/airflow/.local/lib/python3.12/site-packages/airflow/example_dags/example_xcomargs.py for tasks to queue
[2024-12-21T21:11:08.449+0000] {logging_mixin.py:190} INFO - [2024-12-21T21:11:08.448+0000] {dagbag.py:588} INFO - Filling up the DagBag from /home/airflow/.local/lib/python3.12/site-packages/airflow/example_dags/example_xcomargs.py
[2024-12-21T21:11:08.495+0000] {processor.py:925} INFO - DAG(s) 'example_xcom_args', 'example_xcom_args_with_operators' retrieved from /home/airflow/.local/lib/python3.12/site-packages/airflow/example_dags/example_xcomargs.py
[2024-12-21T21:11:09.080+0000] {logging_mixin.py:190} INFO - [2024-12-21T21:11:09.079+0000] {override.py:1911} INFO - Created Permission View: can delete on DAG:example_xcom_args
[2024-12-21T21:11:09.104+0000] {logging_mixin.py:190} INFO - [2024-12-21T21:11:09.103+0000] {override.py:1911} INFO - Created Permission View: can edit on DAG:example_xcom_args
[2024-12-21T21:11:09.122+0000] {logging_mixin.py:190} INFO - [2024-12-21T21:11:09.121+0000] {override.py:1911} INFO - Created Permission View: can read on DAG:example_xcom_args
[2024-12-21T21:11:09.139+0000] {logging_mixin.py:190} INFO - [2024-12-21T21:11:09.139+0000] {override.py:1911} INFO - Created Permission View: can delete on DAG Run:example_xcom_args
[2024-12-21T21:11:09.157+0000] {logging_mixin.py:190} INFO - [2024-12-21T21:11:09.156+0000] {override.py:1911} INFO - Created Permission View: can read on DAG Run:example_xcom_args
[2024-12-21T21:11:09.172+0000] {logging_mixin.py:190} INFO - [2024-12-21T21:11:09.172+0000] {override.py:1911} INFO - Created Permission View: can create on DAG Run:example_xcom_args
[2024-12-21T21:11:09.188+0000] {logging_mixin.py:190} INFO - [2024-12-21T21:11:09.187+0000] {override.py:1911} INFO - Created Permission View: menu access on DAG Run:example_xcom_args
[2024-12-21T21:11:09.224+0000] {logging_mixin.py:190} INFO - [2024-12-21T21:11:09.223+0000] {override.py:1911} INFO - Created Permission View: can delete on DAG:example_xcom_args_with_operators
[2024-12-21T21:11:09.240+0000] {logging_mixin.py:190} INFO - [2024-12-21T21:11:09.239+0000] {override.py:1911} INFO - Created Permission View: can edit on DAG:example_xcom_args_with_operators
[2024-12-21T21:11:09.257+0000] {logging_mixin.py:190} INFO - [2024-12-21T21:11:09.256+0000] {override.py:1911} INFO - Created Permission View: can read on DAG:example_xcom_args_with_operators
[2024-12-21T21:11:09.274+0000] {logging_mixin.py:190} INFO - [2024-12-21T21:11:09.273+0000] {override.py:1911} INFO - Created Permission View: can delete on DAG Run:example_xcom_args_with_operators
[2024-12-21T21:11:09.290+0000] {logging_mixin.py:190} INFO - [2024-12-21T21:11:09.289+0000] {override.py:1911} INFO - Created Permission View: can read on DAG Run:example_xcom_args_with_operators
[2024-12-21T21:11:09.305+0000] {logging_mixin.py:190} INFO - [2024-12-21T21:11:09.304+0000] {override.py:1911} INFO - Created Permission View: can create on DAG Run:example_xcom_args_with_operators
[2024-12-21T21:11:09.321+0000] {logging_mixin.py:190} INFO - [2024-12-21T21:11:09.321+0000] {override.py:1911} INFO - Created Permission View: menu access on DAG Run:example_xcom_args_with_operators
[2024-12-21T21:11:09.323+0000] {logging_mixin.py:190} INFO - [2024-12-21T21:11:09.323+0000] {dag.py:3239} INFO - Sync 2 DAGs
[2024-12-21T21:11:09.355+0000] {logging_mixin.py:190} INFO - [2024-12-21T21:11:09.355+0000] {dag.py:3262} INFO - Creating ORM DAG for example_xcom_args
[2024-12-21T21:11:09.358+0000] {logging_mixin.py:190} INFO - [2024-12-21T21:11:09.357+0000] {dag.py:3262} INFO - Creating ORM DAG for example_xcom_args_with_operators
[2024-12-21T21:11:09.360+0000] {logging_mixin.py:190} INFO - [2024-12-21T21:11:09.359+0000] {dag.py:4180} INFO - Setting next_dagrun for example_xcom_args to None, run_after=None
[2024-12-21T21:11:09.362+0000] {logging_mixin.py:190} INFO - [2024-12-21T21:11:09.361+0000] {dag.py:4180} INFO - Setting next_dagrun for example_xcom_args_with_operators to None, run_after=None
[2024-12-21T21:11:09.413+0000] {processor.py:208} INFO - Processing /home/airflow/.local/lib/python3.12/site-packages/airflow/example_dags/example_xcomargs.py took 0.979 seconds
[2024-12-21T21:11:39.692+0000] {processor.py:186} INFO - Started process (PID=520) to work on /home/airflow/.local/lib/python3.12/site-packages/airflow/example_dags/example_xcomargs.py
[2024-12-21T21:11:39.694+0000] {processor.py:914} INFO - Processing file /home/airflow/.local/lib/python3.12/site-packages/airflow/example_dags/example_xcomargs.py for tasks to queue
[2024-12-21T21:11:39.699+0000] {logging_mixin.py:190} INFO - [2024-12-21T21:11:39.698+0000] {dagbag.py:588} INFO - Filling up the DagBag from /home/airflow/.local/lib/python3.12/site-packages/airflow/example_dags/example_xcomargs.py
[2024-12-21T21:11:39.719+0000] {processor.py:925} INFO - DAG(s) 'example_xcom_args', 'example_xcom_args_with_operators' retrieved from /home/airflow/.local/lib/python3.12/site-packages/airflow/example_dags/example_xcomargs.py
[2024-12-21T21:11:39.773+0000] {logging_mixin.py:190} INFO - [2024-12-21T21:11:39.772+0000] {dag.py:3239} INFO - Sync 2 DAGs
[2024-12-21T21:11:39.815+0000] {logging_mixin.py:190} INFO - [2024-12-21T21:11:39.815+0000] {dag.py:4180} INFO - Setting next_dagrun for example_xcom_args to None, run_after=None
[2024-12-21T21:11:39.825+0000] {logging_mixin.py:190} INFO - [2024-12-21T21:11:39.825+0000] {dag.py:4180} INFO - Setting next_dagrun for example_xcom_args_with_operators to None, run_after=None
[2024-12-21T21:11:39.869+0000] {processor.py:208} INFO - Processing /home/airflow/.local/lib/python3.12/site-packages/airflow/example_dags/example_xcomargs.py took 0.188 seconds
[2024-12-21T21:12:10.037+0000] {processor.py:186} INFO - Started process (PID=809) to work on /home/airflow/.local/lib/python3.12/site-packages/airflow/example_dags/example_xcomargs.py
[2024-12-21T21:12:10.038+0000] {processor.py:914} INFO - Processing file /home/airflow/.local/lib/python3.12/site-packages/airflow/example_dags/example_xcomargs.py for tasks to queue
[2024-12-21T21:12:10.043+0000] {logging_mixin.py:190} INFO - [2024-12-21T21:12:10.042+0000] {dagbag.py:588} INFO - Filling up the DagBag from /home/airflow/.local/lib/python3.12/site-packages/airflow/example_dags/example_xcomargs.py
[2024-12-21T21:12:10.072+0000] {processor.py:925} INFO - DAG(s) 'example_xcom_args_with_operators', 'example_xcom_args' retrieved from /home/airflow/.local/lib/python3.12/site-packages/airflow/example_dags/example_xcomargs.py
[2024-12-21T21:12:10.124+0000] {logging_mixin.py:190} INFO - [2024-12-21T21:12:10.123+0000] {dag.py:3239} INFO - Sync 2 DAGs
[2024-12-21T21:12:10.163+0000] {logging_mixin.py:190} INFO - [2024-12-21T21:12:10.162+0000] {dag.py:4180} INFO - Setting next_dagrun for example_xcom_args to None, run_after=None
[2024-12-21T21:12:10.172+0000] {logging_mixin.py:190} INFO - [2024-12-21T21:12:10.171+0000] {dag.py:4180} INFO - Setting next_dagrun for example_xcom_args_with_operators to None, run_after=None
[2024-12-21T21:12:10.203+0000] {processor.py:208} INFO - Processing /home/airflow/.local/lib/python3.12/site-packages/airflow/example_dags/example_xcomargs.py took 0.182 seconds
[2024-12-21T21:12:40.734+0000] {processor.py:186} INFO - Started process (PID=1105) to work on /home/airflow/.local/lib/python3.12/site-packages/airflow/example_dags/example_xcomargs.py
[2024-12-21T21:12:40.735+0000] {processor.py:914} INFO - Processing file /home/airflow/.local/lib/python3.12/site-packages/airflow/example_dags/example_xcomargs.py for tasks to queue
[2024-12-21T21:12:40.741+0000] {logging_mixin.py:190} INFO - [2024-12-21T21:12:40.740+0000] {dagbag.py:588} INFO - Filling up the DagBag from /home/airflow/.local/lib/python3.12/site-packages/airflow/example_dags/example_xcomargs.py
[2024-12-21T21:12:40.761+0000] {processor.py:925} INFO - DAG(s) 'example_xcom_args_with_operators', 'example_xcom_args' retrieved from /home/airflow/.local/lib/python3.12/site-packages/airflow/example_dags/example_xcomargs.py
[2024-12-21T21:12:40.811+0000] {logging_mixin.py:190} INFO - [2024-12-21T21:12:40.811+0000] {dag.py:3239} INFO - Sync 2 DAGs
[2024-12-21T21:12:40.847+0000] {logging_mixin.py:190} INFO - [2024-12-21T21:12:40.847+0000] {dag.py:4180} INFO - Setting next_dagrun for example_xcom_args to None, run_after=None
[2024-12-21T21:12:40.857+0000] {logging_mixin.py:190} INFO - [2024-12-21T21:12:40.856+0000] {dag.py:4180} INFO - Setting next_dagrun for example_xcom_args_with_operators to None, run_after=None
[2024-12-21T21:12:40.895+0000] {processor.py:208} INFO - Processing /home/airflow/.local/lib/python3.12/site-packages/airflow/example_dags/example_xcomargs.py took 0.172 seconds
[2024-12-21T21:13:11.043+0000] {processor.py:186} INFO - Started process (PID=1401) to work on /home/airflow/.local/lib/python3.12/site-packages/airflow/example_dags/example_xcomargs.py
[2024-12-21T21:13:11.045+0000] {processor.py:914} INFO - Processing file /home/airflow/.local/lib/python3.12/site-packages/airflow/example_dags/example_xcomargs.py for tasks to queue
[2024-12-21T21:13:11.050+0000] {logging_mixin.py:190} INFO - [2024-12-21T21:13:11.049+0000] {dagbag.py:588} INFO - Filling up the DagBag from /home/airflow/.local/lib/python3.12/site-packages/airflow/example_dags/example_xcomargs.py
[2024-12-21T21:13:11.093+0000] {processor.py:925} INFO - DAG(s) 'example_xcom_args', 'example_xcom_args_with_operators' retrieved from /home/airflow/.local/lib/python3.12/site-packages/airflow/example_dags/example_xcomargs.py
[2024-12-21T21:13:11.145+0000] {logging_mixin.py:190} INFO - [2024-12-21T21:13:11.145+0000] {dag.py:3239} INFO - Sync 2 DAGs
[2024-12-21T21:13:11.178+0000] {logging_mixin.py:190} INFO - [2024-12-21T21:13:11.177+0000] {dag.py:4180} INFO - Setting next_dagrun for example_xcom_args to None, run_after=None
[2024-12-21T21:13:11.190+0000] {logging_mixin.py:190} INFO - [2024-12-21T21:13:11.189+0000] {dag.py:4180} INFO - Setting next_dagrun for example_xcom_args_with_operators to None, run_after=None
[2024-12-21T21:13:11.230+0000] {processor.py:208} INFO - Processing /home/airflow/.local/lib/python3.12/site-packages/airflow/example_dags/example_xcomargs.py took 0.198 seconds
[2024-12-21T21:13:41.976+0000] {processor.py:186} INFO - Started process (PID=1697) to work on /home/airflow/.local/lib/python3.12/site-packages/airflow/example_dags/example_xcomargs.py
[2024-12-21T21:13:41.978+0000] {processor.py:914} INFO - Processing file /home/airflow/.local/lib/python3.12/site-packages/airflow/example_dags/example_xcomargs.py for tasks to queue
[2024-12-21T21:13:41.982+0000] {logging_mixin.py:190} INFO - [2024-12-21T21:13:41.982+0000] {dagbag.py:588} INFO - Filling up the DagBag from /home/airflow/.local/lib/python3.12/site-packages/airflow/example_dags/example_xcomargs.py
[2024-12-21T21:13:42.002+0000] {processor.py:925} INFO - DAG(s) 'example_xcom_args', 'example_xcom_args_with_operators' retrieved from /home/airflow/.local/lib/python3.12/site-packages/airflow/example_dags/example_xcomargs.py
[2024-12-21T21:13:42.055+0000] {logging_mixin.py:190} INFO - [2024-12-21T21:13:42.055+0000] {dag.py:3239} INFO - Sync 2 DAGs
[2024-12-21T21:13:42.088+0000] {logging_mixin.py:190} INFO - [2024-12-21T21:13:42.088+0000] {dag.py:4180} INFO - Setting next_dagrun for example_xcom_args to None, run_after=None
[2024-12-21T21:13:42.098+0000] {logging_mixin.py:190} INFO - [2024-12-21T21:13:42.098+0000] {dag.py:4180} INFO - Setting next_dagrun for example_xcom_args_with_operators to None, run_after=None
[2024-12-21T21:13:42.137+0000] {processor.py:208} INFO - Processing /home/airflow/.local/lib/python3.12/site-packages/airflow/example_dags/example_xcomargs.py took 0.173 seconds
[2024-12-21T21:14:12.992+0000] {processor.py:186} INFO - Started process (PID=1993) to work on /home/airflow/.local/lib/python3.12/site-packages/airflow/example_dags/example_xcomargs.py
[2024-12-21T21:14:12.993+0000] {processor.py:914} INFO - Processing file /home/airflow/.local/lib/python3.12/site-packages/airflow/example_dags/example_xcomargs.py for tasks to queue
[2024-12-21T21:14:12.998+0000] {logging_mixin.py:190} INFO - [2024-12-21T21:14:12.998+0000] {dagbag.py:588} INFO - Filling up the DagBag from /home/airflow/.local/lib/python3.12/site-packages/airflow/example_dags/example_xcomargs.py
[2024-12-21T21:14:13.022+0000] {processor.py:925} INFO - DAG(s) 'example_xcom_args_with_operators', 'example_xcom_args' retrieved from /home/airflow/.local/lib/python3.12/site-packages/airflow/example_dags/example_xcomargs.py
[2024-12-21T21:14:13.074+0000] {logging_mixin.py:190} INFO - [2024-12-21T21:14:13.074+0000] {dag.py:3239} INFO - Sync 2 DAGs
[2024-12-21T21:14:13.105+0000] {logging_mixin.py:190} INFO - [2024-12-21T21:14:13.104+0000] {dag.py:4180} INFO - Setting next_dagrun for example_xcom_args to None, run_after=None
[2024-12-21T21:14:13.113+0000] {logging_mixin.py:190} INFO - [2024-12-21T21:14:13.113+0000] {dag.py:4180} INFO - Setting next_dagrun for example_xcom_args_with_operators to None, run_after=None
[2024-12-21T21:14:13.152+0000] {processor.py:208} INFO - Processing /home/airflow/.local/lib/python3.12/site-packages/airflow/example_dags/example_xcomargs.py took 0.171 seconds
[2024-12-21T21:14:43.305+0000] {processor.py:186} INFO - Started process (PID=2289) to work on /home/airflow/.local/lib/python3.12/site-packages/airflow/example_dags/example_xcomargs.py
[2024-12-21T21:14:43.307+0000] {processor.py:914} INFO - Processing file /home/airflow/.local/lib/python3.12/site-packages/airflow/example_dags/example_xcomargs.py for tasks to queue
[2024-12-21T21:14:43.311+0000] {logging_mixin.py:190} INFO - [2024-12-21T21:14:43.311+0000] {dagbag.py:588} INFO - Filling up the DagBag from /home/airflow/.local/lib/python3.12/site-packages/airflow/example_dags/example_xcomargs.py
[2024-12-21T21:14:43.332+0000] {processor.py:925} INFO - DAG(s) 'example_xcom_args', 'example_xcom_args_with_operators' retrieved from /home/airflow/.local/lib/python3.12/site-packages/airflow/example_dags/example_xcomargs.py
[2024-12-21T21:14:43.378+0000] {logging_mixin.py:190} INFO - [2024-12-21T21:14:43.378+0000] {dag.py:3239} INFO - Sync 2 DAGs
[2024-12-21T21:14:43.410+0000] {logging_mixin.py:190} INFO - [2024-12-21T21:14:43.409+0000] {dag.py:4180} INFO - Setting next_dagrun for example_xcom_args to None, run_after=None
[2024-12-21T21:14:43.421+0000] {logging_mixin.py:190} INFO - [2024-12-21T21:14:43.420+0000] {dag.py:4180} INFO - Setting next_dagrun for example_xcom_args_with_operators to None, run_after=None
[2024-12-21T21:14:43.462+0000] {processor.py:208} INFO - Processing /home/airflow/.local/lib/python3.12/site-packages/airflow/example_dags/example_xcomargs.py took 0.171 seconds
[2024-12-21T21:15:13.586+0000] {processor.py:186} INFO - Started process (PID=2585) to work on /home/airflow/.local/lib/python3.12/site-packages/airflow/example_dags/example_xcomargs.py
[2024-12-21T21:15:13.588+0000] {processor.py:914} INFO - Processing file /home/airflow/.local/lib/python3.12/site-packages/airflow/example_dags/example_xcomargs.py for tasks to queue
[2024-12-21T21:15:13.592+0000] {logging_mixin.py:190} INFO - [2024-12-21T21:15:13.592+0000] {dagbag.py:588} INFO - Filling up the DagBag from /home/airflow/.local/lib/python3.12/site-packages/airflow/example_dags/example_xcomargs.py
[2024-12-21T21:15:13.614+0000] {processor.py:925} INFO - DAG(s) 'example_xcom_args', 'example_xcom_args_with_operators' retrieved from /home/airflow/.local/lib/python3.12/site-packages/airflow/example_dags/example_xcomargs.py
[2024-12-21T21:15:13.664+0000] {logging_mixin.py:190} INFO - [2024-12-21T21:15:13.663+0000] {dag.py:3239} INFO - Sync 2 DAGs
[2024-12-21T21:15:13.700+0000] {logging_mixin.py:190} INFO - [2024-12-21T21:15:13.699+0000] {dag.py:4180} INFO - Setting next_dagrun for example_xcom_args to None, run_after=None
[2024-12-21T21:15:13.708+0000] {logging_mixin.py:190} INFO - [2024-12-21T21:15:13.708+0000] {dag.py:4180} INFO - Setting next_dagrun for example_xcom_args_with_operators to None, run_after=None
[2024-12-21T21:15:13.746+0000] {processor.py:208} INFO - Processing /home/airflow/.local/lib/python3.12/site-packages/airflow/example_dags/example_xcomargs.py took 0.171 seconds
[2024-12-21T21:15:44.363+0000] {processor.py:186} INFO - Started process (PID=2881) to work on /home/airflow/.local/lib/python3.12/site-packages/airflow/example_dags/example_xcomargs.py
[2024-12-21T21:15:44.365+0000] {processor.py:914} INFO - Processing file /home/airflow/.local/lib/python3.12/site-packages/airflow/example_dags/example_xcomargs.py for tasks to queue
[2024-12-21T21:15:44.369+0000] {logging_mixin.py:190} INFO - [2024-12-21T21:15:44.369+0000] {dagbag.py:588} INFO - Filling up the DagBag from /home/airflow/.local/lib/python3.12/site-packages/airflow/example_dags/example_xcomargs.py
[2024-12-21T21:15:44.392+0000] {processor.py:925} INFO - DAG(s) 'example_xcom_args_with_operators', 'example_xcom_args' retrieved from /home/airflow/.local/lib/python3.12/site-packages/airflow/example_dags/example_xcomargs.py
[2024-12-21T21:15:44.444+0000] {logging_mixin.py:190} INFO - [2024-12-21T21:15:44.444+0000] {dag.py:3239} INFO - Sync 2 DAGs
[2024-12-21T21:15:44.475+0000] {logging_mixin.py:190} INFO - [2024-12-21T21:15:44.474+0000] {dag.py:4180} INFO - Setting next_dagrun for example_xcom_args to None, run_after=None
[2024-12-21T21:15:44.484+0000] {logging_mixin.py:190} INFO - [2024-12-21T21:15:44.483+0000] {dag.py:4180} INFO - Setting next_dagrun for example_xcom_args_with_operators to None, run_after=None
[2024-12-21T21:15:44.523+0000] {processor.py:208} INFO - Processing /home/airflow/.local/lib/python3.12/site-packages/airflow/example_dags/example_xcomargs.py took 0.171 seconds
