[2024-12-21T21:11:22.059+0000] {processor.py:186} INFO - Started process (PID=357) to work on /home/airflow/.local/lib/python3.12/site-packages/airflow/example_dags/example_trigger_target_dag.py
[2024-12-21T21:11:22.062+0000] {processor.py:914} INFO - Processing file /home/airflow/.local/lib/python3.12/site-packages/airflow/example_dags/example_trigger_target_dag.py for tasks to queue
[2024-12-21T21:11:22.067+0000] {logging_mixin.py:190} INFO - [2024-12-21T21:11:22.066+0000] {dagbag.py:588} INFO - Filling up the DagBag from /home/airflow/.local/lib/python3.12/site-packages/airflow/example_dags/example_trigger_target_dag.py
[2024-12-21T21:11:22.085+0000] {processor.py:925} INFO - DAG(s) 'example_trigger_target_dag' retrieved from /home/airflow/.local/lib/python3.12/site-packages/airflow/example_dags/example_trigger_target_dag.py
[2024-12-21T21:11:22.341+0000] {logging_mixin.py:190} INFO - [2024-12-21T21:11:22.339+0000] {override.py:1911} INFO - Created Permission View: can delete on DAG:example_trigger_target_dag
[2024-12-21T21:11:22.365+0000] {logging_mixin.py:190} INFO - [2024-12-21T21:11:22.365+0000] {override.py:1911} INFO - Created Permission View: can edit on DAG:example_trigger_target_dag
[2024-12-21T21:11:22.382+0000] {logging_mixin.py:190} INFO - [2024-12-21T21:11:22.381+0000] {override.py:1911} INFO - Created Permission View: can read on DAG:example_trigger_target_dag
[2024-12-21T21:11:22.402+0000] {logging_mixin.py:190} INFO - [2024-12-21T21:11:22.401+0000] {override.py:1911} INFO - Created Permission View: can delete on DAG Run:example_trigger_target_dag
[2024-12-21T21:11:22.421+0000] {logging_mixin.py:190} INFO - [2024-12-21T21:11:22.420+0000] {override.py:1911} INFO - Created Permission View: can read on DAG Run:example_trigger_target_dag
[2024-12-21T21:11:22.441+0000] {logging_mixin.py:190} INFO - [2024-12-21T21:11:22.440+0000] {override.py:1911} INFO - Created Permission View: can create on DAG Run:example_trigger_target_dag
[2024-12-21T21:11:22.457+0000] {logging_mixin.py:190} INFO - [2024-12-21T21:11:22.456+0000] {override.py:1911} INFO - Created Permission View: menu access on DAG Run:example_trigger_target_dag
[2024-12-21T21:11:22.458+0000] {logging_mixin.py:190} INFO - [2024-12-21T21:11:22.458+0000] {dag.py:3239} INFO - Sync 1 DAGs
[2024-12-21T21:11:22.485+0000] {logging_mixin.py:190} INFO - [2024-12-21T21:11:22.484+0000] {dag.py:3262} INFO - Creating ORM DAG for example_trigger_target_dag
[2024-12-21T21:11:22.487+0000] {logging_mixin.py:190} INFO - [2024-12-21T21:11:22.486+0000] {dag.py:4180} INFO - Setting next_dagrun for example_trigger_target_dag to None, run_after=None
[2024-12-21T21:11:22.533+0000] {processor.py:208} INFO - Processing /home/airflow/.local/lib/python3.12/site-packages/airflow/example_dags/example_trigger_target_dag.py took 0.486 seconds
[2024-12-21T21:11:52.716+0000] {processor.py:186} INFO - Started process (PID=655) to work on /home/airflow/.local/lib/python3.12/site-packages/airflow/example_dags/example_trigger_target_dag.py
[2024-12-21T21:11:52.719+0000] {processor.py:914} INFO - Processing file /home/airflow/.local/lib/python3.12/site-packages/airflow/example_dags/example_trigger_target_dag.py for tasks to queue
[2024-12-21T21:11:52.724+0000] {logging_mixin.py:190} INFO - [2024-12-21T21:11:52.723+0000] {dagbag.py:588} INFO - Filling up the DagBag from /home/airflow/.local/lib/python3.12/site-packages/airflow/example_dags/example_trigger_target_dag.py
[2024-12-21T21:11:52.743+0000] {processor.py:925} INFO - DAG(s) 'example_trigger_target_dag' retrieved from /home/airflow/.local/lib/python3.12/site-packages/airflow/example_dags/example_trigger_target_dag.py
[2024-12-21T21:11:52.787+0000] {logging_mixin.py:190} INFO - [2024-12-21T21:11:52.787+0000] {dag.py:3239} INFO - Sync 1 DAGs
[2024-12-21T21:11:52.822+0000] {logging_mixin.py:190} INFO - [2024-12-21T21:11:52.822+0000] {dag.py:4180} INFO - Setting next_dagrun for example_trigger_target_dag to None, run_after=None
[2024-12-21T21:11:52.864+0000] {processor.py:208} INFO - Processing /home/airflow/.local/lib/python3.12/site-packages/airflow/example_dags/example_trigger_target_dag.py took 0.161 seconds
[2024-12-21T21:12:23.723+0000] {processor.py:186} INFO - Started process (PID=949) to work on /home/airflow/.local/lib/python3.12/site-packages/airflow/example_dags/example_trigger_target_dag.py
[2024-12-21T21:12:23.724+0000] {processor.py:914} INFO - Processing file /home/airflow/.local/lib/python3.12/site-packages/airflow/example_dags/example_trigger_target_dag.py for tasks to queue
[2024-12-21T21:12:23.728+0000] {logging_mixin.py:190} INFO - [2024-12-21T21:12:23.728+0000] {dagbag.py:588} INFO - Filling up the DagBag from /home/airflow/.local/lib/python3.12/site-packages/airflow/example_dags/example_trigger_target_dag.py
[2024-12-21T21:12:23.746+0000] {processor.py:925} INFO - DAG(s) 'example_trigger_target_dag' retrieved from /home/airflow/.local/lib/python3.12/site-packages/airflow/example_dags/example_trigger_target_dag.py
[2024-12-21T21:12:23.785+0000] {logging_mixin.py:190} INFO - [2024-12-21T21:12:23.784+0000] {dag.py:3239} INFO - Sync 1 DAGs
[2024-12-21T21:12:23.815+0000] {logging_mixin.py:190} INFO - [2024-12-21T21:12:23.815+0000] {dag.py:4180} INFO - Setting next_dagrun for example_trigger_target_dag to None, run_after=None
[2024-12-21T21:12:23.856+0000] {processor.py:208} INFO - Processing /home/airflow/.local/lib/python3.12/site-packages/airflow/example_dags/example_trigger_target_dag.py took 0.145 seconds
[2024-12-21T21:12:54.384+0000] {processor.py:186} INFO - Started process (PID=1245) to work on /home/airflow/.local/lib/python3.12/site-packages/airflow/example_dags/example_trigger_target_dag.py
[2024-12-21T21:12:54.386+0000] {processor.py:914} INFO - Processing file /home/airflow/.local/lib/python3.12/site-packages/airflow/example_dags/example_trigger_target_dag.py for tasks to queue
[2024-12-21T21:12:54.390+0000] {logging_mixin.py:190} INFO - [2024-12-21T21:12:54.390+0000] {dagbag.py:588} INFO - Filling up the DagBag from /home/airflow/.local/lib/python3.12/site-packages/airflow/example_dags/example_trigger_target_dag.py
[2024-12-21T21:12:54.404+0000] {processor.py:925} INFO - DAG(s) 'example_trigger_target_dag' retrieved from /home/airflow/.local/lib/python3.12/site-packages/airflow/example_dags/example_trigger_target_dag.py
[2024-12-21T21:12:54.443+0000] {logging_mixin.py:190} INFO - [2024-12-21T21:12:54.442+0000] {dag.py:3239} INFO - Sync 1 DAGs
[2024-12-21T21:12:54.471+0000] {logging_mixin.py:190} INFO - [2024-12-21T21:12:54.470+0000] {dag.py:4180} INFO - Setting next_dagrun for example_trigger_target_dag to None, run_after=None
[2024-12-21T21:12:54.535+0000] {processor.py:208} INFO - Processing /home/airflow/.local/lib/python3.12/site-packages/airflow/example_dags/example_trigger_target_dag.py took 0.161 seconds
[2024-12-21T21:13:25.928+0000] {processor.py:186} INFO - Started process (PID=1544) to work on /home/airflow/.local/lib/python3.12/site-packages/airflow/example_dags/example_trigger_target_dag.py
[2024-12-21T21:13:25.930+0000] {processor.py:914} INFO - Processing file /home/airflow/.local/lib/python3.12/site-packages/airflow/example_dags/example_trigger_target_dag.py for tasks to queue
[2024-12-21T21:13:25.935+0000] {logging_mixin.py:190} INFO - [2024-12-21T21:13:25.935+0000] {dagbag.py:588} INFO - Filling up the DagBag from /home/airflow/.local/lib/python3.12/site-packages/airflow/example_dags/example_trigger_target_dag.py
[2024-12-21T21:13:25.950+0000] {processor.py:925} INFO - DAG(s) 'example_trigger_target_dag' retrieved from /home/airflow/.local/lib/python3.12/site-packages/airflow/example_dags/example_trigger_target_dag.py
[2024-12-21T21:13:25.991+0000] {logging_mixin.py:190} INFO - [2024-12-21T21:13:25.991+0000] {dag.py:3239} INFO - Sync 1 DAGs
[2024-12-21T21:13:26.029+0000] {logging_mixin.py:190} INFO - [2024-12-21T21:13:26.028+0000] {dag.py:4180} INFO - Setting next_dagrun for example_trigger_target_dag to None, run_after=None
[2024-12-21T21:13:26.069+0000] {processor.py:208} INFO - Processing /home/airflow/.local/lib/python3.12/site-packages/airflow/example_dags/example_trigger_target_dag.py took 0.152 seconds
[2024-12-21T21:13:56.658+0000] {processor.py:186} INFO - Started process (PID=1838) to work on /home/airflow/.local/lib/python3.12/site-packages/airflow/example_dags/example_trigger_target_dag.py
[2024-12-21T21:13:56.660+0000] {processor.py:914} INFO - Processing file /home/airflow/.local/lib/python3.12/site-packages/airflow/example_dags/example_trigger_target_dag.py for tasks to queue
[2024-12-21T21:13:56.665+0000] {logging_mixin.py:190} INFO - [2024-12-21T21:13:56.664+0000] {dagbag.py:588} INFO - Filling up the DagBag from /home/airflow/.local/lib/python3.12/site-packages/airflow/example_dags/example_trigger_target_dag.py
[2024-12-21T21:13:56.679+0000] {processor.py:925} INFO - DAG(s) 'example_trigger_target_dag' retrieved from /home/airflow/.local/lib/python3.12/site-packages/airflow/example_dags/example_trigger_target_dag.py
[2024-12-21T21:13:56.721+0000] {logging_mixin.py:190} INFO - [2024-12-21T21:13:56.720+0000] {dag.py:3239} INFO - Sync 1 DAGs
[2024-12-21T21:13:56.752+0000] {logging_mixin.py:190} INFO - [2024-12-21T21:13:56.752+0000] {dag.py:4180} INFO - Setting next_dagrun for example_trigger_target_dag to None, run_after=None
[2024-12-21T21:13:56.815+0000] {processor.py:208} INFO - Processing /home/airflow/.local/lib/python3.12/site-packages/airflow/example_dags/example_trigger_target_dag.py took 0.168 seconds
[2024-12-21T21:14:27.780+0000] {processor.py:186} INFO - Started process (PID=2134) to work on /home/airflow/.local/lib/python3.12/site-packages/airflow/example_dags/example_trigger_target_dag.py
[2024-12-21T21:14:27.781+0000] {processor.py:914} INFO - Processing file /home/airflow/.local/lib/python3.12/site-packages/airflow/example_dags/example_trigger_target_dag.py for tasks to queue
[2024-12-21T21:14:27.786+0000] {logging_mixin.py:190} INFO - [2024-12-21T21:14:27.785+0000] {dagbag.py:588} INFO - Filling up the DagBag from /home/airflow/.local/lib/python3.12/site-packages/airflow/example_dags/example_trigger_target_dag.py
[2024-12-21T21:14:27.805+0000] {processor.py:925} INFO - DAG(s) 'example_trigger_target_dag' retrieved from /home/airflow/.local/lib/python3.12/site-packages/airflow/example_dags/example_trigger_target_dag.py
[2024-12-21T21:14:27.846+0000] {logging_mixin.py:190} INFO - [2024-12-21T21:14:27.845+0000] {dag.py:3239} INFO - Sync 1 DAGs
[2024-12-21T21:14:27.875+0000] {logging_mixin.py:190} INFO - [2024-12-21T21:14:27.874+0000] {dag.py:4180} INFO - Setting next_dagrun for example_trigger_target_dag to None, run_after=None
[2024-12-21T21:14:27.943+0000] {processor.py:208} INFO - Processing /home/airflow/.local/lib/python3.12/site-packages/airflow/example_dags/example_trigger_target_dag.py took 0.176 seconds
[2024-12-21T21:14:58.102+0000] {processor.py:186} INFO - Started process (PID=2425) to work on /home/airflow/.local/lib/python3.12/site-packages/airflow/example_dags/example_trigger_target_dag.py
[2024-12-21T21:14:58.104+0000] {processor.py:914} INFO - Processing file /home/airflow/.local/lib/python3.12/site-packages/airflow/example_dags/example_trigger_target_dag.py for tasks to queue
[2024-12-21T21:14:58.108+0000] {logging_mixin.py:190} INFO - [2024-12-21T21:14:58.108+0000] {dagbag.py:588} INFO - Filling up the DagBag from /home/airflow/.local/lib/python3.12/site-packages/airflow/example_dags/example_trigger_target_dag.py
[2024-12-21T21:14:58.126+0000] {processor.py:925} INFO - DAG(s) 'example_trigger_target_dag' retrieved from /home/airflow/.local/lib/python3.12/site-packages/airflow/example_dags/example_trigger_target_dag.py
[2024-12-21T21:14:58.173+0000] {logging_mixin.py:190} INFO - [2024-12-21T21:14:58.173+0000] {dag.py:3239} INFO - Sync 1 DAGs
[2024-12-21T21:14:58.206+0000] {logging_mixin.py:190} INFO - [2024-12-21T21:14:58.206+0000] {dag.py:4180} INFO - Setting next_dagrun for example_trigger_target_dag to None, run_after=None
[2024-12-21T21:14:58.249+0000] {processor.py:208} INFO - Processing /home/airflow/.local/lib/python3.12/site-packages/airflow/example_dags/example_trigger_target_dag.py took 0.158 seconds
[2024-12-21T21:15:28.504+0000] {processor.py:186} INFO - Started process (PID=2718) to work on /home/airflow/.local/lib/python3.12/site-packages/airflow/example_dags/example_trigger_target_dag.py
[2024-12-21T21:15:28.506+0000] {processor.py:914} INFO - Processing file /home/airflow/.local/lib/python3.12/site-packages/airflow/example_dags/example_trigger_target_dag.py for tasks to queue
[2024-12-21T21:15:28.510+0000] {logging_mixin.py:190} INFO - [2024-12-21T21:15:28.510+0000] {dagbag.py:588} INFO - Filling up the DagBag from /home/airflow/.local/lib/python3.12/site-packages/airflow/example_dags/example_trigger_target_dag.py
[2024-12-21T21:15:28.525+0000] {processor.py:925} INFO - DAG(s) 'example_trigger_target_dag' retrieved from /home/airflow/.local/lib/python3.12/site-packages/airflow/example_dags/example_trigger_target_dag.py
[2024-12-21T21:15:28.565+0000] {logging_mixin.py:190} INFO - [2024-12-21T21:15:28.565+0000] {dag.py:3239} INFO - Sync 1 DAGs
[2024-12-21T21:15:28.595+0000] {logging_mixin.py:190} INFO - [2024-12-21T21:15:28.595+0000] {dag.py:4180} INFO - Setting next_dagrun for example_trigger_target_dag to None, run_after=None
[2024-12-21T21:15:28.660+0000] {processor.py:208} INFO - Processing /home/airflow/.local/lib/python3.12/site-packages/airflow/example_dags/example_trigger_target_dag.py took 0.171 seconds
[2024-12-21T21:15:59.027+0000] {processor.py:186} INFO - Started process (PID=3012) to work on /home/airflow/.local/lib/python3.12/site-packages/airflow/example_dags/example_trigger_target_dag.py
[2024-12-21T21:15:59.030+0000] {processor.py:914} INFO - Processing file /home/airflow/.local/lib/python3.12/site-packages/airflow/example_dags/example_trigger_target_dag.py for tasks to queue
[2024-12-21T21:15:59.038+0000] {logging_mixin.py:190} INFO - [2024-12-21T21:15:59.036+0000] {dagbag.py:588} INFO - Filling up the DagBag from /home/airflow/.local/lib/python3.12/site-packages/airflow/example_dags/example_trigger_target_dag.py
[2024-12-21T21:15:59.061+0000] {processor.py:925} INFO - DAG(s) 'example_trigger_target_dag' retrieved from /home/airflow/.local/lib/python3.12/site-packages/airflow/example_dags/example_trigger_target_dag.py
[2024-12-21T21:15:59.124+0000] {logging_mixin.py:190} INFO - [2024-12-21T21:15:59.123+0000] {dag.py:3239} INFO - Sync 1 DAGs
[2024-12-21T21:15:59.175+0000] {logging_mixin.py:190} INFO - [2024-12-21T21:15:59.174+0000] {dag.py:4180} INFO - Setting next_dagrun for example_trigger_target_dag to None, run_after=None
[2024-12-21T21:15:59.239+0000] {processor.py:208} INFO - Processing /home/airflow/.local/lib/python3.12/site-packages/airflow/example_dags/example_trigger_target_dag.py took 0.227 seconds
