[2024-12-21T21:11:26.651+0000] {processor.py:186} INFO - Started process (PID=413) to work on /home/airflow/.local/lib/python3.12/site-packages/airflow/example_dags/example_setup_teardown.py
[2024-12-21T21:11:26.653+0000] {processor.py:914} INFO - Processing file /home/airflow/.local/lib/python3.12/site-packages/airflow/example_dags/example_setup_teardown.py for tasks to queue
[2024-12-21T21:11:26.659+0000] {logging_mixin.py:190} INFO - [2024-12-21T21:11:26.658+0000] {dagbag.py:588} INFO - Filling up the DagBag from /home/airflow/.local/lib/python3.12/site-packages/airflow/example_dags/example_setup_teardown.py
[2024-12-21T21:11:26.679+0000] {processor.py:925} INFO - DAG(s) 'example_setup_teardown' retrieved from /home/airflow/.local/lib/python3.12/site-packages/airflow/example_dags/example_setup_teardown.py
[2024-12-21T21:11:26.910+0000] {logging_mixin.py:190} INFO - [2024-12-21T21:11:26.909+0000] {override.py:1911} INFO - Created Permission View: can delete on DAG:example_setup_teardown
[2024-12-21T21:11:26.930+0000] {logging_mixin.py:190} INFO - [2024-12-21T21:11:26.929+0000] {override.py:1911} INFO - Created Permission View: can edit on DAG:example_setup_teardown
[2024-12-21T21:11:26.945+0000] {logging_mixin.py:190} INFO - [2024-12-21T21:11:26.945+0000] {override.py:1911} INFO - Created Permission View: can read on DAG:example_setup_teardown
[2024-12-21T21:11:26.962+0000] {logging_mixin.py:190} INFO - [2024-12-21T21:11:26.962+0000] {override.py:1911} INFO - Created Permission View: can delete on DAG Run:example_setup_teardown
[2024-12-21T21:11:26.980+0000] {logging_mixin.py:190} INFO - [2024-12-21T21:11:26.979+0000] {override.py:1911} INFO - Created Permission View: can read on DAG Run:example_setup_teardown
[2024-12-21T21:11:27.002+0000] {logging_mixin.py:190} INFO - [2024-12-21T21:11:27.001+0000] {override.py:1911} INFO - Created Permission View: can create on DAG Run:example_setup_teardown
[2024-12-21T21:11:27.021+0000] {logging_mixin.py:190} INFO - [2024-12-21T21:11:27.020+0000] {override.py:1911} INFO - Created Permission View: menu access on DAG Run:example_setup_teardown
[2024-12-21T21:11:27.024+0000] {logging_mixin.py:190} INFO - [2024-12-21T21:11:27.023+0000] {dag.py:3239} INFO - Sync 1 DAGs
[2024-12-21T21:11:27.059+0000] {logging_mixin.py:190} INFO - [2024-12-21T21:11:27.059+0000] {dag.py:3262} INFO - Creating ORM DAG for example_setup_teardown
[2024-12-21T21:11:27.061+0000] {logging_mixin.py:190} INFO - [2024-12-21T21:11:27.061+0000] {dag.py:4180} INFO - Setting next_dagrun for example_setup_teardown to None, run_after=None
[2024-12-21T21:11:27.095+0000] {processor.py:208} INFO - Processing /home/airflow/.local/lib/python3.12/site-packages/airflow/example_dags/example_setup_teardown.py took 0.457 seconds
[2024-12-21T21:11:57.367+0000] {processor.py:186} INFO - Started process (PID=709) to work on /home/airflow/.local/lib/python3.12/site-packages/airflow/example_dags/example_setup_teardown.py
[2024-12-21T21:11:57.369+0000] {processor.py:914} INFO - Processing file /home/airflow/.local/lib/python3.12/site-packages/airflow/example_dags/example_setup_teardown.py for tasks to queue
[2024-12-21T21:11:57.373+0000] {logging_mixin.py:190} INFO - [2024-12-21T21:11:57.373+0000] {dagbag.py:588} INFO - Filling up the DagBag from /home/airflow/.local/lib/python3.12/site-packages/airflow/example_dags/example_setup_teardown.py
[2024-12-21T21:11:57.394+0000] {processor.py:925} INFO - DAG(s) 'example_setup_teardown' retrieved from /home/airflow/.local/lib/python3.12/site-packages/airflow/example_dags/example_setup_teardown.py
[2024-12-21T21:11:57.440+0000] {logging_mixin.py:190} INFO - [2024-12-21T21:11:57.439+0000] {dag.py:3239} INFO - Sync 1 DAGs
[2024-12-21T21:11:57.470+0000] {logging_mixin.py:190} INFO - [2024-12-21T21:11:57.469+0000] {dag.py:4180} INFO - Setting next_dagrun for example_setup_teardown to None, run_after=None
[2024-12-21T21:11:57.508+0000] {processor.py:208} INFO - Processing /home/airflow/.local/lib/python3.12/site-packages/airflow/example_dags/example_setup_teardown.py took 0.152 seconds
[2024-12-21T21:12:29.770+0000] {processor.py:186} INFO - Started process (PID=1005) to work on /home/airflow/.local/lib/python3.12/site-packages/airflow/example_dags/example_setup_teardown.py
[2024-12-21T21:12:29.772+0000] {processor.py:914} INFO - Processing file /home/airflow/.local/lib/python3.12/site-packages/airflow/example_dags/example_setup_teardown.py for tasks to queue
[2024-12-21T21:12:29.777+0000] {logging_mixin.py:190} INFO - [2024-12-21T21:12:29.777+0000] {dagbag.py:588} INFO - Filling up the DagBag from /home/airflow/.local/lib/python3.12/site-packages/airflow/example_dags/example_setup_teardown.py
[2024-12-21T21:12:29.794+0000] {processor.py:925} INFO - DAG(s) 'example_setup_teardown' retrieved from /home/airflow/.local/lib/python3.12/site-packages/airflow/example_dags/example_setup_teardown.py
[2024-12-21T21:12:29.835+0000] {logging_mixin.py:190} INFO - [2024-12-21T21:12:29.834+0000] {dag.py:3239} INFO - Sync 1 DAGs
[2024-12-21T21:12:29.863+0000] {logging_mixin.py:190} INFO - [2024-12-21T21:12:29.862+0000] {dag.py:4180} INFO - Setting next_dagrun for example_setup_teardown to None, run_after=None
[2024-12-21T21:12:29.900+0000] {processor.py:208} INFO - Processing /home/airflow/.local/lib/python3.12/site-packages/airflow/example_dags/example_setup_teardown.py took 0.145 seconds
[2024-12-21T21:13:01.202+0000] {processor.py:186} INFO - Started process (PID=1301) to work on /home/airflow/.local/lib/python3.12/site-packages/airflow/example_dags/example_setup_teardown.py
[2024-12-21T21:13:01.204+0000] {processor.py:914} INFO - Processing file /home/airflow/.local/lib/python3.12/site-packages/airflow/example_dags/example_setup_teardown.py for tasks to queue
[2024-12-21T21:13:01.208+0000] {logging_mixin.py:190} INFO - [2024-12-21T21:13:01.208+0000] {dagbag.py:588} INFO - Filling up the DagBag from /home/airflow/.local/lib/python3.12/site-packages/airflow/example_dags/example_setup_teardown.py
[2024-12-21T21:13:01.224+0000] {processor.py:925} INFO - DAG(s) 'example_setup_teardown' retrieved from /home/airflow/.local/lib/python3.12/site-packages/airflow/example_dags/example_setup_teardown.py
[2024-12-21T21:13:01.270+0000] {logging_mixin.py:190} INFO - [2024-12-21T21:13:01.270+0000] {dag.py:3239} INFO - Sync 1 DAGs
[2024-12-21T21:13:01.300+0000] {logging_mixin.py:190} INFO - [2024-12-21T21:13:01.299+0000] {dag.py:4180} INFO - Setting next_dagrun for example_setup_teardown to None, run_after=None
[2024-12-21T21:13:01.339+0000] {processor.py:208} INFO - Processing /home/airflow/.local/lib/python3.12/site-packages/airflow/example_dags/example_setup_teardown.py took 0.150 seconds
[2024-12-21T21:13:33.325+0000] {processor.py:186} INFO - Started process (PID=1597) to work on /home/airflow/.local/lib/python3.12/site-packages/airflow/example_dags/example_setup_teardown.py
[2024-12-21T21:13:33.327+0000] {processor.py:914} INFO - Processing file /home/airflow/.local/lib/python3.12/site-packages/airflow/example_dags/example_setup_teardown.py for tasks to queue
[2024-12-21T21:13:33.332+0000] {logging_mixin.py:190} INFO - [2024-12-21T21:13:33.331+0000] {dagbag.py:588} INFO - Filling up the DagBag from /home/airflow/.local/lib/python3.12/site-packages/airflow/example_dags/example_setup_teardown.py
[2024-12-21T21:13:33.347+0000] {processor.py:925} INFO - DAG(s) 'example_setup_teardown' retrieved from /home/airflow/.local/lib/python3.12/site-packages/airflow/example_dags/example_setup_teardown.py
[2024-12-21T21:13:33.399+0000] {logging_mixin.py:190} INFO - [2024-12-21T21:13:33.398+0000] {dag.py:3239} INFO - Sync 1 DAGs
[2024-12-21T21:13:33.429+0000] {logging_mixin.py:190} INFO - [2024-12-21T21:13:33.428+0000] {dag.py:4180} INFO - Setting next_dagrun for example_setup_teardown to None, run_after=None
[2024-12-21T21:13:33.490+0000] {processor.py:208} INFO - Processing /home/airflow/.local/lib/python3.12/site-packages/airflow/example_dags/example_setup_teardown.py took 0.182 seconds
[2024-12-21T21:14:05.485+0000] {processor.py:186} INFO - Started process (PID=1893) to work on /home/airflow/.local/lib/python3.12/site-packages/airflow/example_dags/example_setup_teardown.py
[2024-12-21T21:14:05.489+0000] {processor.py:914} INFO - Processing file /home/airflow/.local/lib/python3.12/site-packages/airflow/example_dags/example_setup_teardown.py for tasks to queue
[2024-12-21T21:14:05.496+0000] {logging_mixin.py:190} INFO - [2024-12-21T21:14:05.495+0000] {dagbag.py:588} INFO - Filling up the DagBag from /home/airflow/.local/lib/python3.12/site-packages/airflow/example_dags/example_setup_teardown.py
[2024-12-21T21:14:05.517+0000] {processor.py:925} INFO - DAG(s) 'example_setup_teardown' retrieved from /home/airflow/.local/lib/python3.12/site-packages/airflow/example_dags/example_setup_teardown.py
[2024-12-21T21:14:05.562+0000] {logging_mixin.py:190} INFO - [2024-12-21T21:14:05.562+0000] {dag.py:3239} INFO - Sync 1 DAGs
[2024-12-21T21:14:05.599+0000] {logging_mixin.py:190} INFO - [2024-12-21T21:14:05.599+0000] {dag.py:4180} INFO - Setting next_dagrun for example_setup_teardown to None, run_after=None
[2024-12-21T21:14:05.660+0000] {processor.py:208} INFO - Processing /home/airflow/.local/lib/python3.12/site-packages/airflow/example_dags/example_setup_teardown.py took 0.220 seconds
[2024-12-21T21:14:36.906+0000] {processor.py:186} INFO - Started process (PID=2189) to work on /home/airflow/.local/lib/python3.12/site-packages/airflow/example_dags/example_setup_teardown.py
[2024-12-21T21:14:36.908+0000] {processor.py:914} INFO - Processing file /home/airflow/.local/lib/python3.12/site-packages/airflow/example_dags/example_setup_teardown.py for tasks to queue
[2024-12-21T21:14:36.912+0000] {logging_mixin.py:190} INFO - [2024-12-21T21:14:36.912+0000] {dagbag.py:588} INFO - Filling up the DagBag from /home/airflow/.local/lib/python3.12/site-packages/airflow/example_dags/example_setup_teardown.py
[2024-12-21T21:14:36.930+0000] {processor.py:925} INFO - DAG(s) 'example_setup_teardown' retrieved from /home/airflow/.local/lib/python3.12/site-packages/airflow/example_dags/example_setup_teardown.py
[2024-12-21T21:14:36.975+0000] {logging_mixin.py:190} INFO - [2024-12-21T21:14:36.975+0000] {dag.py:3239} INFO - Sync 1 DAGs
[2024-12-21T21:14:37.008+0000] {logging_mixin.py:190} INFO - [2024-12-21T21:14:37.008+0000] {dag.py:4180} INFO - Setting next_dagrun for example_setup_teardown to None, run_after=None
[2024-12-21T21:14:37.051+0000] {processor.py:208} INFO - Processing /home/airflow/.local/lib/python3.12/site-packages/airflow/example_dags/example_setup_teardown.py took 0.156 seconds
[2024-12-21T21:15:09.626+0000] {processor.py:186} INFO - Started process (PID=2487) to work on /home/airflow/.local/lib/python3.12/site-packages/airflow/example_dags/example_setup_teardown.py
[2024-12-21T21:15:09.629+0000] {processor.py:914} INFO - Processing file /home/airflow/.local/lib/python3.12/site-packages/airflow/example_dags/example_setup_teardown.py for tasks to queue
[2024-12-21T21:15:09.633+0000] {logging_mixin.py:190} INFO - [2024-12-21T21:15:09.632+0000] {dagbag.py:588} INFO - Filling up the DagBag from /home/airflow/.local/lib/python3.12/site-packages/airflow/example_dags/example_setup_teardown.py
[2024-12-21T21:15:09.649+0000] {processor.py:925} INFO - DAG(s) 'example_setup_teardown' retrieved from /home/airflow/.local/lib/python3.12/site-packages/airflow/example_dags/example_setup_teardown.py
[2024-12-21T21:15:09.694+0000] {logging_mixin.py:190} INFO - [2024-12-21T21:15:09.693+0000] {dag.py:3239} INFO - Sync 1 DAGs
[2024-12-21T21:15:09.730+0000] {logging_mixin.py:190} INFO - [2024-12-21T21:15:09.730+0000] {dag.py:4180} INFO - Setting next_dagrun for example_setup_teardown to None, run_after=None
[2024-12-21T21:15:09.794+0000] {processor.py:208} INFO - Processing /home/airflow/.local/lib/python3.12/site-packages/airflow/example_dags/example_setup_teardown.py took 0.182 seconds
[2024-12-21T21:15:40.955+0000] {processor.py:186} INFO - Started process (PID=2781) to work on /home/airflow/.local/lib/python3.12/site-packages/airflow/example_dags/example_setup_teardown.py
[2024-12-21T21:15:40.957+0000] {processor.py:914} INFO - Processing file /home/airflow/.local/lib/python3.12/site-packages/airflow/example_dags/example_setup_teardown.py for tasks to queue
[2024-12-21T21:15:40.962+0000] {logging_mixin.py:190} INFO - [2024-12-21T21:15:40.961+0000] {dagbag.py:588} INFO - Filling up the DagBag from /home/airflow/.local/lib/python3.12/site-packages/airflow/example_dags/example_setup_teardown.py
[2024-12-21T21:15:40.977+0000] {processor.py:925} INFO - DAG(s) 'example_setup_teardown' retrieved from /home/airflow/.local/lib/python3.12/site-packages/airflow/example_dags/example_setup_teardown.py
[2024-12-21T21:15:41.017+0000] {logging_mixin.py:190} INFO - [2024-12-21T21:15:41.016+0000] {dag.py:3239} INFO - Sync 1 DAGs
[2024-12-21T21:15:41.048+0000] {logging_mixin.py:190} INFO - [2024-12-21T21:15:41.048+0000] {dag.py:4180} INFO - Setting next_dagrun for example_setup_teardown to None, run_after=None
[2024-12-21T21:15:41.089+0000] {processor.py:208} INFO - Processing /home/airflow/.local/lib/python3.12/site-packages/airflow/example_dags/example_setup_teardown.py took 0.144 seconds
[2024-12-21T21:16:14.031+0000] {processor.py:186} INFO - Started process (PID=3077) to work on /home/airflow/.local/lib/python3.12/site-packages/airflow/example_dags/example_setup_teardown.py
[2024-12-21T21:16:14.033+0000] {processor.py:914} INFO - Processing file /home/airflow/.local/lib/python3.12/site-packages/airflow/example_dags/example_setup_teardown.py for tasks to queue
[2024-12-21T21:16:14.038+0000] {logging_mixin.py:190} INFO - [2024-12-21T21:16:14.038+0000] {dagbag.py:588} INFO - Filling up the DagBag from /home/airflow/.local/lib/python3.12/site-packages/airflow/example_dags/example_setup_teardown.py
[2024-12-21T21:16:14.066+0000] {processor.py:925} INFO - DAG(s) 'example_setup_teardown' retrieved from /home/airflow/.local/lib/python3.12/site-packages/airflow/example_dags/example_setup_teardown.py
[2024-12-21T21:16:14.118+0000] {logging_mixin.py:190} INFO - [2024-12-21T21:16:14.117+0000] {dag.py:3239} INFO - Sync 1 DAGs
[2024-12-21T21:16:14.153+0000] {logging_mixin.py:190} INFO - [2024-12-21T21:16:14.152+0000] {dag.py:4180} INFO - Setting next_dagrun for example_setup_teardown to None, run_after=None
[2024-12-21T21:16:14.220+0000] {processor.py:208} INFO - Processing /home/airflow/.local/lib/python3.12/site-packages/airflow/example_dags/example_setup_teardown.py took 0.202 seconds
[2024-12-21T21:16:46.359+0000] {processor.py:186} INFO - Started process (PID=3372) to work on /home/airflow/.local/lib/python3.12/site-packages/airflow/example_dags/example_setup_teardown.py
[2024-12-21T21:16:46.361+0000] {processor.py:914} INFO - Processing file /home/airflow/.local/lib/python3.12/site-packages/airflow/example_dags/example_setup_teardown.py for tasks to queue
[2024-12-21T21:16:46.367+0000] {logging_mixin.py:190} INFO - [2024-12-21T21:16:46.366+0000] {dagbag.py:588} INFO - Filling up the DagBag from /home/airflow/.local/lib/python3.12/site-packages/airflow/example_dags/example_setup_teardown.py
[2024-12-21T21:16:46.388+0000] {processor.py:925} INFO - DAG(s) 'example_setup_teardown' retrieved from /home/airflow/.local/lib/python3.12/site-packages/airflow/example_dags/example_setup_teardown.py
[2024-12-21T21:16:46.448+0000] {logging_mixin.py:190} INFO - [2024-12-21T21:16:46.448+0000] {dag.py:3239} INFO - Sync 1 DAGs
[2024-12-21T21:16:46.510+0000] {logging_mixin.py:190} INFO - [2024-12-21T21:16:46.509+0000] {dag.py:4180} INFO - Setting next_dagrun for example_setup_teardown to None, run_after=None
[2024-12-21T21:16:46.573+0000] {processor.py:208} INFO - Processing /home/airflow/.local/lib/python3.12/site-packages/airflow/example_dags/example_setup_teardown.py took 0.227 seconds
[2024-12-21T21:17:18.048+0000] {processor.py:186} INFO - Started process (PID=3668) to work on /home/airflow/.local/lib/python3.12/site-packages/airflow/example_dags/example_setup_teardown.py
[2024-12-21T21:17:18.051+0000] {processor.py:914} INFO - Processing file /home/airflow/.local/lib/python3.12/site-packages/airflow/example_dags/example_setup_teardown.py for tasks to queue
[2024-12-21T21:17:18.058+0000] {logging_mixin.py:190} INFO - [2024-12-21T21:17:18.057+0000] {dagbag.py:588} INFO - Filling up the DagBag from /home/airflow/.local/lib/python3.12/site-packages/airflow/example_dags/example_setup_teardown.py
[2024-12-21T21:17:18.088+0000] {processor.py:925} INFO - DAG(s) 'example_setup_teardown' retrieved from /home/airflow/.local/lib/python3.12/site-packages/airflow/example_dags/example_setup_teardown.py
[2024-12-21T21:17:18.144+0000] {logging_mixin.py:190} INFO - [2024-12-21T21:17:18.143+0000] {dag.py:3239} INFO - Sync 1 DAGs
[2024-12-21T21:17:18.177+0000] {logging_mixin.py:190} INFO - [2024-12-21T21:17:18.177+0000] {dag.py:4180} INFO - Setting next_dagrun for example_setup_teardown to None, run_after=None
[2024-12-21T21:17:18.216+0000] {processor.py:208} INFO - Processing /home/airflow/.local/lib/python3.12/site-packages/airflow/example_dags/example_setup_teardown.py took 0.195 seconds
[2024-12-21T21:17:51.317+0000] {processor.py:186} INFO - Started process (PID=3991) to work on /home/airflow/.local/lib/python3.12/site-packages/airflow/example_dags/example_setup_teardown.py
[2024-12-21T21:17:51.319+0000] {processor.py:914} INFO - Processing file /home/airflow/.local/lib/python3.12/site-packages/airflow/example_dags/example_setup_teardown.py for tasks to queue
[2024-12-21T21:17:51.324+0000] {logging_mixin.py:190} INFO - [2024-12-21T21:17:51.324+0000] {dagbag.py:588} INFO - Filling up the DagBag from /home/airflow/.local/lib/python3.12/site-packages/airflow/example_dags/example_setup_teardown.py
[2024-12-21T21:17:51.346+0000] {processor.py:925} INFO - DAG(s) 'example_setup_teardown' retrieved from /home/airflow/.local/lib/python3.12/site-packages/airflow/example_dags/example_setup_teardown.py
[2024-12-21T21:17:51.397+0000] {logging_mixin.py:190} INFO - [2024-12-21T21:17:51.396+0000] {dag.py:3239} INFO - Sync 1 DAGs
[2024-12-21T21:17:51.432+0000] {logging_mixin.py:190} INFO - [2024-12-21T21:17:51.432+0000] {dag.py:4180} INFO - Setting next_dagrun for example_setup_teardown to None, run_after=None
[2024-12-21T21:17:51.503+0000] {processor.py:208} INFO - Processing /home/airflow/.local/lib/python3.12/site-packages/airflow/example_dags/example_setup_teardown.py took 0.201 seconds
[2024-12-21T21:18:23.166+0000] {processor.py:186} INFO - Started process (PID=4285) to work on /home/airflow/.local/lib/python3.12/site-packages/airflow/example_dags/example_setup_teardown.py
[2024-12-21T21:18:23.169+0000] {processor.py:914} INFO - Processing file /home/airflow/.local/lib/python3.12/site-packages/airflow/example_dags/example_setup_teardown.py for tasks to queue
[2024-12-21T21:18:23.175+0000] {logging_mixin.py:190} INFO - [2024-12-21T21:18:23.174+0000] {dagbag.py:588} INFO - Filling up the DagBag from /home/airflow/.local/lib/python3.12/site-packages/airflow/example_dags/example_setup_teardown.py
[2024-12-21T21:18:23.195+0000] {processor.py:925} INFO - DAG(s) 'example_setup_teardown' retrieved from /home/airflow/.local/lib/python3.12/site-packages/airflow/example_dags/example_setup_teardown.py
[2024-12-21T21:18:23.245+0000] {logging_mixin.py:190} INFO - [2024-12-21T21:18:23.244+0000] {dag.py:3239} INFO - Sync 1 DAGs
[2024-12-21T21:18:23.285+0000] {logging_mixin.py:190} INFO - [2024-12-21T21:18:23.284+0000] {dag.py:4180} INFO - Setting next_dagrun for example_setup_teardown to None, run_after=None
[2024-12-21T21:18:23.338+0000] {processor.py:208} INFO - Processing /home/airflow/.local/lib/python3.12/site-packages/airflow/example_dags/example_setup_teardown.py took 0.188 seconds
[2024-12-21T21:18:54.659+0000] {processor.py:186} INFO - Started process (PID=4581) to work on /home/airflow/.local/lib/python3.12/site-packages/airflow/example_dags/example_setup_teardown.py
[2024-12-21T21:18:54.663+0000] {processor.py:914} INFO - Processing file /home/airflow/.local/lib/python3.12/site-packages/airflow/example_dags/example_setup_teardown.py for tasks to queue
[2024-12-21T21:18:54.669+0000] {logging_mixin.py:190} INFO - [2024-12-21T21:18:54.668+0000] {dagbag.py:588} INFO - Filling up the DagBag from /home/airflow/.local/lib/python3.12/site-packages/airflow/example_dags/example_setup_teardown.py
[2024-12-21T21:18:54.696+0000] {processor.py:925} INFO - DAG(s) 'example_setup_teardown' retrieved from /home/airflow/.local/lib/python3.12/site-packages/airflow/example_dags/example_setup_teardown.py
[2024-12-21T21:18:54.745+0000] {logging_mixin.py:190} INFO - [2024-12-21T21:18:54.745+0000] {dag.py:3239} INFO - Sync 1 DAGs
[2024-12-21T21:18:54.783+0000] {logging_mixin.py:190} INFO - [2024-12-21T21:18:54.782+0000] {dag.py:4180} INFO - Setting next_dagrun for example_setup_teardown to None, run_after=None
[2024-12-21T21:18:54.832+0000] {processor.py:208} INFO - Processing /home/airflow/.local/lib/python3.12/site-packages/airflow/example_dags/example_setup_teardown.py took 0.192 seconds
[2024-12-21T21:19:25.781+0000] {processor.py:186} INFO - Started process (PID=4872) to work on /home/airflow/.local/lib/python3.12/site-packages/airflow/example_dags/example_setup_teardown.py
[2024-12-21T21:19:25.783+0000] {processor.py:914} INFO - Processing file /home/airflow/.local/lib/python3.12/site-packages/airflow/example_dags/example_setup_teardown.py for tasks to queue
[2024-12-21T21:19:25.788+0000] {logging_mixin.py:190} INFO - [2024-12-21T21:19:25.787+0000] {dagbag.py:588} INFO - Filling up the DagBag from /home/airflow/.local/lib/python3.12/site-packages/airflow/example_dags/example_setup_teardown.py
[2024-12-21T21:19:25.806+0000] {processor.py:925} INFO - DAG(s) 'example_setup_teardown' retrieved from /home/airflow/.local/lib/python3.12/site-packages/airflow/example_dags/example_setup_teardown.py
[2024-12-21T21:19:25.851+0000] {logging_mixin.py:190} INFO - [2024-12-21T21:19:25.850+0000] {dag.py:3239} INFO - Sync 1 DAGs
[2024-12-21T21:19:25.888+0000] {logging_mixin.py:190} INFO - [2024-12-21T21:19:25.887+0000] {dag.py:4180} INFO - Setting next_dagrun for example_setup_teardown to None, run_after=None
[2024-12-21T21:19:25.931+0000] {processor.py:208} INFO - Processing /home/airflow/.local/lib/python3.12/site-packages/airflow/example_dags/example_setup_teardown.py took 0.161 seconds
[2024-12-21T21:19:56.500+0000] {processor.py:186} INFO - Started process (PID=5169) to work on /home/airflow/.local/lib/python3.12/site-packages/airflow/example_dags/example_setup_teardown.py
[2024-12-21T21:19:56.501+0000] {processor.py:914} INFO - Processing file /home/airflow/.local/lib/python3.12/site-packages/airflow/example_dags/example_setup_teardown.py for tasks to queue
[2024-12-21T21:19:56.507+0000] {logging_mixin.py:190} INFO - [2024-12-21T21:19:56.506+0000] {dagbag.py:588} INFO - Filling up the DagBag from /home/airflow/.local/lib/python3.12/site-packages/airflow/example_dags/example_setup_teardown.py
[2024-12-21T21:19:56.545+0000] {processor.py:925} INFO - DAG(s) 'example_setup_teardown' retrieved from /home/airflow/.local/lib/python3.12/site-packages/airflow/example_dags/example_setup_teardown.py
[2024-12-21T21:19:56.588+0000] {logging_mixin.py:190} INFO - [2024-12-21T21:19:56.588+0000] {dag.py:3239} INFO - Sync 1 DAGs
[2024-12-21T21:19:56.640+0000] {logging_mixin.py:190} INFO - [2024-12-21T21:19:56.640+0000] {dag.py:4180} INFO - Setting next_dagrun for example_setup_teardown to None, run_after=None
[2024-12-21T21:19:56.702+0000] {processor.py:208} INFO - Processing /home/airflow/.local/lib/python3.12/site-packages/airflow/example_dags/example_setup_teardown.py took 0.215 seconds
[2024-12-21T21:20:27.346+0000] {processor.py:186} INFO - Started process (PID=5469) to work on /home/airflow/.local/lib/python3.12/site-packages/airflow/example_dags/example_setup_teardown.py
[2024-12-21T21:20:27.348+0000] {processor.py:914} INFO - Processing file /home/airflow/.local/lib/python3.12/site-packages/airflow/example_dags/example_setup_teardown.py for tasks to queue
[2024-12-21T21:20:27.353+0000] {logging_mixin.py:190} INFO - [2024-12-21T21:20:27.352+0000] {dagbag.py:588} INFO - Filling up the DagBag from /home/airflow/.local/lib/python3.12/site-packages/airflow/example_dags/example_setup_teardown.py
[2024-12-21T21:20:27.372+0000] {processor.py:925} INFO - DAG(s) 'example_setup_teardown' retrieved from /home/airflow/.local/lib/python3.12/site-packages/airflow/example_dags/example_setup_teardown.py
[2024-12-21T21:20:27.418+0000] {logging_mixin.py:190} INFO - [2024-12-21T21:20:27.417+0000] {dag.py:3239} INFO - Sync 1 DAGs
[2024-12-21T21:20:27.453+0000] {logging_mixin.py:190} INFO - [2024-12-21T21:20:27.452+0000] {dag.py:4180} INFO - Setting next_dagrun for example_setup_teardown to None, run_after=None
[2024-12-21T21:20:27.505+0000] {processor.py:208} INFO - Processing /home/airflow/.local/lib/python3.12/site-packages/airflow/example_dags/example_setup_teardown.py took 0.172 seconds
