[2024-12-21T21:11:28.364+0000] {processor.py:186} INFO - Started process (PID=443) to work on /home/airflow/.local/lib/python3.12/site-packages/airflow/example_dags/example_branch_operator.py
[2024-12-21T21:11:28.367+0000] {processor.py:914} INFO - Processing file /home/airflow/.local/lib/python3.12/site-packages/airflow/example_dags/example_branch_operator.py for tasks to queue
[2024-12-21T21:11:28.371+0000] {logging_mixin.py:190} INFO - [2024-12-21T21:11:28.370+0000] {dagbag.py:588} INFO - Filling up the DagBag from /home/airflow/.local/lib/python3.12/site-packages/airflow/example_dags/example_branch_operator.py
[2024-12-21T21:11:28.416+0000] {processor.py:925} INFO - DAG(s) 'example_branch_operator' retrieved from /home/airflow/.local/lib/python3.12/site-packages/airflow/example_dags/example_branch_operator.py
[2024-12-21T21:11:28.692+0000] {logging_mixin.py:190} INFO - [2024-12-21T21:11:28.691+0000] {override.py:1911} INFO - Created Permission View: can delete on DAG:example_branch_operator
[2024-12-21T21:11:28.714+0000] {logging_mixin.py:190} INFO - [2024-12-21T21:11:28.713+0000] {override.py:1911} INFO - Created Permission View: can edit on DAG:example_branch_operator
[2024-12-21T21:11:28.729+0000] {logging_mixin.py:190} INFO - [2024-12-21T21:11:28.728+0000] {override.py:1911} INFO - Created Permission View: can read on DAG:example_branch_operator
[2024-12-21T21:11:28.744+0000] {logging_mixin.py:190} INFO - [2024-12-21T21:11:28.743+0000] {override.py:1911} INFO - Created Permission View: can delete on DAG Run:example_branch_operator
[2024-12-21T21:11:28.759+0000] {logging_mixin.py:190} INFO - [2024-12-21T21:11:28.759+0000] {override.py:1911} INFO - Created Permission View: can read on DAG Run:example_branch_operator
[2024-12-21T21:11:28.774+0000] {logging_mixin.py:190} INFO - [2024-12-21T21:11:28.773+0000] {override.py:1911} INFO - Created Permission View: can create on DAG Run:example_branch_operator
[2024-12-21T21:11:28.788+0000] {logging_mixin.py:190} INFO - [2024-12-21T21:11:28.788+0000] {override.py:1911} INFO - Created Permission View: menu access on DAG Run:example_branch_operator
[2024-12-21T21:11:28.790+0000] {logging_mixin.py:190} INFO - [2024-12-21T21:11:28.789+0000] {dag.py:3239} INFO - Sync 1 DAGs
[2024-12-21T21:11:28.825+0000] {logging_mixin.py:190} INFO - [2024-12-21T21:11:28.824+0000] {dag.py:3262} INFO - Creating ORM DAG for example_branch_operator
[2024-12-21T21:11:28.845+0000] {logging_mixin.py:190} INFO - [2024-12-21T21:11:28.845+0000] {dag.py:4180} INFO - Setting next_dagrun for example_branch_operator to 2024-12-20 00:00:00+00:00, run_after=2024-12-21 00:00:00+00:00
[2024-12-21T21:11:28.879+0000] {processor.py:208} INFO - Processing /home/airflow/.local/lib/python3.12/site-packages/airflow/example_dags/example_branch_operator.py took 0.528 seconds
[2024-12-21T21:11:59.431+0000] {processor.py:186} INFO - Started process (PID=739) to work on /home/airflow/.local/lib/python3.12/site-packages/airflow/example_dags/example_branch_operator.py
[2024-12-21T21:11:59.432+0000] {processor.py:914} INFO - Processing file /home/airflow/.local/lib/python3.12/site-packages/airflow/example_dags/example_branch_operator.py for tasks to queue
[2024-12-21T21:11:59.437+0000] {logging_mixin.py:190} INFO - [2024-12-21T21:11:59.436+0000] {dagbag.py:588} INFO - Filling up the DagBag from /home/airflow/.local/lib/python3.12/site-packages/airflow/example_dags/example_branch_operator.py
[2024-12-21T21:11:59.479+0000] {processor.py:925} INFO - DAG(s) 'example_branch_operator' retrieved from /home/airflow/.local/lib/python3.12/site-packages/airflow/example_dags/example_branch_operator.py
[2024-12-21T21:11:59.546+0000] {logging_mixin.py:190} INFO - [2024-12-21T21:11:59.545+0000] {dag.py:3239} INFO - Sync 1 DAGs
[2024-12-21T21:11:59.605+0000] {logging_mixin.py:190} INFO - [2024-12-21T21:11:59.605+0000] {dag.py:4180} INFO - Setting next_dagrun for example_branch_operator to 2024-12-20 00:00:00+00:00, run_after=2024-12-21 00:00:00+00:00
[2024-12-21T21:11:59.645+0000] {processor.py:208} INFO - Processing /home/airflow/.local/lib/python3.12/site-packages/airflow/example_dags/example_branch_operator.py took 0.226 seconds
[2024-12-21T21:12:30.793+0000] {processor.py:186} INFO - Started process (PID=1035) to work on /home/airflow/.local/lib/python3.12/site-packages/airflow/example_dags/example_branch_operator.py
[2024-12-21T21:12:30.796+0000] {processor.py:914} INFO - Processing file /home/airflow/.local/lib/python3.12/site-packages/airflow/example_dags/example_branch_operator.py for tasks to queue
[2024-12-21T21:12:30.801+0000] {logging_mixin.py:190} INFO - [2024-12-21T21:12:30.800+0000] {dagbag.py:588} INFO - Filling up the DagBag from /home/airflow/.local/lib/python3.12/site-packages/airflow/example_dags/example_branch_operator.py
[2024-12-21T21:12:30.842+0000] {processor.py:925} INFO - DAG(s) 'example_branch_operator' retrieved from /home/airflow/.local/lib/python3.12/site-packages/airflow/example_dags/example_branch_operator.py
[2024-12-21T21:12:30.900+0000] {logging_mixin.py:190} INFO - [2024-12-21T21:12:30.900+0000] {dag.py:3239} INFO - Sync 1 DAGs
[2024-12-21T21:12:30.950+0000] {logging_mixin.py:190} INFO - [2024-12-21T21:12:30.949+0000] {dag.py:4180} INFO - Setting next_dagrun for example_branch_operator to 2024-12-20 00:00:00+00:00, run_after=2024-12-21 00:00:00+00:00
[2024-12-21T21:12:30.994+0000] {processor.py:208} INFO - Processing /home/airflow/.local/lib/python3.12/site-packages/airflow/example_dags/example_branch_operator.py took 0.215 seconds
[2024-12-21T21:13:02.206+0000] {processor.py:186} INFO - Started process (PID=1333) to work on /home/airflow/.local/lib/python3.12/site-packages/airflow/example_dags/example_branch_operator.py
[2024-12-21T21:13:02.209+0000] {processor.py:914} INFO - Processing file /home/airflow/.local/lib/python3.12/site-packages/airflow/example_dags/example_branch_operator.py for tasks to queue
[2024-12-21T21:13:02.214+0000] {logging_mixin.py:190} INFO - [2024-12-21T21:13:02.214+0000] {dagbag.py:588} INFO - Filling up the DagBag from /home/airflow/.local/lib/python3.12/site-packages/airflow/example_dags/example_branch_operator.py
[2024-12-21T21:13:02.254+0000] {processor.py:925} INFO - DAG(s) 'example_branch_operator' retrieved from /home/airflow/.local/lib/python3.12/site-packages/airflow/example_dags/example_branch_operator.py
[2024-12-21T21:13:02.314+0000] {logging_mixin.py:190} INFO - [2024-12-21T21:13:02.313+0000] {dag.py:3239} INFO - Sync 1 DAGs
[2024-12-21T21:13:02.364+0000] {logging_mixin.py:190} INFO - [2024-12-21T21:13:02.364+0000] {dag.py:4180} INFO - Setting next_dagrun for example_branch_operator to 2024-12-20 00:00:00+00:00, run_after=2024-12-21 00:00:00+00:00
[2024-12-21T21:13:02.428+0000] {processor.py:208} INFO - Processing /home/airflow/.local/lib/python3.12/site-packages/airflow/example_dags/example_branch_operator.py took 0.237 seconds
[2024-12-21T21:13:34.080+0000] {processor.py:186} INFO - Started process (PID=1627) to work on /home/airflow/.local/lib/python3.12/site-packages/airflow/example_dags/example_branch_operator.py
[2024-12-21T21:13:34.081+0000] {processor.py:914} INFO - Processing file /home/airflow/.local/lib/python3.12/site-packages/airflow/example_dags/example_branch_operator.py for tasks to queue
[2024-12-21T21:13:34.086+0000] {logging_mixin.py:190} INFO - [2024-12-21T21:13:34.085+0000] {dagbag.py:588} INFO - Filling up the DagBag from /home/airflow/.local/lib/python3.12/site-packages/airflow/example_dags/example_branch_operator.py
[2024-12-21T21:13:34.123+0000] {processor.py:925} INFO - DAG(s) 'example_branch_operator' retrieved from /home/airflow/.local/lib/python3.12/site-packages/airflow/example_dags/example_branch_operator.py
[2024-12-21T21:13:34.194+0000] {logging_mixin.py:190} INFO - [2024-12-21T21:13:34.193+0000] {dag.py:3239} INFO - Sync 1 DAGs
[2024-12-21T21:13:34.259+0000] {logging_mixin.py:190} INFO - [2024-12-21T21:13:34.259+0000] {dag.py:4180} INFO - Setting next_dagrun for example_branch_operator to 2024-12-20 00:00:00+00:00, run_after=2024-12-21 00:00:00+00:00
[2024-12-21T21:13:34.328+0000] {processor.py:208} INFO - Processing /home/airflow/.local/lib/python3.12/site-packages/airflow/example_dags/example_branch_operator.py took 0.261 seconds
[2024-12-21T21:14:06.235+0000] {processor.py:186} INFO - Started process (PID=1925) to work on /home/airflow/.local/lib/python3.12/site-packages/airflow/example_dags/example_branch_operator.py
[2024-12-21T21:14:06.237+0000] {processor.py:914} INFO - Processing file /home/airflow/.local/lib/python3.12/site-packages/airflow/example_dags/example_branch_operator.py for tasks to queue
[2024-12-21T21:14:06.242+0000] {logging_mixin.py:190} INFO - [2024-12-21T21:14:06.241+0000] {dagbag.py:588} INFO - Filling up the DagBag from /home/airflow/.local/lib/python3.12/site-packages/airflow/example_dags/example_branch_operator.py
[2024-12-21T21:14:06.288+0000] {processor.py:925} INFO - DAG(s) 'example_branch_operator' retrieved from /home/airflow/.local/lib/python3.12/site-packages/airflow/example_dags/example_branch_operator.py
[2024-12-21T21:14:06.360+0000] {logging_mixin.py:190} INFO - [2024-12-21T21:14:06.359+0000] {dag.py:3239} INFO - Sync 1 DAGs
[2024-12-21T21:14:06.417+0000] {logging_mixin.py:190} INFO - [2024-12-21T21:14:06.417+0000] {dag.py:4180} INFO - Setting next_dagrun for example_branch_operator to 2024-12-20 00:00:00+00:00, run_after=2024-12-21 00:00:00+00:00
[2024-12-21T21:14:06.456+0000] {processor.py:208} INFO - Processing /home/airflow/.local/lib/python3.12/site-packages/airflow/example_dags/example_branch_operator.py took 0.232 seconds
[2024-12-21T21:14:37.634+0000] {processor.py:186} INFO - Started process (PID=2219) to work on /home/airflow/.local/lib/python3.12/site-packages/airflow/example_dags/example_branch_operator.py
[2024-12-21T21:14:37.636+0000] {processor.py:914} INFO - Processing file /home/airflow/.local/lib/python3.12/site-packages/airflow/example_dags/example_branch_operator.py for tasks to queue
[2024-12-21T21:14:37.641+0000] {logging_mixin.py:190} INFO - [2024-12-21T21:14:37.640+0000] {dagbag.py:588} INFO - Filling up the DagBag from /home/airflow/.local/lib/python3.12/site-packages/airflow/example_dags/example_branch_operator.py
[2024-12-21T21:14:37.675+0000] {processor.py:925} INFO - DAG(s) 'example_branch_operator' retrieved from /home/airflow/.local/lib/python3.12/site-packages/airflow/example_dags/example_branch_operator.py
[2024-12-21T21:14:37.750+0000] {logging_mixin.py:190} INFO - [2024-12-21T21:14:37.750+0000] {dag.py:3239} INFO - Sync 1 DAGs
[2024-12-21T21:14:37.809+0000] {logging_mixin.py:190} INFO - [2024-12-21T21:14:37.809+0000] {dag.py:4180} INFO - Setting next_dagrun for example_branch_operator to 2024-12-20 00:00:00+00:00, run_after=2024-12-21 00:00:00+00:00
[2024-12-21T21:14:37.849+0000] {processor.py:208} INFO - Processing /home/airflow/.local/lib/python3.12/site-packages/airflow/example_dags/example_branch_operator.py took 0.225 seconds
[2024-12-21T21:15:10.700+0000] {processor.py:186} INFO - Started process (PID=2517) to work on /home/airflow/.local/lib/python3.12/site-packages/airflow/example_dags/example_branch_operator.py
[2024-12-21T21:15:10.703+0000] {processor.py:914} INFO - Processing file /home/airflow/.local/lib/python3.12/site-packages/airflow/example_dags/example_branch_operator.py for tasks to queue
[2024-12-21T21:15:10.707+0000] {logging_mixin.py:190} INFO - [2024-12-21T21:15:10.706+0000] {dagbag.py:588} INFO - Filling up the DagBag from /home/airflow/.local/lib/python3.12/site-packages/airflow/example_dags/example_branch_operator.py
[2024-12-21T21:15:10.744+0000] {processor.py:925} INFO - DAG(s) 'example_branch_operator' retrieved from /home/airflow/.local/lib/python3.12/site-packages/airflow/example_dags/example_branch_operator.py
[2024-12-21T21:15:10.804+0000] {logging_mixin.py:190} INFO - [2024-12-21T21:15:10.804+0000] {dag.py:3239} INFO - Sync 1 DAGs
[2024-12-21T21:15:10.854+0000] {logging_mixin.py:190} INFO - [2024-12-21T21:15:10.854+0000] {dag.py:4180} INFO - Setting next_dagrun for example_branch_operator to 2024-12-20 00:00:00+00:00, run_after=2024-12-21 00:00:00+00:00
[2024-12-21T21:15:10.892+0000] {processor.py:208} INFO - Processing /home/airflow/.local/lib/python3.12/site-packages/airflow/example_dags/example_branch_operator.py took 0.202 seconds
[2024-12-21T21:15:41.667+0000] {processor.py:186} INFO - Started process (PID=2811) to work on /home/airflow/.local/lib/python3.12/site-packages/airflow/example_dags/example_branch_operator.py
[2024-12-21T21:15:41.670+0000] {processor.py:914} INFO - Processing file /home/airflow/.local/lib/python3.12/site-packages/airflow/example_dags/example_branch_operator.py for tasks to queue
[2024-12-21T21:15:41.674+0000] {logging_mixin.py:190} INFO - [2024-12-21T21:15:41.673+0000] {dagbag.py:588} INFO - Filling up the DagBag from /home/airflow/.local/lib/python3.12/site-packages/airflow/example_dags/example_branch_operator.py
[2024-12-21T21:15:41.717+0000] {processor.py:925} INFO - DAG(s) 'example_branch_operator' retrieved from /home/airflow/.local/lib/python3.12/site-packages/airflow/example_dags/example_branch_operator.py
[2024-12-21T21:15:41.777+0000] {logging_mixin.py:190} INFO - [2024-12-21T21:15:41.777+0000] {dag.py:3239} INFO - Sync 1 DAGs
[2024-12-21T21:15:41.831+0000] {logging_mixin.py:190} INFO - [2024-12-21T21:15:41.830+0000] {dag.py:4180} INFO - Setting next_dagrun for example_branch_operator to 2024-12-20 00:00:00+00:00, run_after=2024-12-21 00:00:00+00:00
[2024-12-21T21:15:41.870+0000] {processor.py:208} INFO - Processing /home/airflow/.local/lib/python3.12/site-packages/airflow/example_dags/example_branch_operator.py took 0.217 seconds
[2024-12-21T21:16:15.008+0000] {processor.py:186} INFO - Started process (PID=3109) to work on /home/airflow/.local/lib/python3.12/site-packages/airflow/example_dags/example_branch_operator.py
[2024-12-21T21:16:15.010+0000] {processor.py:914} INFO - Processing file /home/airflow/.local/lib/python3.12/site-packages/airflow/example_dags/example_branch_operator.py for tasks to queue
[2024-12-21T21:16:15.016+0000] {logging_mixin.py:190} INFO - [2024-12-21T21:16:15.015+0000] {dagbag.py:588} INFO - Filling up the DagBag from /home/airflow/.local/lib/python3.12/site-packages/airflow/example_dags/example_branch_operator.py
[2024-12-21T21:16:15.068+0000] {processor.py:925} INFO - DAG(s) 'example_branch_operator' retrieved from /home/airflow/.local/lib/python3.12/site-packages/airflow/example_dags/example_branch_operator.py
[2024-12-21T21:16:15.144+0000] {logging_mixin.py:190} INFO - [2024-12-21T21:16:15.143+0000] {dag.py:3239} INFO - Sync 1 DAGs
[2024-12-21T21:16:15.213+0000] {logging_mixin.py:190} INFO - [2024-12-21T21:16:15.212+0000] {dag.py:4180} INFO - Setting next_dagrun for example_branch_operator to 2024-12-20 00:00:00+00:00, run_after=2024-12-21 00:00:00+00:00
[2024-12-21T21:16:15.262+0000] {processor.py:208} INFO - Processing /home/airflow/.local/lib/python3.12/site-packages/airflow/example_dags/example_branch_operator.py took 0.269 seconds
[2024-12-21T21:16:47.312+0000] {processor.py:186} INFO - Started process (PID=3402) to work on /home/airflow/.local/lib/python3.12/site-packages/airflow/example_dags/example_branch_operator.py
[2024-12-21T21:16:47.315+0000] {processor.py:914} INFO - Processing file /home/airflow/.local/lib/python3.12/site-packages/airflow/example_dags/example_branch_operator.py for tasks to queue
[2024-12-21T21:16:47.322+0000] {logging_mixin.py:190} INFO - [2024-12-21T21:16:47.321+0000] {dagbag.py:588} INFO - Filling up the DagBag from /home/airflow/.local/lib/python3.12/site-packages/airflow/example_dags/example_branch_operator.py
[2024-12-21T21:16:47.376+0000] {processor.py:925} INFO - DAG(s) 'example_branch_operator' retrieved from /home/airflow/.local/lib/python3.12/site-packages/airflow/example_dags/example_branch_operator.py
[2024-12-21T21:16:47.469+0000] {logging_mixin.py:190} INFO - [2024-12-21T21:16:47.468+0000] {dag.py:3239} INFO - Sync 1 DAGs
[2024-12-21T21:16:47.557+0000] {logging_mixin.py:190} INFO - [2024-12-21T21:16:47.556+0000] {dag.py:4180} INFO - Setting next_dagrun for example_branch_operator to 2024-12-20 00:00:00+00:00, run_after=2024-12-21 00:00:00+00:00
[2024-12-21T21:16:47.618+0000] {processor.py:208} INFO - Processing /home/airflow/.local/lib/python3.12/site-packages/airflow/example_dags/example_branch_operator.py took 0.322 seconds
[2024-12-21T21:17:19.424+0000] {processor.py:186} INFO - Started process (PID=3723) to work on /home/airflow/.local/lib/python3.12/site-packages/airflow/example_dags/example_branch_operator.py
[2024-12-21T21:17:19.426+0000] {processor.py:914} INFO - Processing file /home/airflow/.local/lib/python3.12/site-packages/airflow/example_dags/example_branch_operator.py for tasks to queue
[2024-12-21T21:17:19.430+0000] {logging_mixin.py:190} INFO - [2024-12-21T21:17:19.430+0000] {dagbag.py:588} INFO - Filling up the DagBag from /home/airflow/.local/lib/python3.12/site-packages/airflow/example_dags/example_branch_operator.py
[2024-12-21T21:17:19.466+0000] {processor.py:925} INFO - DAG(s) 'example_branch_operator' retrieved from /home/airflow/.local/lib/python3.12/site-packages/airflow/example_dags/example_branch_operator.py
[2024-12-21T21:17:19.525+0000] {logging_mixin.py:190} INFO - [2024-12-21T21:17:19.524+0000] {dag.py:3239} INFO - Sync 1 DAGs
[2024-12-21T21:17:19.592+0000] {logging_mixin.py:190} INFO - [2024-12-21T21:17:19.592+0000] {dag.py:4180} INFO - Setting next_dagrun for example_branch_operator to 2024-12-20 00:00:00+00:00, run_after=2024-12-21 00:00:00+00:00
[2024-12-21T21:17:19.668+0000] {processor.py:208} INFO - Processing /home/airflow/.local/lib/python3.12/site-packages/airflow/example_dags/example_branch_operator.py took 0.255 seconds
[2024-12-21T21:17:52.224+0000] {processor.py:186} INFO - Started process (PID=4021) to work on /home/airflow/.local/lib/python3.12/site-packages/airflow/example_dags/example_branch_operator.py
[2024-12-21T21:17:52.226+0000] {processor.py:914} INFO - Processing file /home/airflow/.local/lib/python3.12/site-packages/airflow/example_dags/example_branch_operator.py for tasks to queue
[2024-12-21T21:17:52.234+0000] {logging_mixin.py:190} INFO - [2024-12-21T21:17:52.233+0000] {dagbag.py:588} INFO - Filling up the DagBag from /home/airflow/.local/lib/python3.12/site-packages/airflow/example_dags/example_branch_operator.py
[2024-12-21T21:17:52.282+0000] {processor.py:925} INFO - DAG(s) 'example_branch_operator' retrieved from /home/airflow/.local/lib/python3.12/site-packages/airflow/example_dags/example_branch_operator.py
[2024-12-21T21:17:52.411+0000] {logging_mixin.py:190} INFO - [2024-12-21T21:17:52.405+0000] {dag.py:3239} INFO - Sync 1 DAGs
[2024-12-21T21:17:52.518+0000] {logging_mixin.py:190} INFO - [2024-12-21T21:17:52.518+0000] {dag.py:4180} INFO - Setting next_dagrun for example_branch_operator to 2024-12-20 00:00:00+00:00, run_after=2024-12-21 00:00:00+00:00
[2024-12-21T21:17:52.569+0000] {processor.py:208} INFO - Processing /home/airflow/.local/lib/python3.12/site-packages/airflow/example_dags/example_branch_operator.py took 0.365 seconds
[2024-12-21T21:18:24.690+0000] {processor.py:186} INFO - Started process (PID=4335) to work on /home/airflow/.local/lib/python3.12/site-packages/airflow/example_dags/example_branch_operator.py
[2024-12-21T21:18:24.692+0000] {processor.py:914} INFO - Processing file /home/airflow/.local/lib/python3.12/site-packages/airflow/example_dags/example_branch_operator.py for tasks to queue
[2024-12-21T21:18:24.698+0000] {logging_mixin.py:190} INFO - [2024-12-21T21:18:24.697+0000] {dagbag.py:588} INFO - Filling up the DagBag from /home/airflow/.local/lib/python3.12/site-packages/airflow/example_dags/example_branch_operator.py
[2024-12-21T21:18:24.738+0000] {processor.py:925} INFO - DAG(s) 'example_branch_operator' retrieved from /home/airflow/.local/lib/python3.12/site-packages/airflow/example_dags/example_branch_operator.py
[2024-12-21T21:18:24.805+0000] {logging_mixin.py:190} INFO - [2024-12-21T21:18:24.804+0000] {dag.py:3239} INFO - Sync 1 DAGs
[2024-12-21T21:18:24.869+0000] {logging_mixin.py:190} INFO - [2024-12-21T21:18:24.868+0000] {dag.py:4180} INFO - Setting next_dagrun for example_branch_operator to 2024-12-20 00:00:00+00:00, run_after=2024-12-21 00:00:00+00:00
[2024-12-21T21:18:24.918+0000] {processor.py:208} INFO - Processing /home/airflow/.local/lib/python3.12/site-packages/airflow/example_dags/example_branch_operator.py took 0.242 seconds
[2024-12-21T21:18:56.977+0000] {processor.py:186} INFO - Started process (PID=4639) to work on /home/airflow/.local/lib/python3.12/site-packages/airflow/example_dags/example_branch_operator.py
[2024-12-21T21:18:56.979+0000] {processor.py:914} INFO - Processing file /home/airflow/.local/lib/python3.12/site-packages/airflow/example_dags/example_branch_operator.py for tasks to queue
[2024-12-21T21:18:56.984+0000] {logging_mixin.py:190} INFO - [2024-12-21T21:18:56.983+0000] {dagbag.py:588} INFO - Filling up the DagBag from /home/airflow/.local/lib/python3.12/site-packages/airflow/example_dags/example_branch_operator.py
[2024-12-21T21:18:57.024+0000] {processor.py:925} INFO - DAG(s) 'example_branch_operator' retrieved from /home/airflow/.local/lib/python3.12/site-packages/airflow/example_dags/example_branch_operator.py
[2024-12-21T21:18:57.088+0000] {logging_mixin.py:190} INFO - [2024-12-21T21:18:57.087+0000] {dag.py:3239} INFO - Sync 1 DAGs
[2024-12-21T21:18:57.144+0000] {logging_mixin.py:190} INFO - [2024-12-21T21:18:57.143+0000] {dag.py:4180} INFO - Setting next_dagrun for example_branch_operator to 2024-12-20 00:00:00+00:00, run_after=2024-12-21 00:00:00+00:00
[2024-12-21T21:18:57.185+0000] {processor.py:208} INFO - Processing /home/airflow/.local/lib/python3.12/site-packages/airflow/example_dags/example_branch_operator.py took 0.223 seconds
[2024-12-21T21:19:28.201+0000] {processor.py:186} INFO - Started process (PID=4933) to work on /home/airflow/.local/lib/python3.12/site-packages/airflow/example_dags/example_branch_operator.py
[2024-12-21T21:19:28.203+0000] {processor.py:914} INFO - Processing file /home/airflow/.local/lib/python3.12/site-packages/airflow/example_dags/example_branch_operator.py for tasks to queue
[2024-12-21T21:19:28.208+0000] {logging_mixin.py:190} INFO - [2024-12-21T21:19:28.207+0000] {dagbag.py:588} INFO - Filling up the DagBag from /home/airflow/.local/lib/python3.12/site-packages/airflow/example_dags/example_branch_operator.py
[2024-12-21T21:19:28.242+0000] {processor.py:925} INFO - DAG(s) 'example_branch_operator' retrieved from /home/airflow/.local/lib/python3.12/site-packages/airflow/example_dags/example_branch_operator.py
[2024-12-21T21:19:28.302+0000] {logging_mixin.py:190} INFO - [2024-12-21T21:19:28.302+0000] {dag.py:3239} INFO - Sync 1 DAGs
[2024-12-21T21:19:28.354+0000] {logging_mixin.py:190} INFO - [2024-12-21T21:19:28.353+0000] {dag.py:4180} INFO - Setting next_dagrun for example_branch_operator to 2024-12-20 00:00:00+00:00, run_after=2024-12-21 00:00:00+00:00
[2024-12-21T21:19:28.418+0000] {processor.py:208} INFO - Processing /home/airflow/.local/lib/python3.12/site-packages/airflow/example_dags/example_branch_operator.py took 0.228 seconds
[2024-12-21T21:19:58.502+0000] {processor.py:186} INFO - Started process (PID=5223) to work on /home/airflow/.local/lib/python3.12/site-packages/airflow/example_dags/example_branch_operator.py
[2024-12-21T21:19:58.504+0000] {processor.py:914} INFO - Processing file /home/airflow/.local/lib/python3.12/site-packages/airflow/example_dags/example_branch_operator.py for tasks to queue
[2024-12-21T21:19:58.510+0000] {logging_mixin.py:190} INFO - [2024-12-21T21:19:58.508+0000] {dagbag.py:588} INFO - Filling up the DagBag from /home/airflow/.local/lib/python3.12/site-packages/airflow/example_dags/example_branch_operator.py
[2024-12-21T21:19:58.546+0000] {processor.py:925} INFO - DAG(s) 'example_branch_operator' retrieved from /home/airflow/.local/lib/python3.12/site-packages/airflow/example_dags/example_branch_operator.py
[2024-12-21T21:19:58.652+0000] {logging_mixin.py:190} INFO - [2024-12-21T21:19:58.652+0000] {dag.py:3239} INFO - Sync 1 DAGs
[2024-12-21T21:19:58.731+0000] {logging_mixin.py:190} INFO - [2024-12-21T21:19:58.730+0000] {dag.py:4180} INFO - Setting next_dagrun for example_branch_operator to 2024-12-20 00:00:00+00:00, run_after=2024-12-21 00:00:00+00:00
[2024-12-21T21:19:58.802+0000] {processor.py:208} INFO - Processing /home/airflow/.local/lib/python3.12/site-packages/airflow/example_dags/example_branch_operator.py took 0.314 seconds
[2024-12-21T21:20:30.246+0000] {processor.py:186} INFO - Started process (PID=5524) to work on /home/airflow/.local/lib/python3.12/site-packages/airflow/example_dags/example_branch_operator.py
[2024-12-21T21:20:30.250+0000] {processor.py:914} INFO - Processing file /home/airflow/.local/lib/python3.12/site-packages/airflow/example_dags/example_branch_operator.py for tasks to queue
[2024-12-21T21:20:30.256+0000] {logging_mixin.py:190} INFO - [2024-12-21T21:20:30.255+0000] {dagbag.py:588} INFO - Filling up the DagBag from /home/airflow/.local/lib/python3.12/site-packages/airflow/example_dags/example_branch_operator.py
[2024-12-21T21:20:30.303+0000] {processor.py:925} INFO - DAG(s) 'example_branch_operator' retrieved from /home/airflow/.local/lib/python3.12/site-packages/airflow/example_dags/example_branch_operator.py
[2024-12-21T21:20:30.394+0000] {logging_mixin.py:190} INFO - [2024-12-21T21:20:30.393+0000] {dag.py:3239} INFO - Sync 1 DAGs
[2024-12-21T21:20:30.486+0000] {logging_mixin.py:190} INFO - [2024-12-21T21:20:30.485+0000] {dag.py:4180} INFO - Setting next_dagrun for example_branch_operator to 2024-12-20 00:00:00+00:00, run_after=2024-12-21 00:00:00+00:00
[2024-12-21T21:20:30.568+0000] {processor.py:208} INFO - Processing /home/airflow/.local/lib/python3.12/site-packages/airflow/example_dags/example_branch_operator.py took 0.340 seconds
[2024-12-21T21:21:00.923+0000] {processor.py:186} INFO - Started process (PID=5826) to work on /home/airflow/.local/lib/python3.12/site-packages/airflow/example_dags/example_branch_operator.py
[2024-12-21T21:21:00.925+0000] {processor.py:914} INFO - Processing file /home/airflow/.local/lib/python3.12/site-packages/airflow/example_dags/example_branch_operator.py for tasks to queue
[2024-12-21T21:21:00.929+0000] {logging_mixin.py:190} INFO - [2024-12-21T21:21:00.929+0000] {dagbag.py:588} INFO - Filling up the DagBag from /home/airflow/.local/lib/python3.12/site-packages/airflow/example_dags/example_branch_operator.py
[2024-12-21T21:21:00.971+0000] {processor.py:925} INFO - DAG(s) 'example_branch_operator' retrieved from /home/airflow/.local/lib/python3.12/site-packages/airflow/example_dags/example_branch_operator.py
[2024-12-21T21:21:01.035+0000] {logging_mixin.py:190} INFO - [2024-12-21T21:21:01.035+0000] {dag.py:3239} INFO - Sync 1 DAGs
[2024-12-21T21:21:01.108+0000] {logging_mixin.py:190} INFO - [2024-12-21T21:21:01.107+0000] {dag.py:4180} INFO - Setting next_dagrun for example_branch_operator to 2024-12-20 00:00:00+00:00, run_after=2024-12-21 00:00:00+00:00
[2024-12-21T21:21:01.152+0000] {processor.py:208} INFO - Processing /home/airflow/.local/lib/python3.12/site-packages/airflow/example_dags/example_branch_operator.py took 0.241 seconds
[2024-12-21T21:21:33.276+0000] {processor.py:186} INFO - Started process (PID=6127) to work on /home/airflow/.local/lib/python3.12/site-packages/airflow/example_dags/example_branch_operator.py
[2024-12-21T21:21:33.279+0000] {processor.py:914} INFO - Processing file /home/airflow/.local/lib/python3.12/site-packages/airflow/example_dags/example_branch_operator.py for tasks to queue
[2024-12-21T21:21:33.286+0000] {logging_mixin.py:190} INFO - [2024-12-21T21:21:33.285+0000] {dagbag.py:588} INFO - Filling up the DagBag from /home/airflow/.local/lib/python3.12/site-packages/airflow/example_dags/example_branch_operator.py
[2024-12-21T21:21:33.381+0000] {processor.py:925} INFO - DAG(s) 'example_branch_operator' retrieved from /home/airflow/.local/lib/python3.12/site-packages/airflow/example_dags/example_branch_operator.py
[2024-12-21T21:21:33.459+0000] {logging_mixin.py:190} INFO - [2024-12-21T21:21:33.458+0000] {dag.py:3239} INFO - Sync 1 DAGs
[2024-12-21T21:21:33.510+0000] {logging_mixin.py:190} INFO - [2024-12-21T21:21:33.510+0000] {dag.py:4180} INFO - Setting next_dagrun for example_branch_operator to 2024-12-20 00:00:00+00:00, run_after=2024-12-21 00:00:00+00:00
[2024-12-21T21:21:33.586+0000] {processor.py:208} INFO - Processing /home/airflow/.local/lib/python3.12/site-packages/airflow/example_dags/example_branch_operator.py took 0.326 seconds
[2024-12-21T21:22:03.928+0000] {processor.py:186} INFO - Started process (PID=6418) to work on /home/airflow/.local/lib/python3.12/site-packages/airflow/example_dags/example_branch_operator.py
[2024-12-21T21:22:03.931+0000] {processor.py:914} INFO - Processing file /home/airflow/.local/lib/python3.12/site-packages/airflow/example_dags/example_branch_operator.py for tasks to queue
[2024-12-21T21:22:03.939+0000] {logging_mixin.py:190} INFO - [2024-12-21T21:22:03.938+0000] {dagbag.py:588} INFO - Filling up the DagBag from /home/airflow/.local/lib/python3.12/site-packages/airflow/example_dags/example_branch_operator.py
[2024-12-21T21:22:03.984+0000] {processor.py:925} INFO - DAG(s) 'example_branch_operator' retrieved from /home/airflow/.local/lib/python3.12/site-packages/airflow/example_dags/example_branch_operator.py
[2024-12-21T21:22:04.067+0000] {logging_mixin.py:190} INFO - [2024-12-21T21:22:04.066+0000] {dag.py:3239} INFO - Sync 1 DAGs
[2024-12-21T21:22:04.142+0000] {logging_mixin.py:190} INFO - [2024-12-21T21:22:04.142+0000] {dag.py:4180} INFO - Setting next_dagrun for example_branch_operator to 2024-12-20 00:00:00+00:00, run_after=2024-12-21 00:00:00+00:00
[2024-12-21T21:22:04.191+0000] {processor.py:208} INFO - Processing /home/airflow/.local/lib/python3.12/site-packages/airflow/example_dags/example_branch_operator.py took 0.280 seconds
[2024-12-21T21:22:36.972+0000] {processor.py:186} INFO - Started process (PID=6729) to work on /home/airflow/.local/lib/python3.12/site-packages/airflow/example_dags/example_branch_operator.py
[2024-12-21T21:22:36.974+0000] {processor.py:914} INFO - Processing file /home/airflow/.local/lib/python3.12/site-packages/airflow/example_dags/example_branch_operator.py for tasks to queue
[2024-12-21T21:22:36.979+0000] {logging_mixin.py:190} INFO - [2024-12-21T21:22:36.978+0000] {dagbag.py:588} INFO - Filling up the DagBag from /home/airflow/.local/lib/python3.12/site-packages/airflow/example_dags/example_branch_operator.py
[2024-12-21T21:22:37.014+0000] {processor.py:925} INFO - DAG(s) 'example_branch_operator' retrieved from /home/airflow/.local/lib/python3.12/site-packages/airflow/example_dags/example_branch_operator.py
[2024-12-21T21:22:37.074+0000] {logging_mixin.py:190} INFO - [2024-12-21T21:22:37.074+0000] {dag.py:3239} INFO - Sync 1 DAGs
[2024-12-21T21:22:37.128+0000] {logging_mixin.py:190} INFO - [2024-12-21T21:22:37.127+0000] {dag.py:4180} INFO - Setting next_dagrun for example_branch_operator to 2024-12-20 00:00:00+00:00, run_after=2024-12-21 00:00:00+00:00
[2024-12-21T21:22:37.171+0000] {processor.py:208} INFO - Processing /home/airflow/.local/lib/python3.12/site-packages/airflow/example_dags/example_branch_operator.py took 0.212 seconds
[2024-12-21T21:23:08.471+0000] {processor.py:186} INFO - Started process (PID=7026) to work on /home/airflow/.local/lib/python3.12/site-packages/airflow/example_dags/example_branch_operator.py
[2024-12-21T21:23:08.473+0000] {processor.py:914} INFO - Processing file /home/airflow/.local/lib/python3.12/site-packages/airflow/example_dags/example_branch_operator.py for tasks to queue
[2024-12-21T21:23:08.478+0000] {logging_mixin.py:190} INFO - [2024-12-21T21:23:08.477+0000] {dagbag.py:588} INFO - Filling up the DagBag from /home/airflow/.local/lib/python3.12/site-packages/airflow/example_dags/example_branch_operator.py
[2024-12-21T21:23:08.520+0000] {processor.py:925} INFO - DAG(s) 'example_branch_operator' retrieved from /home/airflow/.local/lib/python3.12/site-packages/airflow/example_dags/example_branch_operator.py
[2024-12-21T21:23:08.586+0000] {logging_mixin.py:190} INFO - [2024-12-21T21:23:08.586+0000] {dag.py:3239} INFO - Sync 1 DAGs
[2024-12-21T21:23:08.637+0000] {logging_mixin.py:190} INFO - [2024-12-21T21:23:08.636+0000] {dag.py:4180} INFO - Setting next_dagrun for example_branch_operator to 2024-12-20 00:00:00+00:00, run_after=2024-12-21 00:00:00+00:00
[2024-12-21T21:23:08.675+0000] {processor.py:208} INFO - Processing /home/airflow/.local/lib/python3.12/site-packages/airflow/example_dags/example_branch_operator.py took 0.216 seconds
[2024-12-21T21:23:39.947+0000] {processor.py:186} INFO - Started process (PID=7329) to work on /home/airflow/.local/lib/python3.12/site-packages/airflow/example_dags/example_branch_operator.py
[2024-12-21T21:23:39.950+0000] {processor.py:914} INFO - Processing file /home/airflow/.local/lib/python3.12/site-packages/airflow/example_dags/example_branch_operator.py for tasks to queue
[2024-12-21T21:23:39.955+0000] {logging_mixin.py:190} INFO - [2024-12-21T21:23:39.954+0000] {dagbag.py:588} INFO - Filling up the DagBag from /home/airflow/.local/lib/python3.12/site-packages/airflow/example_dags/example_branch_operator.py
[2024-12-21T21:23:39.995+0000] {processor.py:925} INFO - DAG(s) 'example_branch_operator' retrieved from /home/airflow/.local/lib/python3.12/site-packages/airflow/example_dags/example_branch_operator.py
[2024-12-21T21:23:40.066+0000] {logging_mixin.py:190} INFO - [2024-12-21T21:23:40.065+0000] {dag.py:3239} INFO - Sync 1 DAGs
[2024-12-21T21:23:40.114+0000] {logging_mixin.py:190} INFO - [2024-12-21T21:23:40.114+0000] {dag.py:4180} INFO - Setting next_dagrun for example_branch_operator to 2024-12-20 00:00:00+00:00, run_after=2024-12-21 00:00:00+00:00
[2024-12-21T21:23:40.156+0000] {processor.py:208} INFO - Processing /home/airflow/.local/lib/python3.12/site-packages/airflow/example_dags/example_branch_operator.py took 0.222 seconds
[2024-12-21T21:24:10.830+0000] {processor.py:186} INFO - Started process (PID=7623) to work on /home/airflow/.local/lib/python3.12/site-packages/airflow/example_dags/example_branch_operator.py
[2024-12-21T21:24:10.832+0000] {processor.py:914} INFO - Processing file /home/airflow/.local/lib/python3.12/site-packages/airflow/example_dags/example_branch_operator.py for tasks to queue
[2024-12-21T21:24:10.837+0000] {logging_mixin.py:190} INFO - [2024-12-21T21:24:10.836+0000] {dagbag.py:588} INFO - Filling up the DagBag from /home/airflow/.local/lib/python3.12/site-packages/airflow/example_dags/example_branch_operator.py
[2024-12-21T21:24:10.882+0000] {processor.py:925} INFO - DAG(s) 'example_branch_operator' retrieved from /home/airflow/.local/lib/python3.12/site-packages/airflow/example_dags/example_branch_operator.py
[2024-12-21T21:24:10.947+0000] {logging_mixin.py:190} INFO - [2024-12-21T21:24:10.946+0000] {dag.py:3239} INFO - Sync 1 DAGs
[2024-12-21T21:24:11.004+0000] {logging_mixin.py:190} INFO - [2024-12-21T21:24:11.003+0000] {dag.py:4180} INFO - Setting next_dagrun for example_branch_operator to 2024-12-20 00:00:00+00:00, run_after=2024-12-21 00:00:00+00:00
[2024-12-21T21:24:11.044+0000] {processor.py:208} INFO - Processing /home/airflow/.local/lib/python3.12/site-packages/airflow/example_dags/example_branch_operator.py took 0.225 seconds
