[2024-12-21T21:11:16.295+0000] {processor.py:186} INFO - Started process (PID=272) to work on /home/airflow/.local/lib/python3.12/site-packages/airflow/example_dags/example_task_group.py
[2024-12-21T21:11:16.298+0000] {processor.py:914} INFO - Processing file /home/airflow/.local/lib/python3.12/site-packages/airflow/example_dags/example_task_group.py for tasks to queue
[2024-12-21T21:11:16.302+0000] {logging_mixin.py:190} INFO - [2024-12-21T21:11:16.301+0000] {dagbag.py:588} INFO - Filling up the DagBag from /home/airflow/.local/lib/python3.12/site-packages/airflow/example_dags/example_task_group.py
[2024-12-21T21:11:16.325+0000] {processor.py:925} INFO - DAG(s) 'example_task_group' retrieved from /home/airflow/.local/lib/python3.12/site-packages/airflow/example_dags/example_task_group.py
[2024-12-21T21:11:16.594+0000] {logging_mixin.py:190} INFO - [2024-12-21T21:11:16.593+0000] {override.py:1911} INFO - Created Permission View: can delete on DAG:example_task_group
[2024-12-21T21:11:16.617+0000] {logging_mixin.py:190} INFO - [2024-12-21T21:11:16.616+0000] {override.py:1911} INFO - Created Permission View: can edit on DAG:example_task_group
[2024-12-21T21:11:16.632+0000] {logging_mixin.py:190} INFO - [2024-12-21T21:11:16.632+0000] {override.py:1911} INFO - Created Permission View: can read on DAG:example_task_group
[2024-12-21T21:11:16.649+0000] {logging_mixin.py:190} INFO - [2024-12-21T21:11:16.648+0000] {override.py:1911} INFO - Created Permission View: can delete on DAG Run:example_task_group
[2024-12-21T21:11:16.664+0000] {logging_mixin.py:190} INFO - [2024-12-21T21:11:16.663+0000] {override.py:1911} INFO - Created Permission View: can read on DAG Run:example_task_group
[2024-12-21T21:11:16.678+0000] {logging_mixin.py:190} INFO - [2024-12-21T21:11:16.677+0000] {override.py:1911} INFO - Created Permission View: can create on DAG Run:example_task_group
[2024-12-21T21:11:16.693+0000] {logging_mixin.py:190} INFO - [2024-12-21T21:11:16.693+0000] {override.py:1911} INFO - Created Permission View: menu access on DAG Run:example_task_group
[2024-12-21T21:11:16.695+0000] {logging_mixin.py:190} INFO - [2024-12-21T21:11:16.695+0000] {dag.py:3239} INFO - Sync 1 DAGs
[2024-12-21T21:11:16.747+0000] {logging_mixin.py:190} INFO - [2024-12-21T21:11:16.746+0000] {dag.py:3262} INFO - Creating ORM DAG for example_task_group
[2024-12-21T21:11:16.754+0000] {logging_mixin.py:190} INFO - [2024-12-21T21:11:16.753+0000] {dag.py:4180} INFO - Setting next_dagrun for example_task_group to None, run_after=None
[2024-12-21T21:11:16.801+0000] {processor.py:208} INFO - Processing /home/airflow/.local/lib/python3.12/site-packages/airflow/example_dags/example_task_group.py took 0.520 seconds
[2024-12-21T21:11:47.680+0000] {processor.py:186} INFO - Started process (PID=568) to work on /home/airflow/.local/lib/python3.12/site-packages/airflow/example_dags/example_task_group.py
[2024-12-21T21:11:47.683+0000] {processor.py:914} INFO - Processing file /home/airflow/.local/lib/python3.12/site-packages/airflow/example_dags/example_task_group.py for tasks to queue
[2024-12-21T21:11:47.688+0000] {logging_mixin.py:190} INFO - [2024-12-21T21:11:47.687+0000] {dagbag.py:588} INFO - Filling up the DagBag from /home/airflow/.local/lib/python3.12/site-packages/airflow/example_dags/example_task_group.py
[2024-12-21T21:11:47.715+0000] {processor.py:925} INFO - DAG(s) 'example_task_group' retrieved from /home/airflow/.local/lib/python3.12/site-packages/airflow/example_dags/example_task_group.py
[2024-12-21T21:11:47.806+0000] {logging_mixin.py:190} INFO - [2024-12-21T21:11:47.806+0000] {dag.py:3239} INFO - Sync 1 DAGs
[2024-12-21T21:11:47.840+0000] {logging_mixin.py:190} INFO - [2024-12-21T21:11:47.839+0000] {dag.py:4180} INFO - Setting next_dagrun for example_task_group to None, run_after=None
[2024-12-21T21:11:47.882+0000] {processor.py:208} INFO - Processing /home/airflow/.local/lib/python3.12/site-packages/airflow/example_dags/example_task_group.py took 0.215 seconds
[2024-12-21T21:12:18.348+0000] {processor.py:186} INFO - Started process (PID=859) to work on /home/airflow/.local/lib/python3.12/site-packages/airflow/example_dags/example_task_group.py
[2024-12-21T21:12:18.350+0000] {processor.py:914} INFO - Processing file /home/airflow/.local/lib/python3.12/site-packages/airflow/example_dags/example_task_group.py for tasks to queue
[2024-12-21T21:12:18.354+0000] {logging_mixin.py:190} INFO - [2024-12-21T21:12:18.354+0000] {dagbag.py:588} INFO - Filling up the DagBag from /home/airflow/.local/lib/python3.12/site-packages/airflow/example_dags/example_task_group.py
[2024-12-21T21:12:18.370+0000] {processor.py:925} INFO - DAG(s) 'example_task_group' retrieved from /home/airflow/.local/lib/python3.12/site-packages/airflow/example_dags/example_task_group.py
[2024-12-21T21:12:18.419+0000] {logging_mixin.py:190} INFO - [2024-12-21T21:12:18.418+0000] {dag.py:3239} INFO - Sync 1 DAGs
[2024-12-21T21:12:18.456+0000] {logging_mixin.py:190} INFO - [2024-12-21T21:12:18.455+0000] {dag.py:4180} INFO - Setting next_dagrun for example_task_group to None, run_after=None
[2024-12-21T21:12:18.497+0000] {processor.py:208} INFO - Processing /home/airflow/.local/lib/python3.12/site-packages/airflow/example_dags/example_task_group.py took 0.160 seconds
[2024-12-21T21:12:48.795+0000] {processor.py:186} INFO - Started process (PID=1150) to work on /home/airflow/.local/lib/python3.12/site-packages/airflow/example_dags/example_task_group.py
[2024-12-21T21:12:48.797+0000] {processor.py:914} INFO - Processing file /home/airflow/.local/lib/python3.12/site-packages/airflow/example_dags/example_task_group.py for tasks to queue
[2024-12-21T21:12:48.801+0000] {logging_mixin.py:190} INFO - [2024-12-21T21:12:48.801+0000] {dagbag.py:588} INFO - Filling up the DagBag from /home/airflow/.local/lib/python3.12/site-packages/airflow/example_dags/example_task_group.py
[2024-12-21T21:12:48.819+0000] {processor.py:925} INFO - DAG(s) 'example_task_group' retrieved from /home/airflow/.local/lib/python3.12/site-packages/airflow/example_dags/example_task_group.py
[2024-12-21T21:12:48.865+0000] {logging_mixin.py:190} INFO - [2024-12-21T21:12:48.864+0000] {dag.py:3239} INFO - Sync 1 DAGs
[2024-12-21T21:12:48.898+0000] {logging_mixin.py:190} INFO - [2024-12-21T21:12:48.898+0000] {dag.py:4180} INFO - Setting next_dagrun for example_task_group to None, run_after=None
[2024-12-21T21:12:48.954+0000] {processor.py:208} INFO - Processing /home/airflow/.local/lib/python3.12/site-packages/airflow/example_dags/example_task_group.py took 0.171 seconds
[2024-12-21T21:13:19.143+0000] {processor.py:186} INFO - Started process (PID=1446) to work on /home/airflow/.local/lib/python3.12/site-packages/airflow/example_dags/example_task_group.py
[2024-12-21T21:13:19.145+0000] {processor.py:914} INFO - Processing file /home/airflow/.local/lib/python3.12/site-packages/airflow/example_dags/example_task_group.py for tasks to queue
[2024-12-21T21:13:19.150+0000] {logging_mixin.py:190} INFO - [2024-12-21T21:13:19.149+0000] {dagbag.py:588} INFO - Filling up the DagBag from /home/airflow/.local/lib/python3.12/site-packages/airflow/example_dags/example_task_group.py
[2024-12-21T21:13:19.170+0000] {processor.py:925} INFO - DAG(s) 'example_task_group' retrieved from /home/airflow/.local/lib/python3.12/site-packages/airflow/example_dags/example_task_group.py
[2024-12-21T21:13:19.216+0000] {logging_mixin.py:190} INFO - [2024-12-21T21:13:19.215+0000] {dag.py:3239} INFO - Sync 1 DAGs
[2024-12-21T21:13:19.253+0000] {logging_mixin.py:190} INFO - [2024-12-21T21:13:19.252+0000] {dag.py:4180} INFO - Setting next_dagrun for example_task_group to None, run_after=None
[2024-12-21T21:13:19.318+0000] {processor.py:208} INFO - Processing /home/airflow/.local/lib/python3.12/site-packages/airflow/example_dags/example_task_group.py took 0.188 seconds
[2024-12-21T21:13:50.107+0000] {processor.py:186} INFO - Started process (PID=1742) to work on /home/airflow/.local/lib/python3.12/site-packages/airflow/example_dags/example_task_group.py
[2024-12-21T21:13:50.109+0000] {processor.py:914} INFO - Processing file /home/airflow/.local/lib/python3.12/site-packages/airflow/example_dags/example_task_group.py for tasks to queue
[2024-12-21T21:13:50.113+0000] {logging_mixin.py:190} INFO - [2024-12-21T21:13:50.113+0000] {dagbag.py:588} INFO - Filling up the DagBag from /home/airflow/.local/lib/python3.12/site-packages/airflow/example_dags/example_task_group.py
[2024-12-21T21:13:50.129+0000] {processor.py:925} INFO - DAG(s) 'example_task_group' retrieved from /home/airflow/.local/lib/python3.12/site-packages/airflow/example_dags/example_task_group.py
[2024-12-21T21:13:50.170+0000] {logging_mixin.py:190} INFO - [2024-12-21T21:13:50.169+0000] {dag.py:3239} INFO - Sync 1 DAGs
[2024-12-21T21:13:50.197+0000] {logging_mixin.py:190} INFO - [2024-12-21T21:13:50.197+0000] {dag.py:4180} INFO - Setting next_dagrun for example_task_group to None, run_after=None
[2024-12-21T21:13:50.254+0000] {processor.py:208} INFO - Processing /home/airflow/.local/lib/python3.12/site-packages/airflow/example_dags/example_task_group.py took 0.158 seconds
[2024-12-21T21:14:21.088+0000] {processor.py:186} INFO - Started process (PID=2038) to work on /home/airflow/.local/lib/python3.12/site-packages/airflow/example_dags/example_task_group.py
[2024-12-21T21:14:21.090+0000] {processor.py:914} INFO - Processing file /home/airflow/.local/lib/python3.12/site-packages/airflow/example_dags/example_task_group.py for tasks to queue
[2024-12-21T21:14:21.095+0000] {logging_mixin.py:190} INFO - [2024-12-21T21:14:21.094+0000] {dagbag.py:588} INFO - Filling up the DagBag from /home/airflow/.local/lib/python3.12/site-packages/airflow/example_dags/example_task_group.py
[2024-12-21T21:14:21.112+0000] {processor.py:925} INFO - DAG(s) 'example_task_group' retrieved from /home/airflow/.local/lib/python3.12/site-packages/airflow/example_dags/example_task_group.py
[2024-12-21T21:14:21.159+0000] {logging_mixin.py:190} INFO - [2024-12-21T21:14:21.159+0000] {dag.py:3239} INFO - Sync 1 DAGs
[2024-12-21T21:14:21.199+0000] {logging_mixin.py:190} INFO - [2024-12-21T21:14:21.199+0000] {dag.py:4180} INFO - Setting next_dagrun for example_task_group to None, run_after=None
[2024-12-21T21:14:21.244+0000] {processor.py:208} INFO - Processing /home/airflow/.local/lib/python3.12/site-packages/airflow/example_dags/example_task_group.py took 0.166 seconds
[2024-12-21T21:14:51.387+0000] {processor.py:186} INFO - Started process (PID=2334) to work on /home/airflow/.local/lib/python3.12/site-packages/airflow/example_dags/example_task_group.py
[2024-12-21T21:14:51.389+0000] {processor.py:914} INFO - Processing file /home/airflow/.local/lib/python3.12/site-packages/airflow/example_dags/example_task_group.py for tasks to queue
[2024-12-21T21:14:51.393+0000] {logging_mixin.py:190} INFO - [2024-12-21T21:14:51.393+0000] {dagbag.py:588} INFO - Filling up the DagBag from /home/airflow/.local/lib/python3.12/site-packages/airflow/example_dags/example_task_group.py
[2024-12-21T21:14:51.414+0000] {processor.py:925} INFO - DAG(s) 'example_task_group' retrieved from /home/airflow/.local/lib/python3.12/site-packages/airflow/example_dags/example_task_group.py
[2024-12-21T21:14:51.466+0000] {logging_mixin.py:190} INFO - [2024-12-21T21:14:51.465+0000] {dag.py:3239} INFO - Sync 1 DAGs
[2024-12-21T21:14:51.497+0000] {logging_mixin.py:190} INFO - [2024-12-21T21:14:51.497+0000] {dag.py:4180} INFO - Setting next_dagrun for example_task_group to None, run_after=None
[2024-12-21T21:14:51.547+0000] {processor.py:208} INFO - Processing /home/airflow/.local/lib/python3.12/site-packages/airflow/example_dags/example_task_group.py took 0.171 seconds
[2024-12-21T21:15:21.690+0000] {processor.py:186} INFO - Started process (PID=2630) to work on /home/airflow/.local/lib/python3.12/site-packages/airflow/example_dags/example_task_group.py
[2024-12-21T21:15:21.692+0000] {processor.py:914} INFO - Processing file /home/airflow/.local/lib/python3.12/site-packages/airflow/example_dags/example_task_group.py for tasks to queue
[2024-12-21T21:15:21.696+0000] {logging_mixin.py:190} INFO - [2024-12-21T21:15:21.696+0000] {dagbag.py:588} INFO - Filling up the DagBag from /home/airflow/.local/lib/python3.12/site-packages/airflow/example_dags/example_task_group.py
[2024-12-21T21:15:21.714+0000] {processor.py:925} INFO - DAG(s) 'example_task_group' retrieved from /home/airflow/.local/lib/python3.12/site-packages/airflow/example_dags/example_task_group.py
[2024-12-21T21:15:21.768+0000] {logging_mixin.py:190} INFO - [2024-12-21T21:15:21.767+0000] {dag.py:3239} INFO - Sync 1 DAGs
[2024-12-21T21:15:21.806+0000] {logging_mixin.py:190} INFO - [2024-12-21T21:15:21.805+0000] {dag.py:4180} INFO - Setting next_dagrun for example_task_group to None, run_after=None
[2024-12-21T21:15:21.863+0000] {processor.py:208} INFO - Processing /home/airflow/.local/lib/python3.12/site-packages/airflow/example_dags/example_task_group.py took 0.186 seconds
[2024-12-21T21:15:52.569+0000] {processor.py:186} INFO - Started process (PID=2926) to work on /home/airflow/.local/lib/python3.12/site-packages/airflow/example_dags/example_task_group.py
[2024-12-21T21:15:52.572+0000] {processor.py:914} INFO - Processing file /home/airflow/.local/lib/python3.12/site-packages/airflow/example_dags/example_task_group.py for tasks to queue
[2024-12-21T21:15:52.578+0000] {logging_mixin.py:190} INFO - [2024-12-21T21:15:52.577+0000] {dagbag.py:588} INFO - Filling up the DagBag from /home/airflow/.local/lib/python3.12/site-packages/airflow/example_dags/example_task_group.py
[2024-12-21T21:15:52.606+0000] {processor.py:925} INFO - DAG(s) 'example_task_group' retrieved from /home/airflow/.local/lib/python3.12/site-packages/airflow/example_dags/example_task_group.py
[2024-12-21T21:15:52.671+0000] {logging_mixin.py:190} INFO - [2024-12-21T21:15:52.670+0000] {dag.py:3239} INFO - Sync 1 DAGs
[2024-12-21T21:15:52.725+0000] {logging_mixin.py:190} INFO - [2024-12-21T21:15:52.724+0000] {dag.py:4180} INFO - Setting next_dagrun for example_task_group to None, run_after=None
[2024-12-21T21:15:52.792+0000] {processor.py:208} INFO - Processing /home/airflow/.local/lib/python3.12/site-packages/airflow/example_dags/example_task_group.py took 0.243 seconds
[2024-12-21T21:16:23.161+0000] {processor.py:186} INFO - Started process (PID=3222) to work on /home/airflow/.local/lib/python3.12/site-packages/airflow/example_dags/example_task_group.py
[2024-12-21T21:16:23.163+0000] {processor.py:914} INFO - Processing file /home/airflow/.local/lib/python3.12/site-packages/airflow/example_dags/example_task_group.py for tasks to queue
[2024-12-21T21:16:23.169+0000] {logging_mixin.py:190} INFO - [2024-12-21T21:16:23.169+0000] {dagbag.py:588} INFO - Filling up the DagBag from /home/airflow/.local/lib/python3.12/site-packages/airflow/example_dags/example_task_group.py
[2024-12-21T21:16:23.186+0000] {processor.py:925} INFO - DAG(s) 'example_task_group' retrieved from /home/airflow/.local/lib/python3.12/site-packages/airflow/example_dags/example_task_group.py
[2024-12-21T21:16:23.235+0000] {logging_mixin.py:190} INFO - [2024-12-21T21:16:23.234+0000] {dag.py:3239} INFO - Sync 1 DAGs
[2024-12-21T21:16:23.267+0000] {logging_mixin.py:190} INFO - [2024-12-21T21:16:23.266+0000] {dag.py:4180} INFO - Setting next_dagrun for example_task_group to None, run_after=None
[2024-12-21T21:16:23.329+0000] {processor.py:208} INFO - Processing /home/airflow/.local/lib/python3.12/site-packages/airflow/example_dags/example_task_group.py took 0.180 seconds
[2024-12-21T21:16:53.842+0000] {processor.py:186} INFO - Started process (PID=3517) to work on /home/airflow/.local/lib/python3.12/site-packages/airflow/example_dags/example_task_group.py
[2024-12-21T21:16:53.847+0000] {processor.py:914} INFO - Processing file /home/airflow/.local/lib/python3.12/site-packages/airflow/example_dags/example_task_group.py for tasks to queue
[2024-12-21T21:16:53.857+0000] {logging_mixin.py:190} INFO - [2024-12-21T21:16:53.856+0000] {dagbag.py:588} INFO - Filling up the DagBag from /home/airflow/.local/lib/python3.12/site-packages/airflow/example_dags/example_task_group.py
[2024-12-21T21:16:53.889+0000] {processor.py:925} INFO - DAG(s) 'example_task_group' retrieved from /home/airflow/.local/lib/python3.12/site-packages/airflow/example_dags/example_task_group.py
[2024-12-21T21:16:53.947+0000] {logging_mixin.py:190} INFO - [2024-12-21T21:16:53.946+0000] {dag.py:3239} INFO - Sync 1 DAGs
[2024-12-21T21:16:53.976+0000] {logging_mixin.py:190} INFO - [2024-12-21T21:16:53.976+0000] {dag.py:4180} INFO - Setting next_dagrun for example_task_group to None, run_after=None
[2024-12-21T21:16:54.020+0000] {processor.py:208} INFO - Processing /home/airflow/.local/lib/python3.12/site-packages/airflow/example_dags/example_task_group.py took 0.201 seconds
[2024-12-21T21:17:24.564+0000] {processor.py:186} INFO - Started process (PID=3813) to work on /home/airflow/.local/lib/python3.12/site-packages/airflow/example_dags/example_task_group.py
[2024-12-21T21:17:24.566+0000] {processor.py:914} INFO - Processing file /home/airflow/.local/lib/python3.12/site-packages/airflow/example_dags/example_task_group.py for tasks to queue
[2024-12-21T21:17:24.570+0000] {logging_mixin.py:190} INFO - [2024-12-21T21:17:24.570+0000] {dagbag.py:588} INFO - Filling up the DagBag from /home/airflow/.local/lib/python3.12/site-packages/airflow/example_dags/example_task_group.py
[2024-12-21T21:17:24.589+0000] {processor.py:925} INFO - DAG(s) 'example_task_group' retrieved from /home/airflow/.local/lib/python3.12/site-packages/airflow/example_dags/example_task_group.py
[2024-12-21T21:17:24.670+0000] {logging_mixin.py:190} INFO - [2024-12-21T21:17:24.669+0000] {dag.py:3239} INFO - Sync 1 DAGs
[2024-12-21T21:17:24.698+0000] {logging_mixin.py:190} INFO - [2024-12-21T21:17:24.697+0000] {dag.py:4180} INFO - Setting next_dagrun for example_task_group to None, run_after=None
[2024-12-21T21:17:24.736+0000] {processor.py:208} INFO - Processing /home/airflow/.local/lib/python3.12/site-packages/airflow/example_dags/example_task_group.py took 0.184 seconds
[2024-12-21T21:17:55.023+0000] {processor.py:186} INFO - Started process (PID=4109) to work on /home/airflow/.local/lib/python3.12/site-packages/airflow/example_dags/example_task_group.py
[2024-12-21T21:17:55.026+0000] {processor.py:914} INFO - Processing file /home/airflow/.local/lib/python3.12/site-packages/airflow/example_dags/example_task_group.py for tasks to queue
[2024-12-21T21:17:55.030+0000] {logging_mixin.py:190} INFO - [2024-12-21T21:17:55.030+0000] {dagbag.py:588} INFO - Filling up the DagBag from /home/airflow/.local/lib/python3.12/site-packages/airflow/example_dags/example_task_group.py
[2024-12-21T21:17:55.053+0000] {processor.py:925} INFO - DAG(s) 'example_task_group' retrieved from /home/airflow/.local/lib/python3.12/site-packages/airflow/example_dags/example_task_group.py
[2024-12-21T21:17:55.110+0000] {logging_mixin.py:190} INFO - [2024-12-21T21:17:55.109+0000] {dag.py:3239} INFO - Sync 1 DAGs
[2024-12-21T21:17:55.148+0000] {logging_mixin.py:190} INFO - [2024-12-21T21:17:55.147+0000] {dag.py:4180} INFO - Setting next_dagrun for example_task_group to None, run_after=None
[2024-12-21T21:17:55.198+0000] {processor.py:208} INFO - Processing /home/airflow/.local/lib/python3.12/site-packages/airflow/example_dags/example_task_group.py took 0.191 seconds
[2024-12-21T21:18:26.929+0000] {processor.py:186} INFO - Started process (PID=4413) to work on /home/airflow/.local/lib/python3.12/site-packages/airflow/example_dags/example_task_group.py
[2024-12-21T21:18:26.932+0000] {processor.py:914} INFO - Processing file /home/airflow/.local/lib/python3.12/site-packages/airflow/example_dags/example_task_group.py for tasks to queue
[2024-12-21T21:18:26.937+0000] {logging_mixin.py:190} INFO - [2024-12-21T21:18:26.936+0000] {dagbag.py:588} INFO - Filling up the DagBag from /home/airflow/.local/lib/python3.12/site-packages/airflow/example_dags/example_task_group.py
[2024-12-21T21:18:26.955+0000] {processor.py:925} INFO - DAG(s) 'example_task_group' retrieved from /home/airflow/.local/lib/python3.12/site-packages/airflow/example_dags/example_task_group.py
[2024-12-21T21:18:27.009+0000] {logging_mixin.py:190} INFO - [2024-12-21T21:18:27.008+0000] {dag.py:3239} INFO - Sync 1 DAGs
[2024-12-21T21:18:27.073+0000] {logging_mixin.py:190} INFO - [2024-12-21T21:18:27.072+0000] {dag.py:4180} INFO - Setting next_dagrun for example_task_group to None, run_after=None
[2024-12-21T21:18:27.117+0000] {processor.py:208} INFO - Processing /home/airflow/.local/lib/python3.12/site-packages/airflow/example_dags/example_task_group.py took 0.207 seconds
[2024-12-21T21:18:57.303+0000] {processor.py:186} INFO - Started process (PID=4647) to work on /home/airflow/.local/lib/python3.12/site-packages/airflow/example_dags/example_task_group.py
[2024-12-21T21:18:57.305+0000] {processor.py:914} INFO - Processing file /home/airflow/.local/lib/python3.12/site-packages/airflow/example_dags/example_task_group.py for tasks to queue
[2024-12-21T21:18:57.311+0000] {logging_mixin.py:190} INFO - [2024-12-21T21:18:57.310+0000] {dagbag.py:588} INFO - Filling up the DagBag from /home/airflow/.local/lib/python3.12/site-packages/airflow/example_dags/example_task_group.py
[2024-12-21T21:18:57.330+0000] {processor.py:925} INFO - DAG(s) 'example_task_group' retrieved from /home/airflow/.local/lib/python3.12/site-packages/airflow/example_dags/example_task_group.py
[2024-12-21T21:18:57.382+0000] {logging_mixin.py:190} INFO - [2024-12-21T21:18:57.381+0000] {dag.py:3239} INFO - Sync 1 DAGs
[2024-12-21T21:18:57.463+0000] {logging_mixin.py:190} INFO - [2024-12-21T21:18:57.463+0000] {dag.py:4180} INFO - Setting next_dagrun for example_task_group to None, run_after=None
[2024-12-21T21:18:57.523+0000] {processor.py:208} INFO - Processing /home/airflow/.local/lib/python3.12/site-packages/airflow/example_dags/example_task_group.py took 0.232 seconds
[2024-12-21T21:19:28.617+0000] {processor.py:186} INFO - Started process (PID=4943) to work on /home/airflow/.local/lib/python3.12/site-packages/airflow/example_dags/example_task_group.py
[2024-12-21T21:19:28.619+0000] {processor.py:914} INFO - Processing file /home/airflow/.local/lib/python3.12/site-packages/airflow/example_dags/example_task_group.py for tasks to queue
[2024-12-21T21:19:28.624+0000] {logging_mixin.py:190} INFO - [2024-12-21T21:19:28.623+0000] {dagbag.py:588} INFO - Filling up the DagBag from /home/airflow/.local/lib/python3.12/site-packages/airflow/example_dags/example_task_group.py
[2024-12-21T21:19:28.640+0000] {processor.py:925} INFO - DAG(s) 'example_task_group' retrieved from /home/airflow/.local/lib/python3.12/site-packages/airflow/example_dags/example_task_group.py
[2024-12-21T21:19:28.682+0000] {logging_mixin.py:190} INFO - [2024-12-21T21:19:28.681+0000] {dag.py:3239} INFO - Sync 1 DAGs
[2024-12-21T21:19:28.714+0000] {logging_mixin.py:190} INFO - [2024-12-21T21:19:28.713+0000] {dag.py:4180} INFO - Setting next_dagrun for example_task_group to None, run_after=None
[2024-12-21T21:19:28.752+0000] {processor.py:208} INFO - Processing /home/airflow/.local/lib/python3.12/site-packages/airflow/example_dags/example_task_group.py took 0.148 seconds
[2024-12-21T21:19:59.007+0000] {processor.py:186} INFO - Started process (PID=5238) to work on /home/airflow/.local/lib/python3.12/site-packages/airflow/example_dags/example_task_group.py
[2024-12-21T21:19:59.009+0000] {processor.py:914} INFO - Processing file /home/airflow/.local/lib/python3.12/site-packages/airflow/example_dags/example_task_group.py for tasks to queue
[2024-12-21T21:19:59.014+0000] {logging_mixin.py:190} INFO - [2024-12-21T21:19:59.013+0000] {dagbag.py:588} INFO - Filling up the DagBag from /home/airflow/.local/lib/python3.12/site-packages/airflow/example_dags/example_task_group.py
[2024-12-21T21:19:59.029+0000] {processor.py:925} INFO - DAG(s) 'example_task_group' retrieved from /home/airflow/.local/lib/python3.12/site-packages/airflow/example_dags/example_task_group.py
[2024-12-21T21:19:59.073+0000] {logging_mixin.py:190} INFO - [2024-12-21T21:19:59.072+0000] {dag.py:3239} INFO - Sync 1 DAGs
[2024-12-21T21:19:59.103+0000] {logging_mixin.py:190} INFO - [2024-12-21T21:19:59.103+0000] {dag.py:4180} INFO - Setting next_dagrun for example_task_group to None, run_after=None
[2024-12-21T21:19:59.167+0000] {processor.py:208} INFO - Processing /home/airflow/.local/lib/python3.12/site-packages/airflow/example_dags/example_task_group.py took 0.171 seconds
