[2024-12-21T21:11:18.286+0000] {processor.py:186} INFO - Started process (PID=307) to work on /home/airflow/.local/lib/python3.12/site-packages/airflow/example_dags/example_outlet_event_extra.py
[2024-12-21T21:11:18.288+0000] {processor.py:914} INFO - Processing file /home/airflow/.local/lib/python3.12/site-packages/airflow/example_dags/example_outlet_event_extra.py for tasks to queue
[2024-12-21T21:11:18.292+0000] {logging_mixin.py:190} INFO - [2024-12-21T21:11:18.292+0000] {dagbag.py:588} INFO - Filling up the DagBag from /home/airflow/.local/lib/python3.12/site-packages/airflow/example_dags/example_outlet_event_extra.py
[2024-12-21T21:11:19.675+0000] {processor.py:925} INFO - DAG(s) 'dataset_with_extra_by_context', 'dataset_with_extra_by_yield', 'dataset_with_extra_from_classic_operator' retrieved from /home/airflow/.local/lib/python3.12/site-packages/airflow/example_dags/example_outlet_event_extra.py
[2024-12-21T21:11:19.937+0000] {logging_mixin.py:190} INFO - [2024-12-21T21:11:19.935+0000] {override.py:1911} INFO - Created Permission View: can delete on DAG:dataset_with_extra_by_context
[2024-12-21T21:11:19.965+0000] {logging_mixin.py:190} INFO - [2024-12-21T21:11:19.964+0000] {override.py:1911} INFO - Created Permission View: can edit on DAG:dataset_with_extra_by_context
[2024-12-21T21:11:19.984+0000] {logging_mixin.py:190} INFO - [2024-12-21T21:11:19.983+0000] {override.py:1911} INFO - Created Permission View: can read on DAG:dataset_with_extra_by_context
[2024-12-21T21:11:19.999+0000] {logging_mixin.py:190} INFO - [2024-12-21T21:11:19.999+0000] {override.py:1911} INFO - Created Permission View: can delete on DAG Run:dataset_with_extra_by_context
[2024-12-21T21:11:20.012+0000] {logging_mixin.py:190} INFO - [2024-12-21T21:11:20.011+0000] {override.py:1911} INFO - Created Permission View: can read on DAG Run:dataset_with_extra_by_context
[2024-12-21T21:11:20.025+0000] {logging_mixin.py:190} INFO - [2024-12-21T21:11:20.025+0000] {override.py:1911} INFO - Created Permission View: can create on DAG Run:dataset_with_extra_by_context
[2024-12-21T21:11:20.040+0000] {logging_mixin.py:190} INFO - [2024-12-21T21:11:20.039+0000] {override.py:1911} INFO - Created Permission View: menu access on DAG Run:dataset_with_extra_by_context
[2024-12-21T21:11:20.065+0000] {logging_mixin.py:190} INFO - [2024-12-21T21:11:20.064+0000] {override.py:1911} INFO - Created Permission View: can delete on DAG:dataset_with_extra_by_yield
[2024-12-21T21:11:20.080+0000] {logging_mixin.py:190} INFO - [2024-12-21T21:11:20.080+0000] {override.py:1911} INFO - Created Permission View: can edit on DAG:dataset_with_extra_by_yield
[2024-12-21T21:11:20.094+0000] {logging_mixin.py:190} INFO - [2024-12-21T21:11:20.094+0000] {override.py:1911} INFO - Created Permission View: can read on DAG:dataset_with_extra_by_yield
[2024-12-21T21:11:20.109+0000] {logging_mixin.py:190} INFO - [2024-12-21T21:11:20.109+0000] {override.py:1911} INFO - Created Permission View: can delete on DAG Run:dataset_with_extra_by_yield
[2024-12-21T21:11:20.123+0000] {logging_mixin.py:190} INFO - [2024-12-21T21:11:20.122+0000] {override.py:1911} INFO - Created Permission View: can read on DAG Run:dataset_with_extra_by_yield
[2024-12-21T21:11:20.138+0000] {logging_mixin.py:190} INFO - [2024-12-21T21:11:20.137+0000] {override.py:1911} INFO - Created Permission View: can create on DAG Run:dataset_with_extra_by_yield
[2024-12-21T21:11:20.154+0000] {logging_mixin.py:190} INFO - [2024-12-21T21:11:20.153+0000] {override.py:1911} INFO - Created Permission View: menu access on DAG Run:dataset_with_extra_by_yield
[2024-12-21T21:11:20.185+0000] {logging_mixin.py:190} INFO - [2024-12-21T21:11:20.184+0000] {override.py:1911} INFO - Created Permission View: can delete on DAG:dataset_with_extra_from_classic_operator
[2024-12-21T21:11:20.201+0000] {logging_mixin.py:190} INFO - [2024-12-21T21:11:20.200+0000] {override.py:1911} INFO - Created Permission View: can edit on DAG:dataset_with_extra_from_classic_operator
[2024-12-21T21:11:20.214+0000] {logging_mixin.py:190} INFO - [2024-12-21T21:11:20.214+0000] {override.py:1911} INFO - Created Permission View: can read on DAG:dataset_with_extra_from_classic_operator
[2024-12-21T21:11:20.231+0000] {logging_mixin.py:190} INFO - [2024-12-21T21:11:20.231+0000] {override.py:1911} INFO - Created Permission View: can delete on DAG Run:dataset_with_extra_from_classic_operator
[2024-12-21T21:11:20.246+0000] {logging_mixin.py:190} INFO - [2024-12-21T21:11:20.245+0000] {override.py:1911} INFO - Created Permission View: can read on DAG Run:dataset_with_extra_from_classic_operator
[2024-12-21T21:11:20.261+0000] {logging_mixin.py:190} INFO - [2024-12-21T21:11:20.260+0000] {override.py:1911} INFO - Created Permission View: can create on DAG Run:dataset_with_extra_from_classic_operator
[2024-12-21T21:11:20.277+0000] {logging_mixin.py:190} INFO - [2024-12-21T21:11:20.277+0000] {override.py:1911} INFO - Created Permission View: menu access on DAG Run:dataset_with_extra_from_classic_operator
[2024-12-21T21:11:20.279+0000] {logging_mixin.py:190} INFO - [2024-12-21T21:11:20.279+0000] {dag.py:3239} INFO - Sync 3 DAGs
[2024-12-21T21:11:20.314+0000] {logging_mixin.py:190} INFO - [2024-12-21T21:11:20.312+0000] {dag.py:3262} INFO - Creating ORM DAG for dataset_with_extra_by_yield
[2024-12-21T21:11:20.316+0000] {logging_mixin.py:190} INFO - [2024-12-21T21:11:20.316+0000] {dag.py:3262} INFO - Creating ORM DAG for dataset_with_extra_from_classic_operator
[2024-12-21T21:11:20.318+0000] {logging_mixin.py:190} INFO - [2024-12-21T21:11:20.318+0000] {dag.py:3262} INFO - Creating ORM DAG for dataset_with_extra_by_context
[2024-12-21T21:11:20.344+0000] {logging_mixin.py:190} INFO - [2024-12-21T21:11:20.343+0000] {dag.py:4180} INFO - Setting next_dagrun for dataset_with_extra_by_context to 2024-12-20 00:00:00+00:00, run_after=2024-12-21 00:00:00+00:00
[2024-12-21T21:11:20.348+0000] {logging_mixin.py:190} INFO - [2024-12-21T21:11:20.348+0000] {dag.py:4180} INFO - Setting next_dagrun for dataset_with_extra_by_yield to 2024-12-20 00:00:00+00:00, run_after=2024-12-21 00:00:00+00:00
[2024-12-21T21:11:20.353+0000] {logging_mixin.py:190} INFO - [2024-12-21T21:11:20.353+0000] {dag.py:4180} INFO - Setting next_dagrun for dataset_with_extra_from_classic_operator to 2024-12-20 00:00:00+00:00, run_after=2024-12-21 00:00:00+00:00
[2024-12-21T21:11:20.408+0000] {processor.py:208} INFO - Processing /home/airflow/.local/lib/python3.12/site-packages/airflow/example_dags/example_outlet_event_extra.py took 2.133 seconds
[2024-12-21T21:11:50.619+0000] {processor.py:186} INFO - Started process (PID=620) to work on /home/airflow/.local/lib/python3.12/site-packages/airflow/example_dags/example_outlet_event_extra.py
[2024-12-21T21:11:50.621+0000] {processor.py:914} INFO - Processing file /home/airflow/.local/lib/python3.12/site-packages/airflow/example_dags/example_outlet_event_extra.py for tasks to queue
[2024-12-21T21:11:50.626+0000] {logging_mixin.py:190} INFO - [2024-12-21T21:11:50.625+0000] {dagbag.py:588} INFO - Filling up the DagBag from /home/airflow/.local/lib/python3.12/site-packages/airflow/example_dags/example_outlet_event_extra.py
[2024-12-21T21:11:51.892+0000] {processor.py:925} INFO - DAG(s) 'dataset_with_extra_by_yield', 'dataset_with_extra_by_context', 'dataset_with_extra_from_classic_operator' retrieved from /home/airflow/.local/lib/python3.12/site-packages/airflow/example_dags/example_outlet_event_extra.py
[2024-12-21T21:11:51.951+0000] {logging_mixin.py:190} INFO - [2024-12-21T21:11:51.951+0000] {dag.py:3239} INFO - Sync 3 DAGs
[2024-12-21T21:11:52.007+0000] {logging_mixin.py:190} INFO - [2024-12-21T21:11:52.006+0000] {dag.py:4180} INFO - Setting next_dagrun for dataset_with_extra_by_context to 2024-12-20 00:00:00+00:00, run_after=2024-12-21 00:00:00+00:00
[2024-12-21T21:11:52.020+0000] {logging_mixin.py:190} INFO - [2024-12-21T21:11:52.019+0000] {dag.py:4180} INFO - Setting next_dagrun for dataset_with_extra_by_yield to 2024-12-20 00:00:00+00:00, run_after=2024-12-21 00:00:00+00:00
[2024-12-21T21:11:52.029+0000] {logging_mixin.py:190} INFO - [2024-12-21T21:11:52.028+0000] {dag.py:4180} INFO - Setting next_dagrun for dataset_with_extra_from_classic_operator to 2024-12-20 00:00:00+00:00, run_after=2024-12-21 00:00:00+00:00
[2024-12-21T21:11:52.085+0000] {processor.py:208} INFO - Processing /home/airflow/.local/lib/python3.12/site-packages/airflow/example_dags/example_outlet_event_extra.py took 1.479 seconds
[2024-12-21T21:12:22.295+0000] {processor.py:186} INFO - Started process (PID=916) to work on /home/airflow/.local/lib/python3.12/site-packages/airflow/example_dags/example_outlet_event_extra.py
[2024-12-21T21:12:22.297+0000] {processor.py:914} INFO - Processing file /home/airflow/.local/lib/python3.12/site-packages/airflow/example_dags/example_outlet_event_extra.py for tasks to queue
[2024-12-21T21:12:22.302+0000] {logging_mixin.py:190} INFO - [2024-12-21T21:12:22.301+0000] {dagbag.py:588} INFO - Filling up the DagBag from /home/airflow/.local/lib/python3.12/site-packages/airflow/example_dags/example_outlet_event_extra.py
[2024-12-21T21:12:23.568+0000] {processor.py:925} INFO - DAG(s) 'dataset_with_extra_by_context', 'dataset_with_extra_by_yield', 'dataset_with_extra_from_classic_operator' retrieved from /home/airflow/.local/lib/python3.12/site-packages/airflow/example_dags/example_outlet_event_extra.py
[2024-12-21T21:12:23.626+0000] {logging_mixin.py:190} INFO - [2024-12-21T21:12:23.625+0000] {dag.py:3239} INFO - Sync 3 DAGs
[2024-12-21T21:12:23.689+0000] {logging_mixin.py:190} INFO - [2024-12-21T21:12:23.688+0000] {dag.py:4180} INFO - Setting next_dagrun for dataset_with_extra_by_context to 2024-12-20 00:00:00+00:00, run_after=2024-12-21 00:00:00+00:00
[2024-12-21T21:12:23.704+0000] {logging_mixin.py:190} INFO - [2024-12-21T21:12:23.704+0000] {dag.py:4180} INFO - Setting next_dagrun for dataset_with_extra_by_yield to 2024-12-20 00:00:00+00:00, run_after=2024-12-21 00:00:00+00:00
[2024-12-21T21:12:23.713+0000] {logging_mixin.py:190} INFO - [2024-12-21T21:12:23.712+0000] {dag.py:4180} INFO - Setting next_dagrun for dataset_with_extra_from_classic_operator to 2024-12-20 00:00:00+00:00, run_after=2024-12-21 00:00:00+00:00
[2024-12-21T21:12:23.758+0000] {processor.py:208} INFO - Processing /home/airflow/.local/lib/python3.12/site-packages/airflow/example_dags/example_outlet_event_extra.py took 1.478 seconds
[2024-12-21T21:12:54.151+0000] {processor.py:186} INFO - Started process (PID=1237) to work on /home/airflow/.local/lib/python3.12/site-packages/airflow/example_dags/example_outlet_event_extra.py
[2024-12-21T21:12:54.153+0000] {processor.py:914} INFO - Processing file /home/airflow/.local/lib/python3.12/site-packages/airflow/example_dags/example_outlet_event_extra.py for tasks to queue
[2024-12-21T21:12:54.157+0000] {logging_mixin.py:190} INFO - [2024-12-21T21:12:54.156+0000] {dagbag.py:588} INFO - Filling up the DagBag from /home/airflow/.local/lib/python3.12/site-packages/airflow/example_dags/example_outlet_event_extra.py
[2024-12-21T21:12:55.397+0000] {processor.py:925} INFO - DAG(s) 'dataset_with_extra_by_context', 'dataset_with_extra_by_yield', 'dataset_with_extra_from_classic_operator' retrieved from /home/airflow/.local/lib/python3.12/site-packages/airflow/example_dags/example_outlet_event_extra.py
[2024-12-21T21:12:55.450+0000] {logging_mixin.py:190} INFO - [2024-12-21T21:12:55.450+0000] {dag.py:3239} INFO - Sync 3 DAGs
[2024-12-21T21:12:55.513+0000] {logging_mixin.py:190} INFO - [2024-12-21T21:12:55.512+0000] {dag.py:4180} INFO - Setting next_dagrun for dataset_with_extra_by_context to 2024-12-20 00:00:00+00:00, run_after=2024-12-21 00:00:00+00:00
[2024-12-21T21:12:55.524+0000] {logging_mixin.py:190} INFO - [2024-12-21T21:12:55.524+0000] {dag.py:4180} INFO - Setting next_dagrun for dataset_with_extra_by_yield to 2024-12-20 00:00:00+00:00, run_after=2024-12-21 00:00:00+00:00
[2024-12-21T21:12:55.531+0000] {logging_mixin.py:190} INFO - [2024-12-21T21:12:55.530+0000] {dag.py:4180} INFO - Setting next_dagrun for dataset_with_extra_from_classic_operator to 2024-12-20 00:00:00+00:00, run_after=2024-12-21 00:00:00+00:00
[2024-12-21T21:12:55.597+0000] {processor.py:208} INFO - Processing /home/airflow/.local/lib/python3.12/site-packages/airflow/example_dags/example_outlet_event_extra.py took 1.457 seconds
[2024-12-21T21:13:26.179+0000] {processor.py:186} INFO - Started process (PID=1549) to work on /home/airflow/.local/lib/python3.12/site-packages/airflow/example_dags/example_outlet_event_extra.py
[2024-12-21T21:13:26.182+0000] {processor.py:914} INFO - Processing file /home/airflow/.local/lib/python3.12/site-packages/airflow/example_dags/example_outlet_event_extra.py for tasks to queue
[2024-12-21T21:13:26.186+0000] {logging_mixin.py:190} INFO - [2024-12-21T21:13:26.186+0000] {dagbag.py:588} INFO - Filling up the DagBag from /home/airflow/.local/lib/python3.12/site-packages/airflow/example_dags/example_outlet_event_extra.py
[2024-12-21T21:13:27.388+0000] {processor.py:925} INFO - DAG(s) 'dataset_with_extra_by_context', 'dataset_with_extra_from_classic_operator', 'dataset_with_extra_by_yield' retrieved from /home/airflow/.local/lib/python3.12/site-packages/airflow/example_dags/example_outlet_event_extra.py
[2024-12-21T21:13:27.440+0000] {logging_mixin.py:190} INFO - [2024-12-21T21:13:27.439+0000] {dag.py:3239} INFO - Sync 3 DAGs
[2024-12-21T21:13:27.497+0000] {logging_mixin.py:190} INFO - [2024-12-21T21:13:27.496+0000] {dag.py:4180} INFO - Setting next_dagrun for dataset_with_extra_by_context to 2024-12-20 00:00:00+00:00, run_after=2024-12-21 00:00:00+00:00
[2024-12-21T21:13:27.508+0000] {logging_mixin.py:190} INFO - [2024-12-21T21:13:27.508+0000] {dag.py:4180} INFO - Setting next_dagrun for dataset_with_extra_by_yield to 2024-12-20 00:00:00+00:00, run_after=2024-12-21 00:00:00+00:00
[2024-12-21T21:13:27.514+0000] {logging_mixin.py:190} INFO - [2024-12-21T21:13:27.514+0000] {dag.py:4180} INFO - Setting next_dagrun for dataset_with_extra_from_classic_operator to 2024-12-20 00:00:00+00:00, run_after=2024-12-21 00:00:00+00:00
[2024-12-21T21:13:27.584+0000] {processor.py:208} INFO - Processing /home/airflow/.local/lib/python3.12/site-packages/airflow/example_dags/example_outlet_event_extra.py took 1.421 seconds
[2024-12-21T21:13:58.384+0000] {processor.py:186} INFO - Started process (PID=1850) to work on /home/airflow/.local/lib/python3.12/site-packages/airflow/example_dags/example_outlet_event_extra.py
[2024-12-21T21:13:58.386+0000] {processor.py:914} INFO - Processing file /home/airflow/.local/lib/python3.12/site-packages/airflow/example_dags/example_outlet_event_extra.py for tasks to queue
[2024-12-21T21:13:58.391+0000] {logging_mixin.py:190} INFO - [2024-12-21T21:13:58.390+0000] {dagbag.py:588} INFO - Filling up the DagBag from /home/airflow/.local/lib/python3.12/site-packages/airflow/example_dags/example_outlet_event_extra.py
[2024-12-21T21:13:59.674+0000] {processor.py:925} INFO - DAG(s) 'dataset_with_extra_by_yield', 'dataset_with_extra_from_classic_operator', 'dataset_with_extra_by_context' retrieved from /home/airflow/.local/lib/python3.12/site-packages/airflow/example_dags/example_outlet_event_extra.py
[2024-12-21T21:13:59.738+0000] {logging_mixin.py:190} INFO - [2024-12-21T21:13:59.737+0000] {dag.py:3239} INFO - Sync 3 DAGs
[2024-12-21T21:13:59.830+0000] {logging_mixin.py:190} INFO - [2024-12-21T21:13:59.830+0000] {dag.py:4180} INFO - Setting next_dagrun for dataset_with_extra_by_context to 2024-12-20 00:00:00+00:00, run_after=2024-12-21 00:00:00+00:00
[2024-12-21T21:13:59.842+0000] {logging_mixin.py:190} INFO - [2024-12-21T21:13:59.842+0000] {dag.py:4180} INFO - Setting next_dagrun for dataset_with_extra_by_yield to 2024-12-20 00:00:00+00:00, run_after=2024-12-21 00:00:00+00:00
[2024-12-21T21:13:59.850+0000] {logging_mixin.py:190} INFO - [2024-12-21T21:13:59.850+0000] {dag.py:4180} INFO - Setting next_dagrun for dataset_with_extra_from_classic_operator to 2024-12-20 00:00:00+00:00, run_after=2024-12-21 00:00:00+00:00
[2024-12-21T21:13:59.905+0000] {processor.py:208} INFO - Processing /home/airflow/.local/lib/python3.12/site-packages/airflow/example_dags/example_outlet_event_extra.py took 1.537 seconds
[2024-12-21T21:14:30.071+0000] {processor.py:186} INFO - Started process (PID=2146) to work on /home/airflow/.local/lib/python3.12/site-packages/airflow/example_dags/example_outlet_event_extra.py
[2024-12-21T21:14:30.073+0000] {processor.py:914} INFO - Processing file /home/airflow/.local/lib/python3.12/site-packages/airflow/example_dags/example_outlet_event_extra.py for tasks to queue
[2024-12-21T21:14:30.078+0000] {logging_mixin.py:190} INFO - [2024-12-21T21:14:30.077+0000] {dagbag.py:588} INFO - Filling up the DagBag from /home/airflow/.local/lib/python3.12/site-packages/airflow/example_dags/example_outlet_event_extra.py
[2024-12-21T21:14:31.392+0000] {processor.py:925} INFO - DAG(s) 'dataset_with_extra_by_context', 'dataset_with_extra_from_classic_operator', 'dataset_with_extra_by_yield' retrieved from /home/airflow/.local/lib/python3.12/site-packages/airflow/example_dags/example_outlet_event_extra.py
[2024-12-21T21:14:31.444+0000] {logging_mixin.py:190} INFO - [2024-12-21T21:14:31.443+0000] {dag.py:3239} INFO - Sync 3 DAGs
[2024-12-21T21:14:31.496+0000] {logging_mixin.py:190} INFO - [2024-12-21T21:14:31.496+0000] {dag.py:4180} INFO - Setting next_dagrun for dataset_with_extra_by_context to 2024-12-20 00:00:00+00:00, run_after=2024-12-21 00:00:00+00:00
[2024-12-21T21:14:31.507+0000] {logging_mixin.py:190} INFO - [2024-12-21T21:14:31.507+0000] {dag.py:4180} INFO - Setting next_dagrun for dataset_with_extra_by_yield to 2024-12-20 00:00:00+00:00, run_after=2024-12-21 00:00:00+00:00
[2024-12-21T21:14:31.513+0000] {logging_mixin.py:190} INFO - [2024-12-21T21:14:31.513+0000] {dag.py:4180} INFO - Setting next_dagrun for dataset_with_extra_from_classic_operator to 2024-12-20 00:00:00+00:00, run_after=2024-12-21 00:00:00+00:00
[2024-12-21T21:14:31.583+0000] {processor.py:208} INFO - Processing /home/airflow/.local/lib/python3.12/site-packages/airflow/example_dags/example_outlet_event_extra.py took 1.527 seconds
[2024-12-21T21:15:02.211+0000] {processor.py:186} INFO - Started process (PID=2442) to work on /home/airflow/.local/lib/python3.12/site-packages/airflow/example_dags/example_outlet_event_extra.py
[2024-12-21T21:15:02.213+0000] {processor.py:914} INFO - Processing file /home/airflow/.local/lib/python3.12/site-packages/airflow/example_dags/example_outlet_event_extra.py for tasks to queue
[2024-12-21T21:15:02.219+0000] {logging_mixin.py:190} INFO - [2024-12-21T21:15:02.218+0000] {dagbag.py:588} INFO - Filling up the DagBag from /home/airflow/.local/lib/python3.12/site-packages/airflow/example_dags/example_outlet_event_extra.py
[2024-12-21T21:15:03.449+0000] {processor.py:925} INFO - DAG(s) 'dataset_with_extra_by_yield', 'dataset_with_extra_by_context', 'dataset_with_extra_from_classic_operator' retrieved from /home/airflow/.local/lib/python3.12/site-packages/airflow/example_dags/example_outlet_event_extra.py
[2024-12-21T21:15:03.504+0000] {logging_mixin.py:190} INFO - [2024-12-21T21:15:03.504+0000] {dag.py:3239} INFO - Sync 3 DAGs
[2024-12-21T21:15:03.558+0000] {logging_mixin.py:190} INFO - [2024-12-21T21:15:03.557+0000] {dag.py:4180} INFO - Setting next_dagrun for dataset_with_extra_by_context to 2024-12-20 00:00:00+00:00, run_after=2024-12-21 00:00:00+00:00
[2024-12-21T21:15:03.572+0000] {logging_mixin.py:190} INFO - [2024-12-21T21:15:03.572+0000] {dag.py:4180} INFO - Setting next_dagrun for dataset_with_extra_by_yield to 2024-12-20 00:00:00+00:00, run_after=2024-12-21 00:00:00+00:00
[2024-12-21T21:15:03.579+0000] {logging_mixin.py:190} INFO - [2024-12-21T21:15:03.579+0000] {dag.py:4180} INFO - Setting next_dagrun for dataset_with_extra_from_classic_operator to 2024-12-20 00:00:00+00:00, run_after=2024-12-21 00:00:00+00:00
[2024-12-21T21:15:03.650+0000] {processor.py:208} INFO - Processing /home/airflow/.local/lib/python3.12/site-packages/airflow/example_dags/example_outlet_event_extra.py took 1.453 seconds
[2024-12-21T21:15:34.062+0000] {processor.py:186} INFO - Started process (PID=2738) to work on /home/airflow/.local/lib/python3.12/site-packages/airflow/example_dags/example_outlet_event_extra.py
[2024-12-21T21:15:34.064+0000] {processor.py:914} INFO - Processing file /home/airflow/.local/lib/python3.12/site-packages/airflow/example_dags/example_outlet_event_extra.py for tasks to queue
[2024-12-21T21:15:34.068+0000] {logging_mixin.py:190} INFO - [2024-12-21T21:15:34.067+0000] {dagbag.py:588} INFO - Filling up the DagBag from /home/airflow/.local/lib/python3.12/site-packages/airflow/example_dags/example_outlet_event_extra.py
[2024-12-21T21:15:35.367+0000] {processor.py:925} INFO - DAG(s) 'dataset_with_extra_by_yield', 'dataset_with_extra_from_classic_operator', 'dataset_with_extra_by_context' retrieved from /home/airflow/.local/lib/python3.12/site-packages/airflow/example_dags/example_outlet_event_extra.py
[2024-12-21T21:15:35.421+0000] {logging_mixin.py:190} INFO - [2024-12-21T21:15:35.420+0000] {dag.py:3239} INFO - Sync 3 DAGs
[2024-12-21T21:15:35.484+0000] {logging_mixin.py:190} INFO - [2024-12-21T21:15:35.484+0000] {dag.py:4180} INFO - Setting next_dagrun for dataset_with_extra_by_context to 2024-12-20 00:00:00+00:00, run_after=2024-12-21 00:00:00+00:00
[2024-12-21T21:15:35.496+0000] {logging_mixin.py:190} INFO - [2024-12-21T21:15:35.495+0000] {dag.py:4180} INFO - Setting next_dagrun for dataset_with_extra_by_yield to 2024-12-20 00:00:00+00:00, run_after=2024-12-21 00:00:00+00:00
[2024-12-21T21:15:35.502+0000] {logging_mixin.py:190} INFO - [2024-12-21T21:15:35.501+0000] {dag.py:4180} INFO - Setting next_dagrun for dataset_with_extra_from_classic_operator to 2024-12-20 00:00:00+00:00, run_after=2024-12-21 00:00:00+00:00
[2024-12-21T21:15:35.574+0000] {processor.py:208} INFO - Processing /home/airflow/.local/lib/python3.12/site-packages/airflow/example_dags/example_outlet_event_extra.py took 1.525 seconds
[2024-12-21T21:16:06.543+0000] {processor.py:186} INFO - Started process (PID=3034) to work on /home/airflow/.local/lib/python3.12/site-packages/airflow/example_dags/example_outlet_event_extra.py
[2024-12-21T21:16:06.545+0000] {processor.py:914} INFO - Processing file /home/airflow/.local/lib/python3.12/site-packages/airflow/example_dags/example_outlet_event_extra.py for tasks to queue
[2024-12-21T21:16:06.551+0000] {logging_mixin.py:190} INFO - [2024-12-21T21:16:06.550+0000] {dagbag.py:588} INFO - Filling up the DagBag from /home/airflow/.local/lib/python3.12/site-packages/airflow/example_dags/example_outlet_event_extra.py
[2024-12-21T21:16:08.138+0000] {processor.py:925} INFO - DAG(s) 'dataset_with_extra_by_context', 'dataset_with_extra_from_classic_operator', 'dataset_with_extra_by_yield' retrieved from /home/airflow/.local/lib/python3.12/site-packages/airflow/example_dags/example_outlet_event_extra.py
[2024-12-21T21:16:08.220+0000] {logging_mixin.py:190} INFO - [2024-12-21T21:16:08.220+0000] {dag.py:3239} INFO - Sync 3 DAGs
[2024-12-21T21:16:08.311+0000] {logging_mixin.py:190} INFO - [2024-12-21T21:16:08.310+0000] {dag.py:4180} INFO - Setting next_dagrun for dataset_with_extra_by_context to 2024-12-20 00:00:00+00:00, run_after=2024-12-21 00:00:00+00:00
[2024-12-21T21:16:08.330+0000] {logging_mixin.py:190} INFO - [2024-12-21T21:16:08.329+0000] {dag.py:4180} INFO - Setting next_dagrun for dataset_with_extra_by_yield to 2024-12-20 00:00:00+00:00, run_after=2024-12-21 00:00:00+00:00
[2024-12-21T21:16:08.339+0000] {logging_mixin.py:190} INFO - [2024-12-21T21:16:08.339+0000] {dag.py:4180} INFO - Setting next_dagrun for dataset_with_extra_from_classic_operator to 2024-12-20 00:00:00+00:00, run_after=2024-12-21 00:00:00+00:00
[2024-12-21T21:16:08.435+0000] {processor.py:208} INFO - Processing /home/airflow/.local/lib/python3.12/site-packages/airflow/example_dags/example_outlet_event_extra.py took 1.905 seconds
