[2024-12-21T21:11:21.670+0000] {processor.py:186} INFO - Started process (PID=352) to work on /home/airflow/.local/lib/python3.12/site-packages/airflow/example_dags/example_branch_python_dop_operator_3.py
[2024-12-21T21:11:21.672+0000] {processor.py:914} INFO - Processing file /home/airflow/.local/lib/python3.12/site-packages/airflow/example_dags/example_branch_python_dop_operator_3.py for tasks to queue
[2024-12-21T21:11:21.676+0000] {logging_mixin.py:190} INFO - [2024-12-21T21:11:21.676+0000] {dagbag.py:588} INFO - Filling up the DagBag from /home/airflow/.local/lib/python3.12/site-packages/airflow/example_dags/example_branch_python_dop_operator_3.py
[2024-12-21T21:11:21.703+0000] {processor.py:925} INFO - DAG(s) 'example_branch_dop_operator_v3' retrieved from /home/airflow/.local/lib/python3.12/site-packages/airflow/example_dags/example_branch_python_dop_operator_3.py
[2024-12-21T21:11:21.952+0000] {logging_mixin.py:190} INFO - [2024-12-21T21:11:21.951+0000] {override.py:1911} INFO - Created Permission View: can delete on DAG:example_branch_dop_operator_v3
[2024-12-21T21:11:21.975+0000] {logging_mixin.py:190} INFO - [2024-12-21T21:11:21.974+0000] {override.py:1911} INFO - Created Permission View: can edit on DAG:example_branch_dop_operator_v3
[2024-12-21T21:11:21.991+0000] {logging_mixin.py:190} INFO - [2024-12-21T21:11:21.990+0000] {override.py:1911} INFO - Created Permission View: can read on DAG:example_branch_dop_operator_v3
[2024-12-21T21:11:22.007+0000] {logging_mixin.py:190} INFO - [2024-12-21T21:11:22.007+0000] {override.py:1911} INFO - Created Permission View: can delete on DAG Run:example_branch_dop_operator_v3
[2024-12-21T21:11:22.023+0000] {logging_mixin.py:190} INFO - [2024-12-21T21:11:22.022+0000] {override.py:1911} INFO - Created Permission View: can read on DAG Run:example_branch_dop_operator_v3
[2024-12-21T21:11:22.041+0000] {logging_mixin.py:190} INFO - [2024-12-21T21:11:22.040+0000] {override.py:1911} INFO - Created Permission View: can create on DAG Run:example_branch_dop_operator_v3
[2024-12-21T21:11:22.058+0000] {logging_mixin.py:190} INFO - [2024-12-21T21:11:22.057+0000] {override.py:1911} INFO - Created Permission View: menu access on DAG Run:example_branch_dop_operator_v3
[2024-12-21T21:11:22.059+0000] {logging_mixin.py:190} INFO - [2024-12-21T21:11:22.058+0000] {dag.py:3239} INFO - Sync 1 DAGs
[2024-12-21T21:11:22.086+0000] {logging_mixin.py:190} INFO - [2024-12-21T21:11:22.086+0000] {dag.py:3262} INFO - Creating ORM DAG for example_branch_dop_operator_v3
[2024-12-21T21:11:22.119+0000] {logging_mixin.py:190} INFO - [2024-12-21T21:11:22.118+0000] {dag.py:4180} INFO - Setting next_dagrun for example_branch_dop_operator_v3 to 2024-12-21 21:10:00+00:00, run_after=2024-12-21 21:11:00+00:00
[2024-12-21T21:11:22.154+0000] {processor.py:208} INFO - Processing /home/airflow/.local/lib/python3.12/site-packages/airflow/example_dags/example_branch_python_dop_operator_3.py took 0.496 seconds
[2024-12-21T21:11:52.457+0000] {processor.py:186} INFO - Started process (PID=650) to work on /home/airflow/.local/lib/python3.12/site-packages/airflow/example_dags/example_branch_python_dop_operator_3.py
[2024-12-21T21:11:52.459+0000] {processor.py:914} INFO - Processing file /home/airflow/.local/lib/python3.12/site-packages/airflow/example_dags/example_branch_python_dop_operator_3.py for tasks to queue
[2024-12-21T21:11:52.464+0000] {logging_mixin.py:190} INFO - [2024-12-21T21:11:52.463+0000] {dagbag.py:588} INFO - Filling up the DagBag from /home/airflow/.local/lib/python3.12/site-packages/airflow/example_dags/example_branch_python_dop_operator_3.py
[2024-12-21T21:11:52.486+0000] {processor.py:925} INFO - DAG(s) 'example_branch_dop_operator_v3' retrieved from /home/airflow/.local/lib/python3.12/site-packages/airflow/example_dags/example_branch_python_dop_operator_3.py
[2024-12-21T21:11:52.525+0000] {logging_mixin.py:190} INFO - [2024-12-21T21:11:52.524+0000] {dag.py:3239} INFO - Sync 1 DAGs
[2024-12-21T21:11:52.582+0000] {logging_mixin.py:190} INFO - [2024-12-21T21:11:52.582+0000] {dag.py:4180} INFO - Setting next_dagrun for example_branch_dop_operator_v3 to 2024-12-21 21:10:00+00:00, run_after=2024-12-21 21:11:00+00:00
[2024-12-21T21:11:52.622+0000] {processor.py:208} INFO - Processing /home/airflow/.local/lib/python3.12/site-packages/airflow/example_dags/example_branch_python_dop_operator_3.py took 0.178 seconds
[2024-12-21T21:12:23.476+0000] {processor.py:186} INFO - Started process (PID=944) to work on /home/airflow/.local/lib/python3.12/site-packages/airflow/example_dags/example_branch_python_dop_operator_3.py
[2024-12-21T21:12:23.477+0000] {processor.py:914} INFO - Processing file /home/airflow/.local/lib/python3.12/site-packages/airflow/example_dags/example_branch_python_dop_operator_3.py for tasks to queue
[2024-12-21T21:12:23.483+0000] {logging_mixin.py:190} INFO - [2024-12-21T21:12:23.482+0000] {dagbag.py:588} INFO - Filling up the DagBag from /home/airflow/.local/lib/python3.12/site-packages/airflow/example_dags/example_branch_python_dop_operator_3.py
[2024-12-21T21:12:23.504+0000] {processor.py:925} INFO - DAG(s) 'example_branch_dop_operator_v3' retrieved from /home/airflow/.local/lib/python3.12/site-packages/airflow/example_dags/example_branch_python_dop_operator_3.py
[2024-12-21T21:12:23.547+0000] {logging_mixin.py:190} INFO - [2024-12-21T21:12:23.546+0000] {dag.py:3239} INFO - Sync 1 DAGs
[2024-12-21T21:12:23.607+0000] {logging_mixin.py:190} INFO - [2024-12-21T21:12:23.607+0000] {dag.py:4180} INFO - Setting next_dagrun for example_branch_dop_operator_v3 to 2024-12-21 21:11:00+00:00, run_after=2024-12-21 21:12:00+00:00
[2024-12-21T21:12:23.648+0000] {processor.py:208} INFO - Processing /home/airflow/.local/lib/python3.12/site-packages/airflow/example_dags/example_branch_python_dop_operator_3.py took 0.183 seconds
[2024-12-21T21:12:54.152+0000] {processor.py:186} INFO - Started process (PID=1240) to work on /home/airflow/.local/lib/python3.12/site-packages/airflow/example_dags/example_branch_python_dop_operator_3.py
[2024-12-21T21:12:54.154+0000] {processor.py:914} INFO - Processing file /home/airflow/.local/lib/python3.12/site-packages/airflow/example_dags/example_branch_python_dop_operator_3.py for tasks to queue
[2024-12-21T21:12:54.158+0000] {logging_mixin.py:190} INFO - [2024-12-21T21:12:54.157+0000] {dagbag.py:588} INFO - Filling up the DagBag from /home/airflow/.local/lib/python3.12/site-packages/airflow/example_dags/example_branch_python_dop_operator_3.py
[2024-12-21T21:12:54.184+0000] {processor.py:925} INFO - DAG(s) 'example_branch_dop_operator_v3' retrieved from /home/airflow/.local/lib/python3.12/site-packages/airflow/example_dags/example_branch_python_dop_operator_3.py
[2024-12-21T21:12:54.223+0000] {logging_mixin.py:190} INFO - [2024-12-21T21:12:54.222+0000] {dag.py:3239} INFO - Sync 1 DAGs
[2024-12-21T21:12:54.272+0000] {logging_mixin.py:190} INFO - [2024-12-21T21:12:54.272+0000] {dag.py:4180} INFO - Setting next_dagrun for example_branch_dop_operator_v3 to 2024-12-21 21:11:00+00:00, run_after=2024-12-21 21:12:00+00:00
[2024-12-21T21:12:54.310+0000] {processor.py:208} INFO - Processing /home/airflow/.local/lib/python3.12/site-packages/airflow/example_dags/example_branch_python_dop_operator_3.py took 0.169 seconds
[2024-12-21T21:13:25.662+0000] {processor.py:186} INFO - Started process (PID=1539) to work on /home/airflow/.local/lib/python3.12/site-packages/airflow/example_dags/example_branch_python_dop_operator_3.py
[2024-12-21T21:13:25.665+0000] {processor.py:914} INFO - Processing file /home/airflow/.local/lib/python3.12/site-packages/airflow/example_dags/example_branch_python_dop_operator_3.py for tasks to queue
[2024-12-21T21:13:25.670+0000] {logging_mixin.py:190} INFO - [2024-12-21T21:13:25.669+0000] {dagbag.py:588} INFO - Filling up the DagBag from /home/airflow/.local/lib/python3.12/site-packages/airflow/example_dags/example_branch_python_dop_operator_3.py
[2024-12-21T21:13:25.695+0000] {processor.py:925} INFO - DAG(s) 'example_branch_dop_operator_v3' retrieved from /home/airflow/.local/lib/python3.12/site-packages/airflow/example_dags/example_branch_python_dop_operator_3.py
[2024-12-21T21:13:25.737+0000] {logging_mixin.py:190} INFO - [2024-12-21T21:13:25.736+0000] {dag.py:3239} INFO - Sync 1 DAGs
[2024-12-21T21:13:25.788+0000] {logging_mixin.py:190} INFO - [2024-12-21T21:13:25.788+0000] {dag.py:4180} INFO - Setting next_dagrun for example_branch_dop_operator_v3 to 2024-12-21 21:12:00+00:00, run_after=2024-12-21 21:13:00+00:00
[2024-12-21T21:13:25.827+0000] {processor.py:208} INFO - Processing /home/airflow/.local/lib/python3.12/site-packages/airflow/example_dags/example_branch_python_dop_operator_3.py took 0.177 seconds
[2024-12-21T21:13:56.414+0000] {processor.py:186} INFO - Started process (PID=1833) to work on /home/airflow/.local/lib/python3.12/site-packages/airflow/example_dags/example_branch_python_dop_operator_3.py
[2024-12-21T21:13:56.416+0000] {processor.py:914} INFO - Processing file /home/airflow/.local/lib/python3.12/site-packages/airflow/example_dags/example_branch_python_dop_operator_3.py for tasks to queue
[2024-12-21T21:13:56.421+0000] {logging_mixin.py:190} INFO - [2024-12-21T21:13:56.420+0000] {dagbag.py:588} INFO - Filling up the DagBag from /home/airflow/.local/lib/python3.12/site-packages/airflow/example_dags/example_branch_python_dop_operator_3.py
[2024-12-21T21:13:56.446+0000] {processor.py:925} INFO - DAG(s) 'example_branch_dop_operator_v3' retrieved from /home/airflow/.local/lib/python3.12/site-packages/airflow/example_dags/example_branch_python_dop_operator_3.py
[2024-12-21T21:13:56.488+0000] {logging_mixin.py:190} INFO - [2024-12-21T21:13:56.487+0000] {dag.py:3239} INFO - Sync 1 DAGs
[2024-12-21T21:13:56.544+0000] {logging_mixin.py:190} INFO - [2024-12-21T21:13:56.544+0000] {dag.py:4180} INFO - Setting next_dagrun for example_branch_dop_operator_v3 to 2024-12-21 21:12:00+00:00, run_after=2024-12-21 21:13:00+00:00
[2024-12-21T21:13:56.585+0000] {processor.py:208} INFO - Processing /home/airflow/.local/lib/python3.12/site-packages/airflow/example_dags/example_branch_python_dop_operator_3.py took 0.182 seconds
[2024-12-21T21:14:27.451+0000] {processor.py:186} INFO - Started process (PID=2126) to work on /home/airflow/.local/lib/python3.12/site-packages/airflow/example_dags/example_branch_python_dop_operator_3.py
[2024-12-21T21:14:27.453+0000] {processor.py:914} INFO - Processing file /home/airflow/.local/lib/python3.12/site-packages/airflow/example_dags/example_branch_python_dop_operator_3.py for tasks to queue
[2024-12-21T21:14:27.458+0000] {logging_mixin.py:190} INFO - [2024-12-21T21:14:27.457+0000] {dagbag.py:588} INFO - Filling up the DagBag from /home/airflow/.local/lib/python3.12/site-packages/airflow/example_dags/example_branch_python_dop_operator_3.py
[2024-12-21T21:14:27.478+0000] {processor.py:925} INFO - DAG(s) 'example_branch_dop_operator_v3' retrieved from /home/airflow/.local/lib/python3.12/site-packages/airflow/example_dags/example_branch_python_dop_operator_3.py
[2024-12-21T21:14:27.518+0000] {logging_mixin.py:190} INFO - [2024-12-21T21:14:27.518+0000] {dag.py:3239} INFO - Sync 1 DAGs
[2024-12-21T21:14:27.606+0000] {logging_mixin.py:190} INFO - [2024-12-21T21:14:27.604+0000] {dag.py:4180} INFO - Setting next_dagrun for example_branch_dop_operator_v3 to 2024-12-21 21:13:00+00:00, run_after=2024-12-21 21:14:00+00:00
[2024-12-21T21:14:27.693+0000] {processor.py:208} INFO - Processing /home/airflow/.local/lib/python3.12/site-packages/airflow/example_dags/example_branch_python_dop_operator_3.py took 0.253 seconds
[2024-12-21T21:14:57.829+0000] {processor.py:186} INFO - Started process (PID=2420) to work on /home/airflow/.local/lib/python3.12/site-packages/airflow/example_dags/example_branch_python_dop_operator_3.py
[2024-12-21T21:14:57.831+0000] {processor.py:914} INFO - Processing file /home/airflow/.local/lib/python3.12/site-packages/airflow/example_dags/example_branch_python_dop_operator_3.py for tasks to queue
[2024-12-21T21:14:57.836+0000] {logging_mixin.py:190} INFO - [2024-12-21T21:14:57.836+0000] {dagbag.py:588} INFO - Filling up the DagBag from /home/airflow/.local/lib/python3.12/site-packages/airflow/example_dags/example_branch_python_dop_operator_3.py
[2024-12-21T21:14:57.858+0000] {processor.py:925} INFO - DAG(s) 'example_branch_dop_operator_v3' retrieved from /home/airflow/.local/lib/python3.12/site-packages/airflow/example_dags/example_branch_python_dop_operator_3.py
[2024-12-21T21:14:57.899+0000] {logging_mixin.py:190} INFO - [2024-12-21T21:14:57.899+0000] {dag.py:3239} INFO - Sync 1 DAGs
[2024-12-21T21:14:57.957+0000] {logging_mixin.py:190} INFO - [2024-12-21T21:14:57.956+0000] {dag.py:4180} INFO - Setting next_dagrun for example_branch_dop_operator_v3 to 2024-12-21 21:13:00+00:00, run_after=2024-12-21 21:14:00+00:00
[2024-12-21T21:14:58.022+0000] {processor.py:208} INFO - Processing /home/airflow/.local/lib/python3.12/site-packages/airflow/example_dags/example_branch_python_dop_operator_3.py took 0.208 seconds
[2024-12-21T21:15:28.199+0000] {processor.py:186} INFO - Started process (PID=2713) to work on /home/airflow/.local/lib/python3.12/site-packages/airflow/example_dags/example_branch_python_dop_operator_3.py
[2024-12-21T21:15:28.201+0000] {processor.py:914} INFO - Processing file /home/airflow/.local/lib/python3.12/site-packages/airflow/example_dags/example_branch_python_dop_operator_3.py for tasks to queue
[2024-12-21T21:15:28.206+0000] {logging_mixin.py:190} INFO - [2024-12-21T21:15:28.205+0000] {dagbag.py:588} INFO - Filling up the DagBag from /home/airflow/.local/lib/python3.12/site-packages/airflow/example_dags/example_branch_python_dop_operator_3.py
[2024-12-21T21:15:28.226+0000] {processor.py:925} INFO - DAG(s) 'example_branch_dop_operator_v3' retrieved from /home/airflow/.local/lib/python3.12/site-packages/airflow/example_dags/example_branch_python_dop_operator_3.py
[2024-12-21T21:15:28.281+0000] {logging_mixin.py:190} INFO - [2024-12-21T21:15:28.281+0000] {dag.py:3239} INFO - Sync 1 DAGs
[2024-12-21T21:15:28.334+0000] {logging_mixin.py:190} INFO - [2024-12-21T21:15:28.334+0000] {dag.py:4180} INFO - Setting next_dagrun for example_branch_dop_operator_v3 to 2024-12-21 21:14:00+00:00, run_after=2024-12-21 21:15:00+00:00
[2024-12-21T21:15:28.400+0000] {processor.py:208} INFO - Processing /home/airflow/.local/lib/python3.12/site-packages/airflow/example_dags/example_branch_python_dop_operator_3.py took 0.212 seconds
[2024-12-21T21:15:58.684+0000] {processor.py:186} INFO - Started process (PID=3007) to work on /home/airflow/.local/lib/python3.12/site-packages/airflow/example_dags/example_branch_python_dop_operator_3.py
[2024-12-21T21:15:58.688+0000] {processor.py:914} INFO - Processing file /home/airflow/.local/lib/python3.12/site-packages/airflow/example_dags/example_branch_python_dop_operator_3.py for tasks to queue
[2024-12-21T21:15:58.699+0000] {logging_mixin.py:190} INFO - [2024-12-21T21:15:58.697+0000] {dagbag.py:588} INFO - Filling up the DagBag from /home/airflow/.local/lib/python3.12/site-packages/airflow/example_dags/example_branch_python_dop_operator_3.py
[2024-12-21T21:15:58.746+0000] {processor.py:925} INFO - DAG(s) 'example_branch_dop_operator_v3' retrieved from /home/airflow/.local/lib/python3.12/site-packages/airflow/example_dags/example_branch_python_dop_operator_3.py
[2024-12-21T21:15:58.829+0000] {logging_mixin.py:190} INFO - [2024-12-21T21:15:58.828+0000] {dag.py:3239} INFO - Sync 1 DAGs
[2024-12-21T21:15:58.945+0000] {logging_mixin.py:190} INFO - [2024-12-21T21:15:58.944+0000] {dag.py:4180} INFO - Setting next_dagrun for example_branch_dop_operator_v3 to 2024-12-21 21:14:00+00:00, run_after=2024-12-21 21:15:00+00:00
[2024-12-21T21:15:59.007+0000] {processor.py:208} INFO - Processing /home/airflow/.local/lib/python3.12/site-packages/airflow/example_dags/example_branch_python_dop_operator_3.py took 0.348 seconds
[2024-12-21T21:16:29.424+0000] {processor.py:186} INFO - Started process (PID=3302) to work on /home/airflow/.local/lib/python3.12/site-packages/airflow/example_dags/example_branch_python_dop_operator_3.py
[2024-12-21T21:16:29.426+0000] {processor.py:914} INFO - Processing file /home/airflow/.local/lib/python3.12/site-packages/airflow/example_dags/example_branch_python_dop_operator_3.py for tasks to queue
[2024-12-21T21:16:29.432+0000] {logging_mixin.py:190} INFO - [2024-12-21T21:16:29.431+0000] {dagbag.py:588} INFO - Filling up the DagBag from /home/airflow/.local/lib/python3.12/site-packages/airflow/example_dags/example_branch_python_dop_operator_3.py
[2024-12-21T21:16:29.462+0000] {processor.py:925} INFO - DAG(s) 'example_branch_dop_operator_v3' retrieved from /home/airflow/.local/lib/python3.12/site-packages/airflow/example_dags/example_branch_python_dop_operator_3.py
[2024-12-21T21:16:29.516+0000] {logging_mixin.py:190} INFO - [2024-12-21T21:16:29.516+0000] {dag.py:3239} INFO - Sync 1 DAGs
[2024-12-21T21:16:29.584+0000] {logging_mixin.py:190} INFO - [2024-12-21T21:16:29.584+0000] {dag.py:4180} INFO - Setting next_dagrun for example_branch_dop_operator_v3 to 2024-12-21 21:15:00+00:00, run_after=2024-12-21 21:16:00+00:00
[2024-12-21T21:16:29.629+0000] {processor.py:208} INFO - Processing /home/airflow/.local/lib/python3.12/site-packages/airflow/example_dags/example_branch_python_dop_operator_3.py took 0.222 seconds
[2024-12-21T21:17:00.204+0000] {processor.py:186} INFO - Started process (PID=3598) to work on /home/airflow/.local/lib/python3.12/site-packages/airflow/example_dags/example_branch_python_dop_operator_3.py
[2024-12-21T21:17:00.207+0000] {processor.py:914} INFO - Processing file /home/airflow/.local/lib/python3.12/site-packages/airflow/example_dags/example_branch_python_dop_operator_3.py for tasks to queue
[2024-12-21T21:17:00.213+0000] {logging_mixin.py:190} INFO - [2024-12-21T21:17:00.212+0000] {dagbag.py:588} INFO - Filling up the DagBag from /home/airflow/.local/lib/python3.12/site-packages/airflow/example_dags/example_branch_python_dop_operator_3.py
[2024-12-21T21:17:00.245+0000] {processor.py:925} INFO - DAG(s) 'example_branch_dop_operator_v3' retrieved from /home/airflow/.local/lib/python3.12/site-packages/airflow/example_dags/example_branch_python_dop_operator_3.py
[2024-12-21T21:17:00.309+0000] {logging_mixin.py:190} INFO - [2024-12-21T21:17:00.308+0000] {dag.py:3239} INFO - Sync 1 DAGs
[2024-12-21T21:17:00.403+0000] {logging_mixin.py:190} INFO - [2024-12-21T21:17:00.402+0000] {dag.py:4180} INFO - Setting next_dagrun for example_branch_dop_operator_v3 to 2024-12-21 21:16:00+00:00, run_after=2024-12-21 21:17:00+00:00
[2024-12-21T21:17:00.461+0000] {processor.py:208} INFO - Processing /home/airflow/.local/lib/python3.12/site-packages/airflow/example_dags/example_branch_python_dop_operator_3.py took 0.275 seconds
[2024-12-21T21:17:30.911+0000] {processor.py:186} INFO - Started process (PID=3894) to work on /home/airflow/.local/lib/python3.12/site-packages/airflow/example_dags/example_branch_python_dop_operator_3.py
[2024-12-21T21:17:30.912+0000] {processor.py:914} INFO - Processing file /home/airflow/.local/lib/python3.12/site-packages/airflow/example_dags/example_branch_python_dop_operator_3.py for tasks to queue
[2024-12-21T21:17:30.916+0000] {logging_mixin.py:190} INFO - [2024-12-21T21:17:30.916+0000] {dagbag.py:588} INFO - Filling up the DagBag from /home/airflow/.local/lib/python3.12/site-packages/airflow/example_dags/example_branch_python_dop_operator_3.py
[2024-12-21T21:17:30.937+0000] {processor.py:925} INFO - DAG(s) 'example_branch_dop_operator_v3' retrieved from /home/airflow/.local/lib/python3.12/site-packages/airflow/example_dags/example_branch_python_dop_operator_3.py
[2024-12-21T21:17:30.977+0000] {logging_mixin.py:190} INFO - [2024-12-21T21:17:30.977+0000] {dag.py:3239} INFO - Sync 1 DAGs
[2024-12-21T21:17:31.038+0000] {logging_mixin.py:190} INFO - [2024-12-21T21:17:31.037+0000] {dag.py:4180} INFO - Setting next_dagrun for example_branch_dop_operator_v3 to 2024-12-21 21:16:00+00:00, run_after=2024-12-21 21:17:00+00:00
[2024-12-21T21:17:31.079+0000] {processor.py:208} INFO - Processing /home/airflow/.local/lib/python3.12/site-packages/airflow/example_dags/example_branch_python_dop_operator_3.py took 0.182 seconds
[2024-12-21T21:18:01.798+0000] {processor.py:186} INFO - Started process (PID=4192) to work on /home/airflow/.local/lib/python3.12/site-packages/airflow/example_dags/example_branch_python_dop_operator_3.py
[2024-12-21T21:18:01.801+0000] {processor.py:914} INFO - Processing file /home/airflow/.local/lib/python3.12/site-packages/airflow/example_dags/example_branch_python_dop_operator_3.py for tasks to queue
[2024-12-21T21:18:01.809+0000] {logging_mixin.py:190} INFO - [2024-12-21T21:18:01.808+0000] {dagbag.py:588} INFO - Filling up the DagBag from /home/airflow/.local/lib/python3.12/site-packages/airflow/example_dags/example_branch_python_dop_operator_3.py
[2024-12-21T21:18:01.842+0000] {processor.py:925} INFO - DAG(s) 'example_branch_dop_operator_v3' retrieved from /home/airflow/.local/lib/python3.12/site-packages/airflow/example_dags/example_branch_python_dop_operator_3.py
[2024-12-21T21:18:01.905+0000] {logging_mixin.py:190} INFO - [2024-12-21T21:18:01.904+0000] {dag.py:3239} INFO - Sync 1 DAGs
[2024-12-21T21:18:01.993+0000] {logging_mixin.py:190} INFO - [2024-12-21T21:18:01.992+0000] {dag.py:4180} INFO - Setting next_dagrun for example_branch_dop_operator_v3 to 2024-12-21 21:17:00+00:00, run_after=2024-12-21 21:18:00+00:00
[2024-12-21T21:18:02.057+0000] {processor.py:208} INFO - Processing /home/airflow/.local/lib/python3.12/site-packages/airflow/example_dags/example_branch_python_dop_operator_3.py took 0.276 seconds
[2024-12-21T21:18:32.462+0000] {processor.py:186} INFO - Started process (PID=4488) to work on /home/airflow/.local/lib/python3.12/site-packages/airflow/example_dags/example_branch_python_dop_operator_3.py
[2024-12-21T21:18:32.465+0000] {processor.py:914} INFO - Processing file /home/airflow/.local/lib/python3.12/site-packages/airflow/example_dags/example_branch_python_dop_operator_3.py for tasks to queue
[2024-12-21T21:18:32.470+0000] {logging_mixin.py:190} INFO - [2024-12-21T21:18:32.470+0000] {dagbag.py:588} INFO - Filling up the DagBag from /home/airflow/.local/lib/python3.12/site-packages/airflow/example_dags/example_branch_python_dop_operator_3.py
[2024-12-21T21:18:32.514+0000] {processor.py:925} INFO - DAG(s) 'example_branch_dop_operator_v3' retrieved from /home/airflow/.local/lib/python3.12/site-packages/airflow/example_dags/example_branch_python_dop_operator_3.py
[2024-12-21T21:18:32.566+0000] {logging_mixin.py:190} INFO - [2024-12-21T21:18:32.565+0000] {dag.py:3239} INFO - Sync 1 DAGs
[2024-12-21T21:18:32.632+0000] {logging_mixin.py:190} INFO - [2024-12-21T21:18:32.632+0000] {dag.py:4180} INFO - Setting next_dagrun for example_branch_dop_operator_v3 to 2024-12-21 21:17:00+00:00, run_after=2024-12-21 21:18:00+00:00
[2024-12-21T21:18:32.701+0000] {processor.py:208} INFO - Processing /home/airflow/.local/lib/python3.12/site-packages/airflow/example_dags/example_branch_python_dop_operator_3.py took 0.254 seconds
[2024-12-21T21:19:03.525+0000] {processor.py:186} INFO - Started process (PID=4782) to work on /home/airflow/.local/lib/python3.12/site-packages/airflow/example_dags/example_branch_python_dop_operator_3.py
[2024-12-21T21:19:03.527+0000] {processor.py:914} INFO - Processing file /home/airflow/.local/lib/python3.12/site-packages/airflow/example_dags/example_branch_python_dop_operator_3.py for tasks to queue
[2024-12-21T21:19:03.533+0000] {logging_mixin.py:190} INFO - [2024-12-21T21:19:03.532+0000] {dagbag.py:588} INFO - Filling up the DagBag from /home/airflow/.local/lib/python3.12/site-packages/airflow/example_dags/example_branch_python_dop_operator_3.py
[2024-12-21T21:19:03.553+0000] {processor.py:925} INFO - DAG(s) 'example_branch_dop_operator_v3' retrieved from /home/airflow/.local/lib/python3.12/site-packages/airflow/example_dags/example_branch_python_dop_operator_3.py
[2024-12-21T21:19:03.594+0000] {logging_mixin.py:190} INFO - [2024-12-21T21:19:03.594+0000] {dag.py:3239} INFO - Sync 1 DAGs
[2024-12-21T21:19:03.658+0000] {logging_mixin.py:190} INFO - [2024-12-21T21:19:03.657+0000] {dag.py:4180} INFO - Setting next_dagrun for example_branch_dop_operator_v3 to 2024-12-21 21:18:00+00:00, run_after=2024-12-21 21:19:00+00:00
[2024-12-21T21:19:03.701+0000] {processor.py:208} INFO - Processing /home/airflow/.local/lib/python3.12/site-packages/airflow/example_dags/example_branch_python_dop_operator_3.py took 0.190 seconds
[2024-12-21T21:19:33.905+0000] {processor.py:186} INFO - Started process (PID=5078) to work on /home/airflow/.local/lib/python3.12/site-packages/airflow/example_dags/example_branch_python_dop_operator_3.py
[2024-12-21T21:19:33.907+0000] {processor.py:914} INFO - Processing file /home/airflow/.local/lib/python3.12/site-packages/airflow/example_dags/example_branch_python_dop_operator_3.py for tasks to queue
[2024-12-21T21:19:33.911+0000] {logging_mixin.py:190} INFO - [2024-12-21T21:19:33.911+0000] {dagbag.py:588} INFO - Filling up the DagBag from /home/airflow/.local/lib/python3.12/site-packages/airflow/example_dags/example_branch_python_dop_operator_3.py
[2024-12-21T21:19:33.937+0000] {processor.py:925} INFO - DAG(s) 'example_branch_dop_operator_v3' retrieved from /home/airflow/.local/lib/python3.12/site-packages/airflow/example_dags/example_branch_python_dop_operator_3.py
[2024-12-21T21:19:33.982+0000] {logging_mixin.py:190} INFO - [2024-12-21T21:19:33.981+0000] {dag.py:3239} INFO - Sync 1 DAGs
[2024-12-21T21:19:34.044+0000] {logging_mixin.py:190} INFO - [2024-12-21T21:19:34.044+0000] {dag.py:4180} INFO - Setting next_dagrun for example_branch_dop_operator_v3 to 2024-12-21 21:18:00+00:00, run_after=2024-12-21 21:19:00+00:00
[2024-12-21T21:19:34.092+0000] {processor.py:208} INFO - Processing /home/airflow/.local/lib/python3.12/site-packages/airflow/example_dags/example_branch_python_dop_operator_3.py took 0.200 seconds
[2024-12-21T21:20:04.811+0000] {processor.py:186} INFO - Started process (PID=5373) to work on /home/airflow/.local/lib/python3.12/site-packages/airflow/example_dags/example_branch_python_dop_operator_3.py
[2024-12-21T21:20:04.813+0000] {processor.py:914} INFO - Processing file /home/airflow/.local/lib/python3.12/site-packages/airflow/example_dags/example_branch_python_dop_operator_3.py for tasks to queue
[2024-12-21T21:20:04.818+0000] {logging_mixin.py:190} INFO - [2024-12-21T21:20:04.817+0000] {dagbag.py:588} INFO - Filling up the DagBag from /home/airflow/.local/lib/python3.12/site-packages/airflow/example_dags/example_branch_python_dop_operator_3.py
[2024-12-21T21:20:04.838+0000] {processor.py:925} INFO - DAG(s) 'example_branch_dop_operator_v3' retrieved from /home/airflow/.local/lib/python3.12/site-packages/airflow/example_dags/example_branch_python_dop_operator_3.py
[2024-12-21T21:20:04.881+0000] {logging_mixin.py:190} INFO - [2024-12-21T21:20:04.881+0000] {dag.py:3239} INFO - Sync 1 DAGs
[2024-12-21T21:20:04.947+0000] {logging_mixin.py:190} INFO - [2024-12-21T21:20:04.946+0000] {dag.py:4180} INFO - Setting next_dagrun for example_branch_dop_operator_v3 to 2024-12-21 21:19:00+00:00, run_after=2024-12-21 21:20:00+00:00
[2024-12-21T21:20:04.995+0000] {processor.py:208} INFO - Processing /home/airflow/.local/lib/python3.12/site-packages/airflow/example_dags/example_branch_python_dop_operator_3.py took 0.200 seconds
