[2024-12-21T21:11:20.906+0000] {processor.py:186} INFO - Started process (PID=337) to work on /home/airflow/.local/lib/python3.12/site-packages/airflow/example_dags/example_params_ui_tutorial.py
[2024-12-21T21:11:20.909+0000] {processor.py:914} INFO - Processing file /home/airflow/.local/lib/python3.12/site-packages/airflow/example_dags/example_params_ui_tutorial.py for tasks to queue
[2024-12-21T21:11:20.914+0000] {logging_mixin.py:190} INFO - [2024-12-21T21:11:20.913+0000] {dagbag.py:588} INFO - Filling up the DagBag from /home/airflow/.local/lib/python3.12/site-packages/airflow/example_dags/example_params_ui_tutorial.py
[2024-12-21T21:11:20.940+0000] {processor.py:925} INFO - DAG(s) 'example_params_ui_tutorial' retrieved from /home/airflow/.local/lib/python3.12/site-packages/airflow/example_dags/example_params_ui_tutorial.py
[2024-12-21T21:11:21.261+0000] {logging_mixin.py:190} INFO - [2024-12-21T21:11:21.259+0000] {override.py:1911} INFO - Created Permission View: can delete on DAG:example_params_ui_tutorial
[2024-12-21T21:11:21.285+0000] {logging_mixin.py:190} INFO - [2024-12-21T21:11:21.284+0000] {override.py:1911} INFO - Created Permission View: can edit on DAG:example_params_ui_tutorial
[2024-12-21T21:11:21.301+0000] {logging_mixin.py:190} INFO - [2024-12-21T21:11:21.300+0000] {override.py:1911} INFO - Created Permission View: can read on DAG:example_params_ui_tutorial
[2024-12-21T21:11:21.317+0000] {logging_mixin.py:190} INFO - [2024-12-21T21:11:21.316+0000] {override.py:1911} INFO - Created Permission View: can delete on DAG Run:example_params_ui_tutorial
[2024-12-21T21:11:21.333+0000] {logging_mixin.py:190} INFO - [2024-12-21T21:11:21.332+0000] {override.py:1911} INFO - Created Permission View: can read on DAG Run:example_params_ui_tutorial
[2024-12-21T21:11:21.349+0000] {logging_mixin.py:190} INFO - [2024-12-21T21:11:21.348+0000] {override.py:1911} INFO - Created Permission View: can create on DAG Run:example_params_ui_tutorial
[2024-12-21T21:11:21.365+0000] {logging_mixin.py:190} INFO - [2024-12-21T21:11:21.364+0000] {override.py:1911} INFO - Created Permission View: menu access on DAG Run:example_params_ui_tutorial
[2024-12-21T21:11:21.366+0000] {logging_mixin.py:190} INFO - [2024-12-21T21:11:21.366+0000] {dag.py:3239} INFO - Sync 1 DAGs
[2024-12-21T21:11:21.401+0000] {logging_mixin.py:190} INFO - [2024-12-21T21:11:21.401+0000] {dag.py:3262} INFO - Creating ORM DAG for example_params_ui_tutorial
[2024-12-21T21:11:21.404+0000] {logging_mixin.py:190} INFO - [2024-12-21T21:11:21.403+0000] {dag.py:4180} INFO - Setting next_dagrun for example_params_ui_tutorial to None, run_after=None
[2024-12-21T21:11:21.448+0000] {processor.py:208} INFO - Processing /home/airflow/.local/lib/python3.12/site-packages/airflow/example_dags/example_params_ui_tutorial.py took 0.556 seconds
[2024-12-21T21:11:51.932+0000] {processor.py:186} INFO - Started process (PID=633) to work on /home/airflow/.local/lib/python3.12/site-packages/airflow/example_dags/example_params_ui_tutorial.py
[2024-12-21T21:11:51.934+0000] {processor.py:914} INFO - Processing file /home/airflow/.local/lib/python3.12/site-packages/airflow/example_dags/example_params_ui_tutorial.py for tasks to queue
[2024-12-21T21:11:51.939+0000] {logging_mixin.py:190} INFO - [2024-12-21T21:11:51.938+0000] {dagbag.py:588} INFO - Filling up the DagBag from /home/airflow/.local/lib/python3.12/site-packages/airflow/example_dags/example_params_ui_tutorial.py
[2024-12-21T21:11:51.958+0000] {processor.py:925} INFO - DAG(s) 'example_params_ui_tutorial' retrieved from /home/airflow/.local/lib/python3.12/site-packages/airflow/example_dags/example_params_ui_tutorial.py
[2024-12-21T21:11:52.075+0000] {logging_mixin.py:190} INFO - [2024-12-21T21:11:52.075+0000] {dag.py:3239} INFO - Sync 1 DAGs
[2024-12-21T21:11:52.111+0000] {logging_mixin.py:190} INFO - [2024-12-21T21:11:52.111+0000] {dag.py:4180} INFO - Setting next_dagrun for example_params_ui_tutorial to None, run_after=None
[2024-12-21T21:11:52.152+0000] {processor.py:208} INFO - Processing /home/airflow/.local/lib/python3.12/site-packages/airflow/example_dags/example_params_ui_tutorial.py took 0.232 seconds
[2024-12-21T21:12:22.777+0000] {processor.py:186} INFO - Started process (PID=929) to work on /home/airflow/.local/lib/python3.12/site-packages/airflow/example_dags/example_params_ui_tutorial.py
[2024-12-21T21:12:22.779+0000] {processor.py:914} INFO - Processing file /home/airflow/.local/lib/python3.12/site-packages/airflow/example_dags/example_params_ui_tutorial.py for tasks to queue
[2024-12-21T21:12:22.783+0000] {logging_mixin.py:190} INFO - [2024-12-21T21:12:22.783+0000] {dagbag.py:588} INFO - Filling up the DagBag from /home/airflow/.local/lib/python3.12/site-packages/airflow/example_dags/example_params_ui_tutorial.py
[2024-12-21T21:12:22.800+0000] {processor.py:925} INFO - DAG(s) 'example_params_ui_tutorial' retrieved from /home/airflow/.local/lib/python3.12/site-packages/airflow/example_dags/example_params_ui_tutorial.py
[2024-12-21T21:12:22.899+0000] {logging_mixin.py:190} INFO - [2024-12-21T21:12:22.898+0000] {dag.py:3239} INFO - Sync 1 DAGs
[2024-12-21T21:12:22.930+0000] {logging_mixin.py:190} INFO - [2024-12-21T21:12:22.929+0000] {dag.py:4180} INFO - Setting next_dagrun for example_params_ui_tutorial to None, run_after=None
[2024-12-21T21:12:22.977+0000] {processor.py:208} INFO - Processing /home/airflow/.local/lib/python3.12/site-packages/airflow/example_dags/example_params_ui_tutorial.py took 0.211 seconds
[2024-12-21T21:12:53.297+0000] {processor.py:186} INFO - Started process (PID=1220) to work on /home/airflow/.local/lib/python3.12/site-packages/airflow/example_dags/example_params_ui_tutorial.py
[2024-12-21T21:12:53.299+0000] {processor.py:914} INFO - Processing file /home/airflow/.local/lib/python3.12/site-packages/airflow/example_dags/example_params_ui_tutorial.py for tasks to queue
[2024-12-21T21:12:53.304+0000] {logging_mixin.py:190} INFO - [2024-12-21T21:12:53.303+0000] {dagbag.py:588} INFO - Filling up the DagBag from /home/airflow/.local/lib/python3.12/site-packages/airflow/example_dags/example_params_ui_tutorial.py
[2024-12-21T21:12:53.322+0000] {processor.py:925} INFO - DAG(s) 'example_params_ui_tutorial' retrieved from /home/airflow/.local/lib/python3.12/site-packages/airflow/example_dags/example_params_ui_tutorial.py
[2024-12-21T21:12:53.419+0000] {logging_mixin.py:190} INFO - [2024-12-21T21:12:53.419+0000] {dag.py:3239} INFO - Sync 1 DAGs
[2024-12-21T21:12:53.453+0000] {logging_mixin.py:190} INFO - [2024-12-21T21:12:53.452+0000] {dag.py:4180} INFO - Setting next_dagrun for example_params_ui_tutorial to None, run_after=None
[2024-12-21T21:12:53.492+0000] {processor.py:208} INFO - Processing /home/airflow/.local/lib/python3.12/site-packages/airflow/example_dags/example_params_ui_tutorial.py took 0.206 seconds
[2024-12-21T21:13:25.058+0000] {processor.py:186} INFO - Started process (PID=1522) to work on /home/airflow/.local/lib/python3.12/site-packages/airflow/example_dags/example_params_ui_tutorial.py
[2024-12-21T21:13:25.060+0000] {processor.py:914} INFO - Processing file /home/airflow/.local/lib/python3.12/site-packages/airflow/example_dags/example_params_ui_tutorial.py for tasks to queue
[2024-12-21T21:13:25.064+0000] {logging_mixin.py:190} INFO - [2024-12-21T21:13:25.064+0000] {dagbag.py:588} INFO - Filling up the DagBag from /home/airflow/.local/lib/python3.12/site-packages/airflow/example_dags/example_params_ui_tutorial.py
[2024-12-21T21:13:25.100+0000] {processor.py:925} INFO - DAG(s) 'example_params_ui_tutorial' retrieved from /home/airflow/.local/lib/python3.12/site-packages/airflow/example_dags/example_params_ui_tutorial.py
[2024-12-21T21:13:25.218+0000] {logging_mixin.py:190} INFO - [2024-12-21T21:13:25.217+0000] {dag.py:3239} INFO - Sync 1 DAGs
[2024-12-21T21:13:25.246+0000] {logging_mixin.py:190} INFO - [2024-12-21T21:13:25.246+0000] {dag.py:4180} INFO - Setting next_dagrun for example_params_ui_tutorial to None, run_after=None
[2024-12-21T21:13:25.308+0000] {processor.py:208} INFO - Processing /home/airflow/.local/lib/python3.12/site-packages/airflow/example_dags/example_params_ui_tutorial.py took 0.260 seconds
[2024-12-21T21:13:55.684+0000] {processor.py:186} INFO - Started process (PID=1818) to work on /home/airflow/.local/lib/python3.12/site-packages/airflow/example_dags/example_params_ui_tutorial.py
[2024-12-21T21:13:55.686+0000] {processor.py:914} INFO - Processing file /home/airflow/.local/lib/python3.12/site-packages/airflow/example_dags/example_params_ui_tutorial.py for tasks to queue
[2024-12-21T21:13:55.690+0000] {logging_mixin.py:190} INFO - [2024-12-21T21:13:55.689+0000] {dagbag.py:588} INFO - Filling up the DagBag from /home/airflow/.local/lib/python3.12/site-packages/airflow/example_dags/example_params_ui_tutorial.py
[2024-12-21T21:13:55.708+0000] {processor.py:925} INFO - DAG(s) 'example_params_ui_tutorial' retrieved from /home/airflow/.local/lib/python3.12/site-packages/airflow/example_dags/example_params_ui_tutorial.py
[2024-12-21T21:13:55.795+0000] {logging_mixin.py:190} INFO - [2024-12-21T21:13:55.794+0000] {dag.py:3239} INFO - Sync 1 DAGs
[2024-12-21T21:13:55.822+0000] {logging_mixin.py:190} INFO - [2024-12-21T21:13:55.822+0000] {dag.py:4180} INFO - Setting next_dagrun for example_params_ui_tutorial to None, run_after=None
[2024-12-21T21:13:55.858+0000] {processor.py:208} INFO - Processing /home/airflow/.local/lib/python3.12/site-packages/airflow/example_dags/example_params_ui_tutorial.py took 0.185 seconds
[2024-12-21T21:14:26.667+0000] {processor.py:186} INFO - Started process (PID=2109) to work on /home/airflow/.local/lib/python3.12/site-packages/airflow/example_dags/example_params_ui_tutorial.py
[2024-12-21T21:14:26.670+0000] {processor.py:914} INFO - Processing file /home/airflow/.local/lib/python3.12/site-packages/airflow/example_dags/example_params_ui_tutorial.py for tasks to queue
[2024-12-21T21:14:26.675+0000] {logging_mixin.py:190} INFO - [2024-12-21T21:14:26.674+0000] {dagbag.py:588} INFO - Filling up the DagBag from /home/airflow/.local/lib/python3.12/site-packages/airflow/example_dags/example_params_ui_tutorial.py
[2024-12-21T21:14:26.696+0000] {processor.py:925} INFO - DAG(s) 'example_params_ui_tutorial' retrieved from /home/airflow/.local/lib/python3.12/site-packages/airflow/example_dags/example_params_ui_tutorial.py
[2024-12-21T21:14:26.803+0000] {logging_mixin.py:190} INFO - [2024-12-21T21:14:26.803+0000] {dag.py:3239} INFO - Sync 1 DAGs
[2024-12-21T21:14:26.833+0000] {logging_mixin.py:190} INFO - [2024-12-21T21:14:26.833+0000] {dag.py:4180} INFO - Setting next_dagrun for example_params_ui_tutorial to None, run_after=None
[2024-12-21T21:14:26.897+0000] {processor.py:208} INFO - Processing /home/airflow/.local/lib/python3.12/site-packages/airflow/example_dags/example_params_ui_tutorial.py took 0.243 seconds
[2024-12-21T21:14:57.065+0000] {processor.py:186} INFO - Started process (PID=2402) to work on /home/airflow/.local/lib/python3.12/site-packages/airflow/example_dags/example_params_ui_tutorial.py
[2024-12-21T21:14:57.067+0000] {processor.py:914} INFO - Processing file /home/airflow/.local/lib/python3.12/site-packages/airflow/example_dags/example_params_ui_tutorial.py for tasks to queue
[2024-12-21T21:14:57.072+0000] {logging_mixin.py:190} INFO - [2024-12-21T21:14:57.071+0000] {dagbag.py:588} INFO - Filling up the DagBag from /home/airflow/.local/lib/python3.12/site-packages/airflow/example_dags/example_params_ui_tutorial.py
[2024-12-21T21:14:57.096+0000] {processor.py:925} INFO - DAG(s) 'example_params_ui_tutorial' retrieved from /home/airflow/.local/lib/python3.12/site-packages/airflow/example_dags/example_params_ui_tutorial.py
[2024-12-21T21:14:57.212+0000] {logging_mixin.py:190} INFO - [2024-12-21T21:14:57.211+0000] {dag.py:3239} INFO - Sync 1 DAGs
[2024-12-21T21:14:57.247+0000] {logging_mixin.py:190} INFO - [2024-12-21T21:14:57.247+0000] {dag.py:4180} INFO - Setting next_dagrun for example_params_ui_tutorial to None, run_after=None
[2024-12-21T21:14:57.312+0000] {processor.py:208} INFO - Processing /home/airflow/.local/lib/python3.12/site-packages/airflow/example_dags/example_params_ui_tutorial.py took 0.260 seconds
[2024-12-21T21:15:27.429+0000] {processor.py:186} INFO - Started process (PID=2698) to work on /home/airflow/.local/lib/python3.12/site-packages/airflow/example_dags/example_params_ui_tutorial.py
[2024-12-21T21:15:27.432+0000] {processor.py:914} INFO - Processing file /home/airflow/.local/lib/python3.12/site-packages/airflow/example_dags/example_params_ui_tutorial.py for tasks to queue
[2024-12-21T21:15:27.436+0000] {logging_mixin.py:190} INFO - [2024-12-21T21:15:27.436+0000] {dagbag.py:588} INFO - Filling up the DagBag from /home/airflow/.local/lib/python3.12/site-packages/airflow/example_dags/example_params_ui_tutorial.py
[2024-12-21T21:15:27.455+0000] {processor.py:925} INFO - DAG(s) 'example_params_ui_tutorial' retrieved from /home/airflow/.local/lib/python3.12/site-packages/airflow/example_dags/example_params_ui_tutorial.py
[2024-12-21T21:15:27.566+0000] {logging_mixin.py:190} INFO - [2024-12-21T21:15:27.565+0000] {dag.py:3239} INFO - Sync 1 DAGs
[2024-12-21T21:15:27.595+0000] {logging_mixin.py:190} INFO - [2024-12-21T21:15:27.595+0000] {dag.py:4180} INFO - Setting next_dagrun for example_params_ui_tutorial to None, run_after=None
[2024-12-21T21:15:27.642+0000] {processor.py:208} INFO - Processing /home/airflow/.local/lib/python3.12/site-packages/airflow/example_dags/example_params_ui_tutorial.py took 0.225 seconds
[2024-12-21T21:15:58.129+0000] {processor.py:186} INFO - Started process (PID=2994) to work on /home/airflow/.local/lib/python3.12/site-packages/airflow/example_dags/example_params_ui_tutorial.py
[2024-12-21T21:15:58.134+0000] {processor.py:914} INFO - Processing file /home/airflow/.local/lib/python3.12/site-packages/airflow/example_dags/example_params_ui_tutorial.py for tasks to queue
[2024-12-21T21:15:58.140+0000] {logging_mixin.py:190} INFO - [2024-12-21T21:15:58.139+0000] {dagbag.py:588} INFO - Filling up the DagBag from /home/airflow/.local/lib/python3.12/site-packages/airflow/example_dags/example_params_ui_tutorial.py
[2024-12-21T21:15:58.167+0000] {processor.py:925} INFO - DAG(s) 'example_params_ui_tutorial' retrieved from /home/airflow/.local/lib/python3.12/site-packages/airflow/example_dags/example_params_ui_tutorial.py
[2024-12-21T21:15:58.395+0000] {logging_mixin.py:190} INFO - [2024-12-21T21:15:58.394+0000] {dag.py:3239} INFO - Sync 1 DAGs
[2024-12-21T21:15:58.449+0000] {logging_mixin.py:190} INFO - [2024-12-21T21:15:58.447+0000] {dag.py:4180} INFO - Setting next_dagrun for example_params_ui_tutorial to None, run_after=None
[2024-12-21T21:15:58.525+0000] {processor.py:208} INFO - Processing /home/airflow/.local/lib/python3.12/site-packages/airflow/example_dags/example_params_ui_tutorial.py took 0.417 seconds
