[2024-12-21T21:11:19.803+0000] {processor.py:186} INFO - Started process (PID=322) to work on /home/airflow/.local/lib/python3.12/site-packages/airflow/example_dags/example_task_group_decorator.py
[2024-12-21T21:11:19.805+0000] {processor.py:914} INFO - Processing file /home/airflow/.local/lib/python3.12/site-packages/airflow/example_dags/example_task_group_decorator.py for tasks to queue
[2024-12-21T21:11:19.809+0000] {logging_mixin.py:190} INFO - [2024-12-21T21:11:19.809+0000] {dagbag.py:588} INFO - Filling up the DagBag from /home/airflow/.local/lib/python3.12/site-packages/airflow/example_dags/example_task_group_decorator.py
[2024-12-21T21:11:19.843+0000] {processor.py:925} INFO - DAG(s) 'example_task_group_decorator' retrieved from /home/airflow/.local/lib/python3.12/site-packages/airflow/example_dags/example_task_group_decorator.py
[2024-12-21T21:11:20.109+0000] {logging_mixin.py:190} INFO - [2024-12-21T21:11:20.108+0000] {override.py:1911} INFO - Created Permission View: can delete on DAG:example_task_group_decorator
[2024-12-21T21:11:20.127+0000] {logging_mixin.py:190} INFO - [2024-12-21T21:11:20.127+0000] {override.py:1911} INFO - Created Permission View: can edit on DAG:example_task_group_decorator
[2024-12-21T21:11:20.142+0000] {logging_mixin.py:190} INFO - [2024-12-21T21:11:20.141+0000] {override.py:1911} INFO - Created Permission View: can read on DAG:example_task_group_decorator
[2024-12-21T21:11:20.157+0000] {logging_mixin.py:190} INFO - [2024-12-21T21:11:20.157+0000] {override.py:1911} INFO - Created Permission View: can delete on DAG Run:example_task_group_decorator
[2024-12-21T21:11:20.171+0000] {logging_mixin.py:190} INFO - [2024-12-21T21:11:20.171+0000] {override.py:1911} INFO - Created Permission View: can read on DAG Run:example_task_group_decorator
[2024-12-21T21:11:20.186+0000] {logging_mixin.py:190} INFO - [2024-12-21T21:11:20.185+0000] {override.py:1911} INFO - Created Permission View: can create on DAG Run:example_task_group_decorator
[2024-12-21T21:11:20.200+0000] {logging_mixin.py:190} INFO - [2024-12-21T21:11:20.199+0000] {override.py:1911} INFO - Created Permission View: menu access on DAG Run:example_task_group_decorator
[2024-12-21T21:11:20.201+0000] {logging_mixin.py:190} INFO - [2024-12-21T21:11:20.201+0000] {dag.py:3239} INFO - Sync 1 DAGs
[2024-12-21T21:11:20.229+0000] {logging_mixin.py:190} INFO - [2024-12-21T21:11:20.229+0000] {dag.py:3262} INFO - Creating ORM DAG for example_task_group_decorator
[2024-12-21T21:11:20.232+0000] {logging_mixin.py:190} INFO - [2024-12-21T21:11:20.231+0000] {dag.py:4180} INFO - Setting next_dagrun for example_task_group_decorator to None, run_after=None
[2024-12-21T21:11:20.267+0000] {processor.py:208} INFO - Processing /home/airflow/.local/lib/python3.12/site-packages/airflow/example_dags/example_task_group_decorator.py took 0.475 seconds
[2024-12-21T21:11:50.362+0000] {processor.py:186} INFO - Started process (PID=614) to work on /home/airflow/.local/lib/python3.12/site-packages/airflow/example_dags/example_task_group_decorator.py
[2024-12-21T21:11:50.364+0000] {processor.py:914} INFO - Processing file /home/airflow/.local/lib/python3.12/site-packages/airflow/example_dags/example_task_group_decorator.py for tasks to queue
[2024-12-21T21:11:50.369+0000] {logging_mixin.py:190} INFO - [2024-12-21T21:11:50.368+0000] {dagbag.py:588} INFO - Filling up the DagBag from /home/airflow/.local/lib/python3.12/site-packages/airflow/example_dags/example_task_group_decorator.py
[2024-12-21T21:11:50.400+0000] {processor.py:925} INFO - DAG(s) 'example_task_group_decorator' retrieved from /home/airflow/.local/lib/python3.12/site-packages/airflow/example_dags/example_task_group_decorator.py
[2024-12-21T21:11:50.453+0000] {logging_mixin.py:190} INFO - [2024-12-21T21:11:50.452+0000] {dag.py:3239} INFO - Sync 1 DAGs
[2024-12-21T21:11:50.482+0000] {logging_mixin.py:190} INFO - [2024-12-21T21:11:50.481+0000] {dag.py:4180} INFO - Setting next_dagrun for example_task_group_decorator to None, run_after=None
[2024-12-21T21:11:50.523+0000] {processor.py:208} INFO - Processing /home/airflow/.local/lib/python3.12/site-packages/airflow/example_dags/example_task_group_decorator.py took 0.172 seconds
[2024-12-21T21:12:21.274+0000] {processor.py:186} INFO - Started process (PID=911) to work on /home/airflow/.local/lib/python3.12/site-packages/airflow/example_dags/example_task_group_decorator.py
[2024-12-21T21:12:21.276+0000] {processor.py:914} INFO - Processing file /home/airflow/.local/lib/python3.12/site-packages/airflow/example_dags/example_task_group_decorator.py for tasks to queue
[2024-12-21T21:12:21.281+0000] {logging_mixin.py:190} INFO - [2024-12-21T21:12:21.280+0000] {dagbag.py:588} INFO - Filling up the DagBag from /home/airflow/.local/lib/python3.12/site-packages/airflow/example_dags/example_task_group_decorator.py
[2024-12-21T21:12:21.311+0000] {processor.py:925} INFO - DAG(s) 'example_task_group_decorator' retrieved from /home/airflow/.local/lib/python3.12/site-packages/airflow/example_dags/example_task_group_decorator.py
[2024-12-21T21:12:21.365+0000] {logging_mixin.py:190} INFO - [2024-12-21T21:12:21.364+0000] {dag.py:3239} INFO - Sync 1 DAGs
[2024-12-21T21:12:21.400+0000] {logging_mixin.py:190} INFO - [2024-12-21T21:12:21.399+0000] {dag.py:4180} INFO - Setting next_dagrun for example_task_group_decorator to None, run_after=None
[2024-12-21T21:12:21.441+0000] {processor.py:208} INFO - Processing /home/airflow/.local/lib/python3.12/site-packages/airflow/example_dags/example_task_group_decorator.py took 0.177 seconds
[2024-12-21T21:12:52.775+0000] {processor.py:186} INFO - Started process (PID=1205) to work on /home/airflow/.local/lib/python3.12/site-packages/airflow/example_dags/example_task_group_decorator.py
[2024-12-21T21:12:52.777+0000] {processor.py:914} INFO - Processing file /home/airflow/.local/lib/python3.12/site-packages/airflow/example_dags/example_task_group_decorator.py for tasks to queue
[2024-12-21T21:12:52.782+0000] {logging_mixin.py:190} INFO - [2024-12-21T21:12:52.781+0000] {dagbag.py:588} INFO - Filling up the DagBag from /home/airflow/.local/lib/python3.12/site-packages/airflow/example_dags/example_task_group_decorator.py
[2024-12-21T21:12:52.813+0000] {processor.py:925} INFO - DAG(s) 'example_task_group_decorator' retrieved from /home/airflow/.local/lib/python3.12/site-packages/airflow/example_dags/example_task_group_decorator.py
[2024-12-21T21:12:52.874+0000] {logging_mixin.py:190} INFO - [2024-12-21T21:12:52.873+0000] {dag.py:3239} INFO - Sync 1 DAGs
[2024-12-21T21:12:52.903+0000] {logging_mixin.py:190} INFO - [2024-12-21T21:12:52.902+0000] {dag.py:4180} INFO - Setting next_dagrun for example_task_group_decorator to None, run_after=None
[2024-12-21T21:12:52.942+0000] {processor.py:208} INFO - Processing /home/airflow/.local/lib/python3.12/site-packages/airflow/example_dags/example_task_group_decorator.py took 0.179 seconds
[2024-12-21T21:13:24.218+0000] {processor.py:186} INFO - Started process (PID=1501) to work on /home/airflow/.local/lib/python3.12/site-packages/airflow/example_dags/example_task_group_decorator.py
[2024-12-21T21:13:24.220+0000] {processor.py:914} INFO - Processing file /home/airflow/.local/lib/python3.12/site-packages/airflow/example_dags/example_task_group_decorator.py for tasks to queue
[2024-12-21T21:13:24.226+0000] {logging_mixin.py:190} INFO - [2024-12-21T21:13:24.225+0000] {dagbag.py:588} INFO - Filling up the DagBag from /home/airflow/.local/lib/python3.12/site-packages/airflow/example_dags/example_task_group_decorator.py
[2024-12-21T21:13:24.264+0000] {processor.py:925} INFO - DAG(s) 'example_task_group_decorator' retrieved from /home/airflow/.local/lib/python3.12/site-packages/airflow/example_dags/example_task_group_decorator.py
[2024-12-21T21:13:24.315+0000] {logging_mixin.py:190} INFO - [2024-12-21T21:13:24.314+0000] {dag.py:3239} INFO - Sync 1 DAGs
[2024-12-21T21:13:24.344+0000] {logging_mixin.py:190} INFO - [2024-12-21T21:13:24.344+0000] {dag.py:4180} INFO - Setting next_dagrun for example_task_group_decorator to None, run_after=None
[2024-12-21T21:13:24.409+0000] {processor.py:208} INFO - Processing /home/airflow/.local/lib/python3.12/site-packages/airflow/example_dags/example_task_group_decorator.py took 0.204 seconds
[2024-12-21T21:13:54.564+0000] {processor.py:186} INFO - Started process (PID=1792) to work on /home/airflow/.local/lib/python3.12/site-packages/airflow/example_dags/example_task_group_decorator.py
[2024-12-21T21:13:54.566+0000] {processor.py:914} INFO - Processing file /home/airflow/.local/lib/python3.12/site-packages/airflow/example_dags/example_task_group_decorator.py for tasks to queue
[2024-12-21T21:13:54.570+0000] {logging_mixin.py:190} INFO - [2024-12-21T21:13:54.570+0000] {dagbag.py:588} INFO - Filling up the DagBag from /home/airflow/.local/lib/python3.12/site-packages/airflow/example_dags/example_task_group_decorator.py
[2024-12-21T21:13:54.599+0000] {processor.py:925} INFO - DAG(s) 'example_task_group_decorator' retrieved from /home/airflow/.local/lib/python3.12/site-packages/airflow/example_dags/example_task_group_decorator.py
[2024-12-21T21:13:54.656+0000] {logging_mixin.py:190} INFO - [2024-12-21T21:13:54.655+0000] {dag.py:3239} INFO - Sync 1 DAGs
[2024-12-21T21:13:54.690+0000] {logging_mixin.py:190} INFO - [2024-12-21T21:13:54.689+0000] {dag.py:4180} INFO - Setting next_dagrun for example_task_group_decorator to None, run_after=None
[2024-12-21T21:13:54.728+0000] {processor.py:208} INFO - Processing /home/airflow/.local/lib/python3.12/site-packages/airflow/example_dags/example_task_group_decorator.py took 0.174 seconds
[2024-12-21T21:14:24.999+0000] {processor.py:186} INFO - Started process (PID=2085) to work on /home/airflow/.local/lib/python3.12/site-packages/airflow/example_dags/example_task_group_decorator.py
[2024-12-21T21:14:25.002+0000] {processor.py:914} INFO - Processing file /home/airflow/.local/lib/python3.12/site-packages/airflow/example_dags/example_task_group_decorator.py for tasks to queue
[2024-12-21T21:14:25.006+0000] {logging_mixin.py:190} INFO - [2024-12-21T21:14:25.006+0000] {dagbag.py:588} INFO - Filling up the DagBag from /home/airflow/.local/lib/python3.12/site-packages/airflow/example_dags/example_task_group_decorator.py
[2024-12-21T21:14:25.064+0000] {processor.py:925} INFO - DAG(s) 'example_task_group_decorator' retrieved from /home/airflow/.local/lib/python3.12/site-packages/airflow/example_dags/example_task_group_decorator.py
[2024-12-21T21:14:25.130+0000] {logging_mixin.py:190} INFO - [2024-12-21T21:14:25.129+0000] {dag.py:3239} INFO - Sync 1 DAGs
[2024-12-21T21:14:25.162+0000] {logging_mixin.py:190} INFO - [2024-12-21T21:14:25.162+0000] {dag.py:4180} INFO - Setting next_dagrun for example_task_group_decorator to None, run_after=None
[2024-12-21T21:14:25.227+0000] {processor.py:208} INFO - Processing /home/airflow/.local/lib/python3.12/site-packages/airflow/example_dags/example_task_group_decorator.py took 0.240 seconds
[2024-12-21T21:14:55.466+0000] {processor.py:186} INFO - Started process (PID=2387) to work on /home/airflow/.local/lib/python3.12/site-packages/airflow/example_dags/example_task_group_decorator.py
[2024-12-21T21:14:55.468+0000] {processor.py:914} INFO - Processing file /home/airflow/.local/lib/python3.12/site-packages/airflow/example_dags/example_task_group_decorator.py for tasks to queue
[2024-12-21T21:14:55.473+0000] {logging_mixin.py:190} INFO - [2024-12-21T21:14:55.473+0000] {dagbag.py:588} INFO - Filling up the DagBag from /home/airflow/.local/lib/python3.12/site-packages/airflow/example_dags/example_task_group_decorator.py
[2024-12-21T21:14:55.508+0000] {processor.py:925} INFO - DAG(s) 'example_task_group_decorator' retrieved from /home/airflow/.local/lib/python3.12/site-packages/airflow/example_dags/example_task_group_decorator.py
[2024-12-21T21:14:55.565+0000] {logging_mixin.py:190} INFO - [2024-12-21T21:14:55.564+0000] {dag.py:3239} INFO - Sync 1 DAGs
[2024-12-21T21:14:55.597+0000] {logging_mixin.py:190} INFO - [2024-12-21T21:14:55.596+0000] {dag.py:4180} INFO - Setting next_dagrun for example_task_group_decorator to None, run_after=None
[2024-12-21T21:14:55.639+0000] {processor.py:208} INFO - Processing /home/airflow/.local/lib/python3.12/site-packages/airflow/example_dags/example_task_group_decorator.py took 0.194 seconds
[2024-12-21T21:15:25.813+0000] {processor.py:186} INFO - Started process (PID=2683) to work on /home/airflow/.local/lib/python3.12/site-packages/airflow/example_dags/example_task_group_decorator.py
[2024-12-21T21:15:25.815+0000] {processor.py:914} INFO - Processing file /home/airflow/.local/lib/python3.12/site-packages/airflow/example_dags/example_task_group_decorator.py for tasks to queue
[2024-12-21T21:15:25.820+0000] {logging_mixin.py:190} INFO - [2024-12-21T21:15:25.819+0000] {dagbag.py:588} INFO - Filling up the DagBag from /home/airflow/.local/lib/python3.12/site-packages/airflow/example_dags/example_task_group_decorator.py
[2024-12-21T21:15:25.857+0000] {processor.py:925} INFO - DAG(s) 'example_task_group_decorator' retrieved from /home/airflow/.local/lib/python3.12/site-packages/airflow/example_dags/example_task_group_decorator.py
[2024-12-21T21:15:25.919+0000] {logging_mixin.py:190} INFO - [2024-12-21T21:15:25.918+0000] {dag.py:3239} INFO - Sync 1 DAGs
[2024-12-21T21:15:25.951+0000] {logging_mixin.py:190} INFO - [2024-12-21T21:15:25.950+0000] {dag.py:4180} INFO - Setting next_dagrun for example_task_group_decorator to None, run_after=None
[2024-12-21T21:15:26.017+0000] {processor.py:208} INFO - Processing /home/airflow/.local/lib/python3.12/site-packages/airflow/example_dags/example_task_group_decorator.py took 0.215 seconds
[2024-12-21T21:15:56.214+0000] {processor.py:186} INFO - Started process (PID=2977) to work on /home/airflow/.local/lib/python3.12/site-packages/airflow/example_dags/example_task_group_decorator.py
[2024-12-21T21:15:56.219+0000] {processor.py:914} INFO - Processing file /home/airflow/.local/lib/python3.12/site-packages/airflow/example_dags/example_task_group_decorator.py for tasks to queue
[2024-12-21T21:15:56.235+0000] {logging_mixin.py:190} INFO - [2024-12-21T21:15:56.233+0000] {dagbag.py:588} INFO - Filling up the DagBag from /home/airflow/.local/lib/python3.12/site-packages/airflow/example_dags/example_task_group_decorator.py
[2024-12-21T21:15:56.331+0000] {processor.py:925} INFO - DAG(s) 'example_task_group_decorator' retrieved from /home/airflow/.local/lib/python3.12/site-packages/airflow/example_dags/example_task_group_decorator.py
[2024-12-21T21:15:56.429+0000] {logging_mixin.py:190} INFO - [2024-12-21T21:15:56.428+0000] {dag.py:3239} INFO - Sync 1 DAGs
[2024-12-21T21:15:56.474+0000] {logging_mixin.py:190} INFO - [2024-12-21T21:15:56.473+0000] {dag.py:4180} INFO - Setting next_dagrun for example_task_group_decorator to None, run_after=None
[2024-12-21T21:15:56.536+0000] {processor.py:208} INFO - Processing /home/airflow/.local/lib/python3.12/site-packages/airflow/example_dags/example_task_group_decorator.py took 0.352 seconds
