[2024-12-21T21:11:20.353+0000] {processor.py:186} INFO - Started process (PID=327) to work on /home/airflow/.local/lib/python3.12/site-packages/airflow/example_dags/example_xcom.py
[2024-12-21T21:11:20.354+0000] {processor.py:914} INFO - Processing file /home/airflow/.local/lib/python3.12/site-packages/airflow/example_dags/example_xcom.py for tasks to queue
[2024-12-21T21:11:20.359+0000] {logging_mixin.py:190} INFO - [2024-12-21T21:11:20.359+0000] {dagbag.py:588} INFO - Filling up the DagBag from /home/airflow/.local/lib/python3.12/site-packages/airflow/example_dags/example_xcom.py
[2024-12-21T21:11:20.383+0000] {processor.py:925} INFO - DAG(s) 'example_xcom' retrieved from /home/airflow/.local/lib/python3.12/site-packages/airflow/example_dags/example_xcom.py
[2024-12-21T21:11:20.628+0000] {logging_mixin.py:190} INFO - [2024-12-21T21:11:20.627+0000] {override.py:1911} INFO - Created Permission View: can delete on DAG:example_xcom
[2024-12-21T21:11:20.651+0000] {logging_mixin.py:190} INFO - [2024-12-21T21:11:20.650+0000] {override.py:1911} INFO - Created Permission View: can edit on DAG:example_xcom
[2024-12-21T21:11:20.667+0000] {logging_mixin.py:190} INFO - [2024-12-21T21:11:20.666+0000] {override.py:1911} INFO - Created Permission View: can read on DAG:example_xcom
[2024-12-21T21:11:20.683+0000] {logging_mixin.py:190} INFO - [2024-12-21T21:11:20.683+0000] {override.py:1911} INFO - Created Permission View: can delete on DAG Run:example_xcom
[2024-12-21T21:11:20.699+0000] {logging_mixin.py:190} INFO - [2024-12-21T21:11:20.698+0000] {override.py:1911} INFO - Created Permission View: can read on DAG Run:example_xcom
[2024-12-21T21:11:20.714+0000] {logging_mixin.py:190} INFO - [2024-12-21T21:11:20.713+0000] {override.py:1911} INFO - Created Permission View: can create on DAG Run:example_xcom
[2024-12-21T21:11:20.730+0000] {logging_mixin.py:190} INFO - [2024-12-21T21:11:20.730+0000] {override.py:1911} INFO - Created Permission View: menu access on DAG Run:example_xcom
[2024-12-21T21:11:20.732+0000] {logging_mixin.py:190} INFO - [2024-12-21T21:11:20.731+0000] {dag.py:3239} INFO - Sync 1 DAGs
[2024-12-21T21:11:20.757+0000] {logging_mixin.py:190} INFO - [2024-12-21T21:11:20.756+0000] {dag.py:3262} INFO - Creating ORM DAG for example_xcom
[2024-12-21T21:11:20.777+0000] {logging_mixin.py:190} INFO - [2024-12-21T21:11:20.776+0000] {dag.py:4180} INFO - Setting next_dagrun for example_xcom to 2021-01-01 00:00:00+00:00, run_after=2021-01-01 00:00:00+00:00
[2024-12-21T21:11:20.817+0000] {processor.py:208} INFO - Processing /home/airflow/.local/lib/python3.12/site-packages/airflow/example_dags/example_xcom.py took 0.476 seconds
[2024-12-21T21:11:51.428+0000] {processor.py:186} INFO - Started process (PID=623) to work on /home/airflow/.local/lib/python3.12/site-packages/airflow/example_dags/example_xcom.py
[2024-12-21T21:11:51.430+0000] {processor.py:914} INFO - Processing file /home/airflow/.local/lib/python3.12/site-packages/airflow/example_dags/example_xcom.py for tasks to queue
[2024-12-21T21:11:51.435+0000] {logging_mixin.py:190} INFO - [2024-12-21T21:11:51.434+0000] {dagbag.py:588} INFO - Filling up the DagBag from /home/airflow/.local/lib/python3.12/site-packages/airflow/example_dags/example_xcom.py
[2024-12-21T21:11:51.456+0000] {processor.py:925} INFO - DAG(s) 'example_xcom' retrieved from /home/airflow/.local/lib/python3.12/site-packages/airflow/example_dags/example_xcom.py
[2024-12-21T21:11:51.506+0000] {logging_mixin.py:190} INFO - [2024-12-21T21:11:51.505+0000] {dag.py:3239} INFO - Sync 1 DAGs
[2024-12-21T21:11:51.558+0000] {logging_mixin.py:190} INFO - [2024-12-21T21:11:51.558+0000] {dag.py:4180} INFO - Setting next_dagrun for example_xcom to 2021-01-01 00:00:00+00:00, run_after=2021-01-01 00:00:00+00:00
[2024-12-21T21:11:51.596+0000] {processor.py:208} INFO - Processing /home/airflow/.local/lib/python3.12/site-packages/airflow/example_dags/example_xcom.py took 0.181 seconds
[2024-12-21T21:12:22.296+0000] {processor.py:186} INFO - Started process (PID=919) to work on /home/airflow/.local/lib/python3.12/site-packages/airflow/example_dags/example_xcom.py
[2024-12-21T21:12:22.298+0000] {processor.py:914} INFO - Processing file /home/airflow/.local/lib/python3.12/site-packages/airflow/example_dags/example_xcom.py for tasks to queue
[2024-12-21T21:12:22.302+0000] {logging_mixin.py:190} INFO - [2024-12-21T21:12:22.301+0000] {dagbag.py:588} INFO - Filling up the DagBag from /home/airflow/.local/lib/python3.12/site-packages/airflow/example_dags/example_xcom.py
[2024-12-21T21:12:22.323+0000] {processor.py:925} INFO - DAG(s) 'example_xcom' retrieved from /home/airflow/.local/lib/python3.12/site-packages/airflow/example_dags/example_xcom.py
[2024-12-21T21:12:22.368+0000] {logging_mixin.py:190} INFO - [2024-12-21T21:12:22.368+0000] {dag.py:3239} INFO - Sync 1 DAGs
[2024-12-21T21:12:22.419+0000] {logging_mixin.py:190} INFO - [2024-12-21T21:12:22.418+0000] {dag.py:4180} INFO - Setting next_dagrun for example_xcom to 2021-01-01 00:00:00+00:00, run_after=2021-01-01 00:00:00+00:00
[2024-12-21T21:12:22.459+0000] {processor.py:208} INFO - Processing /home/airflow/.local/lib/python3.12/site-packages/airflow/example_dags/example_xcom.py took 0.175 seconds
[2024-12-21T21:12:53.025+0000] {processor.py:186} INFO - Started process (PID=1212) to work on /home/airflow/.local/lib/python3.12/site-packages/airflow/example_dags/example_xcom.py
[2024-12-21T21:12:53.027+0000] {processor.py:914} INFO - Processing file /home/airflow/.local/lib/python3.12/site-packages/airflow/example_dags/example_xcom.py for tasks to queue
[2024-12-21T21:12:53.031+0000] {logging_mixin.py:190} INFO - [2024-12-21T21:12:53.030+0000] {dagbag.py:588} INFO - Filling up the DagBag from /home/airflow/.local/lib/python3.12/site-packages/airflow/example_dags/example_xcom.py
[2024-12-21T21:12:53.051+0000] {processor.py:925} INFO - DAG(s) 'example_xcom' retrieved from /home/airflow/.local/lib/python3.12/site-packages/airflow/example_dags/example_xcom.py
[2024-12-21T21:12:53.098+0000] {logging_mixin.py:190} INFO - [2024-12-21T21:12:53.097+0000] {dag.py:3239} INFO - Sync 1 DAGs
[2024-12-21T21:12:53.150+0000] {logging_mixin.py:190} INFO - [2024-12-21T21:12:53.149+0000] {dag.py:4180} INFO - Setting next_dagrun for example_xcom to 2021-01-01 00:00:00+00:00, run_after=2021-01-01 00:00:00+00:00
[2024-12-21T21:12:53.191+0000] {processor.py:208} INFO - Processing /home/airflow/.local/lib/python3.12/site-packages/airflow/example_dags/example_xcom.py took 0.177 seconds
[2024-12-21T21:13:24.489+0000] {processor.py:186} INFO - Started process (PID=1506) to work on /home/airflow/.local/lib/python3.12/site-packages/airflow/example_dags/example_xcom.py
[2024-12-21T21:13:24.491+0000] {processor.py:914} INFO - Processing file /home/airflow/.local/lib/python3.12/site-packages/airflow/example_dags/example_xcom.py for tasks to queue
[2024-12-21T21:13:24.496+0000] {logging_mixin.py:190} INFO - [2024-12-21T21:13:24.495+0000] {dagbag.py:588} INFO - Filling up the DagBag from /home/airflow/.local/lib/python3.12/site-packages/airflow/example_dags/example_xcom.py
[2024-12-21T21:13:24.514+0000] {processor.py:925} INFO - DAG(s) 'example_xcom' retrieved from /home/airflow/.local/lib/python3.12/site-packages/airflow/example_dags/example_xcom.py
[2024-12-21T21:13:24.558+0000] {logging_mixin.py:190} INFO - [2024-12-21T21:13:24.558+0000] {dag.py:3239} INFO - Sync 1 DAGs
[2024-12-21T21:13:24.606+0000] {logging_mixin.py:190} INFO - [2024-12-21T21:13:24.605+0000] {dag.py:4180} INFO - Setting next_dagrun for example_xcom to 2021-01-01 00:00:00+00:00, run_after=2021-01-01 00:00:00+00:00
[2024-12-21T21:13:24.645+0000] {processor.py:208} INFO - Processing /home/airflow/.local/lib/python3.12/site-packages/airflow/example_dags/example_xcom.py took 0.168 seconds
[2024-12-21T21:13:54.808+0000] {processor.py:186} INFO - Started process (PID=1797) to work on /home/airflow/.local/lib/python3.12/site-packages/airflow/example_dags/example_xcom.py
[2024-12-21T21:13:54.811+0000] {processor.py:914} INFO - Processing file /home/airflow/.local/lib/python3.12/site-packages/airflow/example_dags/example_xcom.py for tasks to queue
[2024-12-21T21:13:54.816+0000] {logging_mixin.py:190} INFO - [2024-12-21T21:13:54.815+0000] {dagbag.py:588} INFO - Filling up the DagBag from /home/airflow/.local/lib/python3.12/site-packages/airflow/example_dags/example_xcom.py
[2024-12-21T21:13:54.839+0000] {processor.py:925} INFO - DAG(s) 'example_xcom' retrieved from /home/airflow/.local/lib/python3.12/site-packages/airflow/example_dags/example_xcom.py
[2024-12-21T21:13:54.881+0000] {logging_mixin.py:190} INFO - [2024-12-21T21:13:54.881+0000] {dag.py:3239} INFO - Sync 1 DAGs
[2024-12-21T21:13:54.966+0000] {logging_mixin.py:190} INFO - [2024-12-21T21:13:54.964+0000] {dag.py:4180} INFO - Setting next_dagrun for example_xcom to 2021-01-01 00:00:00+00:00, run_after=2021-01-01 00:00:00+00:00
[2024-12-21T21:13:55.018+0000] {processor.py:208} INFO - Processing /home/airflow/.local/lib/python3.12/site-packages/airflow/example_dags/example_xcom.py took 0.226 seconds
[2024-12-21T21:14:25.348+0000] {processor.py:186} INFO - Started process (PID=2096) to work on /home/airflow/.local/lib/python3.12/site-packages/airflow/example_dags/example_xcom.py
[2024-12-21T21:14:25.350+0000] {processor.py:914} INFO - Processing file /home/airflow/.local/lib/python3.12/site-packages/airflow/example_dags/example_xcom.py for tasks to queue
[2024-12-21T21:14:25.355+0000] {logging_mixin.py:190} INFO - [2024-12-21T21:14:25.354+0000] {dagbag.py:588} INFO - Filling up the DagBag from /home/airflow/.local/lib/python3.12/site-packages/airflow/example_dags/example_xcom.py
[2024-12-21T21:14:25.384+0000] {processor.py:925} INFO - DAG(s) 'example_xcom' retrieved from /home/airflow/.local/lib/python3.12/site-packages/airflow/example_dags/example_xcom.py
[2024-12-21T21:14:25.428+0000] {logging_mixin.py:190} INFO - [2024-12-21T21:14:25.427+0000] {dag.py:3239} INFO - Sync 1 DAGs
[2024-12-21T21:14:25.478+0000] {logging_mixin.py:190} INFO - [2024-12-21T21:14:25.477+0000] {dag.py:4180} INFO - Setting next_dagrun for example_xcom to 2021-01-01 00:00:00+00:00, run_after=2021-01-01 00:00:00+00:00
[2024-12-21T21:14:25.540+0000] {processor.py:208} INFO - Processing /home/airflow/.local/lib/python3.12/site-packages/airflow/example_dags/example_xcom.py took 0.203 seconds
[2024-12-21T21:14:55.747+0000] {processor.py:186} INFO - Started process (PID=2392) to work on /home/airflow/.local/lib/python3.12/site-packages/airflow/example_dags/example_xcom.py
[2024-12-21T21:14:55.749+0000] {processor.py:914} INFO - Processing file /home/airflow/.local/lib/python3.12/site-packages/airflow/example_dags/example_xcom.py for tasks to queue
[2024-12-21T21:14:55.754+0000] {logging_mixin.py:190} INFO - [2024-12-21T21:14:55.753+0000] {dagbag.py:588} INFO - Filling up the DagBag from /home/airflow/.local/lib/python3.12/site-packages/airflow/example_dags/example_xcom.py
[2024-12-21T21:14:55.772+0000] {processor.py:925} INFO - DAG(s) 'example_xcom' retrieved from /home/airflow/.local/lib/python3.12/site-packages/airflow/example_dags/example_xcom.py
[2024-12-21T21:14:55.818+0000] {logging_mixin.py:190} INFO - [2024-12-21T21:14:55.817+0000] {dag.py:3239} INFO - Sync 1 DAGs
[2024-12-21T21:14:55.871+0000] {logging_mixin.py:190} INFO - [2024-12-21T21:14:55.871+0000] {dag.py:4180} INFO - Setting next_dagrun for example_xcom to 2021-01-01 00:00:00+00:00, run_after=2021-01-01 00:00:00+00:00
[2024-12-21T21:14:55.935+0000] {processor.py:208} INFO - Processing /home/airflow/.local/lib/python3.12/site-packages/airflow/example_dags/example_xcom.py took 0.199 seconds
[2024-12-21T21:15:26.116+0000] {processor.py:186} INFO - Started process (PID=2688) to work on /home/airflow/.local/lib/python3.12/site-packages/airflow/example_dags/example_xcom.py
[2024-12-21T21:15:26.118+0000] {processor.py:914} INFO - Processing file /home/airflow/.local/lib/python3.12/site-packages/airflow/example_dags/example_xcom.py for tasks to queue
[2024-12-21T21:15:26.123+0000] {logging_mixin.py:190} INFO - [2024-12-21T21:15:26.122+0000] {dagbag.py:588} INFO - Filling up the DagBag from /home/airflow/.local/lib/python3.12/site-packages/airflow/example_dags/example_xcom.py
[2024-12-21T21:15:26.142+0000] {processor.py:925} INFO - DAG(s) 'example_xcom' retrieved from /home/airflow/.local/lib/python3.12/site-packages/airflow/example_dags/example_xcom.py
[2024-12-21T21:15:26.194+0000] {logging_mixin.py:190} INFO - [2024-12-21T21:15:26.194+0000] {dag.py:3239} INFO - Sync 1 DAGs
[2024-12-21T21:15:26.250+0000] {logging_mixin.py:190} INFO - [2024-12-21T21:15:26.249+0000] {dag.py:4180} INFO - Setting next_dagrun for example_xcom to 2021-01-01 00:00:00+00:00, run_after=2021-01-01 00:00:00+00:00
[2024-12-21T21:15:26.290+0000] {processor.py:208} INFO - Processing /home/airflow/.local/lib/python3.12/site-packages/airflow/example_dags/example_xcom.py took 0.188 seconds
[2024-12-21T21:15:56.661+0000] {processor.py:186} INFO - Started process (PID=2984) to work on /home/airflow/.local/lib/python3.12/site-packages/airflow/example_dags/example_xcom.py
[2024-12-21T21:15:56.664+0000] {processor.py:914} INFO - Processing file /home/airflow/.local/lib/python3.12/site-packages/airflow/example_dags/example_xcom.py for tasks to queue
[2024-12-21T21:15:56.671+0000] {logging_mixin.py:190} INFO - [2024-12-21T21:15:56.670+0000] {dagbag.py:588} INFO - Filling up the DagBag from /home/airflow/.local/lib/python3.12/site-packages/airflow/example_dags/example_xcom.py
[2024-12-21T21:15:56.697+0000] {processor.py:925} INFO - DAG(s) 'example_xcom' retrieved from /home/airflow/.local/lib/python3.12/site-packages/airflow/example_dags/example_xcom.py
[2024-12-21T21:15:56.766+0000] {logging_mixin.py:190} INFO - [2024-12-21T21:15:56.765+0000] {dag.py:3239} INFO - Sync 1 DAGs
[2024-12-21T21:15:56.854+0000] {logging_mixin.py:190} INFO - [2024-12-21T21:15:56.853+0000] {dag.py:4180} INFO - Setting next_dagrun for example_xcom to 2021-01-01 00:00:00+00:00, run_after=2021-01-01 00:00:00+00:00
[2024-12-21T21:15:56.937+0000] {processor.py:208} INFO - Processing /home/airflow/.local/lib/python3.12/site-packages/airflow/example_dags/example_xcom.py took 0.295 seconds
[2024-12-21T21:16:27.744+0000] {processor.py:186} INFO - Started process (PID=3279) to work on /home/airflow/.local/lib/python3.12/site-packages/airflow/example_dags/example_xcom.py
[2024-12-21T21:16:27.746+0000] {processor.py:914} INFO - Processing file /home/airflow/.local/lib/python3.12/site-packages/airflow/example_dags/example_xcom.py for tasks to queue
[2024-12-21T21:16:27.751+0000] {logging_mixin.py:190} INFO - [2024-12-21T21:16:27.750+0000] {dagbag.py:588} INFO - Filling up the DagBag from /home/airflow/.local/lib/python3.12/site-packages/airflow/example_dags/example_xcom.py
[2024-12-21T21:16:27.769+0000] {processor.py:925} INFO - DAG(s) 'example_xcom' retrieved from /home/airflow/.local/lib/python3.12/site-packages/airflow/example_dags/example_xcom.py
[2024-12-21T21:16:27.811+0000] {logging_mixin.py:190} INFO - [2024-12-21T21:16:27.811+0000] {dag.py:3239} INFO - Sync 1 DAGs
[2024-12-21T21:16:27.866+0000] {logging_mixin.py:190} INFO - [2024-12-21T21:16:27.865+0000] {dag.py:4180} INFO - Setting next_dagrun for example_xcom to 2021-01-01 00:00:00+00:00, run_after=2021-01-01 00:00:00+00:00
[2024-12-21T21:16:27.909+0000] {processor.py:208} INFO - Processing /home/airflow/.local/lib/python3.12/site-packages/airflow/example_dags/example_xcom.py took 0.176 seconds
[2024-12-21T21:16:58.685+0000] {processor.py:186} INFO - Started process (PID=3575) to work on /home/airflow/.local/lib/python3.12/site-packages/airflow/example_dags/example_xcom.py
[2024-12-21T21:16:58.688+0000] {processor.py:914} INFO - Processing file /home/airflow/.local/lib/python3.12/site-packages/airflow/example_dags/example_xcom.py for tasks to queue
[2024-12-21T21:16:58.696+0000] {logging_mixin.py:190} INFO - [2024-12-21T21:16:58.695+0000] {dagbag.py:588} INFO - Filling up the DagBag from /home/airflow/.local/lib/python3.12/site-packages/airflow/example_dags/example_xcom.py
[2024-12-21T21:16:58.722+0000] {processor.py:925} INFO - DAG(s) 'example_xcom' retrieved from /home/airflow/.local/lib/python3.12/site-packages/airflow/example_dags/example_xcom.py
[2024-12-21T21:16:58.784+0000] {logging_mixin.py:190} INFO - [2024-12-21T21:16:58.783+0000] {dag.py:3239} INFO - Sync 1 DAGs
[2024-12-21T21:16:58.892+0000] {logging_mixin.py:190} INFO - [2024-12-21T21:16:58.890+0000] {dag.py:4180} INFO - Setting next_dagrun for example_xcom to 2021-01-01 00:00:00+00:00, run_after=2021-01-01 00:00:00+00:00
[2024-12-21T21:16:58.950+0000] {processor.py:208} INFO - Processing /home/airflow/.local/lib/python3.12/site-packages/airflow/example_dags/example_xcom.py took 0.286 seconds
[2024-12-21T21:17:29.385+0000] {processor.py:186} INFO - Started process (PID=3871) to work on /home/airflow/.local/lib/python3.12/site-packages/airflow/example_dags/example_xcom.py
[2024-12-21T21:17:29.386+0000] {processor.py:914} INFO - Processing file /home/airflow/.local/lib/python3.12/site-packages/airflow/example_dags/example_xcom.py for tasks to queue
[2024-12-21T21:17:29.390+0000] {logging_mixin.py:190} INFO - [2024-12-21T21:17:29.389+0000] {dagbag.py:588} INFO - Filling up the DagBag from /home/airflow/.local/lib/python3.12/site-packages/airflow/example_dags/example_xcom.py
[2024-12-21T21:17:29.408+0000] {processor.py:925} INFO - DAG(s) 'example_xcom' retrieved from /home/airflow/.local/lib/python3.12/site-packages/airflow/example_dags/example_xcom.py
[2024-12-21T21:17:29.451+0000] {logging_mixin.py:190} INFO - [2024-12-21T21:17:29.451+0000] {dag.py:3239} INFO - Sync 1 DAGs
[2024-12-21T21:17:29.496+0000] {logging_mixin.py:190} INFO - [2024-12-21T21:17:29.496+0000] {dag.py:4180} INFO - Setting next_dagrun for example_xcom to 2021-01-01 00:00:00+00:00, run_after=2021-01-01 00:00:00+00:00
[2024-12-21T21:17:29.559+0000] {processor.py:208} INFO - Processing /home/airflow/.local/lib/python3.12/site-packages/airflow/example_dags/example_xcom.py took 0.185 seconds
[2024-12-21T21:18:00.118+0000] {processor.py:186} INFO - Started process (PID=4167) to work on /home/airflow/.local/lib/python3.12/site-packages/airflow/example_dags/example_xcom.py
[2024-12-21T21:18:00.121+0000] {processor.py:914} INFO - Processing file /home/airflow/.local/lib/python3.12/site-packages/airflow/example_dags/example_xcom.py for tasks to queue
[2024-12-21T21:18:00.128+0000] {logging_mixin.py:190} INFO - [2024-12-21T21:18:00.128+0000] {dagbag.py:588} INFO - Filling up the DagBag from /home/airflow/.local/lib/python3.12/site-packages/airflow/example_dags/example_xcom.py
[2024-12-21T21:18:00.156+0000] {processor.py:925} INFO - DAG(s) 'example_xcom' retrieved from /home/airflow/.local/lib/python3.12/site-packages/airflow/example_dags/example_xcom.py
[2024-12-21T21:18:00.209+0000] {logging_mixin.py:190} INFO - [2024-12-21T21:18:00.209+0000] {dag.py:3239} INFO - Sync 1 DAGs
[2024-12-21T21:18:00.274+0000] {logging_mixin.py:190} INFO - [2024-12-21T21:18:00.273+0000] {dag.py:4180} INFO - Setting next_dagrun for example_xcom to 2021-01-01 00:00:00+00:00, run_after=2021-01-01 00:00:00+00:00
[2024-12-21T21:18:00.342+0000] {processor.py:208} INFO - Processing /home/airflow/.local/lib/python3.12/site-packages/airflow/example_dags/example_xcom.py took 0.239 seconds
[2024-12-21T21:18:30.656+0000] {processor.py:186} INFO - Started process (PID=4463) to work on /home/airflow/.local/lib/python3.12/site-packages/airflow/example_dags/example_xcom.py
[2024-12-21T21:18:30.658+0000] {processor.py:914} INFO - Processing file /home/airflow/.local/lib/python3.12/site-packages/airflow/example_dags/example_xcom.py for tasks to queue
[2024-12-21T21:18:30.664+0000] {logging_mixin.py:190} INFO - [2024-12-21T21:18:30.663+0000] {dagbag.py:588} INFO - Filling up the DagBag from /home/airflow/.local/lib/python3.12/site-packages/airflow/example_dags/example_xcom.py
[2024-12-21T21:18:30.688+0000] {processor.py:925} INFO - DAG(s) 'example_xcom' retrieved from /home/airflow/.local/lib/python3.12/site-packages/airflow/example_dags/example_xcom.py
[2024-12-21T21:18:30.733+0000] {logging_mixin.py:190} INFO - [2024-12-21T21:18:30.733+0000] {dag.py:3239} INFO - Sync 1 DAGs
[2024-12-21T21:18:30.780+0000] {logging_mixin.py:190} INFO - [2024-12-21T21:18:30.779+0000] {dag.py:4180} INFO - Setting next_dagrun for example_xcom to 2021-01-01 00:00:00+00:00, run_after=2021-01-01 00:00:00+00:00
[2024-12-21T21:18:30.863+0000] {processor.py:208} INFO - Processing /home/airflow/.local/lib/python3.12/site-packages/airflow/example_dags/example_xcom.py took 0.223 seconds
[2024-12-21T21:19:01.774+0000] {processor.py:186} INFO - Started process (PID=4759) to work on /home/airflow/.local/lib/python3.12/site-packages/airflow/example_dags/example_xcom.py
[2024-12-21T21:19:01.777+0000] {processor.py:914} INFO - Processing file /home/airflow/.local/lib/python3.12/site-packages/airflow/example_dags/example_xcom.py for tasks to queue
[2024-12-21T21:19:01.785+0000] {logging_mixin.py:190} INFO - [2024-12-21T21:19:01.784+0000] {dagbag.py:588} INFO - Filling up the DagBag from /home/airflow/.local/lib/python3.12/site-packages/airflow/example_dags/example_xcom.py
[2024-12-21T21:19:01.811+0000] {processor.py:925} INFO - DAG(s) 'example_xcom' retrieved from /home/airflow/.local/lib/python3.12/site-packages/airflow/example_dags/example_xcom.py
[2024-12-21T21:19:01.885+0000] {logging_mixin.py:190} INFO - [2024-12-21T21:19:01.884+0000] {dag.py:3239} INFO - Sync 1 DAGs
[2024-12-21T21:19:01.966+0000] {logging_mixin.py:190} INFO - [2024-12-21T21:19:01.965+0000] {dag.py:4180} INFO - Setting next_dagrun for example_xcom to 2021-01-01 00:00:00+00:00, run_after=2021-01-01 00:00:00+00:00
[2024-12-21T21:19:02.019+0000] {processor.py:208} INFO - Processing /home/airflow/.local/lib/python3.12/site-packages/airflow/example_dags/example_xcom.py took 0.261 seconds
[2024-12-21T21:19:32.295+0000] {processor.py:186} INFO - Started process (PID=5055) to work on /home/airflow/.local/lib/python3.12/site-packages/airflow/example_dags/example_xcom.py
[2024-12-21T21:19:32.297+0000] {processor.py:914} INFO - Processing file /home/airflow/.local/lib/python3.12/site-packages/airflow/example_dags/example_xcom.py for tasks to queue
[2024-12-21T21:19:32.301+0000] {logging_mixin.py:190} INFO - [2024-12-21T21:19:32.301+0000] {dagbag.py:588} INFO - Filling up the DagBag from /home/airflow/.local/lib/python3.12/site-packages/airflow/example_dags/example_xcom.py
[2024-12-21T21:19:32.320+0000] {processor.py:925} INFO - DAG(s) 'example_xcom' retrieved from /home/airflow/.local/lib/python3.12/site-packages/airflow/example_dags/example_xcom.py
[2024-12-21T21:19:32.368+0000] {logging_mixin.py:190} INFO - [2024-12-21T21:19:32.367+0000] {dag.py:3239} INFO - Sync 1 DAGs
[2024-12-21T21:19:32.417+0000] {logging_mixin.py:190} INFO - [2024-12-21T21:19:32.417+0000] {dag.py:4180} INFO - Setting next_dagrun for example_xcom to 2021-01-01 00:00:00+00:00, run_after=2021-01-01 00:00:00+00:00
[2024-12-21T21:19:32.461+0000] {processor.py:208} INFO - Processing /home/airflow/.local/lib/python3.12/site-packages/airflow/example_dags/example_xcom.py took 0.179 seconds
[2024-12-21T21:20:03.183+0000] {processor.py:186} INFO - Started process (PID=5350) to work on /home/airflow/.local/lib/python3.12/site-packages/airflow/example_dags/example_xcom.py
[2024-12-21T21:20:03.185+0000] {processor.py:914} INFO - Processing file /home/airflow/.local/lib/python3.12/site-packages/airflow/example_dags/example_xcom.py for tasks to queue
[2024-12-21T21:20:03.191+0000] {logging_mixin.py:190} INFO - [2024-12-21T21:20:03.190+0000] {dagbag.py:588} INFO - Filling up the DagBag from /home/airflow/.local/lib/python3.12/site-packages/airflow/example_dags/example_xcom.py
[2024-12-21T21:20:03.212+0000] {processor.py:925} INFO - DAG(s) 'example_xcom' retrieved from /home/airflow/.local/lib/python3.12/site-packages/airflow/example_dags/example_xcom.py
[2024-12-21T21:20:03.261+0000] {logging_mixin.py:190} INFO - [2024-12-21T21:20:03.260+0000] {dag.py:3239} INFO - Sync 1 DAGs
[2024-12-21T21:20:03.313+0000] {logging_mixin.py:190} INFO - [2024-12-21T21:20:03.312+0000] {dag.py:4180} INFO - Setting next_dagrun for example_xcom to 2021-01-01 00:00:00+00:00, run_after=2021-01-01 00:00:00+00:00
[2024-12-21T21:20:03.378+0000] {processor.py:208} INFO - Processing /home/airflow/.local/lib/python3.12/site-packages/airflow/example_dags/example_xcom.py took 0.220 seconds
[2024-12-21T21:20:34.718+0000] {processor.py:186} INFO - Started process (PID=5619) to work on /home/airflow/.local/lib/python3.12/site-packages/airflow/example_dags/example_xcom.py
[2024-12-21T21:20:34.720+0000] {processor.py:914} INFO - Processing file /home/airflow/.local/lib/python3.12/site-packages/airflow/example_dags/example_xcom.py for tasks to queue
[2024-12-21T21:20:34.725+0000] {logging_mixin.py:190} INFO - [2024-12-21T21:20:34.724+0000] {dagbag.py:588} INFO - Filling up the DagBag from /home/airflow/.local/lib/python3.12/site-packages/airflow/example_dags/example_xcom.py
[2024-12-21T21:20:34.747+0000] {processor.py:925} INFO - DAG(s) 'example_xcom' retrieved from /home/airflow/.local/lib/python3.12/site-packages/airflow/example_dags/example_xcom.py
[2024-12-21T21:20:34.802+0000] {logging_mixin.py:190} INFO - [2024-12-21T21:20:34.801+0000] {dag.py:3239} INFO - Sync 1 DAGs
[2024-12-21T21:20:34.867+0000] {logging_mixin.py:190} INFO - [2024-12-21T21:20:34.866+0000] {dag.py:4180} INFO - Setting next_dagrun for example_xcom to 2021-01-01 00:00:00+00:00, run_after=2021-01-01 00:00:00+00:00
[2024-12-21T21:20:34.916+0000] {processor.py:208} INFO - Processing /home/airflow/.local/lib/python3.12/site-packages/airflow/example_dags/example_xcom.py took 0.213 seconds
[2024-12-21T21:21:05.710+0000] {processor.py:186} INFO - Started process (PID=5916) to work on /home/airflow/.local/lib/python3.12/site-packages/airflow/example_dags/example_xcom.py
[2024-12-21T21:21:05.713+0000] {processor.py:914} INFO - Processing file /home/airflow/.local/lib/python3.12/site-packages/airflow/example_dags/example_xcom.py for tasks to queue
[2024-12-21T21:21:05.717+0000] {logging_mixin.py:190} INFO - [2024-12-21T21:21:05.716+0000] {dagbag.py:588} INFO - Filling up the DagBag from /home/airflow/.local/lib/python3.12/site-packages/airflow/example_dags/example_xcom.py
[2024-12-21T21:21:05.738+0000] {processor.py:925} INFO - DAG(s) 'example_xcom' retrieved from /home/airflow/.local/lib/python3.12/site-packages/airflow/example_dags/example_xcom.py
[2024-12-21T21:21:05.782+0000] {logging_mixin.py:190} INFO - [2024-12-21T21:21:05.781+0000] {dag.py:3239} INFO - Sync 1 DAGs
[2024-12-21T21:21:05.833+0000] {logging_mixin.py:190} INFO - [2024-12-21T21:21:05.832+0000] {dag.py:4180} INFO - Setting next_dagrun for example_xcom to 2021-01-01 00:00:00+00:00, run_after=2021-01-01 00:00:00+00:00
[2024-12-21T21:21:05.873+0000] {processor.py:208} INFO - Processing /home/airflow/.local/lib/python3.12/site-packages/airflow/example_dags/example_xcom.py took 0.175 seconds
[2024-12-21T21:21:36.958+0000] {processor.py:186} INFO - Started process (PID=6207) to work on /home/airflow/.local/lib/python3.12/site-packages/airflow/example_dags/example_xcom.py
[2024-12-21T21:21:36.960+0000] {processor.py:914} INFO - Processing file /home/airflow/.local/lib/python3.12/site-packages/airflow/example_dags/example_xcom.py for tasks to queue
[2024-12-21T21:21:36.967+0000] {logging_mixin.py:190} INFO - [2024-12-21T21:21:36.966+0000] {dagbag.py:588} INFO - Filling up the DagBag from /home/airflow/.local/lib/python3.12/site-packages/airflow/example_dags/example_xcom.py
[2024-12-21T21:21:36.994+0000] {processor.py:925} INFO - DAG(s) 'example_xcom' retrieved from /home/airflow/.local/lib/python3.12/site-packages/airflow/example_dags/example_xcom.py
[2024-12-21T21:21:37.054+0000] {logging_mixin.py:190} INFO - [2024-12-21T21:21:37.053+0000] {dag.py:3239} INFO - Sync 1 DAGs
[2024-12-21T21:21:37.117+0000] {logging_mixin.py:190} INFO - [2024-12-21T21:21:37.116+0000] {dag.py:4180} INFO - Setting next_dagrun for example_xcom to 2021-01-01 00:00:00+00:00, run_after=2021-01-01 00:00:00+00:00
[2024-12-21T21:21:37.181+0000] {processor.py:208} INFO - Processing /home/airflow/.local/lib/python3.12/site-packages/airflow/example_dags/example_xcom.py took 0.240 seconds
[2024-12-21T21:22:08.436+0000] {processor.py:186} INFO - Started process (PID=6505) to work on /home/airflow/.local/lib/python3.12/site-packages/airflow/example_dags/example_xcom.py
[2024-12-21T21:22:08.438+0000] {processor.py:914} INFO - Processing file /home/airflow/.local/lib/python3.12/site-packages/airflow/example_dags/example_xcom.py for tasks to queue
[2024-12-21T21:22:08.443+0000] {logging_mixin.py:190} INFO - [2024-12-21T21:22:08.442+0000] {dagbag.py:588} INFO - Filling up the DagBag from /home/airflow/.local/lib/python3.12/site-packages/airflow/example_dags/example_xcom.py
[2024-12-21T21:22:08.464+0000] {processor.py:925} INFO - DAG(s) 'example_xcom' retrieved from /home/airflow/.local/lib/python3.12/site-packages/airflow/example_dags/example_xcom.py
[2024-12-21T21:22:08.512+0000] {logging_mixin.py:190} INFO - [2024-12-21T21:22:08.511+0000] {dag.py:3239} INFO - Sync 1 DAGs
[2024-12-21T21:22:08.561+0000] {logging_mixin.py:190} INFO - [2024-12-21T21:22:08.560+0000] {dag.py:4180} INFO - Setting next_dagrun for example_xcom to 2021-01-01 00:00:00+00:00, run_after=2021-01-01 00:00:00+00:00
[2024-12-21T21:22:08.602+0000] {processor.py:208} INFO - Processing /home/airflow/.local/lib/python3.12/site-packages/airflow/example_dags/example_xcom.py took 0.178 seconds
[2024-12-21T21:22:39.589+0000] {processor.py:186} INFO - Started process (PID=6799) to work on /home/airflow/.local/lib/python3.12/site-packages/airflow/example_dags/example_xcom.py
[2024-12-21T21:22:39.591+0000] {processor.py:914} INFO - Processing file /home/airflow/.local/lib/python3.12/site-packages/airflow/example_dags/example_xcom.py for tasks to queue
[2024-12-21T21:22:39.595+0000] {logging_mixin.py:190} INFO - [2024-12-21T21:22:39.595+0000] {dagbag.py:588} INFO - Filling up the DagBag from /home/airflow/.local/lib/python3.12/site-packages/airflow/example_dags/example_xcom.py
[2024-12-21T21:22:39.613+0000] {processor.py:925} INFO - DAG(s) 'example_xcom' retrieved from /home/airflow/.local/lib/python3.12/site-packages/airflow/example_dags/example_xcom.py
[2024-12-21T21:22:39.658+0000] {logging_mixin.py:190} INFO - [2024-12-21T21:22:39.658+0000] {dag.py:3239} INFO - Sync 1 DAGs
[2024-12-21T21:22:39.706+0000] {logging_mixin.py:190} INFO - [2024-12-21T21:22:39.706+0000] {dag.py:4180} INFO - Setting next_dagrun for example_xcom to 2021-01-01 00:00:00+00:00, run_after=2021-01-01 00:00:00+00:00
[2024-12-21T21:22:39.744+0000] {processor.py:208} INFO - Processing /home/airflow/.local/lib/python3.12/site-packages/airflow/example_dags/example_xcom.py took 0.166 seconds
[2024-12-21T21:23:10.740+0000] {processor.py:186} INFO - Started process (PID=7096) to work on /home/airflow/.local/lib/python3.12/site-packages/airflow/example_dags/example_xcom.py
[2024-12-21T21:23:10.742+0000] {processor.py:914} INFO - Processing file /home/airflow/.local/lib/python3.12/site-packages/airflow/example_dags/example_xcom.py for tasks to queue
[2024-12-21T21:23:10.747+0000] {logging_mixin.py:190} INFO - [2024-12-21T21:23:10.746+0000] {dagbag.py:588} INFO - Filling up the DagBag from /home/airflow/.local/lib/python3.12/site-packages/airflow/example_dags/example_xcom.py
[2024-12-21T21:23:10.771+0000] {processor.py:925} INFO - DAG(s) 'example_xcom' retrieved from /home/airflow/.local/lib/python3.12/site-packages/airflow/example_dags/example_xcom.py
[2024-12-21T21:23:10.816+0000] {logging_mixin.py:190} INFO - [2024-12-21T21:23:10.816+0000] {dag.py:3239} INFO - Sync 1 DAGs
[2024-12-21T21:23:10.871+0000] {logging_mixin.py:190} INFO - [2024-12-21T21:23:10.870+0000] {dag.py:4180} INFO - Setting next_dagrun for example_xcom to 2021-01-01 00:00:00+00:00, run_after=2021-01-01 00:00:00+00:00
[2024-12-21T21:23:10.911+0000] {processor.py:208} INFO - Processing /home/airflow/.local/lib/python3.12/site-packages/airflow/example_dags/example_xcom.py took 0.188 seconds
[2024-12-21T21:23:41.597+0000] {processor.py:186} INFO - Started process (PID=7382) to work on /home/airflow/.local/lib/python3.12/site-packages/airflow/example_dags/example_xcom.py
[2024-12-21T21:23:41.600+0000] {processor.py:914} INFO - Processing file /home/airflow/.local/lib/python3.12/site-packages/airflow/example_dags/example_xcom.py for tasks to queue
[2024-12-21T21:23:41.606+0000] {logging_mixin.py:190} INFO - [2024-12-21T21:23:41.605+0000] {dagbag.py:588} INFO - Filling up the DagBag from /home/airflow/.local/lib/python3.12/site-packages/airflow/example_dags/example_xcom.py
[2024-12-21T21:23:41.625+0000] {processor.py:925} INFO - DAG(s) 'example_xcom' retrieved from /home/airflow/.local/lib/python3.12/site-packages/airflow/example_dags/example_xcom.py
[2024-12-21T21:23:41.675+0000] {logging_mixin.py:190} INFO - [2024-12-21T21:23:41.675+0000] {dag.py:3239} INFO - Sync 1 DAGs
[2024-12-21T21:23:41.734+0000] {logging_mixin.py:190} INFO - [2024-12-21T21:23:41.734+0000] {dag.py:4180} INFO - Setting next_dagrun for example_xcom to 2021-01-01 00:00:00+00:00, run_after=2021-01-01 00:00:00+00:00
[2024-12-21T21:23:41.777+0000] {processor.py:208} INFO - Processing /home/airflow/.local/lib/python3.12/site-packages/airflow/example_dags/example_xcom.py took 0.191 seconds
[2024-12-21T21:24:12.762+0000] {processor.py:186} INFO - Started process (PID=7680) to work on /home/airflow/.local/lib/python3.12/site-packages/airflow/example_dags/example_xcom.py
[2024-12-21T21:24:12.764+0000] {processor.py:914} INFO - Processing file /home/airflow/.local/lib/python3.12/site-packages/airflow/example_dags/example_xcom.py for tasks to queue
[2024-12-21T21:24:12.769+0000] {logging_mixin.py:190} INFO - [2024-12-21T21:24:12.769+0000] {dagbag.py:588} INFO - Filling up the DagBag from /home/airflow/.local/lib/python3.12/site-packages/airflow/example_dags/example_xcom.py
[2024-12-21T21:24:12.792+0000] {processor.py:925} INFO - DAG(s) 'example_xcom' retrieved from /home/airflow/.local/lib/python3.12/site-packages/airflow/example_dags/example_xcom.py
[2024-12-21T21:24:12.841+0000] {logging_mixin.py:190} INFO - [2024-12-21T21:24:12.840+0000] {dag.py:3239} INFO - Sync 1 DAGs
[2024-12-21T21:24:12.900+0000] {logging_mixin.py:190} INFO - [2024-12-21T21:24:12.900+0000] {dag.py:4180} INFO - Setting next_dagrun for example_xcom to 2021-01-01 00:00:00+00:00, run_after=2021-01-01 00:00:00+00:00
[2024-12-21T21:24:12.961+0000] {processor.py:208} INFO - Processing /home/airflow/.local/lib/python3.12/site-packages/airflow/example_dags/example_xcom.py took 0.211 seconds
