[2024-12-21T21:11:25.677+0000] {processor.py:186} INFO - Started process (PID=398) to work on /home/airflow/.local/lib/python3.12/site-packages/airflow/example_dags/example_short_circuit_operator.py
[2024-12-21T21:11:25.679+0000] {processor.py:914} INFO - Processing file /home/airflow/.local/lib/python3.12/site-packages/airflow/example_dags/example_short_circuit_operator.py for tasks to queue
[2024-12-21T21:11:25.683+0000] {logging_mixin.py:190} INFO - [2024-12-21T21:11:25.682+0000] {dagbag.py:588} INFO - Filling up the DagBag from /home/airflow/.local/lib/python3.12/site-packages/airflow/example_dags/example_short_circuit_operator.py
[2024-12-21T21:11:25.706+0000] {processor.py:925} INFO - DAG(s) 'example_short_circuit_operator' retrieved from /home/airflow/.local/lib/python3.12/site-packages/airflow/example_dags/example_short_circuit_operator.py
[2024-12-21T21:11:25.961+0000] {logging_mixin.py:190} INFO - [2024-12-21T21:11:25.959+0000] {override.py:1911} INFO - Created Permission View: can delete on DAG:example_short_circuit_operator
[2024-12-21T21:11:25.985+0000] {logging_mixin.py:190} INFO - [2024-12-21T21:11:25.984+0000] {override.py:1911} INFO - Created Permission View: can edit on DAG:example_short_circuit_operator
[2024-12-21T21:11:26.000+0000] {logging_mixin.py:190} INFO - [2024-12-21T21:11:25.999+0000] {override.py:1911} INFO - Created Permission View: can read on DAG:example_short_circuit_operator
[2024-12-21T21:11:26.015+0000] {logging_mixin.py:190} INFO - [2024-12-21T21:11:26.015+0000] {override.py:1911} INFO - Created Permission View: can delete on DAG Run:example_short_circuit_operator
[2024-12-21T21:11:26.028+0000] {logging_mixin.py:190} INFO - [2024-12-21T21:11:26.028+0000] {override.py:1911} INFO - Created Permission View: can read on DAG Run:example_short_circuit_operator
[2024-12-21T21:11:26.044+0000] {logging_mixin.py:190} INFO - [2024-12-21T21:11:26.043+0000] {override.py:1911} INFO - Created Permission View: can create on DAG Run:example_short_circuit_operator
[2024-12-21T21:11:26.062+0000] {logging_mixin.py:190} INFO - [2024-12-21T21:11:26.061+0000] {override.py:1911} INFO - Created Permission View: menu access on DAG Run:example_short_circuit_operator
[2024-12-21T21:11:26.063+0000] {logging_mixin.py:190} INFO - [2024-12-21T21:11:26.063+0000] {dag.py:3239} INFO - Sync 1 DAGs
[2024-12-21T21:11:26.092+0000] {logging_mixin.py:190} INFO - [2024-12-21T21:11:26.091+0000] {dag.py:3262} INFO - Creating ORM DAG for example_short_circuit_operator
[2024-12-21T21:11:26.094+0000] {logging_mixin.py:190} INFO - [2024-12-21T21:11:26.093+0000] {dag.py:4180} INFO - Setting next_dagrun for example_short_circuit_operator to None, run_after=None
[2024-12-21T21:11:26.129+0000] {processor.py:208} INFO - Processing /home/airflow/.local/lib/python3.12/site-packages/airflow/example_dags/example_short_circuit_operator.py took 0.465 seconds
[2024-12-21T21:11:56.878+0000] {processor.py:186} INFO - Started process (PID=694) to work on /home/airflow/.local/lib/python3.12/site-packages/airflow/example_dags/example_short_circuit_operator.py
[2024-12-21T21:11:56.880+0000] {processor.py:914} INFO - Processing file /home/airflow/.local/lib/python3.12/site-packages/airflow/example_dags/example_short_circuit_operator.py for tasks to queue
[2024-12-21T21:11:56.885+0000] {logging_mixin.py:190} INFO - [2024-12-21T21:11:56.884+0000] {dagbag.py:588} INFO - Filling up the DagBag from /home/airflow/.local/lib/python3.12/site-packages/airflow/example_dags/example_short_circuit_operator.py
[2024-12-21T21:11:56.903+0000] {processor.py:925} INFO - DAG(s) 'example_short_circuit_operator' retrieved from /home/airflow/.local/lib/python3.12/site-packages/airflow/example_dags/example_short_circuit_operator.py
[2024-12-21T21:11:56.954+0000] {logging_mixin.py:190} INFO - [2024-12-21T21:11:56.953+0000] {dag.py:3239} INFO - Sync 1 DAGs
[2024-12-21T21:11:56.986+0000] {logging_mixin.py:190} INFO - [2024-12-21T21:11:56.985+0000] {dag.py:4180} INFO - Setting next_dagrun for example_short_circuit_operator to None, run_after=None
[2024-12-21T21:11:57.026+0000] {processor.py:208} INFO - Processing /home/airflow/.local/lib/python3.12/site-packages/airflow/example_dags/example_short_circuit_operator.py took 0.162 seconds
[2024-12-21T21:12:29.235+0000] {processor.py:186} INFO - Started process (PID=990) to work on /home/airflow/.local/lib/python3.12/site-packages/airflow/example_dags/example_short_circuit_operator.py
[2024-12-21T21:12:29.237+0000] {processor.py:914} INFO - Processing file /home/airflow/.local/lib/python3.12/site-packages/airflow/example_dags/example_short_circuit_operator.py for tasks to queue
[2024-12-21T21:12:29.242+0000] {logging_mixin.py:190} INFO - [2024-12-21T21:12:29.241+0000] {dagbag.py:588} INFO - Filling up the DagBag from /home/airflow/.local/lib/python3.12/site-packages/airflow/example_dags/example_short_circuit_operator.py
[2024-12-21T21:12:29.257+0000] {processor.py:925} INFO - DAG(s) 'example_short_circuit_operator' retrieved from /home/airflow/.local/lib/python3.12/site-packages/airflow/example_dags/example_short_circuit_operator.py
[2024-12-21T21:12:29.321+0000] {logging_mixin.py:190} INFO - [2024-12-21T21:12:29.320+0000] {dag.py:3239} INFO - Sync 1 DAGs
[2024-12-21T21:12:29.360+0000] {logging_mixin.py:190} INFO - [2024-12-21T21:12:29.360+0000] {dag.py:4180} INFO - Setting next_dagrun for example_short_circuit_operator to None, run_after=None
[2024-12-21T21:12:29.400+0000] {processor.py:208} INFO - Processing /home/airflow/.local/lib/python3.12/site-packages/airflow/example_dags/example_short_circuit_operator.py took 0.177 seconds
[2024-12-21T21:13:00.646+0000] {processor.py:186} INFO - Started process (PID=1286) to work on /home/airflow/.local/lib/python3.12/site-packages/airflow/example_dags/example_short_circuit_operator.py
[2024-12-21T21:13:00.648+0000] {processor.py:914} INFO - Processing file /home/airflow/.local/lib/python3.12/site-packages/airflow/example_dags/example_short_circuit_operator.py for tasks to queue
[2024-12-21T21:13:00.654+0000] {logging_mixin.py:190} INFO - [2024-12-21T21:13:00.653+0000] {dagbag.py:588} INFO - Filling up the DagBag from /home/airflow/.local/lib/python3.12/site-packages/airflow/example_dags/example_short_circuit_operator.py
[2024-12-21T21:13:00.674+0000] {processor.py:925} INFO - DAG(s) 'example_short_circuit_operator' retrieved from /home/airflow/.local/lib/python3.12/site-packages/airflow/example_dags/example_short_circuit_operator.py
[2024-12-21T21:13:00.733+0000] {logging_mixin.py:190} INFO - [2024-12-21T21:13:00.733+0000] {dag.py:3239} INFO - Sync 1 DAGs
[2024-12-21T21:13:00.774+0000] {logging_mixin.py:190} INFO - [2024-12-21T21:13:00.773+0000] {dag.py:4180} INFO - Setting next_dagrun for example_short_circuit_operator to None, run_after=None
[2024-12-21T21:13:00.844+0000] {processor.py:208} INFO - Processing /home/airflow/.local/lib/python3.12/site-packages/airflow/example_dags/example_short_circuit_operator.py took 0.210 seconds
[2024-12-21T21:13:32.794+0000] {processor.py:186} INFO - Started process (PID=1582) to work on /home/airflow/.local/lib/python3.12/site-packages/airflow/example_dags/example_short_circuit_operator.py
[2024-12-21T21:13:32.796+0000] {processor.py:914} INFO - Processing file /home/airflow/.local/lib/python3.12/site-packages/airflow/example_dags/example_short_circuit_operator.py for tasks to queue
[2024-12-21T21:13:32.802+0000] {logging_mixin.py:190} INFO - [2024-12-21T21:13:32.801+0000] {dagbag.py:588} INFO - Filling up the DagBag from /home/airflow/.local/lib/python3.12/site-packages/airflow/example_dags/example_short_circuit_operator.py
[2024-12-21T21:13:32.820+0000] {processor.py:925} INFO - DAG(s) 'example_short_circuit_operator' retrieved from /home/airflow/.local/lib/python3.12/site-packages/airflow/example_dags/example_short_circuit_operator.py
[2024-12-21T21:13:32.875+0000] {logging_mixin.py:190} INFO - [2024-12-21T21:13:32.874+0000] {dag.py:3239} INFO - Sync 1 DAGs
[2024-12-21T21:13:32.912+0000] {logging_mixin.py:190} INFO - [2024-12-21T21:13:32.911+0000] {dag.py:4180} INFO - Setting next_dagrun for example_short_circuit_operator to None, run_after=None
[2024-12-21T21:13:32.980+0000] {processor.py:208} INFO - Processing /home/airflow/.local/lib/python3.12/site-packages/airflow/example_dags/example_short_circuit_operator.py took 0.200 seconds
[2024-12-21T21:14:04.887+0000] {processor.py:186} INFO - Started process (PID=1878) to work on /home/airflow/.local/lib/python3.12/site-packages/airflow/example_dags/example_short_circuit_operator.py
[2024-12-21T21:14:04.889+0000] {processor.py:914} INFO - Processing file /home/airflow/.local/lib/python3.12/site-packages/airflow/example_dags/example_short_circuit_operator.py for tasks to queue
[2024-12-21T21:14:04.894+0000] {logging_mixin.py:190} INFO - [2024-12-21T21:14:04.893+0000] {dagbag.py:588} INFO - Filling up the DagBag from /home/airflow/.local/lib/python3.12/site-packages/airflow/example_dags/example_short_circuit_operator.py
[2024-12-21T21:14:04.912+0000] {processor.py:925} INFO - DAG(s) 'example_short_circuit_operator' retrieved from /home/airflow/.local/lib/python3.12/site-packages/airflow/example_dags/example_short_circuit_operator.py
[2024-12-21T21:14:04.966+0000] {logging_mixin.py:190} INFO - [2024-12-21T21:14:04.965+0000] {dag.py:3239} INFO - Sync 1 DAGs
[2024-12-21T21:14:04.998+0000] {logging_mixin.py:190} INFO - [2024-12-21T21:14:04.997+0000] {dag.py:4180} INFO - Setting next_dagrun for example_short_circuit_operator to None, run_after=None
[2024-12-21T21:14:05.037+0000] {processor.py:208} INFO - Processing /home/airflow/.local/lib/python3.12/site-packages/airflow/example_dags/example_short_circuit_operator.py took 0.163 seconds
[2024-12-21T21:14:36.400+0000] {processor.py:186} INFO - Started process (PID=2174) to work on /home/airflow/.local/lib/python3.12/site-packages/airflow/example_dags/example_short_circuit_operator.py
[2024-12-21T21:14:36.402+0000] {processor.py:914} INFO - Processing file /home/airflow/.local/lib/python3.12/site-packages/airflow/example_dags/example_short_circuit_operator.py for tasks to queue
[2024-12-21T21:14:36.406+0000] {logging_mixin.py:190} INFO - [2024-12-21T21:14:36.406+0000] {dagbag.py:588} INFO - Filling up the DagBag from /home/airflow/.local/lib/python3.12/site-packages/airflow/example_dags/example_short_circuit_operator.py
[2024-12-21T21:14:36.424+0000] {processor.py:925} INFO - DAG(s) 'example_short_circuit_operator' retrieved from /home/airflow/.local/lib/python3.12/site-packages/airflow/example_dags/example_short_circuit_operator.py
[2024-12-21T21:14:36.473+0000] {logging_mixin.py:190} INFO - [2024-12-21T21:14:36.473+0000] {dag.py:3239} INFO - Sync 1 DAGs
[2024-12-21T21:14:36.511+0000] {logging_mixin.py:190} INFO - [2024-12-21T21:14:36.510+0000] {dag.py:4180} INFO - Setting next_dagrun for example_short_circuit_operator to None, run_after=None
[2024-12-21T21:14:36.552+0000] {processor.py:208} INFO - Processing /home/airflow/.local/lib/python3.12/site-packages/airflow/example_dags/example_short_circuit_operator.py took 0.163 seconds
[2024-12-21T21:15:08.856+0000] {processor.py:186} INFO - Started process (PID=2470) to work on /home/airflow/.local/lib/python3.12/site-packages/airflow/example_dags/example_short_circuit_operator.py
[2024-12-21T21:15:08.857+0000] {processor.py:914} INFO - Processing file /home/airflow/.local/lib/python3.12/site-packages/airflow/example_dags/example_short_circuit_operator.py for tasks to queue
[2024-12-21T21:15:08.862+0000] {logging_mixin.py:190} INFO - [2024-12-21T21:15:08.861+0000] {dagbag.py:588} INFO - Filling up the DagBag from /home/airflow/.local/lib/python3.12/site-packages/airflow/example_dags/example_short_circuit_operator.py
[2024-12-21T21:15:08.878+0000] {processor.py:925} INFO - DAG(s) 'example_short_circuit_operator' retrieved from /home/airflow/.local/lib/python3.12/site-packages/airflow/example_dags/example_short_circuit_operator.py
[2024-12-21T21:15:08.923+0000] {logging_mixin.py:190} INFO - [2024-12-21T21:15:08.922+0000] {dag.py:3239} INFO - Sync 1 DAGs
[2024-12-21T21:15:08.954+0000] {logging_mixin.py:190} INFO - [2024-12-21T21:15:08.954+0000] {dag.py:4180} INFO - Setting next_dagrun for example_short_circuit_operator to None, run_after=None
[2024-12-21T21:15:08.992+0000] {processor.py:208} INFO - Processing /home/airflow/.local/lib/python3.12/site-packages/airflow/example_dags/example_short_circuit_operator.py took 0.149 seconds
[2024-12-21T21:15:40.355+0000] {processor.py:186} INFO - Started process (PID=2766) to work on /home/airflow/.local/lib/python3.12/site-packages/airflow/example_dags/example_short_circuit_operator.py
[2024-12-21T21:15:40.357+0000] {processor.py:914} INFO - Processing file /home/airflow/.local/lib/python3.12/site-packages/airflow/example_dags/example_short_circuit_operator.py for tasks to queue
[2024-12-21T21:15:40.361+0000] {logging_mixin.py:190} INFO - [2024-12-21T21:15:40.361+0000] {dagbag.py:588} INFO - Filling up the DagBag from /home/airflow/.local/lib/python3.12/site-packages/airflow/example_dags/example_short_circuit_operator.py
[2024-12-21T21:15:40.377+0000] {processor.py:925} INFO - DAG(s) 'example_short_circuit_operator' retrieved from /home/airflow/.local/lib/python3.12/site-packages/airflow/example_dags/example_short_circuit_operator.py
[2024-12-21T21:15:40.427+0000] {logging_mixin.py:190} INFO - [2024-12-21T21:15:40.426+0000] {dag.py:3239} INFO - Sync 1 DAGs
[2024-12-21T21:15:40.458+0000] {logging_mixin.py:190} INFO - [2024-12-21T21:15:40.458+0000] {dag.py:4180} INFO - Setting next_dagrun for example_short_circuit_operator to None, run_after=None
[2024-12-21T21:15:40.520+0000] {processor.py:208} INFO - Processing /home/airflow/.local/lib/python3.12/site-packages/airflow/example_dags/example_short_circuit_operator.py took 0.176 seconds
