[2024-12-21T21:11:10.115+0000] {processor.py:186} INFO - Started process (PID=242) to work on /home/airflow/.local/lib/python3.12/site-packages/airflow/example_dags/example_sla_dag.py
[2024-12-21T21:11:10.117+0000] {processor.py:914} INFO - Processing file /home/airflow/.local/lib/python3.12/site-packages/airflow/example_dags/example_sla_dag.py for tasks to queue
[2024-12-21T21:11:10.122+0000] {logging_mixin.py:190} INFO - [2024-12-21T21:11:10.122+0000] {dagbag.py:588} INFO - Filling up the DagBag from /home/airflow/.local/lib/python3.12/site-packages/airflow/example_dags/example_sla_dag.py
[2024-12-21T21:11:10.156+0000] {processor.py:925} INFO - DAG(s) 'example_sla_dag' retrieved from /home/airflow/.local/lib/python3.12/site-packages/airflow/example_dags/example_sla_dag.py
[2024-12-21T21:11:10.426+0000] {logging_mixin.py:190} INFO - [2024-12-21T21:11:10.424+0000] {override.py:1911} INFO - Created Permission View: can delete on DAG:example_sla_dag
[2024-12-21T21:11:10.450+0000] {logging_mixin.py:190} INFO - [2024-12-21T21:11:10.450+0000] {override.py:1911} INFO - Created Permission View: can edit on DAG:example_sla_dag
[2024-12-21T21:11:10.466+0000] {logging_mixin.py:190} INFO - [2024-12-21T21:11:10.465+0000] {override.py:1911} INFO - Created Permission View: can read on DAG:example_sla_dag
[2024-12-21T21:11:10.482+0000] {logging_mixin.py:190} INFO - [2024-12-21T21:11:10.481+0000] {override.py:1911} INFO - Created Permission View: can delete on DAG Run:example_sla_dag
[2024-12-21T21:11:10.498+0000] {logging_mixin.py:190} INFO - [2024-12-21T21:11:10.497+0000] {override.py:1911} INFO - Created Permission View: can read on DAG Run:example_sla_dag
[2024-12-21T21:11:10.515+0000] {logging_mixin.py:190} INFO - [2024-12-21T21:11:10.514+0000] {override.py:1911} INFO - Created Permission View: can create on DAG Run:example_sla_dag
[2024-12-21T21:11:10.530+0000] {logging_mixin.py:190} INFO - [2024-12-21T21:11:10.530+0000] {override.py:1911} INFO - Created Permission View: menu access on DAG Run:example_sla_dag
[2024-12-21T21:11:10.532+0000] {logging_mixin.py:190} INFO - [2024-12-21T21:11:10.531+0000] {dag.py:3239} INFO - Sync 1 DAGs
[2024-12-21T21:11:10.560+0000] {logging_mixin.py:190} INFO - [2024-12-21T21:11:10.560+0000] {dag.py:3262} INFO - Creating ORM DAG for example_sla_dag
[2024-12-21T21:11:10.591+0000] {logging_mixin.py:190} INFO - [2024-12-21T21:11:10.590+0000] {dag.py:4180} INFO - Setting next_dagrun for example_sla_dag to 2024-12-21 21:08:00+00:00, run_after=2024-12-21 21:10:00+00:00
[2024-12-21T21:11:10.625+0000] {processor.py:208} INFO - Processing /home/airflow/.local/lib/python3.12/site-packages/airflow/example_dags/example_sla_dag.py took 0.524 seconds
[2024-12-21T21:11:41.263+0000] {processor.py:186} INFO - Started process (PID=538) to work on /home/airflow/.local/lib/python3.12/site-packages/airflow/example_dags/example_sla_dag.py
[2024-12-21T21:11:41.265+0000] {processor.py:914} INFO - Processing file /home/airflow/.local/lib/python3.12/site-packages/airflow/example_dags/example_sla_dag.py for tasks to queue
[2024-12-21T21:11:41.272+0000] {logging_mixin.py:190} INFO - [2024-12-21T21:11:41.271+0000] {dagbag.py:588} INFO - Filling up the DagBag from /home/airflow/.local/lib/python3.12/site-packages/airflow/example_dags/example_sla_dag.py
[2024-12-21T21:11:41.309+0000] {processor.py:925} INFO - DAG(s) 'example_sla_dag' retrieved from /home/airflow/.local/lib/python3.12/site-packages/airflow/example_dags/example_sla_dag.py
[2024-12-21T21:11:41.361+0000] {logging_mixin.py:190} INFO - [2024-12-21T21:11:41.360+0000] {dag.py:3239} INFO - Sync 1 DAGs
[2024-12-21T21:11:41.432+0000] {logging_mixin.py:190} INFO - [2024-12-21T21:11:41.431+0000] {dag.py:4180} INFO - Setting next_dagrun for example_sla_dag to 2024-12-21 21:08:00+00:00, run_after=2024-12-21 21:10:00+00:00
[2024-12-21T21:11:41.484+0000] {processor.py:208} INFO - Processing /home/airflow/.local/lib/python3.12/site-packages/airflow/example_dags/example_sla_dag.py took 0.237 seconds
[2024-12-21T21:12:11.589+0000] {processor.py:186} INFO - Started process (PID=834) to work on /home/airflow/.local/lib/python3.12/site-packages/airflow/example_dags/example_sla_dag.py
[2024-12-21T21:12:11.590+0000] {processor.py:914} INFO - Processing file /home/airflow/.local/lib/python3.12/site-packages/airflow/example_dags/example_sla_dag.py for tasks to queue
[2024-12-21T21:12:11.594+0000] {logging_mixin.py:190} INFO - [2024-12-21T21:12:11.594+0000] {dagbag.py:588} INFO - Filling up the DagBag from /home/airflow/.local/lib/python3.12/site-packages/airflow/example_dags/example_sla_dag.py
[2024-12-21T21:12:11.615+0000] {processor.py:925} INFO - DAG(s) 'example_sla_dag' retrieved from /home/airflow/.local/lib/python3.12/site-packages/airflow/example_dags/example_sla_dag.py
[2024-12-21T21:12:11.651+0000] {logging_mixin.py:190} INFO - [2024-12-21T21:12:11.651+0000] {dag.py:3239} INFO - Sync 1 DAGs
[2024-12-21T21:12:11.708+0000] {logging_mixin.py:190} INFO - [2024-12-21T21:12:11.708+0000] {dag.py:4180} INFO - Setting next_dagrun for example_sla_dag to 2024-12-21 21:10:00+00:00, run_after=2024-12-21 21:12:00+00:00
[2024-12-21T21:12:11.746+0000] {processor.py:208} INFO - Processing /home/airflow/.local/lib/python3.12/site-packages/airflow/example_dags/example_sla_dag.py took 0.169 seconds
[2024-12-21T21:12:42.244+0000] {processor.py:186} INFO - Started process (PID=1130) to work on /home/airflow/.local/lib/python3.12/site-packages/airflow/example_dags/example_sla_dag.py
[2024-12-21T21:12:42.246+0000] {processor.py:914} INFO - Processing file /home/airflow/.local/lib/python3.12/site-packages/airflow/example_dags/example_sla_dag.py for tasks to queue
[2024-12-21T21:12:42.250+0000] {logging_mixin.py:190} INFO - [2024-12-21T21:12:42.249+0000] {dagbag.py:588} INFO - Filling up the DagBag from /home/airflow/.local/lib/python3.12/site-packages/airflow/example_dags/example_sla_dag.py
[2024-12-21T21:12:42.275+0000] {processor.py:925} INFO - DAG(s) 'example_sla_dag' retrieved from /home/airflow/.local/lib/python3.12/site-packages/airflow/example_dags/example_sla_dag.py
[2024-12-21T21:12:42.320+0000] {logging_mixin.py:190} INFO - [2024-12-21T21:12:42.319+0000] {dag.py:3239} INFO - Sync 1 DAGs
[2024-12-21T21:12:42.368+0000] {logging_mixin.py:190} INFO - [2024-12-21T21:12:42.368+0000] {dag.py:4180} INFO - Setting next_dagrun for example_sla_dag to 2024-12-21 21:10:00+00:00, run_after=2024-12-21 21:12:00+00:00
[2024-12-21T21:12:42.404+0000] {processor.py:208} INFO - Processing /home/airflow/.local/lib/python3.12/site-packages/airflow/example_dags/example_sla_dag.py took 0.171 seconds
[2024-12-21T21:13:12.589+0000] {processor.py:186} INFO - Started process (PID=1426) to work on /home/airflow/.local/lib/python3.12/site-packages/airflow/example_dags/example_sla_dag.py
[2024-12-21T21:13:12.591+0000] {processor.py:914} INFO - Processing file /home/airflow/.local/lib/python3.12/site-packages/airflow/example_dags/example_sla_dag.py for tasks to queue
[2024-12-21T21:13:12.595+0000] {logging_mixin.py:190} INFO - [2024-12-21T21:13:12.595+0000] {dagbag.py:588} INFO - Filling up the DagBag from /home/airflow/.local/lib/python3.12/site-packages/airflow/example_dags/example_sla_dag.py
[2024-12-21T21:13:12.616+0000] {processor.py:925} INFO - DAG(s) 'example_sla_dag' retrieved from /home/airflow/.local/lib/python3.12/site-packages/airflow/example_dags/example_sla_dag.py
[2024-12-21T21:13:12.663+0000] {logging_mixin.py:190} INFO - [2024-12-21T21:13:12.663+0000] {dag.py:3239} INFO - Sync 1 DAGs
[2024-12-21T21:13:12.720+0000] {logging_mixin.py:190} INFO - [2024-12-21T21:13:12.720+0000] {dag.py:4180} INFO - Setting next_dagrun for example_sla_dag to 2024-12-21 21:10:00+00:00, run_after=2024-12-21 21:12:00+00:00
[2024-12-21T21:13:12.758+0000] {processor.py:208} INFO - Processing /home/airflow/.local/lib/python3.12/site-packages/airflow/example_dags/example_sla_dag.py took 0.183 seconds
[2024-12-21T21:13:43.472+0000] {processor.py:186} INFO - Started process (PID=1722) to work on /home/airflow/.local/lib/python3.12/site-packages/airflow/example_dags/example_sla_dag.py
[2024-12-21T21:13:43.474+0000] {processor.py:914} INFO - Processing file /home/airflow/.local/lib/python3.12/site-packages/airflow/example_dags/example_sla_dag.py for tasks to queue
[2024-12-21T21:13:43.478+0000] {logging_mixin.py:190} INFO - [2024-12-21T21:13:43.477+0000] {dagbag.py:588} INFO - Filling up the DagBag from /home/airflow/.local/lib/python3.12/site-packages/airflow/example_dags/example_sla_dag.py
[2024-12-21T21:13:43.497+0000] {processor.py:925} INFO - DAG(s) 'example_sla_dag' retrieved from /home/airflow/.local/lib/python3.12/site-packages/airflow/example_dags/example_sla_dag.py
[2024-12-21T21:13:43.534+0000] {logging_mixin.py:190} INFO - [2024-12-21T21:13:43.534+0000] {dag.py:3239} INFO - Sync 1 DAGs
[2024-12-21T21:13:43.584+0000] {logging_mixin.py:190} INFO - [2024-12-21T21:13:43.584+0000] {dag.py:4180} INFO - Setting next_dagrun for example_sla_dag to 2024-12-21 21:10:00+00:00, run_after=2024-12-21 21:12:00+00:00
[2024-12-21T21:13:43.623+0000] {processor.py:208} INFO - Processing /home/airflow/.local/lib/python3.12/site-packages/airflow/example_dags/example_sla_dag.py took 0.164 seconds
[2024-12-21T21:14:14.492+0000] {processor.py:186} INFO - Started process (PID=2018) to work on /home/airflow/.local/lib/python3.12/site-packages/airflow/example_dags/example_sla_dag.py
[2024-12-21T21:14:14.494+0000] {processor.py:914} INFO - Processing file /home/airflow/.local/lib/python3.12/site-packages/airflow/example_dags/example_sla_dag.py for tasks to queue
[2024-12-21T21:14:14.501+0000] {logging_mixin.py:190} INFO - [2024-12-21T21:14:14.500+0000] {dagbag.py:588} INFO - Filling up the DagBag from /home/airflow/.local/lib/python3.12/site-packages/airflow/example_dags/example_sla_dag.py
[2024-12-21T21:14:14.524+0000] {processor.py:925} INFO - DAG(s) 'example_sla_dag' retrieved from /home/airflow/.local/lib/python3.12/site-packages/airflow/example_dags/example_sla_dag.py
[2024-12-21T21:14:14.567+0000] {logging_mixin.py:190} INFO - [2024-12-21T21:14:14.566+0000] {dag.py:3239} INFO - Sync 1 DAGs
[2024-12-21T21:14:14.626+0000] {logging_mixin.py:190} INFO - [2024-12-21T21:14:14.626+0000] {dag.py:4180} INFO - Setting next_dagrun for example_sla_dag to 2024-12-21 21:12:00+00:00, run_after=2024-12-21 21:14:00+00:00
[2024-12-21T21:14:14.669+0000] {processor.py:208} INFO - Processing /home/airflow/.local/lib/python3.12/site-packages/airflow/example_dags/example_sla_dag.py took 0.188 seconds
[2024-12-21T21:14:44.804+0000] {processor.py:186} INFO - Started process (PID=2314) to work on /home/airflow/.local/lib/python3.12/site-packages/airflow/example_dags/example_sla_dag.py
[2024-12-21T21:14:44.806+0000] {processor.py:914} INFO - Processing file /home/airflow/.local/lib/python3.12/site-packages/airflow/example_dags/example_sla_dag.py for tasks to queue
[2024-12-21T21:14:44.812+0000] {logging_mixin.py:190} INFO - [2024-12-21T21:14:44.811+0000] {dagbag.py:588} INFO - Filling up the DagBag from /home/airflow/.local/lib/python3.12/site-packages/airflow/example_dags/example_sla_dag.py
[2024-12-21T21:14:44.833+0000] {processor.py:925} INFO - DAG(s) 'example_sla_dag' retrieved from /home/airflow/.local/lib/python3.12/site-packages/airflow/example_dags/example_sla_dag.py
[2024-12-21T21:14:44.879+0000] {logging_mixin.py:190} INFO - [2024-12-21T21:14:44.879+0000] {dag.py:3239} INFO - Sync 1 DAGs
[2024-12-21T21:14:44.956+0000] {logging_mixin.py:190} INFO - [2024-12-21T21:14:44.956+0000] {dag.py:4180} INFO - Setting next_dagrun for example_sla_dag to 2024-12-21 21:12:00+00:00, run_after=2024-12-21 21:14:00+00:00
[2024-12-21T21:14:45.011+0000] {processor.py:208} INFO - Processing /home/airflow/.local/lib/python3.12/site-packages/airflow/example_dags/example_sla_dag.py took 0.222 seconds
[2024-12-21T21:15:15.278+0000] {processor.py:186} INFO - Started process (PID=2610) to work on /home/airflow/.local/lib/python3.12/site-packages/airflow/example_dags/example_sla_dag.py
[2024-12-21T21:15:15.280+0000] {processor.py:914} INFO - Processing file /home/airflow/.local/lib/python3.12/site-packages/airflow/example_dags/example_sla_dag.py for tasks to queue
[2024-12-21T21:15:15.285+0000] {logging_mixin.py:190} INFO - [2024-12-21T21:15:15.284+0000] {dagbag.py:588} INFO - Filling up the DagBag from /home/airflow/.local/lib/python3.12/site-packages/airflow/example_dags/example_sla_dag.py
[2024-12-21T21:15:15.306+0000] {processor.py:925} INFO - DAG(s) 'example_sla_dag' retrieved from /home/airflow/.local/lib/python3.12/site-packages/airflow/example_dags/example_sla_dag.py
[2024-12-21T21:15:15.347+0000] {logging_mixin.py:190} INFO - [2024-12-21T21:15:15.346+0000] {dag.py:3239} INFO - Sync 1 DAGs
[2024-12-21T21:15:15.417+0000] {logging_mixin.py:190} INFO - [2024-12-21T21:15:15.416+0000] {dag.py:4180} INFO - Setting next_dagrun for example_sla_dag to 2024-12-21 21:12:00+00:00, run_after=2024-12-21 21:14:00+00:00
[2024-12-21T21:15:15.458+0000] {processor.py:208} INFO - Processing /home/airflow/.local/lib/python3.12/site-packages/airflow/example_dags/example_sla_dag.py took 0.190 seconds
[2024-12-21T21:15:45.873+0000] {processor.py:186} INFO - Started process (PID=2906) to work on /home/airflow/.local/lib/python3.12/site-packages/airflow/example_dags/example_sla_dag.py
[2024-12-21T21:15:45.876+0000] {processor.py:914} INFO - Processing file /home/airflow/.local/lib/python3.12/site-packages/airflow/example_dags/example_sla_dag.py for tasks to queue
[2024-12-21T21:15:45.882+0000] {logging_mixin.py:190} INFO - [2024-12-21T21:15:45.881+0000] {dagbag.py:588} INFO - Filling up the DagBag from /home/airflow/.local/lib/python3.12/site-packages/airflow/example_dags/example_sla_dag.py
[2024-12-21T21:15:45.910+0000] {processor.py:925} INFO - DAG(s) 'example_sla_dag' retrieved from /home/airflow/.local/lib/python3.12/site-packages/airflow/example_dags/example_sla_dag.py
[2024-12-21T21:15:45.969+0000] {logging_mixin.py:190} INFO - [2024-12-21T21:15:45.969+0000] {dag.py:3239} INFO - Sync 1 DAGs
[2024-12-21T21:15:46.065+0000] {logging_mixin.py:190} INFO - [2024-12-21T21:15:46.064+0000] {dag.py:4180} INFO - Setting next_dagrun for example_sla_dag to 2024-12-21 21:12:00+00:00, run_after=2024-12-21 21:14:00+00:00
[2024-12-21T21:15:46.117+0000] {processor.py:208} INFO - Processing /home/airflow/.local/lib/python3.12/site-packages/airflow/example_dags/example_sla_dag.py took 0.260 seconds
