[2024-12-21T21:11:21.077+0000] {processor.py:186} INFO - Started process (PID=342) to work on /home/airflow/.local/lib/python3.12/site-packages/airflow/example_dags/tutorial.py
[2024-12-21T21:11:21.080+0000] {processor.py:914} INFO - Processing file /home/airflow/.local/lib/python3.12/site-packages/airflow/example_dags/tutorial.py for tasks to queue
[2024-12-21T21:11:21.084+0000] {logging_mixin.py:190} INFO - [2024-12-21T21:11:21.083+0000] {dagbag.py:588} INFO - Filling up the DagBag from /home/airflow/.local/lib/python3.12/site-packages/airflow/example_dags/tutorial.py
[2024-12-21T21:11:21.104+0000] {processor.py:925} INFO - DAG(s) 'tutorial' retrieved from /home/airflow/.local/lib/python3.12/site-packages/airflow/example_dags/tutorial.py
[2024-12-21T21:11:21.371+0000] {logging_mixin.py:190} INFO - [2024-12-21T21:11:21.370+0000] {override.py:1911} INFO - Created Permission View: can delete on DAG:tutorial
[2024-12-21T21:11:21.397+0000] {logging_mixin.py:190} INFO - [2024-12-21T21:11:21.396+0000] {override.py:1911} INFO - Created Permission View: can edit on DAG:tutorial
[2024-12-21T21:11:21.413+0000] {logging_mixin.py:190} INFO - [2024-12-21T21:11:21.413+0000] {override.py:1911} INFO - Created Permission View: can read on DAG:tutorial
[2024-12-21T21:11:21.430+0000] {logging_mixin.py:190} INFO - [2024-12-21T21:11:21.429+0000] {override.py:1911} INFO - Created Permission View: can delete on DAG Run:tutorial
[2024-12-21T21:11:21.462+0000] {logging_mixin.py:190} INFO - [2024-12-21T21:11:21.462+0000] {override.py:1911} INFO - Created Permission View: can read on DAG Run:tutorial
[2024-12-21T21:11:21.477+0000] {logging_mixin.py:190} INFO - [2024-12-21T21:11:21.476+0000] {override.py:1911} INFO - Created Permission View: can create on DAG Run:tutorial
[2024-12-21T21:11:21.491+0000] {logging_mixin.py:190} INFO - [2024-12-21T21:11:21.491+0000] {override.py:1911} INFO - Created Permission View: menu access on DAG Run:tutorial
[2024-12-21T21:11:21.493+0000] {logging_mixin.py:190} INFO - [2024-12-21T21:11:21.492+0000] {dag.py:3239} INFO - Sync 1 DAGs
[2024-12-21T21:11:21.525+0000] {logging_mixin.py:190} INFO - [2024-12-21T21:11:21.525+0000] {dag.py:3262} INFO - Creating ORM DAG for tutorial
[2024-12-21T21:11:21.553+0000] {logging_mixin.py:190} INFO - [2024-12-21T21:11:21.552+0000] {dag.py:4180} INFO - Setting next_dagrun for tutorial to 2024-12-20 00:00:00+00:00, run_after=2024-12-21 00:00:00+00:00
[2024-12-21T21:11:21.588+0000] {processor.py:208} INFO - Processing /home/airflow/.local/lib/python3.12/site-packages/airflow/example_dags/tutorial.py took 0.523 seconds
[2024-12-21T21:11:52.186+0000] {processor.py:186} INFO - Started process (PID=638) to work on /home/airflow/.local/lib/python3.12/site-packages/airflow/example_dags/tutorial.py
[2024-12-21T21:11:52.188+0000] {processor.py:914} INFO - Processing file /home/airflow/.local/lib/python3.12/site-packages/airflow/example_dags/tutorial.py for tasks to queue
[2024-12-21T21:11:52.192+0000] {logging_mixin.py:190} INFO - [2024-12-21T21:11:52.192+0000] {dagbag.py:588} INFO - Filling up the DagBag from /home/airflow/.local/lib/python3.12/site-packages/airflow/example_dags/tutorial.py
[2024-12-21T21:11:52.210+0000] {processor.py:925} INFO - DAG(s) 'tutorial' retrieved from /home/airflow/.local/lib/python3.12/site-packages/airflow/example_dags/tutorial.py
[2024-12-21T21:11:52.263+0000] {logging_mixin.py:190} INFO - [2024-12-21T21:11:52.263+0000] {dag.py:3239} INFO - Sync 1 DAGs
[2024-12-21T21:11:52.320+0000] {logging_mixin.py:190} INFO - [2024-12-21T21:11:52.318+0000] {dag.py:4180} INFO - Setting next_dagrun for tutorial to 2024-12-20 00:00:00+00:00, run_after=2024-12-21 00:00:00+00:00
[2024-12-21T21:11:52.364+0000] {processor.py:208} INFO - Processing /home/airflow/.local/lib/python3.12/site-packages/airflow/example_dags/tutorial.py took 0.190 seconds
[2024-12-21T21:12:23.058+0000] {processor.py:186} INFO - Started process (PID=934) to work on /home/airflow/.local/lib/python3.12/site-packages/airflow/example_dags/tutorial.py
[2024-12-21T21:12:23.060+0000] {processor.py:914} INFO - Processing file /home/airflow/.local/lib/python3.12/site-packages/airflow/example_dags/tutorial.py for tasks to queue
[2024-12-21T21:12:23.064+0000] {logging_mixin.py:190} INFO - [2024-12-21T21:12:23.064+0000] {dagbag.py:588} INFO - Filling up the DagBag from /home/airflow/.local/lib/python3.12/site-packages/airflow/example_dags/tutorial.py
[2024-12-21T21:12:23.078+0000] {processor.py:925} INFO - DAG(s) 'tutorial' retrieved from /home/airflow/.local/lib/python3.12/site-packages/airflow/example_dags/tutorial.py
[2024-12-21T21:12:23.118+0000] {logging_mixin.py:190} INFO - [2024-12-21T21:12:23.117+0000] {dag.py:3239} INFO - Sync 1 DAGs
[2024-12-21T21:12:23.164+0000] {logging_mixin.py:190} INFO - [2024-12-21T21:12:23.163+0000] {dag.py:4180} INFO - Setting next_dagrun for tutorial to 2024-12-20 00:00:00+00:00, run_after=2024-12-21 00:00:00+00:00
[2024-12-21T21:12:23.202+0000] {processor.py:208} INFO - Processing /home/airflow/.local/lib/python3.12/site-packages/airflow/example_dags/tutorial.py took 0.155 seconds
[2024-12-21T21:12:53.590+0000] {processor.py:186} INFO - Started process (PID=1227) to work on /home/airflow/.local/lib/python3.12/site-packages/airflow/example_dags/tutorial.py
[2024-12-21T21:12:53.593+0000] {processor.py:914} INFO - Processing file /home/airflow/.local/lib/python3.12/site-packages/airflow/example_dags/tutorial.py for tasks to queue
[2024-12-21T21:12:53.606+0000] {logging_mixin.py:190} INFO - [2024-12-21T21:12:53.605+0000] {dagbag.py:588} INFO - Filling up the DagBag from /home/airflow/.local/lib/python3.12/site-packages/airflow/example_dags/tutorial.py
[2024-12-21T21:12:53.633+0000] {processor.py:925} INFO - DAG(s) 'tutorial' retrieved from /home/airflow/.local/lib/python3.12/site-packages/airflow/example_dags/tutorial.py
[2024-12-21T21:12:53.677+0000] {logging_mixin.py:190} INFO - [2024-12-21T21:12:53.676+0000] {dag.py:3239} INFO - Sync 1 DAGs
[2024-12-21T21:12:53.732+0000] {logging_mixin.py:190} INFO - [2024-12-21T21:12:53.731+0000] {dag.py:4180} INFO - Setting next_dagrun for tutorial to 2024-12-20 00:00:00+00:00, run_after=2024-12-21 00:00:00+00:00
[2024-12-21T21:12:53.799+0000] {processor.py:208} INFO - Processing /home/airflow/.local/lib/python3.12/site-packages/airflow/example_dags/tutorial.py took 0.233 seconds
[2024-12-21T21:13:25.396+0000] {processor.py:186} INFO - Started process (PID=1529) to work on /home/airflow/.local/lib/python3.12/site-packages/airflow/example_dags/tutorial.py
[2024-12-21T21:13:25.398+0000] {processor.py:914} INFO - Processing file /home/airflow/.local/lib/python3.12/site-packages/airflow/example_dags/tutorial.py for tasks to queue
[2024-12-21T21:13:25.403+0000] {logging_mixin.py:190} INFO - [2024-12-21T21:13:25.402+0000] {dagbag.py:588} INFO - Filling up the DagBag from /home/airflow/.local/lib/python3.12/site-packages/airflow/example_dags/tutorial.py
[2024-12-21T21:13:25.419+0000] {processor.py:925} INFO - DAG(s) 'tutorial' retrieved from /home/airflow/.local/lib/python3.12/site-packages/airflow/example_dags/tutorial.py
[2024-12-21T21:13:25.461+0000] {logging_mixin.py:190} INFO - [2024-12-21T21:13:25.460+0000] {dag.py:3239} INFO - Sync 1 DAGs
[2024-12-21T21:13:25.508+0000] {logging_mixin.py:190} INFO - [2024-12-21T21:13:25.507+0000] {dag.py:4180} INFO - Setting next_dagrun for tutorial to 2024-12-20 00:00:00+00:00, run_after=2024-12-21 00:00:00+00:00
[2024-12-21T21:13:25.569+0000] {processor.py:208} INFO - Processing /home/airflow/.local/lib/python3.12/site-packages/airflow/example_dags/tutorial.py took 0.187 seconds
[2024-12-21T21:13:55.942+0000] {processor.py:186} INFO - Started process (PID=1823) to work on /home/airflow/.local/lib/python3.12/site-packages/airflow/example_dags/tutorial.py
[2024-12-21T21:13:55.944+0000] {processor.py:914} INFO - Processing file /home/airflow/.local/lib/python3.12/site-packages/airflow/example_dags/tutorial.py for tasks to queue
[2024-12-21T21:13:55.948+0000] {logging_mixin.py:190} INFO - [2024-12-21T21:13:55.948+0000] {dagbag.py:588} INFO - Filling up the DagBag from /home/airflow/.local/lib/python3.12/site-packages/airflow/example_dags/tutorial.py
[2024-12-21T21:13:55.962+0000] {processor.py:925} INFO - DAG(s) 'tutorial' retrieved from /home/airflow/.local/lib/python3.12/site-packages/airflow/example_dags/tutorial.py
[2024-12-21T21:13:56.003+0000] {logging_mixin.py:190} INFO - [2024-12-21T21:13:56.002+0000] {dag.py:3239} INFO - Sync 1 DAGs
[2024-12-21T21:13:56.052+0000] {logging_mixin.py:190} INFO - [2024-12-21T21:13:56.052+0000] {dag.py:4180} INFO - Setting next_dagrun for tutorial to 2024-12-20 00:00:00+00:00, run_after=2024-12-21 00:00:00+00:00
[2024-12-21T21:13:56.114+0000] {processor.py:208} INFO - Processing /home/airflow/.local/lib/python3.12/site-packages/airflow/example_dags/tutorial.py took 0.186 seconds
[2024-12-21T21:14:26.974+0000] {processor.py:186} INFO - Started process (PID=2114) to work on /home/airflow/.local/lib/python3.12/site-packages/airflow/example_dags/tutorial.py
[2024-12-21T21:14:26.976+0000] {processor.py:914} INFO - Processing file /home/airflow/.local/lib/python3.12/site-packages/airflow/example_dags/tutorial.py for tasks to queue
[2024-12-21T21:14:26.981+0000] {logging_mixin.py:190} INFO - [2024-12-21T21:14:26.981+0000] {dagbag.py:588} INFO - Filling up the DagBag from /home/airflow/.local/lib/python3.12/site-packages/airflow/example_dags/tutorial.py
[2024-12-21T21:14:26.997+0000] {processor.py:925} INFO - DAG(s) 'tutorial' retrieved from /home/airflow/.local/lib/python3.12/site-packages/airflow/example_dags/tutorial.py
[2024-12-21T21:14:27.042+0000] {logging_mixin.py:190} INFO - [2024-12-21T21:14:27.041+0000] {dag.py:3239} INFO - Sync 1 DAGs
[2024-12-21T21:14:27.097+0000] {logging_mixin.py:190} INFO - [2024-12-21T21:14:27.097+0000] {dag.py:4180} INFO - Setting next_dagrun for tutorial to 2024-12-20 00:00:00+00:00, run_after=2024-12-21 00:00:00+00:00
[2024-12-21T21:14:27.158+0000] {processor.py:208} INFO - Processing /home/airflow/.local/lib/python3.12/site-packages/airflow/example_dags/tutorial.py took 0.194 seconds
[2024-12-21T21:14:57.329+0000] {processor.py:186} INFO - Started process (PID=2405) to work on /home/airflow/.local/lib/python3.12/site-packages/airflow/example_dags/tutorial.py
[2024-12-21T21:14:57.331+0000] {processor.py:914} INFO - Processing file /home/airflow/.local/lib/python3.12/site-packages/airflow/example_dags/tutorial.py for tasks to queue
[2024-12-21T21:14:57.337+0000] {logging_mixin.py:190} INFO - [2024-12-21T21:14:57.336+0000] {dagbag.py:588} INFO - Filling up the DagBag from /home/airflow/.local/lib/python3.12/site-packages/airflow/example_dags/tutorial.py
[2024-12-21T21:14:57.354+0000] {processor.py:925} INFO - DAG(s) 'tutorial' retrieved from /home/airflow/.local/lib/python3.12/site-packages/airflow/example_dags/tutorial.py
[2024-12-21T21:14:57.395+0000] {logging_mixin.py:190} INFO - [2024-12-21T21:14:57.395+0000] {dag.py:3239} INFO - Sync 1 DAGs
[2024-12-21T21:14:57.442+0000] {logging_mixin.py:190} INFO - [2024-12-21T21:14:57.442+0000] {dag.py:4180} INFO - Setting next_dagrun for tutorial to 2024-12-20 00:00:00+00:00, run_after=2024-12-21 00:00:00+00:00
[2024-12-21T21:14:57.502+0000] {processor.py:208} INFO - Processing /home/airflow/.local/lib/python3.12/site-packages/airflow/example_dags/tutorial.py took 0.183 seconds
[2024-12-21T21:15:27.653+0000] {processor.py:186} INFO - Started process (PID=2701) to work on /home/airflow/.local/lib/python3.12/site-packages/airflow/example_dags/tutorial.py
[2024-12-21T21:15:27.655+0000] {processor.py:914} INFO - Processing file /home/airflow/.local/lib/python3.12/site-packages/airflow/example_dags/tutorial.py for tasks to queue
[2024-12-21T21:15:27.660+0000] {logging_mixin.py:190} INFO - [2024-12-21T21:15:27.659+0000] {dagbag.py:588} INFO - Filling up the DagBag from /home/airflow/.local/lib/python3.12/site-packages/airflow/example_dags/tutorial.py
[2024-12-21T21:15:27.677+0000] {processor.py:925} INFO - DAG(s) 'tutorial' retrieved from /home/airflow/.local/lib/python3.12/site-packages/airflow/example_dags/tutorial.py
[2024-12-21T21:15:27.720+0000] {logging_mixin.py:190} INFO - [2024-12-21T21:15:27.720+0000] {dag.py:3239} INFO - Sync 1 DAGs
[2024-12-21T21:15:27.773+0000] {logging_mixin.py:190} INFO - [2024-12-21T21:15:27.773+0000] {dag.py:4180} INFO - Setting next_dagrun for tutorial to 2024-12-20 00:00:00+00:00, run_after=2024-12-21 00:00:00+00:00
[2024-12-21T21:15:27.838+0000] {processor.py:208} INFO - Processing /home/airflow/.local/lib/python3.12/site-packages/airflow/example_dags/tutorial.py took 0.196 seconds
[2024-12-21T21:15:58.138+0000] {processor.py:186} INFO - Started process (PID=2997) to work on /home/airflow/.local/lib/python3.12/site-packages/airflow/example_dags/tutorial.py
[2024-12-21T21:15:58.141+0000] {processor.py:914} INFO - Processing file /home/airflow/.local/lib/python3.12/site-packages/airflow/example_dags/tutorial.py for tasks to queue
[2024-12-21T21:15:58.147+0000] {logging_mixin.py:190} INFO - [2024-12-21T21:15:58.146+0000] {dagbag.py:588} INFO - Filling up the DagBag from /home/airflow/.local/lib/python3.12/site-packages/airflow/example_dags/tutorial.py
[2024-12-21T21:15:58.175+0000] {processor.py:925} INFO - DAG(s) 'tutorial' retrieved from /home/airflow/.local/lib/python3.12/site-packages/airflow/example_dags/tutorial.py
[2024-12-21T21:15:58.270+0000] {logging_mixin.py:190} INFO - [2024-12-21T21:15:58.269+0000] {dag.py:3239} INFO - Sync 1 DAGs
[2024-12-21T21:15:58.390+0000] {logging_mixin.py:190} INFO - [2024-12-21T21:15:58.390+0000] {dag.py:4180} INFO - Setting next_dagrun for tutorial to 2024-12-20 00:00:00+00:00, run_after=2024-12-21 00:00:00+00:00
[2024-12-21T21:15:58.491+0000] {processor.py:208} INFO - Processing /home/airflow/.local/lib/python3.12/site-packages/airflow/example_dags/tutorial.py took 0.373 seconds
