[2024-12-21T21:11:08.515+0000] {processor.py:186} INFO - Started process (PID=222) to work on /home/airflow/.local/lib/python3.12/site-packages/airflow/example_dags/tutorial_dag.py
[2024-12-21T21:11:08.518+0000] {processor.py:914} INFO - Processing file /home/airflow/.local/lib/python3.12/site-packages/airflow/example_dags/tutorial_dag.py for tasks to queue
[2024-12-21T21:11:08.523+0000] {logging_mixin.py:190} INFO - [2024-12-21T21:11:08.522+0000] {dagbag.py:588} INFO - Filling up the DagBag from /home/airflow/.local/lib/python3.12/site-packages/airflow/example_dags/tutorial_dag.py
[2024-12-21T21:11:08.541+0000] {processor.py:925} INFO - DAG(s) 'tutorial_dag' retrieved from /home/airflow/.local/lib/python3.12/site-packages/airflow/example_dags/tutorial_dag.py
[2024-12-21T21:11:09.095+0000] {logging_mixin.py:190} INFO - [2024-12-21T21:11:09.090+0000] {override.py:1911} INFO - Created Permission View: can delete on DAG:tutorial_dag
[2024-12-21T21:11:09.119+0000] {logging_mixin.py:190} INFO - [2024-12-21T21:11:09.118+0000] {override.py:1911} INFO - Created Permission View: can edit on DAG:tutorial_dag
[2024-12-21T21:11:09.134+0000] {logging_mixin.py:190} INFO - [2024-12-21T21:11:09.133+0000] {override.py:1911} INFO - Created Permission View: can read on DAG:tutorial_dag
[2024-12-21T21:11:09.151+0000] {logging_mixin.py:190} INFO - [2024-12-21T21:11:09.150+0000] {override.py:1911} INFO - Created Permission View: can delete on DAG Run:tutorial_dag
[2024-12-21T21:11:09.168+0000] {logging_mixin.py:190} INFO - [2024-12-21T21:11:09.167+0000] {override.py:1911} INFO - Created Permission View: can read on DAG Run:tutorial_dag
[2024-12-21T21:11:09.183+0000] {logging_mixin.py:190} INFO - [2024-12-21T21:11:09.182+0000] {override.py:1911} INFO - Created Permission View: can create on DAG Run:tutorial_dag
[2024-12-21T21:11:09.198+0000] {logging_mixin.py:190} INFO - [2024-12-21T21:11:09.197+0000] {override.py:1911} INFO - Created Permission View: menu access on DAG Run:tutorial_dag
[2024-12-21T21:11:09.200+0000] {logging_mixin.py:190} INFO - [2024-12-21T21:11:09.199+0000] {dag.py:3239} INFO - Sync 1 DAGs
[2024-12-21T21:11:09.233+0000] {logging_mixin.py:190} INFO - [2024-12-21T21:11:09.233+0000] {dag.py:3262} INFO - Creating ORM DAG for tutorial_dag
[2024-12-21T21:11:09.235+0000] {logging_mixin.py:190} INFO - [2024-12-21T21:11:09.235+0000] {dag.py:4180} INFO - Setting next_dagrun for tutorial_dag to None, run_after=None
[2024-12-21T21:11:09.274+0000] {processor.py:208} INFO - Processing /home/airflow/.local/lib/python3.12/site-packages/airflow/example_dags/tutorial_dag.py took 0.772 seconds
[2024-12-21T21:11:39.448+0000] {processor.py:186} INFO - Started process (PID=515) to work on /home/airflow/.local/lib/python3.12/site-packages/airflow/example_dags/tutorial_dag.py
[2024-12-21T21:11:39.450+0000] {processor.py:914} INFO - Processing file /home/airflow/.local/lib/python3.12/site-packages/airflow/example_dags/tutorial_dag.py for tasks to queue
[2024-12-21T21:11:39.455+0000] {logging_mixin.py:190} INFO - [2024-12-21T21:11:39.454+0000] {dagbag.py:588} INFO - Filling up the DagBag from /home/airflow/.local/lib/python3.12/site-packages/airflow/example_dags/tutorial_dag.py
[2024-12-21T21:11:39.471+0000] {processor.py:925} INFO - DAG(s) 'tutorial_dag' retrieved from /home/airflow/.local/lib/python3.12/site-packages/airflow/example_dags/tutorial_dag.py
[2024-12-21T21:11:39.514+0000] {logging_mixin.py:190} INFO - [2024-12-21T21:11:39.513+0000] {dag.py:3239} INFO - Sync 1 DAGs
[2024-12-21T21:11:39.547+0000] {logging_mixin.py:190} INFO - [2024-12-21T21:11:39.547+0000] {dag.py:4180} INFO - Setting next_dagrun for tutorial_dag to None, run_after=None
[2024-12-21T21:11:39.588+0000] {processor.py:208} INFO - Processing /home/airflow/.local/lib/python3.12/site-packages/airflow/example_dags/tutorial_dag.py took 0.151 seconds
[2024-12-21T21:12:10.177+0000] {processor.py:186} INFO - Started process (PID=814) to work on /home/airflow/.local/lib/python3.12/site-packages/airflow/example_dags/tutorial_dag.py
[2024-12-21T21:12:10.179+0000] {processor.py:914} INFO - Processing file /home/airflow/.local/lib/python3.12/site-packages/airflow/example_dags/tutorial_dag.py for tasks to queue
[2024-12-21T21:12:10.184+0000] {logging_mixin.py:190} INFO - [2024-12-21T21:12:10.183+0000] {dagbag.py:588} INFO - Filling up the DagBag from /home/airflow/.local/lib/python3.12/site-packages/airflow/example_dags/tutorial_dag.py
[2024-12-21T21:12:10.199+0000] {processor.py:925} INFO - DAG(s) 'tutorial_dag' retrieved from /home/airflow/.local/lib/python3.12/site-packages/airflow/example_dags/tutorial_dag.py
[2024-12-21T21:12:10.259+0000] {logging_mixin.py:190} INFO - [2024-12-21T21:12:10.258+0000] {dag.py:3239} INFO - Sync 1 DAGs
[2024-12-21T21:12:10.291+0000] {logging_mixin.py:190} INFO - [2024-12-21T21:12:10.290+0000] {dag.py:4180} INFO - Setting next_dagrun for tutorial_dag to None, run_after=None
[2024-12-21T21:12:10.328+0000] {processor.py:208} INFO - Processing /home/airflow/.local/lib/python3.12/site-packages/airflow/example_dags/tutorial_dag.py took 0.162 seconds
[2024-12-21T21:12:40.881+0000] {processor.py:186} INFO - Started process (PID=1110) to work on /home/airflow/.local/lib/python3.12/site-packages/airflow/example_dags/tutorial_dag.py
[2024-12-21T21:12:40.883+0000] {processor.py:914} INFO - Processing file /home/airflow/.local/lib/python3.12/site-packages/airflow/example_dags/tutorial_dag.py for tasks to queue
[2024-12-21T21:12:40.888+0000] {logging_mixin.py:190} INFO - [2024-12-21T21:12:40.887+0000] {dagbag.py:588} INFO - Filling up the DagBag from /home/airflow/.local/lib/python3.12/site-packages/airflow/example_dags/tutorial_dag.py
[2024-12-21T21:12:40.903+0000] {processor.py:925} INFO - DAG(s) 'tutorial_dag' retrieved from /home/airflow/.local/lib/python3.12/site-packages/airflow/example_dags/tutorial_dag.py
[2024-12-21T21:12:40.942+0000] {logging_mixin.py:190} INFO - [2024-12-21T21:12:40.942+0000] {dag.py:3239} INFO - Sync 1 DAGs
[2024-12-21T21:12:40.971+0000] {logging_mixin.py:190} INFO - [2024-12-21T21:12:40.971+0000] {dag.py:4180} INFO - Setting next_dagrun for tutorial_dag to None, run_after=None
[2024-12-21T21:12:41.009+0000] {processor.py:208} INFO - Processing /home/airflow/.local/lib/python3.12/site-packages/airflow/example_dags/tutorial_dag.py took 0.140 seconds
[2024-12-21T21:13:11.204+0000] {processor.py:186} INFO - Started process (PID=1406) to work on /home/airflow/.local/lib/python3.12/site-packages/airflow/example_dags/tutorial_dag.py
[2024-12-21T21:13:11.206+0000] {processor.py:914} INFO - Processing file /home/airflow/.local/lib/python3.12/site-packages/airflow/example_dags/tutorial_dag.py for tasks to queue
[2024-12-21T21:13:11.211+0000] {logging_mixin.py:190} INFO - [2024-12-21T21:13:11.211+0000] {dagbag.py:588} INFO - Filling up the DagBag from /home/airflow/.local/lib/python3.12/site-packages/airflow/example_dags/tutorial_dag.py
[2024-12-21T21:13:11.225+0000] {processor.py:925} INFO - DAG(s) 'tutorial_dag' retrieved from /home/airflow/.local/lib/python3.12/site-packages/airflow/example_dags/tutorial_dag.py
[2024-12-21T21:13:11.263+0000] {logging_mixin.py:190} INFO - [2024-12-21T21:13:11.262+0000] {dag.py:3239} INFO - Sync 1 DAGs
[2024-12-21T21:13:11.302+0000] {logging_mixin.py:190} INFO - [2024-12-21T21:13:11.301+0000] {dag.py:4180} INFO - Setting next_dagrun for tutorial_dag to None, run_after=None
[2024-12-21T21:13:11.347+0000] {processor.py:208} INFO - Processing /home/airflow/.local/lib/python3.12/site-packages/airflow/example_dags/tutorial_dag.py took 0.164 seconds
[2024-12-21T21:13:42.162+0000] {processor.py:186} INFO - Started process (PID=1702) to work on /home/airflow/.local/lib/python3.12/site-packages/airflow/example_dags/tutorial_dag.py
[2024-12-21T21:13:42.164+0000] {processor.py:914} INFO - Processing file /home/airflow/.local/lib/python3.12/site-packages/airflow/example_dags/tutorial_dag.py for tasks to queue
[2024-12-21T21:13:42.169+0000] {logging_mixin.py:190} INFO - [2024-12-21T21:13:42.168+0000] {dagbag.py:588} INFO - Filling up the DagBag from /home/airflow/.local/lib/python3.12/site-packages/airflow/example_dags/tutorial_dag.py
[2024-12-21T21:13:42.186+0000] {processor.py:925} INFO - DAG(s) 'tutorial_dag' retrieved from /home/airflow/.local/lib/python3.12/site-packages/airflow/example_dags/tutorial_dag.py
[2024-12-21T21:13:42.228+0000] {logging_mixin.py:190} INFO - [2024-12-21T21:13:42.228+0000] {dag.py:3239} INFO - Sync 1 DAGs
[2024-12-21T21:13:42.259+0000] {logging_mixin.py:190} INFO - [2024-12-21T21:13:42.258+0000] {dag.py:4180} INFO - Setting next_dagrun for tutorial_dag to None, run_after=None
[2024-12-21T21:13:42.297+0000] {processor.py:208} INFO - Processing /home/airflow/.local/lib/python3.12/site-packages/airflow/example_dags/tutorial_dag.py took 0.148 seconds
[2024-12-21T21:14:13.169+0000] {processor.py:186} INFO - Started process (PID=1998) to work on /home/airflow/.local/lib/python3.12/site-packages/airflow/example_dags/tutorial_dag.py
[2024-12-21T21:14:13.172+0000] {processor.py:914} INFO - Processing file /home/airflow/.local/lib/python3.12/site-packages/airflow/example_dags/tutorial_dag.py for tasks to queue
[2024-12-21T21:14:13.176+0000] {logging_mixin.py:190} INFO - [2024-12-21T21:14:13.175+0000] {dagbag.py:588} INFO - Filling up the DagBag from /home/airflow/.local/lib/python3.12/site-packages/airflow/example_dags/tutorial_dag.py
[2024-12-21T21:14:13.193+0000] {processor.py:925} INFO - DAG(s) 'tutorial_dag' retrieved from /home/airflow/.local/lib/python3.12/site-packages/airflow/example_dags/tutorial_dag.py
[2024-12-21T21:14:13.237+0000] {logging_mixin.py:190} INFO - [2024-12-21T21:14:13.237+0000] {dag.py:3239} INFO - Sync 1 DAGs
[2024-12-21T21:14:13.267+0000] {logging_mixin.py:190} INFO - [2024-12-21T21:14:13.267+0000] {dag.py:4180} INFO - Setting next_dagrun for tutorial_dag to None, run_after=None
[2024-12-21T21:14:13.330+0000] {processor.py:208} INFO - Processing /home/airflow/.local/lib/python3.12/site-packages/airflow/example_dags/tutorial_dag.py took 0.173 seconds
[2024-12-21T21:14:43.475+0000] {processor.py:186} INFO - Started process (PID=2294) to work on /home/airflow/.local/lib/python3.12/site-packages/airflow/example_dags/tutorial_dag.py
[2024-12-21T21:14:43.478+0000] {processor.py:914} INFO - Processing file /home/airflow/.local/lib/python3.12/site-packages/airflow/example_dags/tutorial_dag.py for tasks to queue
[2024-12-21T21:14:43.482+0000] {logging_mixin.py:190} INFO - [2024-12-21T21:14:43.481+0000] {dagbag.py:588} INFO - Filling up the DagBag from /home/airflow/.local/lib/python3.12/site-packages/airflow/example_dags/tutorial_dag.py
[2024-12-21T21:14:43.498+0000] {processor.py:925} INFO - DAG(s) 'tutorial_dag' retrieved from /home/airflow/.local/lib/python3.12/site-packages/airflow/example_dags/tutorial_dag.py
[2024-12-21T21:14:43.536+0000] {logging_mixin.py:190} INFO - [2024-12-21T21:14:43.535+0000] {dag.py:3239} INFO - Sync 1 DAGs
[2024-12-21T21:14:43.567+0000] {logging_mixin.py:190} INFO - [2024-12-21T21:14:43.567+0000] {dag.py:4180} INFO - Setting next_dagrun for tutorial_dag to None, run_after=None
[2024-12-21T21:14:43.633+0000] {processor.py:208} INFO - Processing /home/airflow/.local/lib/python3.12/site-packages/airflow/example_dags/tutorial_dag.py took 0.168 seconds
[2024-12-21T21:15:13.767+0000] {processor.py:186} INFO - Started process (PID=2590) to work on /home/airflow/.local/lib/python3.12/site-packages/airflow/example_dags/tutorial_dag.py
[2024-12-21T21:15:13.769+0000] {processor.py:914} INFO - Processing file /home/airflow/.local/lib/python3.12/site-packages/airflow/example_dags/tutorial_dag.py for tasks to queue
[2024-12-21T21:15:13.774+0000] {logging_mixin.py:190} INFO - [2024-12-21T21:15:13.773+0000] {dagbag.py:588} INFO - Filling up the DagBag from /home/airflow/.local/lib/python3.12/site-packages/airflow/example_dags/tutorial_dag.py
[2024-12-21T21:15:13.789+0000] {processor.py:925} INFO - DAG(s) 'tutorial_dag' retrieved from /home/airflow/.local/lib/python3.12/site-packages/airflow/example_dags/tutorial_dag.py
[2024-12-21T21:15:13.828+0000] {logging_mixin.py:190} INFO - [2024-12-21T21:15:13.828+0000] {dag.py:3239} INFO - Sync 1 DAGs
[2024-12-21T21:15:13.864+0000] {logging_mixin.py:190} INFO - [2024-12-21T21:15:13.863+0000] {dag.py:4180} INFO - Setting next_dagrun for tutorial_dag to None, run_after=None
[2024-12-21T21:15:13.929+0000] {processor.py:208} INFO - Processing /home/airflow/.local/lib/python3.12/site-packages/airflow/example_dags/tutorial_dag.py took 0.174 seconds
[2024-12-21T21:15:44.532+0000] {processor.py:186} INFO - Started process (PID=2886) to work on /home/airflow/.local/lib/python3.12/site-packages/airflow/example_dags/tutorial_dag.py
[2024-12-21T21:15:44.534+0000] {processor.py:914} INFO - Processing file /home/airflow/.local/lib/python3.12/site-packages/airflow/example_dags/tutorial_dag.py for tasks to queue
[2024-12-21T21:15:44.538+0000] {logging_mixin.py:190} INFO - [2024-12-21T21:15:44.538+0000] {dagbag.py:588} INFO - Filling up the DagBag from /home/airflow/.local/lib/python3.12/site-packages/airflow/example_dags/tutorial_dag.py
[2024-12-21T21:15:44.552+0000] {processor.py:925} INFO - DAG(s) 'tutorial_dag' retrieved from /home/airflow/.local/lib/python3.12/site-packages/airflow/example_dags/tutorial_dag.py
[2024-12-21T21:15:44.596+0000] {logging_mixin.py:190} INFO - [2024-12-21T21:15:44.596+0000] {dag.py:3239} INFO - Sync 1 DAGs
[2024-12-21T21:15:44.626+0000] {logging_mixin.py:190} INFO - [2024-12-21T21:15:44.625+0000] {dag.py:4180} INFO - Setting next_dagrun for tutorial_dag to None, run_after=None
[2024-12-21T21:15:44.686+0000] {processor.py:208} INFO - Processing /home/airflow/.local/lib/python3.12/site-packages/airflow/example_dags/tutorial_dag.py took 0.167 seconds
