[2024-12-21T21:11:27.577+0000] {processor.py:186} INFO - Started process (PID=428) to work on /home/airflow/.local/lib/python3.12/site-packages/airflow/example_dags/tutorial_objectstorage.py
[2024-12-21T21:11:27.579+0000] {processor.py:914} INFO - Processing file /home/airflow/.local/lib/python3.12/site-packages/airflow/example_dags/tutorial_objectstorage.py for tasks to queue
[2024-12-21T21:11:27.583+0000] {logging_mixin.py:190} INFO - [2024-12-21T21:11:27.583+0000] {dagbag.py:588} INFO - Filling up the DagBag from /home/airflow/.local/lib/python3.12/site-packages/airflow/example_dags/tutorial_objectstorage.py
[2024-12-21T21:11:27.605+0000] {processor.py:925} INFO - DAG(s) 'tutorial_objectstorage' retrieved from /home/airflow/.local/lib/python3.12/site-packages/airflow/example_dags/tutorial_objectstorage.py
[2024-12-21T21:11:27.837+0000] {logging_mixin.py:190} INFO - [2024-12-21T21:11:27.835+0000] {override.py:1911} INFO - Created Permission View: can delete on DAG:tutorial_objectstorage
[2024-12-21T21:11:27.860+0000] {logging_mixin.py:190} INFO - [2024-12-21T21:11:27.859+0000] {override.py:1911} INFO - Created Permission View: can edit on DAG:tutorial_objectstorage
[2024-12-21T21:11:27.876+0000] {logging_mixin.py:190} INFO - [2024-12-21T21:11:27.875+0000] {override.py:1911} INFO - Created Permission View: can read on DAG:tutorial_objectstorage
[2024-12-21T21:11:27.895+0000] {logging_mixin.py:190} INFO - [2024-12-21T21:11:27.894+0000] {override.py:1911} INFO - Created Permission View: can delete on DAG Run:tutorial_objectstorage
[2024-12-21T21:11:27.909+0000] {logging_mixin.py:190} INFO - [2024-12-21T21:11:27.909+0000] {override.py:1911} INFO - Created Permission View: can read on DAG Run:tutorial_objectstorage
[2024-12-21T21:11:27.925+0000] {logging_mixin.py:190} INFO - [2024-12-21T21:11:27.924+0000] {override.py:1911} INFO - Created Permission View: can create on DAG Run:tutorial_objectstorage
[2024-12-21T21:11:27.940+0000] {logging_mixin.py:190} INFO - [2024-12-21T21:11:27.939+0000] {override.py:1911} INFO - Created Permission View: menu access on DAG Run:tutorial_objectstorage
[2024-12-21T21:11:27.941+0000] {logging_mixin.py:190} INFO - [2024-12-21T21:11:27.941+0000] {dag.py:3239} INFO - Sync 1 DAGs
[2024-12-21T21:11:27.969+0000] {logging_mixin.py:190} INFO - [2024-12-21T21:11:27.969+0000] {dag.py:3262} INFO - Creating ORM DAG for tutorial_objectstorage
[2024-12-21T21:11:27.971+0000] {logging_mixin.py:190} INFO - [2024-12-21T21:11:27.971+0000] {dag.py:4180} INFO - Setting next_dagrun for tutorial_objectstorage to None, run_after=None
[2024-12-21T21:11:28.006+0000] {processor.py:208} INFO - Processing /home/airflow/.local/lib/python3.12/site-packages/airflow/example_dags/tutorial_objectstorage.py took 0.441 seconds
[2024-12-21T21:11:58.161+0000] {processor.py:186} INFO - Started process (PID=726) to work on /home/airflow/.local/lib/python3.12/site-packages/airflow/example_dags/tutorial_objectstorage.py
[2024-12-21T21:11:58.163+0000] {processor.py:914} INFO - Processing file /home/airflow/.local/lib/python3.12/site-packages/airflow/example_dags/tutorial_objectstorage.py for tasks to queue
[2024-12-21T21:11:58.168+0000] {logging_mixin.py:190} INFO - [2024-12-21T21:11:58.167+0000] {dagbag.py:588} INFO - Filling up the DagBag from /home/airflow/.local/lib/python3.12/site-packages/airflow/example_dags/tutorial_objectstorage.py
[2024-12-21T21:11:58.189+0000] {processor.py:925} INFO - DAG(s) 'tutorial_objectstorage' retrieved from /home/airflow/.local/lib/python3.12/site-packages/airflow/example_dags/tutorial_objectstorage.py
[2024-12-21T21:11:58.234+0000] {logging_mixin.py:190} INFO - [2024-12-21T21:11:58.233+0000] {dag.py:3239} INFO - Sync 1 DAGs
[2024-12-21T21:11:58.269+0000] {logging_mixin.py:190} INFO - [2024-12-21T21:11:58.269+0000] {dag.py:4180} INFO - Setting next_dagrun for tutorial_objectstorage to None, run_after=None
[2024-12-21T21:11:58.303+0000] {processor.py:208} INFO - Processing /home/airflow/.local/lib/python3.12/site-packages/airflow/example_dags/tutorial_objectstorage.py took 0.156 seconds
[2024-12-21T21:12:30.269+0000] {processor.py:186} INFO - Started process (PID=1020) to work on /home/airflow/.local/lib/python3.12/site-packages/airflow/example_dags/tutorial_objectstorage.py
[2024-12-21T21:12:30.271+0000] {processor.py:914} INFO - Processing file /home/airflow/.local/lib/python3.12/site-packages/airflow/example_dags/tutorial_objectstorage.py for tasks to queue
[2024-12-21T21:12:30.275+0000] {logging_mixin.py:190} INFO - [2024-12-21T21:12:30.275+0000] {dagbag.py:588} INFO - Filling up the DagBag from /home/airflow/.local/lib/python3.12/site-packages/airflow/example_dags/tutorial_objectstorage.py
[2024-12-21T21:12:30.293+0000] {processor.py:925} INFO - DAG(s) 'tutorial_objectstorage' retrieved from /home/airflow/.local/lib/python3.12/site-packages/airflow/example_dags/tutorial_objectstorage.py
[2024-12-21T21:12:30.330+0000] {logging_mixin.py:190} INFO - [2024-12-21T21:12:30.329+0000] {dag.py:3239} INFO - Sync 1 DAGs
[2024-12-21T21:12:30.366+0000] {logging_mixin.py:190} INFO - [2024-12-21T21:12:30.365+0000] {dag.py:4180} INFO - Setting next_dagrun for tutorial_objectstorage to None, run_after=None
[2024-12-21T21:12:30.406+0000] {processor.py:208} INFO - Processing /home/airflow/.local/lib/python3.12/site-packages/airflow/example_dags/tutorial_objectstorage.py took 0.147 seconds
[2024-12-21T21:13:01.685+0000] {processor.py:186} INFO - Started process (PID=1318) to work on /home/airflow/.local/lib/python3.12/site-packages/airflow/example_dags/tutorial_objectstorage.py
[2024-12-21T21:13:01.687+0000] {processor.py:914} INFO - Processing file /home/airflow/.local/lib/python3.12/site-packages/airflow/example_dags/tutorial_objectstorage.py for tasks to queue
[2024-12-21T21:13:01.691+0000] {logging_mixin.py:190} INFO - [2024-12-21T21:13:01.691+0000] {dagbag.py:588} INFO - Filling up the DagBag from /home/airflow/.local/lib/python3.12/site-packages/airflow/example_dags/tutorial_objectstorage.py
[2024-12-21T21:13:01.708+0000] {processor.py:925} INFO - DAG(s) 'tutorial_objectstorage' retrieved from /home/airflow/.local/lib/python3.12/site-packages/airflow/example_dags/tutorial_objectstorage.py
[2024-12-21T21:13:01.760+0000] {logging_mixin.py:190} INFO - [2024-12-21T21:13:01.758+0000] {dag.py:3239} INFO - Sync 1 DAGs
[2024-12-21T21:13:01.792+0000] {logging_mixin.py:190} INFO - [2024-12-21T21:13:01.792+0000] {dag.py:4180} INFO - Setting next_dagrun for tutorial_objectstorage to None, run_after=None
[2024-12-21T21:13:01.832+0000] {processor.py:208} INFO - Processing /home/airflow/.local/lib/python3.12/site-packages/airflow/example_dags/tutorial_objectstorage.py took 0.159 seconds
[2024-12-21T21:13:33.658+0000] {processor.py:186} INFO - Started process (PID=1612) to work on /home/airflow/.local/lib/python3.12/site-packages/airflow/example_dags/tutorial_objectstorage.py
[2024-12-21T21:13:33.661+0000] {processor.py:914} INFO - Processing file /home/airflow/.local/lib/python3.12/site-packages/airflow/example_dags/tutorial_objectstorage.py for tasks to queue
[2024-12-21T21:13:33.666+0000] {logging_mixin.py:190} INFO - [2024-12-21T21:13:33.665+0000] {dagbag.py:588} INFO - Filling up the DagBag from /home/airflow/.local/lib/python3.12/site-packages/airflow/example_dags/tutorial_objectstorage.py
[2024-12-21T21:13:33.684+0000] {processor.py:925} INFO - DAG(s) 'tutorial_objectstorage' retrieved from /home/airflow/.local/lib/python3.12/site-packages/airflow/example_dags/tutorial_objectstorage.py
[2024-12-21T21:13:33.724+0000] {logging_mixin.py:190} INFO - [2024-12-21T21:13:33.724+0000] {dag.py:3239} INFO - Sync 1 DAGs
[2024-12-21T21:13:33.765+0000] {logging_mixin.py:190} INFO - [2024-12-21T21:13:33.765+0000] {dag.py:4180} INFO - Setting next_dagrun for tutorial_objectstorage to None, run_after=None
[2024-12-21T21:13:33.804+0000] {processor.py:208} INFO - Processing /home/airflow/.local/lib/python3.12/site-packages/airflow/example_dags/tutorial_objectstorage.py took 0.156 seconds
[2024-12-21T21:14:05.790+0000] {processor.py:186} INFO - Started process (PID=1908) to work on /home/airflow/.local/lib/python3.12/site-packages/airflow/example_dags/tutorial_objectstorage.py
[2024-12-21T21:14:05.792+0000] {processor.py:914} INFO - Processing file /home/airflow/.local/lib/python3.12/site-packages/airflow/example_dags/tutorial_objectstorage.py for tasks to queue
[2024-12-21T21:14:05.797+0000] {logging_mixin.py:190} INFO - [2024-12-21T21:14:05.796+0000] {dagbag.py:588} INFO - Filling up the DagBag from /home/airflow/.local/lib/python3.12/site-packages/airflow/example_dags/tutorial_objectstorage.py
[2024-12-21T21:14:05.814+0000] {processor.py:925} INFO - DAG(s) 'tutorial_objectstorage' retrieved from /home/airflow/.local/lib/python3.12/site-packages/airflow/example_dags/tutorial_objectstorage.py
[2024-12-21T21:14:05.857+0000] {logging_mixin.py:190} INFO - [2024-12-21T21:14:05.856+0000] {dag.py:3239} INFO - Sync 1 DAGs
[2024-12-21T21:14:05.887+0000] {logging_mixin.py:190} INFO - [2024-12-21T21:14:05.887+0000] {dag.py:4180} INFO - Setting next_dagrun for tutorial_objectstorage to None, run_after=None
[2024-12-21T21:14:05.926+0000] {processor.py:208} INFO - Processing /home/airflow/.local/lib/python3.12/site-packages/airflow/example_dags/tutorial_objectstorage.py took 0.147 seconds
[2024-12-21T21:14:37.312+0000] {processor.py:186} INFO - Started process (PID=2204) to work on /home/airflow/.local/lib/python3.12/site-packages/airflow/example_dags/tutorial_objectstorage.py
[2024-12-21T21:14:37.314+0000] {processor.py:914} INFO - Processing file /home/airflow/.local/lib/python3.12/site-packages/airflow/example_dags/tutorial_objectstorage.py for tasks to queue
[2024-12-21T21:14:37.319+0000] {logging_mixin.py:190} INFO - [2024-12-21T21:14:37.319+0000] {dagbag.py:588} INFO - Filling up the DagBag from /home/airflow/.local/lib/python3.12/site-packages/airflow/example_dags/tutorial_objectstorage.py
[2024-12-21T21:14:37.337+0000] {processor.py:925} INFO - DAG(s) 'tutorial_objectstorage' retrieved from /home/airflow/.local/lib/python3.12/site-packages/airflow/example_dags/tutorial_objectstorage.py
[2024-12-21T21:14:37.378+0000] {logging_mixin.py:190} INFO - [2024-12-21T21:14:37.377+0000] {dag.py:3239} INFO - Sync 1 DAGs
[2024-12-21T21:14:37.414+0000] {logging_mixin.py:190} INFO - [2024-12-21T21:14:37.413+0000] {dag.py:4180} INFO - Setting next_dagrun for tutorial_objectstorage to None, run_after=None
[2024-12-21T21:14:37.461+0000] {processor.py:208} INFO - Processing /home/airflow/.local/lib/python3.12/site-packages/airflow/example_dags/tutorial_objectstorage.py took 0.160 seconds
[2024-12-21T21:15:10.121+0000] {processor.py:186} INFO - Started process (PID=2502) to work on /home/airflow/.local/lib/python3.12/site-packages/airflow/example_dags/tutorial_objectstorage.py
[2024-12-21T21:15:10.123+0000] {processor.py:914} INFO - Processing file /home/airflow/.local/lib/python3.12/site-packages/airflow/example_dags/tutorial_objectstorage.py for tasks to queue
[2024-12-21T21:15:10.128+0000] {logging_mixin.py:190} INFO - [2024-12-21T21:15:10.127+0000] {dagbag.py:588} INFO - Filling up the DagBag from /home/airflow/.local/lib/python3.12/site-packages/airflow/example_dags/tutorial_objectstorage.py
[2024-12-21T21:15:10.152+0000] {processor.py:925} INFO - DAG(s) 'tutorial_objectstorage' retrieved from /home/airflow/.local/lib/python3.12/site-packages/airflow/example_dags/tutorial_objectstorage.py
[2024-12-21T21:15:10.197+0000] {logging_mixin.py:190} INFO - [2024-12-21T21:15:10.196+0000] {dag.py:3239} INFO - Sync 1 DAGs
[2024-12-21T21:15:10.233+0000] {logging_mixin.py:190} INFO - [2024-12-21T21:15:10.232+0000] {dag.py:4180} INFO - Setting next_dagrun for tutorial_objectstorage to None, run_after=None
[2024-12-21T21:15:10.300+0000] {processor.py:208} INFO - Processing /home/airflow/.local/lib/python3.12/site-packages/airflow/example_dags/tutorial_objectstorage.py took 0.190 seconds
[2024-12-21T21:15:41.369+0000] {processor.py:186} INFO - Started process (PID=2797) to work on /home/airflow/.local/lib/python3.12/site-packages/airflow/example_dags/tutorial_objectstorage.py
[2024-12-21T21:15:41.371+0000] {processor.py:914} INFO - Processing file /home/airflow/.local/lib/python3.12/site-packages/airflow/example_dags/tutorial_objectstorage.py for tasks to queue
[2024-12-21T21:15:41.375+0000] {logging_mixin.py:190} INFO - [2024-12-21T21:15:41.374+0000] {dagbag.py:588} INFO - Filling up the DagBag from /home/airflow/.local/lib/python3.12/site-packages/airflow/example_dags/tutorial_objectstorage.py
[2024-12-21T21:15:41.393+0000] {processor.py:925} INFO - DAG(s) 'tutorial_objectstorage' retrieved from /home/airflow/.local/lib/python3.12/site-packages/airflow/example_dags/tutorial_objectstorage.py
[2024-12-21T21:15:41.435+0000] {logging_mixin.py:190} INFO - [2024-12-21T21:15:41.435+0000] {dag.py:3239} INFO - Sync 1 DAGs
[2024-12-21T21:15:41.472+0000] {logging_mixin.py:190} INFO - [2024-12-21T21:15:41.471+0000] {dag.py:4180} INFO - Setting next_dagrun for tutorial_objectstorage to None, run_after=None
[2024-12-21T21:15:41.513+0000] {processor.py:208} INFO - Processing /home/airflow/.local/lib/python3.12/site-packages/airflow/example_dags/tutorial_objectstorage.py took 0.156 seconds
